2026-04-03 19:27:12,647  WARNING     Deleted oversized validation_report.csv (69.8 MB) — will recreate.
2026-04-03 19:27:12,647  INFO      ============================================================
2026-04-03 19:27:12,647  INFO      Indian Market Data Pipeline v3 — START
2026-04-03 19:27:12,647  INFO      Run time : 2026-04-03 19:27:12
2026-04-03 19:27:12,647  INFO      Tickers  : 158 stocks + Nifty Index
2026-04-03 19:27:12,647  INFO      File layout:
2026-04-03 19:27:12,647  INFO        1m  → data/1m/master_1m_YYYY_MM.csv  (one per month)
2026-04-03 19:27:12,647  INFO        5m  → data/5m/master_5m_YYYY.csv     (one per year)
2026-04-03 19:27:12,647  INFO        1h  → data/master_1h.csv             (single file)
2026-04-03 19:27:12,647  INFO      ============================================================
2026-04-03 19:27:12,647  INFO      
[1/5] Fetching 1-minute data...
2026-04-03 19:27:12,647  INFO        [  1/159] RELIANCE             1m
2026-04-03 19:27:13,352  INFO        [  2/159] TCS                  1m
2026-04-03 19:27:13,633  INFO        [  3/159] HDFCBANK             1m
2026-04-03 19:27:13,915  INFO        [  4/159] BHARTIARTL           1m
2026-04-03 19:27:14,178  INFO        [  5/159] ICICIBANK            1m
2026-04-03 19:27:14,460  INFO        [  6/159] INFOSYS              1m
2026-04-03 19:27:15,125  ERROR     HTTP Error 404: {"quoteSummary":{"result":null,"error":{"code":"Not Found","description":"Quote not found for symbol: INFOSYS.NS"}}}
2026-04-03 19:27:15,319  ERROR     $INFOSYS.NS: possibly delisted; no timezone found
2026-04-03 19:27:15,320  ERROR     
1 Failed download:
2026-04-03 19:27:15,320  ERROR     ['INFOSYS.NS']: possibly delisted; no timezone found
2026-04-03 19:27:15,322  WARNING     SKIP INFOSYS [1m] — no data (delisted?)
2026-04-03 19:27:15,323  INFO        [  7/159] SBIN                 1m
2026-04-03 19:27:15,626  INFO        [  8/159] HINDUNILVR           1m
2026-04-03 19:27:15,891  INFO        [  9/159] ITC                  1m
2026-04-03 19:27:16,162  INFO        [ 10/159] LT                   1m
2026-04-03 19:27:16,444  INFO        [ 11/159] KOTAKBANK            1m
2026-04-03 19:27:16,898  INFO        [ 12/159] AXISBANK             1m
2026-04-03 19:27:17,200  INFO        [ 13/159] BAJFINANCE           1m
2026-04-03 19:27:17,481  INFO        [ 14/159] ASIANPAINT           1m
2026-04-03 19:27:17,731  INFO        [ 15/159] MARUTI               1m
2026-04-03 19:27:18,002  INFO        [ 16/159] TITAN                1m
2026-04-03 19:27:18,336  INFO        [ 17/159] SUNPHARMA            1m
2026-04-03 19:27:18,609  INFO        [ 18/159] ULTRACEMCO           1m
2026-04-03 19:27:18,880  INFO        [ 19/159] WIPRO                1m
2026-04-03 19:27:19,216  INFO        [ 20/159] NESTLEIND            1m
2026-04-03 19:27:19,480  INFO        [ 21/159] ONGC                 1m
2026-04-03 19:27:19,772  INFO        [ 22/159] POWERGRID            1m
2026-04-03 19:27:20,045  INFO        [ 23/159] NTPC                 1m
2026-04-03 19:27:20,310  INFO        [ 24/159] COALINDIA            1m
2026-04-03 19:27:20,580  INFO        [ 25/159] JSWSTEEL             1m
2026-04-03 19:27:20,832  INFO        [ 26/159] TATAMOTORS           1m
2026-04-03 19:27:21,372  ERROR     HTTP Error 404: {"quoteSummary":{"result":null,"error":{"code":"Not Found","description":"Quote not found for symbol: TATAMOTORS.NS"}}}
2026-04-03 19:27:21,508  ERROR     $TATAMOTORS.NS: possibly delisted; no timezone found
2026-04-03 19:27:21,509  ERROR     
1 Failed download:
2026-04-03 19:27:21,509  ERROR     ['TATAMOTORS.NS']: possibly delisted; no timezone found
2026-04-03 19:27:21,511  WARNING     SKIP TATAMOTORS [1m] — no data (delisted?)
2026-04-03 19:27:21,512  INFO        [ 27/159] TATASTEEL            1m
2026-04-03 19:27:21,793  INFO        [ 28/159] HCLTECH              1m
2026-04-03 19:27:22,056  INFO        [ 29/159] TECHM                1m
2026-04-03 19:27:22,399  INFO        [ 30/159] DIVISLAB             1m
2026-04-03 19:27:22,659  INFO        [ 31/159] DRREDDY              1m
2026-04-03 19:27:22,962  INFO        [ 32/159] CIPLA                1m
2026-04-03 19:27:23,234  INFO        [ 33/159] EICHERMOT            1m
2026-04-03 19:27:23,509  INFO        [ 34/159] HEROMOTOCO           1m
2026-04-03 19:27:23,779  INFO        [ 35/159] BAJAJFINSV           1m
2026-04-03 19:27:24,045  INFO        [ 36/159] ADANIENT             1m
2026-04-03 19:27:24,316  INFO        [ 37/159] ADANIPORTS           1m
2026-04-03 19:27:24,565  INFO        [ 38/159] APOLLOHOSP           1m
2026-04-03 19:27:25,000  INFO        [ 39/159] BAJAJ-AUTO           1m
2026-04-03 19:27:25,261  INFO        [ 40/159] BPCL                 1m
2026-04-03 19:27:25,551  INFO        [ 41/159] BRITANNIA            1m
2026-04-03 19:27:25,837  INFO        [ 42/159] DABUR                1m
2026-04-03 19:27:26,100  INFO        [ 43/159] DLF                  1m
2026-04-03 19:27:26,360  INFO        [ 44/159] GRASIM               1m
2026-04-03 19:27:26,694  INFO        [ 45/159] HAVELLS              1m
2026-04-03 19:27:26,957  INFO        [ 46/159] HINDALCO             1m
2026-04-03 19:27:27,319  INFO        [ 47/159] INDUSINDBK           1m
2026-04-03 19:27:27,570  INFO        [ 48/159] IOC                  1m
2026-04-03 19:27:27,847  INFO        [ 49/159] M&M                  1m
2026-04-03 19:27:28,143  INFO        [ 50/159] PIDILITIND           1m
2026-04-03 19:27:28,413  INFO        [ 51/159] SBILIFE              1m
2026-04-03 19:27:28,724  INFO        [ 52/159] SHREECEM             1m
2026-04-03 19:27:28,963  INFO        [ 53/159] SIEMENS              1m
2026-04-03 19:27:29,230  INFO        [ 54/159] TRENT                1m
2026-04-03 19:27:30,515  INFO        [ 55/159] VEDL                 1m
2026-04-03 19:27:30,840  INFO        [ 56/159] ZOMATO               1m
2026-04-03 19:27:31,078  ERROR     $ZOMATO.NS: possibly delisted; no timezone found
2026-04-03 19:27:31,084  ERROR     
1 Failed download:
2026-04-03 19:27:31,084  ERROR     ['ZOMATO.NS']: possibly delisted; no timezone found
2026-04-03 19:27:31,086  WARNING     SKIP ZOMATO [1m] — no data (delisted?)
2026-04-03 19:27:31,086  INFO        [ 57/159] DMART                1m
2026-04-03 19:27:31,329  INFO        [ 58/159] IRCTC                1m
2026-04-03 19:27:31,592  INFO        [ 59/159] BERGEPAINT           1m
2026-04-03 19:27:31,864  INFO        [ 60/159] BOSCHLTD             1m
2026-04-03 19:27:32,119  INFO        [ 61/159] CANBK                1m
2026-04-03 19:27:32,381  INFO        [ 62/159] CHOLAFIN             1m
2026-04-03 19:27:32,653  INFO        [ 63/159] COLPAL               1m
2026-04-03 19:27:32,925  INFO        [ 64/159] CONCOR               1m
2026-04-03 19:27:33,196  INFO        [ 65/159] CUMMINSIND           1m
2026-04-03 19:27:33,474  INFO        [ 66/159] ESCORTS              1m
2026-04-03 19:27:33,756  INFO        [ 67/159] FEDERALBNK           1m
2026-04-03 19:27:34,090  INFO        [ 68/159] GODREJCP             1m
2026-04-03 19:27:34,433  INFO        [ 69/159] GODREJPROP           1m
2026-04-03 19:27:34,694  INFO        [ 70/159] HAL                  1m
2026-04-03 19:27:34,952  INFO        [ 71/159] HDFCLIFE             1m
2026-04-03 19:27:35,197  INFO        [ 72/159] HINDPETRO            1m
2026-04-03 19:27:35,451  INFO        [ 73/159] ICICIPRULI           1m
2026-04-03 19:27:35,827  INFO        [ 74/159] IDFCFIRSTB           1m
2026-04-03 19:27:36,149  INFO        [ 75/159] IGL                  1m
2026-04-03 19:27:36,502  INFO        [ 76/159] INDUSTOWER           1m
2026-04-03 19:27:36,763  INFO        [ 77/159] JUBLFOOD             1m
2026-04-03 19:27:37,028  INFO        [ 78/159] LUPIN                1m
2026-04-03 19:27:38,299  INFO        [ 79/159] MARICO               1m
2026-04-03 19:27:38,589  INFO        [ 80/159] MPHASIS              1m
2026-04-03 19:27:38,859  INFO        [ 81/159] MUTHOOTFIN           1m
2026-04-03 19:27:39,132  INFO        [ 82/159] NAUKRI               1m
2026-04-03 19:27:39,729  INFO        [ 83/159] NBCC                 1m
2026-04-03 19:27:39,996  INFO        [ 84/159] NHPC                 1m
2026-04-03 19:27:40,238  INFO        [ 85/159] NMDC                 1m
2026-04-03 19:27:41,512  INFO        [ 86/159] OFSS                 1m
2026-04-03 19:27:41,792  INFO        [ 87/159] PAGEIND              1m
2026-04-03 19:27:42,032  INFO        [ 88/159] PERSISTENT           1m
2026-04-03 19:27:42,541  INFO        [ 89/159] PETRONET             1m
2026-04-03 19:27:42,816  INFO        [ 90/159] PFC                  1m
2026-04-03 19:27:43,178  INFO        [ 91/159] PNB                  1m
2026-04-03 19:27:43,452  INFO        [ 92/159] POLYCAB              1m
2026-04-03 19:27:43,714  INFO        [ 93/159] RBLBANK              1m
2026-04-03 19:27:43,966  INFO        [ 94/159] RECLTD               1m
2026-04-03 19:27:44,219  INFO        [ 95/159] SAIL                 1m
2026-04-03 19:27:44,523  INFO        [ 96/159] SBICARD              1m
2026-04-03 19:27:45,765  INFO        [ 97/159] SHRIRAMFIN           1m
2026-04-03 19:27:46,038  INFO        [ 98/159] SRF                  1m
2026-04-03 19:27:46,318  INFO        [ 99/159] SUNDARMFIN           1m
2026-04-03 19:27:46,584  INFO        [100/159] TATACHEM             1m
2026-04-03 19:27:46,858  INFO        [101/159] TATACONSUM           1m
2026-04-03 19:27:47,205  INFO        [102/159] TORNTPHARM           1m
2026-04-03 19:27:48,496  INFO        [103/159] TORNTPOWER           1m
2026-04-03 19:27:48,770  INFO        [104/159] TVSMOTOR             1m
2026-04-03 19:27:49,043  INFO        [105/159] UPL                  1m
2026-04-03 19:27:49,378  INFO        [106/159] VOLTAS               1m
2026-04-03 19:27:49,659  INFO        [107/159] YESBANK              1m
2026-04-03 19:27:49,904  INFO        [108/159] ZYDUSLIFE            1m
2026-04-03 19:27:50,178  INFO        [109/159] ABCAPITAL            1m
2026-04-03 19:27:50,429  INFO        [110/159] ACC                  1m
2026-04-03 19:27:51,766  INFO        [111/159] ADANIGREEN           1m
2026-04-03 19:27:52,079  INFO        [112/159] ALKEM                1m
2026-04-03 19:27:52,342  INFO        [113/159] AMBUJACEM            1m
2026-04-03 19:27:53,675  INFO        [114/159] ASTRAL               1m
2026-04-03 19:27:53,940  INFO        [115/159] AUROPHARMA           1m
2026-04-03 19:27:54,296  INFO        [116/159] BALKRISIND           1m
2026-04-03 19:27:54,567  INFO        [117/159] BANDHANBNK           1m
2026-04-03 19:27:54,820  INFO        [118/159] BANKBARODA           1m
2026-04-03 19:27:55,161  INFO        [119/159] BATAINDIA            1m
2026-04-03 19:27:55,407  INFO        [120/159] BEL                  1m
2026-04-03 19:27:55,679  INFO        [121/159] BHARATFORG           1m
2026-04-03 19:27:55,951  INFO        [122/159] BHEL                 1m
2026-04-03 19:27:57,325  INFO        [123/159] CDSL                 1m
2026-04-03 19:27:57,569  INFO        [124/159] CESC                 1m
2026-04-03 19:27:57,855  INFO        [125/159] DEEPAKNTR            1m
2026-04-03 19:27:58,196  INFO        [126/159] EMAMILTD             1m
2026-04-03 19:27:58,456  INFO        [127/159] EXIDEIND             1m
2026-04-03 19:27:58,739  INFO        [128/159] FORTIS               1m
2026-04-03 19:27:58,975  INFO        [129/159] GAIL                 1m
2026-04-03 19:27:59,268  INFO        [130/159] GLENMARK             1m
2026-04-03 19:27:59,549  INFO        [131/159] GRANULES             1m
2026-04-03 19:27:59,842  INFO        [132/159] GUJGASLTD            1m
2026-04-03 19:28:01,146  INFO        [133/159] HINDCOPPER           1m
2026-04-03 19:28:01,468  INFO        [134/159] HUDCO                1m
2026-04-03 19:28:01,713  INFO        [135/159] IEX                  1m
2026-04-03 19:28:01,977  INFO        [136/159] INDIGO               1m
2026-04-03 19:28:02,229  INFO        [137/159] IRFC                 1m
2026-04-03 19:28:02,461  INFO        [138/159] JKCEMENT             1m
2026-04-03 19:28:02,720  INFO        [139/159] JSWENERGY            1m
2026-04-03 19:28:02,967  INFO        [140/159] KPITTECH             1m
2026-04-03 19:28:03,220  INFO        [141/159] LAURUSLABS           1m
2026-04-03 19:28:04,533  INFO        [142/159] LICHSGFIN            1m
2026-04-03 19:28:04,814  INFO        [143/159] LODHA                1m
2026-04-03 19:28:05,075  INFO        [144/159] LTTS                 1m
2026-04-03 19:28:06,395  INFO        [145/159] MANAPPURAM           1m
2026-04-03 19:28:06,667  INFO        [146/159] MCX                  1m
2026-04-03 19:28:06,918  INFO        [147/159] METROPOLIS           1m
2026-04-03 19:28:08,184  INFO        [148/159] MRPL                 1m
2026-04-03 19:28:09,470  INFO        [149/159] NATIONALUM           1m
2026-04-03 19:28:09,755  INFO        [150/159] NAVINFLUOR           1m
2026-04-03 19:28:10,035  INFO        [151/159] OLECTRA              1m
2026-04-03 19:28:10,311  INFO        [152/159] PFIZER               1m
2026-04-03 19:28:10,585  INFO        [153/159] SUPREMEIND           1m
2026-04-03 19:28:10,858  INFO        [154/159] TATACOMM             1m
2026-04-03 19:28:11,138  INFO        [155/159] UBL                  1m
2026-04-03 19:28:11,410  INFO        [156/159] UNITDSPR             1m
2026-04-03 19:28:11,783  INFO        [157/159] WHIRLPOOL            1m
2026-04-03 19:28:12,025  INFO        [158/159] CROMPTON             1m
2026-04-03 19:28:12,289  INFO        [159/159] ^NSEI                1m
2026-04-03 19:28:12,540  INFO        → 156/159 tickers OK for 1m
2026-04-03 19:28:12,552  INFO        Saving 1m split by month:
2026-04-03 19:28:14,365  INFO          → master_1m_2026_03.csv  (291,654 rows)
2026-04-03 19:28:15,105  INFO          → master_1m_2026_04.csv  (116,743 rows)
2026-04-03 19:28:15,107  INFO      
[2/5] Fetching 5-minute data...
2026-04-03 19:28:15,107  INFO        [  1/159] RELIANCE             5m
2026-04-03 19:28:16,444  INFO        [  2/159] TCS                  5m
2026-04-03 19:28:16,651  INFO        [  3/159] HDFCBANK             5m
2026-04-03 19:28:17,911  INFO        [  4/159] BHARTIARTL           5m
2026-04-03 19:28:19,170  INFO        [  5/159] ICICIBANK            5m
2026-04-03 19:28:19,416  INFO        [  6/159] INFOSYS              5m
2026-04-03 19:28:19,721  ERROR     $INFOSYS.NS: possibly delisted; no timezone found
2026-04-03 19:28:19,730  ERROR     
1 Failed download:
2026-04-03 19:28:19,730  ERROR     ['INFOSYS.NS']: possibly delisted; no timezone found
2026-04-03 19:28:19,732  WARNING     SKIP INFOSYS [5m] — no data (delisted?)
2026-04-03 19:28:19,733  INFO        [  7/159] SBIN                 5m
2026-04-03 19:28:19,998  INFO        [  8/159] HINDUNILVR           5m
2026-04-03 19:28:20,305  INFO        [  9/159] ITC                  5m
2026-04-03 19:28:20,552  INFO        [ 10/159] LT                   5m
2026-04-03 19:28:20,820  INFO        [ 11/159] KOTAKBANK            5m
2026-04-03 19:28:21,095  INFO        [ 12/159] AXISBANK             5m
2026-04-03 19:28:21,327  INFO        [ 13/159] BAJFINANCE           5m
2026-04-03 19:28:21,569  INFO        [ 14/159] ASIANPAINT           5m
2026-04-03 19:28:21,828  INFO        [ 15/159] MARUTI               5m
2026-04-03 19:28:22,036  INFO        [ 16/159] TITAN                5m
2026-04-03 19:28:22,361  INFO        [ 17/159] SUNPHARMA            5m
2026-04-03 19:28:22,639  INFO        [ 18/159] ULTRACEMCO           5m
2026-04-03 19:28:22,885  INFO        [ 19/159] WIPRO                5m
2026-04-03 19:28:23,139  INFO        [ 20/159] NESTLEIND            5m
2026-04-03 19:28:23,385  INFO        [ 21/159] ONGC                 5m
2026-04-03 19:28:23,647  INFO        [ 22/159] POWERGRID            5m
2026-04-03 19:28:23,877  INFO        [ 23/159] NTPC                 5m
2026-04-03 19:28:24,112  INFO        [ 24/159] COALINDIA            5m
2026-04-03 19:28:24,463  INFO        [ 25/159] JSWSTEEL             5m
2026-04-03 19:28:24,705  INFO        [ 26/159] TATAMOTORS           5m
2026-04-03 19:28:24,935  ERROR     $TATAMOTORS.NS: possibly delisted; no timezone found
2026-04-03 19:28:24,938  ERROR     
1 Failed download:
2026-04-03 19:28:24,938  ERROR     ['TATAMOTORS.NS']: possibly delisted; no timezone found
2026-04-03 19:28:24,940  WARNING     SKIP TATAMOTORS [5m] — no data (delisted?)
2026-04-03 19:28:24,940  INFO        [ 27/159] TATASTEEL            5m
2026-04-03 19:28:26,239  INFO        [ 28/159] HCLTECH              5m
2026-04-03 19:28:26,516  INFO        [ 29/159] TECHM                5m
2026-04-03 19:28:26,774  INFO        [ 30/159] DIVISLAB             5m
2026-04-03 19:28:27,089  INFO        [ 31/159] DRREDDY              5m
2026-04-03 19:28:27,317  INFO        [ 32/159] CIPLA                5m
2026-04-03 19:28:27,575  INFO        [ 33/159] EICHERMOT            5m
2026-04-03 19:28:27,791  INFO        [ 34/159] HEROMOTOCO           5m
2026-04-03 19:28:28,037  INFO        [ 35/159] BAJAJFINSV           5m
2026-04-03 19:28:28,251  INFO        [ 36/159] ADANIENT             5m
2026-04-03 19:28:28,488  INFO        [ 37/159] ADANIPORTS           5m
2026-04-03 19:28:28,758  INFO        [ 38/159] APOLLOHOSP           5m
2026-04-03 19:28:29,048  INFO        [ 39/159] BAJAJ-AUTO           5m
2026-04-03 19:28:29,288  INFO        [ 40/159] BPCL                 5m
2026-04-03 19:28:29,533  INFO        [ 41/159] BRITANNIA            5m
2026-04-03 19:28:29,789  INFO        [ 42/159] DABUR                5m
2026-04-03 19:28:30,025  INFO        [ 43/159] DLF                  5m
2026-04-03 19:28:30,301  INFO        [ 44/159] GRASIM               5m
2026-04-03 19:28:30,559  INFO        [ 45/159] HAVELLS              5m
2026-04-03 19:28:30,794  INFO        [ 46/159] HINDALCO             5m
2026-04-03 19:28:31,060  INFO        [ 47/159] INDUSINDBK           5m
2026-04-03 19:28:31,315  INFO        [ 48/159] IOC                  5m
2026-04-03 19:28:31,604  INFO        [ 49/159] M&M                  5m
2026-04-03 19:28:31,853  INFO        [ 50/159] PIDILITIND           5m
2026-04-03 19:28:32,094  INFO        [ 51/159] SBILIFE              5m
2026-04-03 19:28:32,348  INFO        [ 52/159] SHREECEM             5m
2026-04-03 19:28:32,578  INFO        [ 53/159] SIEMENS              5m
2026-04-03 19:28:32,829  INFO        [ 54/159] TRENT                5m
2026-04-03 19:28:33,178  INFO        [ 55/159] VEDL                 5m
2026-04-03 19:28:33,420  INFO        [ 56/159] ZOMATO               5m
2026-04-03 19:28:33,697  ERROR     $ZOMATO.NS: possibly delisted; no timezone found
2026-04-03 19:28:33,703  ERROR     
1 Failed download:
2026-04-03 19:28:33,703  ERROR     ['ZOMATO.NS']: possibly delisted; no timezone found
2026-04-03 19:28:33,706  WARNING     SKIP ZOMATO [5m] — no data (delisted?)
2026-04-03 19:28:33,706  INFO        [ 57/159] DMART                5m
2026-04-03 19:28:33,943  INFO        [ 58/159] IRCTC                5m
2026-04-03 19:28:34,183  INFO        [ 59/159] BERGEPAINT           5m
2026-04-03 19:28:34,437  INFO        [ 60/159] BOSCHLTD             5m
2026-04-03 19:28:34,682  INFO        [ 61/159] CANBK                5m
2026-04-03 19:28:34,914  INFO        [ 62/159] CHOLAFIN             5m
2026-04-03 19:28:35,152  INFO        [ 63/159] COLPAL               5m
2026-04-03 19:28:35,460  INFO        [ 64/159] CONCOR               5m
2026-04-03 19:28:35,798  INFO        [ 65/159] CUMMINSIND           5m
2026-04-03 19:28:37,110  INFO        [ 66/159] ESCORTS              5m
2026-04-03 19:28:37,468  INFO        [ 67/159] FEDERALBNK           5m
2026-04-03 19:28:37,733  INFO        [ 68/159] GODREJCP             5m
2026-04-03 19:28:37,989  INFO        [ 69/159] GODREJPROP           5m
2026-04-03 19:28:38,244  INFO        [ 70/159] HAL                  5m
2026-04-03 19:28:38,490  INFO        [ 71/159] HDFCLIFE             5m
2026-04-03 19:28:38,744  INFO        [ 72/159] HINDPETRO            5m
2026-04-03 19:28:40,029  INFO        [ 73/159] ICICIPRULI           5m
2026-04-03 19:28:40,275  INFO        [ 74/159] IDFCFIRSTB           5m
2026-04-03 19:28:41,565  INFO        [ 75/159] IGL                  5m
2026-04-03 19:28:41,819  INFO        [ 76/159] INDUSTOWER           5m
2026-04-03 19:28:42,052  INFO        [ 77/159] JUBLFOOD             5m
2026-04-03 19:28:42,296  INFO        [ 78/159] LUPIN                5m
2026-04-03 19:28:42,612  INFO        [ 79/159] MARICO               5m
2026-04-03 19:28:42,862  INFO        [ 80/159] MPHASIS              5m
2026-04-03 19:28:43,089  INFO        [ 81/159] MUTHOOTFIN           5m
2026-04-03 19:28:43,345  INFO        [ 82/159] NAUKRI               5m
2026-04-03 19:28:44,667  INFO        [ 83/159] NBCC                 5m
2026-04-03 19:28:45,010  INFO        [ 84/159] NHPC                 5m
2026-04-03 19:28:45,268  INFO        [ 85/159] NMDC                 5m
2026-04-03 19:28:45,612  INFO        [ 86/159] OFSS                 5m
2026-04-03 19:28:45,901  INFO        [ 87/159] PAGEIND              5m
2026-04-03 19:28:46,148  INFO        [ 88/159] PERSISTENT           5m
2026-04-03 19:28:46,379  INFO        [ 89/159] PETRONET             5m
2026-04-03 19:28:46,597  INFO        [ 90/159] PFC                  5m
2026-04-03 19:28:46,870  INFO        [ 91/159] PNB                  5m
2026-04-03 19:28:47,126  INFO        [ 92/159] POLYCAB              5m
2026-04-03 19:28:48,403  INFO        [ 93/159] RBLBANK              5m
2026-04-03 19:28:48,649  INFO        [ 94/159] RECLTD               5m
2026-04-03 19:28:48,876  INFO        [ 95/159] SAIL                 5m
2026-04-03 19:28:50,162  INFO        [ 96/159] SBICARD              5m
2026-04-03 19:28:50,430  INFO        [ 97/159] SHRIRAMFIN           5m
2026-04-03 19:28:51,696  INFO        [ 98/159] SRF                  5m
2026-04-03 19:28:51,921  INFO        [ 99/159] SUNDARMFIN           5m
2026-04-03 19:28:52,211  INFO        [100/159] TATACHEM             5m
2026-04-03 19:28:52,424  INFO        [101/159] TATACONSUM           5m
2026-04-03 19:28:52,670  INFO        [102/159] TORNTPHARM           5m
2026-04-03 19:28:52,920  INFO        [103/159] TORNTPOWER           5m
2026-04-03 19:28:53,179  INFO        [104/159] TVSMOTOR             5m
2026-04-03 19:28:53,428  INFO        [105/159] UPL                  5m
2026-04-03 19:28:53,677  INFO        [106/159] VOLTAS               5m
2026-04-03 19:28:53,993  INFO        [107/159] YESBANK              5m
2026-04-03 19:28:54,319  INFO        [108/159] ZYDUSLIFE            5m
2026-04-03 19:28:54,577  INFO        [109/159] ABCAPITAL            5m
2026-04-03 19:28:55,866  INFO        [110/159] ACC                  5m
2026-04-03 19:28:56,179  INFO        [111/159] ADANIGREEN           5m
2026-04-03 19:28:57,467  INFO        [112/159] ALKEM                5m
2026-04-03 19:28:57,762  INFO        [113/159] AMBUJACEM            5m
2026-04-03 19:28:58,014  INFO        [114/159] ASTRAL               5m
2026-04-03 19:28:58,286  INFO        [115/159] AUROPHARMA           5m
2026-04-03 19:28:58,522  INFO        [116/159] BALKRISIND           5m
2026-04-03 19:28:58,781  INFO        [117/159] BANDHANBNK           5m
2026-04-03 19:29:00,076  INFO        [118/159] BANKBARODA           5m
2026-04-03 19:29:00,292  INFO        [119/159] BATAINDIA            5m
2026-04-03 19:29:00,519  INFO        [120/159] BEL                  5m
2026-04-03 19:29:00,774  INFO        [121/159] BHARATFORG           5m
2026-04-03 19:29:01,104  INFO        [122/159] BHEL                 5m
2026-04-03 19:29:01,363  INFO        [123/159] CDSL                 5m
2026-04-03 19:29:01,585  INFO        [124/159] CESC                 5m
2026-04-03 19:29:01,811  INFO        [125/159] DEEPAKNTR            5m
2026-04-03 19:29:02,030  INFO        [126/159] EMAMILTD             5m
2026-04-03 19:29:02,348  INFO        [127/159] EXIDEIND             5m
2026-04-03 19:29:02,566  INFO        [128/159] FORTIS               5m
2026-04-03 19:29:02,815  INFO        [129/159] GAIL                 5m
2026-04-03 19:29:03,065  INFO        [130/159] GLENMARK             5m
2026-04-03 19:29:03,315  INFO        [131/159] GRANULES             5m
2026-04-03 19:29:03,568  INFO        [132/159] GUJGASLTD            5m
2026-04-03 19:29:03,792  INFO        [133/159] HINDCOPPER           5m
2026-04-03 19:29:04,029  INFO        [134/159] HUDCO                5m
2026-04-03 19:29:04,265  INFO        [135/159] IEX                  5m
2026-04-03 19:29:04,541  INFO        [136/159] INDIGO               5m
2026-04-03 19:29:04,770  INFO        [137/159] IRFC                 5m
2026-04-03 19:29:05,022  INFO        [138/159] JKCEMENT             5m
2026-04-03 19:29:05,295  INFO        [139/159] JSWENERGY            5m
2026-04-03 19:29:05,540  INFO        [140/159] KPITTECH             5m
2026-04-03 19:29:05,793  INFO        [141/159] LAURUSLABS           5m
2026-04-03 19:29:07,063  INFO        [142/159] LICHSGFIN            5m
2026-04-03 19:29:07,297  INFO        [143/159] LODHA                5m
2026-04-03 19:29:07,520  INFO        [144/159] LTTS                 5m
2026-04-03 19:29:07,769  INFO        [145/159] MANAPPURAM           5m
2026-04-03 19:29:07,994  INFO        [146/159] MCX                  5m
2026-04-03 19:29:08,306  INFO        [147/159] METROPOLIS           5m
2026-04-03 19:29:08,593  INFO        [148/159] MRPL                 5m
2026-04-03 19:29:09,880  INFO        [149/159] NATIONALUM           5m
2026-04-03 19:29:10,140  INFO        [150/159] NAVINFLUOR           5m
2026-04-03 19:29:10,375  INFO        [151/159] OLECTRA              5m
2026-04-03 19:29:11,643  INFO        [152/159] PFIZER               5m
2026-04-03 19:29:11,866  INFO        [153/159] SUPREMEIND           5m
2026-04-03 19:29:12,119  INFO        [154/159] TATACOMM             5m
2026-04-03 19:29:12,348  INFO        [155/159] UBL                  5m
2026-04-03 19:29:12,586  INFO        [156/159] UNITDSPR             5m
2026-04-03 19:29:12,879  INFO        [157/159] WHIRLPOOL            5m
2026-04-03 19:29:13,104  INFO        [158/159] CROMPTON             5m
2026-04-03 19:29:13,360  INFO        [159/159] ^NSEI                5m
2026-04-03 19:29:13,578  INFO        → 156/159 tickers OK for 5m
2026-04-03 19:29:13,591  INFO        Saving 5m split by year:
2026-04-03 19:29:16,784  INFO          → master_5m_2026.csv  (514,692 rows)
2026-04-03 19:29:16,789  INFO      
[3/5] Fetching 1-hour data...
2026-04-03 19:29:16,789  INFO        [  1/159] RELIANCE             1h
2026-04-03 19:29:17,123  INFO        [  2/159] TCS                  1h
2026-04-03 19:29:17,421  INFO        [  3/159] HDFCBANK             1h
2026-04-03 19:29:17,719  INFO        [  4/159] BHARTIARTL           1h
2026-04-03 19:29:17,997  INFO        [  5/159] ICICIBANK            1h
2026-04-03 19:29:18,250  INFO        [  6/159] INFOSYS              1h
2026-04-03 19:29:18,738  ERROR     $INFOSYS.NS: possibly delisted; no timezone found
2026-04-03 19:29:18,746  ERROR     
1 Failed download:
2026-04-03 19:29:18,746  ERROR     ['INFOSYS.NS']: possibly delisted; no timezone found
2026-04-03 19:29:18,749  WARNING     SKIP INFOSYS [1h] — no data (delisted?)
2026-04-03 19:29:18,749  INFO        [  7/159] SBIN                 1h
2026-04-03 19:29:19,013  INFO        [  8/159] HINDUNILVR           1h
2026-04-03 19:29:20,353  INFO        [  9/159] ITC                  1h
2026-04-03 19:29:20,715  INFO        [ 10/159] LT                   1h
2026-04-03 19:29:21,014  INFO        [ 11/159] KOTAKBANK            1h
2026-04-03 19:29:21,360  INFO        [ 12/159] AXISBANK             1h
2026-04-03 19:29:21,643  INFO        [ 13/159] BAJFINANCE           1h
2026-04-03 19:29:22,026  INFO        [ 14/159] ASIANPAINT           1h
2026-04-03 19:29:22,309  INFO        [ 15/159] MARUTI               1h
2026-04-03 19:29:22,545  INFO        [ 16/159] TITAN                1h
2026-04-03 19:29:22,848  INFO        [ 17/159] SUNPHARMA            1h
2026-04-03 19:29:23,082  INFO        [ 18/159] ULTRACEMCO           1h
2026-04-03 19:29:23,349  INFO        [ 19/159] WIPRO                1h
2026-04-03 19:29:23,606  INFO        [ 20/159] NESTLEIND            1h
2026-04-03 19:29:23,948  INFO        [ 21/159] ONGC                 1h
2026-04-03 19:29:24,199  INFO        [ 22/159] POWERGRID            1h
2026-04-03 19:29:24,494  INFO        [ 23/159] NTPC                 1h
2026-04-03 19:29:24,788  INFO        [ 24/159] COALINDIA            1h
2026-04-03 19:29:25,044  INFO        [ 25/159] JSWSTEEL             1h
2026-04-03 19:29:25,340  INFO        [ 26/159] TATAMOTORS           1h
2026-04-03 19:29:25,626  ERROR     $TATAMOTORS.NS: possibly delisted; no timezone found
2026-04-03 19:29:25,633  ERROR     
1 Failed download:
2026-04-03 19:29:25,633  ERROR     ['TATAMOTORS.NS']: possibly delisted; no timezone found
2026-04-03 19:29:25,636  WARNING     SKIP TATAMOTORS [1h] — no data (delisted?)
2026-04-03 19:29:25,636  INFO        [ 27/159] TATASTEEL            1h
2026-04-03 19:29:25,906  INFO        [ 28/159] HCLTECH              1h
2026-04-03 19:29:26,150  INFO        [ 29/159] TECHM                1h
2026-04-03 19:29:26,442  INFO        [ 30/159] DIVISLAB             1h
2026-04-03 19:29:26,746  INFO        [ 31/159] DRREDDY              1h
2026-04-03 19:29:27,010  INFO        [ 32/159] CIPLA                1h
2026-04-03 19:29:27,311  INFO        [ 33/159] EICHERMOT            1h
2026-04-03 19:29:27,601  INFO        [ 34/159] HEROMOTOCO           1h
2026-04-03 19:29:27,854  INFO        [ 35/159] BAJAJFINSV           1h
2026-04-03 19:29:29,187  INFO        [ 36/159] ADANIENT             1h
2026-04-03 19:29:30,493  INFO        [ 37/159] ADANIPORTS           1h
2026-04-03 19:29:30,788  INFO        [ 38/159] APOLLOHOSP           1h
2026-04-03 19:29:31,083  INFO        [ 39/159] BAJAJ-AUTO           1h
2026-04-03 19:29:31,417  INFO        [ 40/159] BPCL                 1h
2026-04-03 19:29:31,685  INFO        [ 41/159] BRITANNIA            1h
2026-04-03 19:29:31,963  INFO        [ 42/159] DABUR                1h
2026-04-03 19:29:32,234  INFO        [ 43/159] DLF                  1h
2026-04-03 19:29:32,486  INFO        [ 44/159] GRASIM               1h
2026-04-03 19:29:32,843  INFO        [ 45/159] HAVELLS              1h
2026-04-03 19:29:33,110  INFO        [ 46/159] HINDALCO             1h
2026-04-03 19:29:33,416  INFO        [ 47/159] INDUSINDBK           1h
2026-04-03 19:29:34,794  INFO        [ 48/159] IOC                  1h
2026-04-03 19:29:35,128  INFO        [ 49/159] M&M                  1h
2026-04-03 19:29:35,427  INFO        [ 50/159] PIDILITIND           1h
2026-04-03 19:29:35,733  INFO        [ 51/159] SBILIFE              1h
2026-04-03 19:29:35,990  INFO        [ 52/159] SHREECEM             1h
2026-04-03 19:29:36,283  INFO        [ 53/159] SIEMENS              1h
2026-04-03 19:29:36,555  INFO        [ 54/159] TRENT                1h
2026-04-03 19:29:36,832  INFO        [ 55/159] VEDL                 1h
2026-04-03 19:29:37,110  INFO        [ 56/159] ZOMATO               1h
2026-04-03 19:29:37,436  ERROR     $ZOMATO.NS: possibly delisted; no timezone found
2026-04-03 19:29:37,444  ERROR     
1 Failed download:
2026-04-03 19:29:37,445  ERROR     ['ZOMATO.NS']: possibly delisted; no timezone found
2026-04-03 19:29:37,447  WARNING     SKIP ZOMATO [1h] — no data (delisted?)
2026-04-03 19:29:37,447  INFO        [ 57/159] DMART                1h
2026-04-03 19:29:37,689  INFO        [ 58/159] IRCTC                1h
2026-04-03 19:29:37,963  INFO        [ 59/159] BERGEPAINT           1h
2026-04-03 19:29:38,216  INFO        [ 60/159] BOSCHLTD             1h
2026-04-03 19:29:38,568  INFO        [ 61/159] CANBK                1h
2026-04-03 19:29:38,813  INFO        [ 62/159] CHOLAFIN             1h
2026-04-03 19:29:39,096  INFO        [ 63/159] COLPAL               1h
2026-04-03 19:29:39,452  INFO        [ 64/159] CONCOR               1h
2026-04-03 19:29:39,794  INFO        [ 65/159] CUMMINSIND           1h
2026-04-03 19:29:40,098  INFO        [ 66/159] ESCORTS              1h
2026-04-03 19:29:40,334  INFO        [ 67/159] FEDERALBNK           1h
2026-04-03 19:29:40,595  INFO        [ 68/159] GODREJCP             1h
2026-04-03 19:29:40,857  INFO        [ 69/159] GODREJPROP           1h
2026-04-03 19:29:41,125  INFO        [ 70/159] HAL                  1h
2026-04-03 19:29:41,407  INFO        [ 71/159] HDFCLIFE             1h
2026-04-03 19:29:41,671  INFO        [ 72/159] HINDPETRO            1h
2026-04-03 19:29:43,011  INFO        [ 73/159] ICICIPRULI           1h
2026-04-03 19:29:44,306  INFO        [ 74/159] IDFCFIRSTB           1h
2026-04-03 19:29:44,673  INFO        [ 75/159] IGL                  1h
2026-04-03 19:29:44,975  INFO        [ 76/159] INDUSTOWER           1h
2026-04-03 19:29:46,242  INFO        [ 77/159] JUBLFOOD             1h
2026-04-03 19:29:47,539  INFO        [ 78/159] LUPIN                1h
2026-04-03 19:29:47,818  INFO        [ 79/159] MARICO               1h
2026-04-03 19:29:48,107  INFO        [ 80/159] MPHASIS              1h
2026-04-03 19:29:48,372  INFO        [ 81/159] MUTHOOTFIN           1h
2026-04-03 19:29:48,633  INFO        [ 82/159] NAUKRI               1h
2026-04-03 19:29:48,921  INFO        [ 83/159] NBCC                 1h
2026-04-03 19:29:49,229  INFO        [ 84/159] NHPC                 1h
2026-04-03 19:29:49,501  INFO        [ 85/159] NMDC                 1h
2026-04-03 19:29:49,794  INFO        [ 86/159] OFSS                 1h
2026-04-03 19:29:50,132  INFO        [ 87/159] PAGEIND              1h
2026-04-03 19:29:50,406  INFO        [ 88/159] PERSISTENT           1h
2026-04-03 19:29:50,689  INFO        [ 89/159] PETRONET             1h
2026-04-03 19:29:51,010  INFO        [ 90/159] PFC                  1h
2026-04-03 19:29:51,295  INFO        [ 91/159] PNB                  1h
2026-04-03 19:29:51,578  INFO        [ 92/159] POLYCAB              1h
2026-04-03 19:29:51,815  INFO        [ 93/159] RBLBANK              1h
2026-04-03 19:29:52,119  INFO        [ 94/159] RECLTD               1h
2026-04-03 19:29:53,411  INFO        [ 95/159] SAIL                 1h
2026-04-03 19:29:54,703  INFO        [ 96/159] SBICARD              1h
2026-04-03 19:29:54,946  INFO        [ 97/159] SHRIRAMFIN           1h
2026-04-03 19:29:55,248  INFO        [ 98/159] SRF                  1h
2026-04-03 19:29:55,488  INFO        [ 99/159] SUNDARMFIN           1h
2026-04-03 19:29:55,758  INFO        [100/159] TATACHEM             1h
2026-04-03 19:29:56,007  INFO        [101/159] TATACONSUM           1h
2026-04-03 19:29:56,252  INFO        [102/159] TORNTPHARM           1h
2026-04-03 19:29:56,532  INFO        [103/159] TORNTPOWER           1h
2026-04-03 19:29:56,820  INFO        [104/159] TVSMOTOR             1h
2026-04-03 19:29:57,099  INFO        [105/159] UPL                  1h
2026-04-03 19:29:57,370  INFO        [106/159] VOLTAS               1h
2026-04-03 19:29:57,732  INFO        [107/159] YESBANK              1h
2026-04-03 19:29:58,031  INFO        [108/159] ZYDUSLIFE            1h
2026-04-03 19:29:58,322  INFO        [109/159] ABCAPITAL            1h
2026-04-03 19:29:58,566  INFO        [110/159] ACC                  1h
2026-04-03 19:29:58,868  INFO        [111/159] ADANIGREEN           1h
2026-04-03 19:29:59,121  INFO        [112/159] ALKEM                1h
2026-04-03 19:29:59,383  INFO        [113/159] AMBUJACEM            1h
2026-04-03 19:29:59,633  INFO        [114/159] ASTRAL               1h
2026-04-03 19:29:59,908  INFO        [115/159] AUROPHARMA           1h
2026-04-03 19:30:00,182  INFO        [116/159] BALKRISIND           1h
2026-04-03 19:30:00,449  INFO        [117/159] BANDHANBNK           1h
2026-04-03 19:30:00,736  INFO        [118/159] BANKBARODA           1h
2026-04-03 19:30:00,982  INFO        [119/159] BATAINDIA            1h
2026-04-03 19:30:01,272  INFO        [120/159] BEL                  1h
2026-04-03 19:30:01,584  INFO        [121/159] BHARATFORG           1h
2026-04-03 19:30:01,934  INFO        [122/159] BHEL                 1h
2026-04-03 19:30:02,174  INFO        [123/159] CDSL                 1h
2026-04-03 19:30:03,554  INFO        [124/159] CESC                 1h
2026-04-03 19:30:03,815  INFO        [125/159] DEEPAKNTR            1h
2026-04-03 19:30:04,078  INFO        [126/159] EMAMILTD             1h
2026-04-03 19:30:04,328  INFO        [127/159] EXIDEIND             1h
2026-04-03 19:30:05,651  INFO        [128/159] FORTIS               1h
2026-04-03 19:30:05,902  INFO        [129/159] GAIL                 1h
2026-04-03 19:30:07,229  INFO        [130/159] GLENMARK             1h
2026-04-03 19:30:07,526  INFO        [131/159] GRANULES             1h
2026-04-03 19:30:07,823  INFO        [132/159] GUJGASLTD            1h
2026-04-03 19:30:09,101  INFO        [133/159] HINDCOPPER           1h
2026-04-03 19:30:09,379  INFO        [134/159] HUDCO                1h
2026-04-03 19:30:10,727  INFO        [135/159] IEX                  1h
2026-04-03 19:30:11,002  INFO        [136/159] INDIGO               1h
2026-04-03 19:30:11,252  INFO        [137/159] IRFC                 1h
2026-04-03 19:30:11,524  INFO        [138/159] JKCEMENT             1h
2026-04-03 19:30:11,773  INFO        [139/159] JSWENERGY            1h
2026-04-03 19:30:12,082  INFO        [140/159] KPITTECH             1h
2026-04-03 19:30:12,367  INFO        [141/159] LAURUSLABS           1h
2026-04-03 19:30:12,619  INFO        [142/159] LICHSGFIN            1h
2026-04-03 19:30:12,883  INFO        [143/159] LODHA                1h
2026-04-03 19:30:13,135  INFO        [144/159] LTTS                 1h
2026-04-03 19:30:14,437  INFO        [145/159] MANAPPURAM           1h
2026-04-03 19:30:14,710  INFO        [146/159] MCX                  1h
2026-04-03 19:30:15,026  INFO        [147/159] METROPOLIS           1h
2026-04-03 19:30:15,365  INFO        [148/159] MRPL                 1h
2026-04-03 19:30:15,640  INFO        [149/159] NATIONALUM           1h
2026-04-03 19:30:15,940  INFO        [150/159] NAVINFLUOR           1h
2026-04-03 19:30:16,184  INFO        [151/159] OLECTRA              1h
2026-04-03 19:30:16,476  INFO        [152/159] PFIZER               1h
2026-04-03 19:30:16,845  INFO        [153/159] SUPREMEIND           1h
2026-04-03 19:30:18,177  INFO        [154/159] TATACOMM             1h
2026-04-03 19:30:18,439  INFO        [155/159] UBL                  1h
2026-04-03 19:30:18,703  INFO        [156/159] UNITDSPR             1h
2026-04-03 19:30:19,962  INFO        [157/159] WHIRLPOOL            1h
2026-04-03 19:30:20,218  INFO        [158/159] CROMPTON             1h
2026-04-03 19:30:20,485  INFO        [159/159] ^NSEI                1h
2026-04-03 19:30:20,766  INFO        → 156/159 tickers OK for 1h
2026-04-03 19:30:20,812  INFO        Backup → backup_master_1h.csv
2026-04-03 19:30:24,137  INFO          → master_1h.csv  (532,928 rows)
2026-04-03 19:30:24,140  INFO      
[4/5] Resampling 1m → 5m and 1h...
2026-04-03 19:30:25,672  INFO        Generated 5m rows : 81,899
2026-04-03 19:30:25,672  INFO        Generated 1h rows : 7,644
2026-04-03 19:30:25,672  INFO      
[5/5] Validating...
2026-04-03 19:30:29,282  WARNING     Validation [5m]: 434101 issues.
2026-04-03 19:30:30,394  WARNING     Validation [1h]: 540572 issues.
2026-04-03 19:30:33,030  INFO        Validation report → 974673 rows (last 30 days only)
2026-04-03 19:30:33,033  INFO        Skipped: 9 tickers → skipped_tickers.csv
2026-04-03 19:30:33,034  INFO      
============================================================
2026-04-03 19:30:33,034  INFO      Pipeline COMPLETE ✓
2026-04-03 19:30:33,034  INFO        1m files  : 2 monthly files in data/1m/
2026-04-03 19:30:33,034  INFO          master_1m_2026_03.csv  (25.3 MB)
2026-04-03 19:30:33,034  INFO          master_1m_2026_04.csv  (10.2 MB)
2026-04-03 19:30:33,034  INFO        5m files  : 1 yearly files in data/5m/
2026-04-03 19:30:33,034  INFO          master_5m_2026.csv  (44.7 MB)
2026-04-03 19:30:33,034  INFO        1h file   : master_1h.csv  (46.9 MB)
2026-04-03 19:30:33,034  INFO        Skipped   : 9 tickers
2026-04-03 19:30:33,034  INFO      ============================================================
