2026-04-22 20:15:06,558  WARNING     Deleted oversized validation_report.csv (71.6 MB) — will recreate.
2026-04-22 20:15:06,559  INFO      ============================================================
2026-04-22 20:15:06,559  INFO      Indian Market Data Pipeline v3 — START
2026-04-22 20:15:06,559  INFO      Run time : 2026-04-22 20:15:06
2026-04-22 20:15:06,559  INFO      Tickers  : 158 stocks + Nifty Index
2026-04-22 20:15:06,559  INFO      File layout:
2026-04-22 20:15:06,559  INFO        1m  → data/1m/master_1m_YYYY_MM.csv  (one per month)
2026-04-22 20:15:06,559  INFO        5m  → data/5m/master_5m_YYYY.csv     (one per year)
2026-04-22 20:15:06,559  INFO        1h  → data/master_1h.csv             (single file)
2026-04-22 20:15:06,559  INFO      ============================================================
2026-04-22 20:15:06,559  INFO      
[1/5] Fetching 1-minute data...
2026-04-22 20:15:06,559  INFO        [  1/159] RELIANCE             1m
2026-04-22 20:15:06,884  INFO        [  2/159] TCS                  1m
2026-04-22 20:15:07,147  INFO        [  3/159] HDFCBANK             1m
2026-04-22 20:15:07,383  INFO        [  4/159] BHARTIARTL           1m
2026-04-22 20:15:07,574  INFO        [  5/159] ICICIBANK            1m
2026-04-22 20:15:07,784  INFO        [  6/159] INFOSYS              1m
2026-04-22 20:15:08,055  ERROR     HTTP Error 404: {"quoteSummary":{"result":null,"error":{"code":"Not Found","description":"Quote not found for symbol: INFOSYS.NS"}}}
2026-04-22 20:15:08,145  ERROR     $INFOSYS.NS: possibly delisted; no timezone found
2026-04-22 20:15:08,148  ERROR     
1 Failed download:
2026-04-22 20:15:08,148  ERROR     ['INFOSYS.NS']: possibly delisted; no timezone found
2026-04-22 20:15:08,150  WARNING     SKIP INFOSYS [1m] — no data (delisted?)
2026-04-22 20:15:08,151  INFO        [  7/159] SBIN                 1m
2026-04-22 20:15:08,414  INFO        [  8/159] HINDUNILVR           1m
2026-04-22 20:15:08,637  INFO        [  9/159] ITC                  1m
2026-04-22 20:15:08,838  INFO        [ 10/159] LT                   1m
2026-04-22 20:15:09,071  INFO        [ 11/159] KOTAKBANK            1m
2026-04-22 20:15:09,306  INFO        [ 12/159] AXISBANK             1m
2026-04-22 20:15:09,488  INFO        [ 13/159] BAJFINANCE           1m
2026-04-22 20:15:09,750  INFO        [ 14/159] ASIANPAINT           1m
2026-04-22 20:15:09,971  INFO        [ 15/159] MARUTI               1m
2026-04-22 20:15:10,155  INFO        [ 16/159] TITAN                1m
2026-04-22 20:15:10,367  INFO        [ 17/159] SUNPHARMA            1m
2026-04-22 20:15:10,558  INFO        [ 18/159] ULTRACEMCO           1m
2026-04-22 20:15:10,792  INFO        [ 19/159] WIPRO                1m
2026-04-22 20:15:11,024  INFO        [ 20/159] NESTLEIND            1m
2026-04-22 20:15:11,229  INFO        [ 21/159] ONGC                 1m
2026-04-22 20:15:11,453  INFO        [ 22/159] POWERGRID            1m
2026-04-22 20:15:11,674  INFO        [ 23/159] NTPC                 1m
2026-04-22 20:15:11,930  INFO        [ 24/159] COALINDIA            1m
2026-04-22 20:15:12,113  INFO        [ 25/159] JSWSTEEL             1m
2026-04-22 20:15:12,337  INFO        [ 26/159] TATAMOTORS           1m
2026-04-22 20:15:12,610  ERROR     HTTP Error 404: {"quoteSummary":{"result":null,"error":{"code":"Not Found","description":"Quote not found for symbol: TATAMOTORS.NS"}}}
2026-04-22 20:15:12,685  ERROR     $TATAMOTORS.NS: possibly delisted; no timezone found
2026-04-22 20:15:12,693  ERROR     
1 Failed download:
2026-04-22 20:15:12,693  ERROR     ['TATAMOTORS.NS']: possibly delisted; no timezone found
2026-04-22 20:15:12,696  WARNING     SKIP TATAMOTORS [1m] — no data (delisted?)
2026-04-22 20:15:12,696  INFO        [ 27/159] TATASTEEL            1m
2026-04-22 20:15:12,930  INFO        [ 28/159] HCLTECH              1m
2026-04-22 20:15:13,222  INFO        [ 29/159] TECHM                1m
2026-04-22 20:15:13,487  INFO        [ 30/159] DIVISLAB             1m
2026-04-22 20:15:13,678  INFO        [ 31/159] DRREDDY              1m
2026-04-22 20:15:13,961  INFO        [ 32/159] CIPLA                1m
2026-04-22 20:15:14,157  INFO        [ 33/159] EICHERMOT            1m
2026-04-22 20:15:14,358  INFO        [ 34/159] HEROMOTOCO           1m
2026-04-22 20:15:14,571  INFO        [ 35/159] BAJAJFINSV           1m
2026-04-22 20:15:14,735  INFO        [ 36/159] ADANIENT             1m
2026-04-22 20:15:14,946  INFO        [ 37/159] ADANIPORTS           1m
2026-04-22 20:15:15,158  INFO        [ 38/159] APOLLOHOSP           1m
2026-04-22 20:15:15,371  INFO        [ 39/159] BAJAJ-AUTO           1m
2026-04-22 20:15:15,574  INFO        [ 40/159] BPCL                 1m
2026-04-22 20:15:15,771  INFO        [ 41/159] BRITANNIA            1m
2026-04-22 20:15:15,976  INFO        [ 42/159] DABUR                1m
2026-04-22 20:15:16,170  INFO        [ 43/159] DLF                  1m
2026-04-22 20:15:16,396  INFO        [ 44/159] GRASIM               1m
2026-04-22 20:15:16,663  INFO        [ 45/159] HAVELLS              1m
2026-04-22 20:15:16,857  INFO        [ 46/159] HINDALCO             1m
2026-04-22 20:15:17,114  INFO        [ 47/159] INDUSINDBK           1m
2026-04-22 20:15:17,390  INFO        [ 48/159] IOC                  1m
2026-04-22 20:15:17,595  INFO        [ 49/159] M&M                  1m
2026-04-22 20:15:17,814  INFO        [ 50/159] PIDILITIND           1m
2026-04-22 20:15:18,006  INFO        [ 51/159] SBILIFE              1m
2026-04-22 20:15:18,170  INFO        [ 52/159] SHREECEM             1m
2026-04-22 20:15:18,353  INFO        [ 53/159] SIEMENS              1m
2026-04-22 20:15:18,646  INFO        [ 54/159] TRENT                1m
2026-04-22 20:15:18,849  INFO        [ 55/159] VEDL                 1m
2026-04-22 20:15:19,121  INFO        [ 56/159] ZOMATO               1m
2026-04-22 20:15:19,264  ERROR     $ZOMATO.NS: possibly delisted; no timezone found
2026-04-22 20:15:19,265  ERROR     
1 Failed download:
2026-04-22 20:15:19,265  ERROR     ['ZOMATO.NS']: possibly delisted; no timezone found
2026-04-22 20:15:19,267  WARNING     SKIP ZOMATO [1m] — no data (delisted?)
2026-04-22 20:15:19,268  INFO        [ 57/159] DMART                1m
2026-04-22 20:15:19,460  INFO        [ 58/159] IRCTC                1m
2026-04-22 20:15:19,631  INFO        [ 59/159] BERGEPAINT           1m
2026-04-22 20:15:19,852  INFO        [ 60/159] BOSCHLTD             1m
2026-04-22 20:15:20,065  INFO        [ 61/159] CANBK                1m
2026-04-22 20:15:20,503  INFO        [ 62/159] CHOLAFIN             1m
2026-04-22 20:15:20,717  INFO        [ 63/159] COLPAL               1m
2026-04-22 20:15:20,930  INFO        [ 64/159] CONCOR               1m
2026-04-22 20:15:21,257  INFO        [ 65/159] CUMMINSIND           1m
2026-04-22 20:15:21,520  INFO        [ 66/159] ESCORTS              1m
2026-04-22 20:15:21,721  INFO        [ 67/159] FEDERALBNK           1m
2026-04-22 20:15:21,903  INFO        [ 68/159] GODREJCP             1m
2026-04-22 20:15:22,112  INFO        [ 69/159] GODREJPROP           1m
2026-04-22 20:15:22,295  INFO        [ 70/159] HAL                  1m
2026-04-22 20:15:22,488  INFO        [ 71/159] HDFCLIFE             1m
2026-04-22 20:15:22,678  INFO        [ 72/159] HINDPETRO            1m
2026-04-22 20:15:22,890  INFO        [ 73/159] ICICIPRULI           1m
2026-04-22 20:15:23,073  INFO        [ 74/159] IDFCFIRSTB           1m
2026-04-22 20:15:23,241  INFO        [ 75/159] IGL                  1m
2026-04-22 20:15:23,443  INFO        [ 76/159] INDUSTOWER           1m
2026-04-22 20:15:23,614  INFO        [ 77/159] JUBLFOOD             1m
2026-04-22 20:15:23,875  INFO        [ 78/159] LUPIN                1m
2026-04-22 20:15:24,060  INFO        [ 79/159] MARICO               1m
2026-04-22 20:15:24,313  INFO        [ 80/159] MPHASIS              1m
2026-04-22 20:15:24,500  INFO        [ 81/159] MUTHOOTFIN           1m
2026-04-22 20:15:24,717  INFO        [ 82/159] NAUKRI               1m
2026-04-22 20:15:24,989  INFO        [ 83/159] NBCC                 1m
2026-04-22 20:15:25,202  INFO        [ 84/159] NHPC                 1m
2026-04-22 20:15:25,436  INFO        [ 85/159] NMDC                 1m
2026-04-22 20:15:25,632  INFO        [ 86/159] OFSS                 1m
2026-04-22 20:15:25,920  INFO        [ 87/159] PAGEIND              1m
2026-04-22 20:15:26,121  INFO        [ 88/159] PERSISTENT           1m
2026-04-22 20:15:26,313  INFO        [ 89/159] PETRONET             1m
2026-04-22 20:15:26,494  INFO        [ 90/159] PFC                  1m
2026-04-22 20:15:26,818  INFO        [ 91/159] PNB                  1m
2026-04-22 20:15:27,000  INFO        [ 92/159] POLYCAB              1m
2026-04-22 20:15:27,201  INFO        [ 93/159] RBLBANK              1m
2026-04-22 20:15:27,454  INFO        [ 94/159] RECLTD               1m
2026-04-22 20:15:27,639  INFO        [ 95/159] SAIL                 1m
2026-04-22 20:15:27,861  INFO        [ 96/159] SBICARD              1m
2026-04-22 20:15:28,056  INFO        [ 97/159] SHRIRAMFIN           1m
2026-04-22 20:15:28,270  INFO        [ 98/159] SRF                  1m
2026-04-22 20:15:28,477  INFO        [ 99/159] SUNDARMFIN           1m
2026-04-22 20:15:28,730  INFO        [100/159] TATACHEM             1m
2026-04-22 20:15:29,005  INFO        [101/159] TATACONSUM           1m
2026-04-22 20:15:29,229  INFO        [102/159] TORNTPHARM           1m
2026-04-22 20:15:29,420  INFO        [103/159] TORNTPOWER           1m
2026-04-22 20:15:29,605  INFO        [104/159] TVSMOTOR             1m
2026-04-22 20:15:29,860  INFO        [105/159] UPL                  1m
2026-04-22 20:15:30,083  INFO        [106/159] VOLTAS               1m
2026-04-22 20:15:30,286  INFO        [107/159] YESBANK              1m
2026-04-22 20:15:30,471  INFO        [108/159] ZYDUSLIFE            1m
2026-04-22 20:15:30,682  INFO        [109/159] ABCAPITAL            1m
2026-04-22 20:15:30,855  INFO        [110/159] ACC                  1m
2026-04-22 20:15:31,066  INFO        [111/159] ADANIGREEN           1m
2026-04-22 20:15:31,288  INFO        [112/159] ALKEM                1m
2026-04-22 20:15:31,462  INFO        [113/159] AMBUJACEM            1m
2026-04-22 20:15:31,745  INFO        [114/159] ASTRAL               1m
2026-04-22 20:15:31,948  INFO        [115/159] AUROPHARMA           1m
2026-04-22 20:15:32,232  INFO        [116/159] BALKRISIND           1m
2026-04-22 20:15:32,438  INFO        [117/159] BANDHANBNK           1m
2026-04-22 20:15:32,632  INFO        [118/159] BANKBARODA           1m
2026-04-22 20:15:32,831  INFO        [119/159] BATAINDIA            1m
2026-04-22 20:15:33,086  INFO        [120/159] BEL                  1m
2026-04-22 20:15:33,309  INFO        [121/159] BHARATFORG           1m
2026-04-22 20:15:33,516  INFO        [122/159] BHEL                 1m
2026-04-22 20:15:33,729  INFO        [123/159] CDSL                 1m
2026-04-22 20:15:33,927  INFO        [124/159] CESC                 1m
2026-04-22 20:15:34,202  INFO        [125/159] DEEPAKNTR            1m
2026-04-22 20:15:34,413  INFO        [126/159] EMAMILTD             1m
2026-04-22 20:15:34,607  INFO        [127/159] EXIDEIND             1m
2026-04-22 20:15:34,798  INFO        [128/159] FORTIS               1m
2026-04-22 20:15:34,961  INFO        [129/159] GAIL                 1m
2026-04-22 20:15:35,183  INFO        [130/159] GLENMARK             1m
2026-04-22 20:15:35,404  INFO        [131/159] GRANULES             1m
2026-04-22 20:15:35,641  INFO        [132/159] GUJGASLTD            1m
2026-04-22 20:15:35,834  INFO        [133/159] HINDCOPPER           1m
2026-04-22 20:15:36,027  INFO        [134/159] HUDCO                1m
2026-04-22 20:15:36,271  INFO        [135/159] IEX                  1m
2026-04-22 20:15:36,513  INFO        [136/159] INDIGO               1m
2026-04-22 20:15:36,695  INFO        [137/159] IRFC                 1m
2026-04-22 20:15:36,880  INFO        [138/159] JKCEMENT             1m
2026-04-22 20:15:37,093  INFO        [139/159] JSWENERGY            1m
2026-04-22 20:15:37,259  INFO        [140/159] KPITTECH             1m
2026-04-22 20:15:37,474  INFO        [141/159] LAURUSLABS           1m
2026-04-22 20:15:37,655  INFO        [142/159] LICHSGFIN            1m
2026-04-22 20:15:37,887  INFO        [143/159] LODHA                1m
2026-04-22 20:15:38,054  INFO        [144/159] LTTS                 1m
2026-04-22 20:15:38,257  INFO        [145/159] MANAPPURAM           1m
2026-04-22 20:15:38,474  INFO        [146/159] MCX                  1m
2026-04-22 20:15:38,716  INFO        [147/159] METROPOLIS           1m
2026-04-22 20:15:38,899  INFO        [148/159] MRPL                 1m
2026-04-22 20:15:39,114  INFO        [149/159] NATIONALUM           1m
2026-04-22 20:15:39,310  INFO        [150/159] NAVINFLUOR           1m
2026-04-22 20:15:39,527  INFO        [151/159] OLECTRA              1m
2026-04-22 20:15:39,740  INFO        [152/159] PFIZER               1m
2026-04-22 20:15:40,118  INFO        [153/159] SUPREMEIND           1m
2026-04-22 20:15:40,314  INFO        [154/159] TATACOMM             1m
2026-04-22 20:15:40,619  INFO        [155/159] UBL                  1m
2026-04-22 20:15:40,802  INFO        [156/159] UNITDSPR             1m
2026-04-22 20:15:41,039  INFO        [157/159] WHIRLPOOL            1m
2026-04-22 20:15:41,213  INFO        [158/159] CROMPTON             1m
2026-04-22 20:15:41,376  INFO        [159/159] ^NSEI                1m
2026-04-22 20:15:41,527  INFO        → 156/159 tickers OK for 1m
2026-04-22 20:15:41,541  INFO        Saving 1m split by month:
2026-04-22 20:15:46,448  INFO          → master_1m_2026_04.csv  (769,350 rows)
2026-04-22 20:15:46,454  INFO      
[2/5] Fetching 5-minute data...
2026-04-22 20:15:46,454  INFO        [  1/159] RELIANCE             5m
2026-04-22 20:15:46,612  INFO        [  2/159] TCS                  5m
2026-04-22 20:15:46,802  INFO        [  3/159] HDFCBANK             5m
2026-04-22 20:15:46,957  INFO        [  4/159] BHARTIARTL           5m
2026-04-22 20:15:47,138  INFO        [  5/159] ICICIBANK            5m
2026-04-22 20:15:47,363  INFO        [  6/159] INFOSYS              5m
2026-04-22 20:15:47,568  ERROR     $INFOSYS.NS: possibly delisted; no timezone found
2026-04-22 20:15:47,576  ERROR     
1 Failed download:
2026-04-22 20:15:47,576  ERROR     ['INFOSYS.NS']: possibly delisted; no timezone found
2026-04-22 20:15:47,579  WARNING     SKIP INFOSYS [5m] — no data (delisted?)
2026-04-22 20:15:47,579  INFO        [  7/159] SBIN                 5m
2026-04-22 20:15:47,756  INFO        [  8/159] HINDUNILVR           5m
2026-04-22 20:15:47,914  INFO        [  9/159] ITC                  5m
2026-04-22 20:15:48,158  INFO        [ 10/159] LT                   5m
2026-04-22 20:15:48,346  INFO        [ 11/159] KOTAKBANK            5m
2026-04-22 20:15:48,495  INFO        [ 12/159] AXISBANK             5m
2026-04-22 20:15:48,745  INFO        [ 13/159] BAJFINANCE           5m
2026-04-22 20:15:48,920  INFO        [ 14/159] ASIANPAINT           5m
2026-04-22 20:15:49,098  INFO        [ 15/159] MARUTI               5m
2026-04-22 20:15:49,265  INFO        [ 16/159] TITAN                5m
2026-04-22 20:15:49,447  INFO        [ 17/159] SUNPHARMA            5m
2026-04-22 20:15:49,624  INFO        [ 18/159] ULTRACEMCO           5m
2026-04-22 20:15:49,792  INFO        [ 19/159] WIPRO                5m
2026-04-22 20:15:49,979  INFO        [ 20/159] NESTLEIND            5m
2026-04-22 20:15:50,212  INFO        [ 21/159] ONGC                 5m
2026-04-22 20:15:50,367  INFO        [ 22/159] POWERGRID            5m
2026-04-22 20:15:50,636  INFO        [ 23/159] NTPC                 5m
2026-04-22 20:15:50,892  INFO        [ 24/159] COALINDIA            5m
2026-04-22 20:15:51,041  INFO        [ 25/159] JSWSTEEL             5m
2026-04-22 20:15:51,237  INFO        [ 26/159] TATAMOTORS           5m
2026-04-22 20:15:51,435  ERROR     $TATAMOTORS.NS: possibly delisted; no timezone found
2026-04-22 20:15:51,440  ERROR     
1 Failed download:
2026-04-22 20:15:51,440  ERROR     ['TATAMOTORS.NS']: possibly delisted; no timezone found
2026-04-22 20:15:51,443  WARNING     SKIP TATAMOTORS [5m] — no data (delisted?)
2026-04-22 20:15:51,443  INFO        [ 27/159] TATASTEEL            5m
2026-04-22 20:15:51,578  INFO        [ 28/159] HCLTECH              5m
2026-04-22 20:15:51,784  INFO        [ 29/159] TECHM                5m
2026-04-22 20:15:51,959  INFO        [ 30/159] DIVISLAB             5m
2026-04-22 20:15:52,117  INFO        [ 31/159] DRREDDY              5m
2026-04-22 20:15:52,307  INFO        [ 32/159] CIPLA                5m
2026-04-22 20:15:52,502  INFO        [ 33/159] EICHERMOT            5m
2026-04-22 20:15:52,645  INFO        [ 34/159] HEROMOTOCO           5m
2026-04-22 20:15:52,810  INFO        [ 35/159] BAJAJFINSV           5m
2026-04-22 20:15:52,983  INFO        [ 36/159] ADANIENT             5m
2026-04-22 20:15:53,127  INFO        [ 37/159] ADANIPORTS           5m
2026-04-22 20:15:53,312  INFO        [ 38/159] APOLLOHOSP           5m
2026-04-22 20:15:53,485  INFO        [ 39/159] BAJAJ-AUTO           5m
2026-04-22 20:15:53,671  INFO        [ 40/159] BPCL                 5m
2026-04-22 20:15:53,848  INFO        [ 41/159] BRITANNIA            5m
2026-04-22 20:15:54,056  INFO        [ 42/159] DABUR                5m
2026-04-22 20:15:54,232  INFO        [ 43/159] DLF                  5m
2026-04-22 20:15:54,417  INFO        [ 44/159] GRASIM               5m
2026-04-22 20:15:54,583  INFO        [ 45/159] HAVELLS              5m
2026-04-22 20:15:54,776  INFO        [ 46/159] HINDALCO             5m
2026-04-22 20:15:54,952  INFO        [ 47/159] INDUSINDBK           5m
2026-04-22 20:15:55,115  INFO        [ 48/159] IOC                  5m
2026-04-22 20:15:55,278  INFO        [ 49/159] M&M                  5m
2026-04-22 20:15:55,520  INFO        [ 50/159] PIDILITIND           5m
2026-04-22 20:15:55,696  INFO        [ 51/159] SBILIFE              5m
2026-04-22 20:15:55,885  INFO        [ 52/159] SHREECEM             5m
2026-04-22 20:15:56,032  INFO        [ 53/159] SIEMENS              5m
2026-04-22 20:15:56,210  INFO        [ 54/159] TRENT                5m
2026-04-22 20:15:56,368  INFO        [ 55/159] VEDL                 5m
2026-04-22 20:15:56,551  INFO        [ 56/159] ZOMATO               5m
2026-04-22 20:15:56,748  ERROR     $ZOMATO.NS: possibly delisted; no timezone found
2026-04-22 20:15:56,753  ERROR     
1 Failed download:
2026-04-22 20:15:56,753  ERROR     ['ZOMATO.NS']: possibly delisted; no timezone found
2026-04-22 20:15:56,755  WARNING     SKIP ZOMATO [5m] — no data (delisted?)
2026-04-22 20:15:56,756  INFO        [ 57/159] DMART                5m
2026-04-22 20:15:56,933  INFO        [ 58/159] IRCTC                5m
2026-04-22 20:15:57,100  INFO        [ 59/159] BERGEPAINT           5m
2026-04-22 20:15:57,257  INFO        [ 60/159] BOSCHLTD             5m
2026-04-22 20:15:57,431  INFO        [ 61/159] CANBK                5m
2026-04-22 20:15:57,598  INFO        [ 62/159] CHOLAFIN             5m
2026-04-22 20:15:57,794  INFO        [ 63/159] COLPAL               5m
2026-04-22 20:15:57,970  INFO        [ 64/159] CONCOR               5m
2026-04-22 20:15:58,301  INFO        [ 65/159] CUMMINSIND           5m
2026-04-22 20:15:58,460  INFO        [ 66/159] ESCORTS              5m
2026-04-22 20:15:58,619  INFO        [ 67/159] FEDERALBNK           5m
2026-04-22 20:15:58,798  INFO        [ 68/159] GODREJCP             5m
2026-04-22 20:15:58,936  INFO        [ 69/159] GODREJPROP           5m
2026-04-22 20:15:59,084  INFO        [ 70/159] HAL                  5m
2026-04-22 20:15:59,280  INFO        [ 71/159] HDFCLIFE             5m
2026-04-22 20:15:59,514  INFO        [ 72/159] HINDPETRO            5m
2026-04-22 20:15:59,702  INFO        [ 73/159] ICICIPRULI           5m
2026-04-22 20:15:59,878  INFO        [ 74/159] IDFCFIRSTB           5m
2026-04-22 20:16:00,056  INFO        [ 75/159] IGL                  5m
2026-04-22 20:16:00,234  INFO        [ 76/159] INDUSTOWER           5m
2026-04-22 20:16:00,433  INFO        [ 77/159] JUBLFOOD             5m
2026-04-22 20:16:00,617  INFO        [ 78/159] LUPIN                5m
2026-04-22 20:16:00,765  INFO        [ 79/159] MARICO               5m
2026-04-22 20:16:00,940  INFO        [ 80/159] MPHASIS              5m
2026-04-22 20:16:01,088  INFO        [ 81/159] MUTHOOTFIN           5m
2026-04-22 20:16:01,276  INFO        [ 82/159] NAUKRI               5m
2026-04-22 20:16:01,461  INFO        [ 83/159] NBCC                 5m
2026-04-22 20:16:01,628  INFO        [ 84/159] NHPC                 5m
2026-04-22 20:16:01,802  INFO        [ 85/159] NMDC                 5m
2026-04-22 20:16:01,960  INFO        [ 86/159] OFSS                 5m
2026-04-22 20:16:02,118  INFO        [ 87/159] PAGEIND              5m
2026-04-22 20:16:02,261  INFO        [ 88/159] PERSISTENT           5m
2026-04-22 20:16:02,431  INFO        [ 89/159] PETRONET             5m
2026-04-22 20:16:02,608  INFO        [ 90/159] PFC                  5m
2026-04-22 20:16:02,828  INFO        [ 91/159] PNB                  5m
2026-04-22 20:16:02,976  INFO        [ 92/159] POLYCAB              5m
2026-04-22 20:16:03,245  INFO        [ 93/159] RBLBANK              5m
2026-04-22 20:16:03,419  INFO        [ 94/159] RECLTD               5m
2026-04-22 20:16:03,607  INFO        [ 95/159] SAIL                 5m
2026-04-22 20:16:03,802  INFO        [ 96/159] SBICARD              5m
2026-04-22 20:16:03,991  INFO        [ 97/159] SHRIRAMFIN           5m
2026-04-22 20:16:04,167  INFO        [ 98/159] SRF                  5m
2026-04-22 20:16:04,384  INFO        [ 99/159] SUNDARMFIN           5m
2026-04-22 20:16:04,551  INFO        [100/159] TATACHEM             5m
2026-04-22 20:16:04,714  INFO        [101/159] TATACONSUM           5m
2026-04-22 20:16:04,876  INFO        [102/159] TORNTPHARM           5m
2026-04-22 20:16:05,032  INFO        [103/159] TORNTPOWER           5m
2026-04-22 20:16:05,218  INFO        [104/159] TVSMOTOR             5m
2026-04-22 20:16:05,419  INFO        [105/159] UPL                  5m
2026-04-22 20:16:05,645  INFO        [106/159] VOLTAS               5m
2026-04-22 20:16:05,810  INFO        [107/159] YESBANK              5m
2026-04-22 20:16:06,005  INFO        [108/159] ZYDUSLIFE            5m
2026-04-22 20:16:06,189  INFO        [109/159] ABCAPITAL            5m
2026-04-22 20:16:06,426  INFO        [110/159] ACC                  5m
2026-04-22 20:16:06,609  INFO        [111/159] ADANIGREEN           5m
2026-04-22 20:16:06,828  INFO        [112/159] ALKEM                5m
2026-04-22 20:16:07,014  INFO        [113/159] AMBUJACEM            5m
2026-04-22 20:16:07,236  INFO        [114/159] ASTRAL               5m
2026-04-22 20:16:07,406  INFO        [115/159] AUROPHARMA           5m
2026-04-22 20:16:07,584  INFO        [116/159] BALKRISIND           5m
2026-04-22 20:16:07,752  INFO        [117/159] BANDHANBNK           5m
2026-04-22 20:16:07,941  INFO        [118/159] BANKBARODA           5m
2026-04-22 20:16:08,210  INFO        [119/159] BATAINDIA            5m
2026-04-22 20:16:08,477  INFO        [120/159] BEL                  5m
2026-04-22 20:16:08,685  INFO        [121/159] BHARATFORG           5m
2026-04-22 20:16:08,874  INFO        [122/159] BHEL                 5m
2026-04-22 20:16:10,142  INFO        [123/159] CDSL                 5m
2026-04-22 20:16:10,300  INFO        [124/159] CESC                 5m
2026-04-22 20:16:10,671  INFO        [125/159] DEEPAKNTR            5m
2026-04-22 20:16:10,848  INFO        [126/159] EMAMILTD             5m
2026-04-22 20:16:11,012  INFO        [127/159] EXIDEIND             5m
2026-04-22 20:16:11,177  INFO        [128/159] FORTIS               5m
2026-04-22 20:16:11,324  INFO        [129/159] GAIL                 5m
2026-04-22 20:16:11,589  INFO        [130/159] GLENMARK             5m
2026-04-22 20:16:11,766  INFO        [131/159] GRANULES             5m
2026-04-22 20:16:11,959  INFO        [132/159] GUJGASLTD            5m
2026-04-22 20:16:12,144  INFO        [133/159] HINDCOPPER           5m
2026-04-22 20:16:12,314  INFO        [134/159] HUDCO                5m
2026-04-22 20:16:12,725  INFO        [135/159] IEX                  5m
2026-04-22 20:16:12,966  INFO        [136/159] INDIGO               5m
2026-04-22 20:16:13,143  INFO        [137/159] IRFC                 5m
2026-04-22 20:16:13,302  INFO        [138/159] JKCEMENT             5m
2026-04-22 20:16:13,470  INFO        [139/159] JSWENERGY            5m
2026-04-22 20:16:13,641  INFO        [140/159] KPITTECH             5m
2026-04-22 20:16:13,817  INFO        [141/159] LAURUSLABS           5m
2026-04-22 20:16:14,065  INFO        [142/159] LICHSGFIN            5m
2026-04-22 20:16:14,231  INFO        [143/159] LODHA                5m
2026-04-22 20:16:14,402  INFO        [144/159] LTTS                 5m
2026-04-22 20:16:14,593  INFO        [145/159] MANAPPURAM           5m
2026-04-22 20:16:14,760  INFO        [146/159] MCX                  5m
2026-04-22 20:16:14,938  INFO        [147/159] METROPOLIS           5m
2026-04-22 20:16:15,117  INFO        [148/159] MRPL                 5m
2026-04-22 20:16:15,321  INFO        [149/159] NATIONALUM           5m
2026-04-22 20:16:15,556  INFO        [150/159] NAVINFLUOR           5m
2026-04-22 20:16:15,710  INFO        [151/159] OLECTRA              5m
2026-04-22 20:16:15,967  INFO        [152/159] PFIZER               5m
2026-04-22 20:16:16,113  INFO        [153/159] SUPREMEIND           5m
2026-04-22 20:16:16,268  INFO        [154/159] TATACOMM             5m
2026-04-22 20:16:16,426  INFO        [155/159] UBL                  5m
2026-04-22 20:16:16,628  INFO        [156/159] UNITDSPR             5m
2026-04-22 20:16:16,818  INFO        [157/159] WHIRLPOOL            5m
2026-04-22 20:16:16,975  INFO        [158/159] CROMPTON             5m
2026-04-22 20:16:17,175  INFO        [159/159] ^NSEI                5m
2026-04-22 20:16:17,384  INFO        → 156/159 tickers OK for 5m
2026-04-22 20:16:17,398  INFO        Saving 5m split by year:
2026-04-22 20:16:21,497  INFO          → master_5m_2026.csv  (645,872 rows)
2026-04-22 20:16:21,503  INFO      
[3/5] Fetching 1-hour data...
2026-04-22 20:16:21,503  INFO        [  1/159] RELIANCE             1h
2026-04-22 20:16:21,723  INFO        [  2/159] TCS                  1h
2026-04-22 20:16:21,902  INFO        [  3/159] HDFCBANK             1h
2026-04-22 20:16:22,237  INFO        [  4/159] BHARTIARTL           1h
2026-04-22 20:16:22,463  INFO        [  5/159] ICICIBANK            1h
2026-04-22 20:16:22,670  INFO        [  6/159] INFOSYS              1h
2026-04-22 20:16:22,856  ERROR     $INFOSYS.NS: possibly delisted; no timezone found
2026-04-22 20:16:22,862  ERROR     
1 Failed download:
2026-04-22 20:16:22,862  ERROR     ['INFOSYS.NS']: possibly delisted; no timezone found
2026-04-22 20:16:22,865  WARNING     SKIP INFOSYS [1h] — no data (delisted?)
2026-04-22 20:16:22,865  INFO        [  7/159] SBIN                 1h
2026-04-22 20:16:23,063  INFO        [  8/159] HINDUNILVR           1h
2026-04-22 20:16:23,252  INFO        [  9/159] ITC                  1h
2026-04-22 20:16:23,710  INFO        [ 10/159] LT                   1h
2026-04-22 20:16:23,882  INFO        [ 11/159] KOTAKBANK            1h
2026-04-22 20:16:24,116  INFO        [ 12/159] AXISBANK             1h
2026-04-22 20:16:24,301  INFO        [ 13/159] BAJFINANCE           1h
2026-04-22 20:16:24,596  INFO        [ 14/159] ASIANPAINT           1h
2026-04-22 20:16:24,794  INFO        [ 15/159] MARUTI               1h
2026-04-22 20:16:25,009  INFO        [ 16/159] TITAN                1h
2026-04-22 20:16:25,194  INFO        [ 17/159] SUNPHARMA            1h
2026-04-22 20:16:25,376  INFO        [ 18/159] ULTRACEMCO           1h
2026-04-22 20:16:25,563  INFO        [ 19/159] WIPRO                1h
2026-04-22 20:16:25,816  INFO        [ 20/159] NESTLEIND            1h
2026-04-22 20:16:26,080  INFO        [ 21/159] ONGC                 1h
2026-04-22 20:16:26,374  INFO        [ 22/159] POWERGRID            1h
2026-04-22 20:16:26,573  INFO        [ 23/159] NTPC                 1h
2026-04-22 20:16:26,756  INFO        [ 24/159] COALINDIA            1h
2026-04-22 20:16:26,978  INFO        [ 25/159] JSWSTEEL             1h
2026-04-22 20:16:27,172  INFO        [ 26/159] TATAMOTORS           1h
2026-04-22 20:16:27,316  ERROR     $TATAMOTORS.NS: possibly delisted; no timezone found
2026-04-22 20:16:27,324  ERROR     
1 Failed download:
2026-04-22 20:16:27,324  ERROR     ['TATAMOTORS.NS']: possibly delisted; no timezone found
2026-04-22 20:16:27,326  WARNING     SKIP TATAMOTORS [1h] — no data (delisted?)
2026-04-22 20:16:27,327  INFO        [ 27/159] TATASTEEL            1h
2026-04-22 20:16:27,566  INFO        [ 28/159] HCLTECH              1h
2026-04-22 20:16:27,756  INFO        [ 29/159] TECHM                1h
2026-04-22 20:16:27,969  INFO        [ 30/159] DIVISLAB             1h
2026-04-22 20:16:28,188  INFO        [ 31/159] DRREDDY              1h
2026-04-22 20:16:28,449  INFO        [ 32/159] CIPLA                1h
2026-04-22 20:16:28,650  INFO        [ 33/159] EICHERMOT            1h
2026-04-22 20:16:28,884  INFO        [ 34/159] HEROMOTOCO           1h
2026-04-22 20:16:29,075  INFO        [ 35/159] BAJAJFINSV           1h
2026-04-22 20:16:29,284  INFO        [ 36/159] ADANIENT             1h
2026-04-22 20:16:29,523  INFO        [ 37/159] ADANIPORTS           1h
2026-04-22 20:16:29,750  INFO        [ 38/159] APOLLOHOSP           1h
2026-04-22 20:16:29,989  INFO        [ 39/159] BAJAJ-AUTO           1h
2026-04-22 20:16:30,174  INFO        [ 40/159] BPCL                 1h
2026-04-22 20:16:30,411  INFO        [ 41/159] BRITANNIA            1h
2026-04-22 20:16:30,614  INFO        [ 42/159] DABUR                1h
2026-04-22 20:16:30,813  INFO        [ 43/159] DLF                  1h
2026-04-22 20:16:31,058  INFO        [ 44/159] GRASIM               1h
2026-04-22 20:16:31,311  INFO        [ 45/159] HAVELLS              1h
2026-04-22 20:16:31,525  INFO        [ 46/159] HINDALCO             1h
2026-04-22 20:16:31,751  INFO        [ 47/159] INDUSINDBK           1h
2026-04-22 20:16:31,954  INFO        [ 48/159] IOC                  1h
2026-04-22 20:16:32,166  INFO        [ 49/159] M&M                  1h
2026-04-22 20:16:32,367  INFO        [ 50/159] PIDILITIND           1h
2026-04-22 20:16:32,598  INFO        [ 51/159] SBILIFE              1h
2026-04-22 20:16:32,822  INFO        [ 52/159] SHREECEM             1h
2026-04-22 20:16:33,049  INFO        [ 53/159] SIEMENS              1h
2026-04-22 20:16:33,263  INFO        [ 54/159] TRENT                1h
2026-04-22 20:16:33,487  INFO        [ 55/159] VEDL                 1h
2026-04-22 20:16:33,697  INFO        [ 56/159] ZOMATO               1h
2026-04-22 20:16:33,861  ERROR     $ZOMATO.NS: possibly delisted; no timezone found
2026-04-22 20:16:33,869  ERROR     
1 Failed download:
2026-04-22 20:16:33,870  ERROR     ['ZOMATO.NS']: possibly delisted; no timezone found
2026-04-22 20:16:33,872  WARNING     SKIP ZOMATO [1h] — no data (delisted?)
2026-04-22 20:16:33,872  INFO        [ 57/159] DMART                1h
2026-04-22 20:16:34,101  INFO        [ 58/159] IRCTC                1h
2026-04-22 20:16:34,324  INFO        [ 59/159] BERGEPAINT           1h
2026-04-22 20:16:34,547  INFO        [ 60/159] BOSCHLTD             1h
2026-04-22 20:16:34,734  INFO        [ 61/159] CANBK                1h
2026-04-22 20:16:34,963  INFO        [ 62/159] CHOLAFIN             1h
2026-04-22 20:16:35,187  INFO        [ 63/159] COLPAL               1h
2026-04-22 20:16:35,419  INFO        [ 64/159] CONCOR               1h
2026-04-22 20:16:35,740  INFO        [ 65/159] CUMMINSIND           1h
2026-04-22 20:16:35,934  INFO        [ 66/159] ESCORTS              1h
2026-04-22 20:16:36,150  INFO        [ 67/159] FEDERALBNK           1h
2026-04-22 20:16:36,370  INFO        [ 68/159] GODREJCP             1h
2026-04-22 20:16:36,571  INFO        [ 69/159] GODREJPROP           1h
2026-04-22 20:16:36,793  INFO        [ 70/159] HAL                  1h
2026-04-22 20:16:37,983  INFO        [ 71/159] HDFCLIFE             1h
2026-04-22 20:16:38,190  INFO        [ 72/159] HINDPETRO            1h
2026-04-22 20:16:38,426  INFO        [ 73/159] ICICIPRULI           1h
2026-04-22 20:16:38,650  INFO        [ 74/159] IDFCFIRSTB           1h
2026-04-22 20:16:38,829  INFO        [ 75/159] IGL                  1h
2026-04-22 20:16:39,124  INFO        [ 76/159] INDUSTOWER           1h
2026-04-22 20:16:39,341  INFO        [ 77/159] JUBLFOOD             1h
2026-04-22 20:16:39,644  INFO        [ 78/159] LUPIN                1h
2026-04-22 20:16:39,852  INFO        [ 79/159] MARICO               1h
2026-04-22 20:16:40,056  INFO        [ 80/159] MPHASIS              1h
2026-04-22 20:16:40,236  INFO        [ 81/159] MUTHOOTFIN           1h
2026-04-22 20:16:40,458  INFO        [ 82/159] NAUKRI               1h
2026-04-22 20:16:40,715  INFO        [ 83/159] NBCC                 1h
2026-04-22 20:16:40,999  INFO        [ 84/159] NHPC                 1h
2026-04-22 20:16:41,196  INFO        [ 85/159] NMDC                 1h
2026-04-22 20:16:41,487  INFO        [ 86/159] OFSS                 1h
2026-04-22 20:16:41,671  INFO        [ 87/159] PAGEIND              1h
2026-04-22 20:16:41,918  INFO        [ 88/159] PERSISTENT           1h
2026-04-22 20:16:42,128  INFO        [ 89/159] PETRONET             1h
2026-04-22 20:16:42,341  INFO        [ 90/159] PFC                  1h
2026-04-22 20:16:42,550  INFO        [ 91/159] PNB                  1h
2026-04-22 20:16:42,759  INFO        [ 92/159] POLYCAB              1h
2026-04-22 20:16:42,954  INFO        [ 93/159] RBLBANK              1h
2026-04-22 20:16:43,161  INFO        [ 94/159] RECLTD               1h
2026-04-22 20:16:43,370  INFO        [ 95/159] SAIL                 1h
2026-04-22 20:16:43,585  INFO        [ 96/159] SBICARD              1h
2026-04-22 20:16:43,835  INFO        [ 97/159] SHRIRAMFIN           1h
2026-04-22 20:16:44,079  INFO        [ 98/159] SRF                  1h
2026-04-22 20:16:44,289  INFO        [ 99/159] SUNDARMFIN           1h
2026-04-22 20:16:44,604  INFO        [100/159] TATACHEM             1h
2026-04-22 20:16:44,874  INFO        [101/159] TATACONSUM           1h
2026-04-22 20:16:45,052  INFO        [102/159] TORNTPHARM           1h
2026-04-22 20:16:45,255  INFO        [103/159] TORNTPOWER           1h
2026-04-22 20:16:45,450  INFO        [104/159] TVSMOTOR             1h
2026-04-22 20:16:45,626  INFO        [105/159] UPL                  1h
2026-04-22 20:16:45,815  INFO        [106/159] VOLTAS               1h
2026-04-22 20:16:46,039  INFO        [107/159] YESBANK              1h
2026-04-22 20:16:46,227  INFO        [108/159] ZYDUSLIFE            1h
2026-04-22 20:16:46,412  INFO        [109/159] ABCAPITAL            1h
2026-04-22 20:16:46,587  INFO        [110/159] ACC                  1h
2026-04-22 20:16:46,795  INFO        [111/159] ADANIGREEN           1h
2026-04-22 20:16:46,959  INFO        [112/159] ALKEM                1h
2026-04-22 20:16:47,161  INFO        [113/159] AMBUJACEM            1h
2026-04-22 20:16:47,410  INFO        [114/159] ASTRAL               1h
2026-04-22 20:16:47,632  INFO        [115/159] AUROPHARMA           1h
2026-04-22 20:16:47,851  INFO        [116/159] BALKRISIND           1h
2026-04-22 20:16:48,051  INFO        [117/159] BANDHANBNK           1h
2026-04-22 20:16:48,255  INFO        [118/159] BANKBARODA           1h
2026-04-22 20:16:48,449  INFO        [119/159] BATAINDIA            1h
2026-04-22 20:16:48,644  INFO        [120/159] BEL                  1h
2026-04-22 20:16:50,089  INFO        [121/159] BHARATFORG           1h
2026-04-22 20:16:50,291  INFO        [122/159] BHEL                 1h
2026-04-22 20:16:50,545  INFO        [123/159] CDSL                 1h
2026-04-22 20:16:50,771  INFO        [124/159] CESC                 1h
2026-04-22 20:16:51,069  INFO        [125/159] DEEPAKNTR            1h
2026-04-22 20:16:51,264  INFO        [126/159] EMAMILTD             1h
2026-04-22 20:16:51,532  INFO        [127/159] EXIDEIND             1h
2026-04-22 20:16:51,725  INFO        [128/159] FORTIS               1h
2026-04-22 20:16:51,926  INFO        [129/159] GAIL                 1h
2026-04-22 20:16:52,132  INFO        [130/159] GLENMARK             1h
2026-04-22 20:16:52,348  INFO        [131/159] GRANULES             1h
2026-04-22 20:16:52,558  INFO        [132/159] GUJGASLTD            1h
2026-04-22 20:16:52,781  INFO        [133/159] HINDCOPPER           1h
2026-04-22 20:16:52,966  INFO        [134/159] HUDCO                1h
2026-04-22 20:16:53,263  INFO        [135/159] IEX                  1h
2026-04-22 20:16:53,468  INFO        [136/159] INDIGO               1h
2026-04-22 20:16:53,736  INFO        [137/159] IRFC                 1h
2026-04-22 20:16:53,955  INFO        [138/159] JKCEMENT             1h
2026-04-22 20:16:54,144  INFO        [139/159] JSWENERGY            1h
2026-04-22 20:16:54,347  INFO        [140/159] KPITTECH             1h
2026-04-22 20:16:54,547  INFO        [141/159] LAURUSLABS           1h
2026-04-22 20:16:54,749  INFO        [142/159] LICHSGFIN            1h
2026-04-22 20:16:54,925  INFO        [143/159] LODHA                1h
2026-04-22 20:16:55,193  INFO        [144/159] LTTS                 1h
2026-04-22 20:16:55,415  INFO        [145/159] MANAPPURAM           1h
2026-04-22 20:16:55,621  INFO        [146/159] MCX                  1h
2026-04-22 20:16:55,910  INFO        [147/159] METROPOLIS           1h
2026-04-22 20:16:56,131  INFO        [148/159] MRPL                 1h
2026-04-22 20:16:56,347  INFO        [149/159] NATIONALUM           1h
2026-04-22 20:16:56,533  INFO        [150/159] NAVINFLUOR           1h
2026-04-22 20:16:56,723  INFO        [151/159] OLECTRA              1h
2026-04-22 20:16:56,907  INFO        [152/159] PFIZER               1h
2026-04-22 20:16:57,099  INFO        [153/159] SUPREMEIND           1h
2026-04-22 20:16:57,328  INFO        [154/159] TATACOMM             1h
2026-04-22 20:16:57,576  INFO        [155/159] UBL                  1h
2026-04-22 20:16:57,857  INFO        [156/159] UNITDSPR             1h
2026-04-22 20:16:58,092  INFO        [157/159] WHIRLPOOL            1h
2026-04-22 20:16:58,263  INFO        [158/159] CROMPTON             1h
2026-04-22 20:16:58,462  INFO        [159/159] ^NSEI                1h
2026-04-22 20:16:58,624  INFO        → 156/159 tickers OK for 1h
2026-04-22 20:16:58,674  INFO        Backup → backup_master_1h.csv
2026-04-22 20:17:02,122  INFO          → master_1h.csv  (545,407 rows)
2026-04-22 20:17:02,125  INFO      
[4/5] Resampling 1m → 5m and 1h...
2026-04-22 20:17:04,324  INFO        Generated 5m rows : 213,079
2026-04-22 20:17:04,324  INFO        Generated 1h rows : 20,122
2026-04-22 20:17:04,324  INFO      
[5/5] Validating...
2026-04-22 20:17:18,734  WARNING     Validation [5m]: 436605 issues.
2026-04-22 20:17:19,844  WARNING     Validation [1h]: 565529 issues.
2026-04-22 20:17:22,634  INFO        Validation report → 1002134 rows (last 30 days only)
2026-04-22 20:17:22,638  INFO        Skipped: 9 tickers → skipped_tickers.csv
2026-04-22 20:17:22,638  INFO      
============================================================
2026-04-22 20:17:22,638  INFO      Pipeline COMPLETE ✓
2026-04-22 20:17:22,638  INFO        1m files  : 2 monthly files in data/1m/
2026-04-22 20:17:22,638  INFO          master_1m_2026_03.csv  (25.3 MB)
2026-04-22 20:17:22,638  INFO          master_1m_2026_04.csv  (66.8 MB)
2026-04-22 20:17:22,638  INFO        5m files  : 1 yearly files in data/5m/
2026-04-22 20:17:22,639  INFO          master_5m_2026.csv  (56.1 MB)
2026-04-22 20:17:22,639  INFO        1h file   : master_1h.csv  (47.9 MB)
2026-04-22 20:17:22,639  INFO        Skipped   : 9 tickers
2026-04-22 20:17:22,639  INFO      ============================================================
