2026-04-10 19:34:03,754  WARNING     Deleted oversized validation_report.csv (70.5 MB) — will recreate.
2026-04-10 19:34:03,755  INFO      ============================================================
2026-04-10 19:34:03,755  INFO      Indian Market Data Pipeline v3 — START
2026-04-10 19:34:03,755  INFO      Run time : 2026-04-10 19:34:03
2026-04-10 19:34:03,755  INFO      Tickers  : 158 stocks + Nifty Index
2026-04-10 19:34:03,755  INFO      File layout:
2026-04-10 19:34:03,755  INFO        1m  → data/1m/master_1m_YYYY_MM.csv  (one per month)
2026-04-10 19:34:03,755  INFO        5m  → data/5m/master_5m_YYYY.csv     (one per year)
2026-04-10 19:34:03,755  INFO        1h  → data/master_1h.csv             (single file)
2026-04-10 19:34:03,755  INFO      ============================================================
2026-04-10 19:34:03,755  INFO      
[1/5] Fetching 1-minute data...
2026-04-10 19:34:03,755  INFO        [  1/159] RELIANCE             1m
2026-04-10 19:34:04,212  INFO        [  2/159] TCS                  1m
2026-04-10 19:34:04,578  INFO        [  3/159] HDFCBANK             1m
2026-04-10 19:34:04,953  INFO        [  4/159] BHARTIARTL           1m
2026-04-10 19:34:05,208  INFO        [  5/159] ICICIBANK            1m
2026-04-10 19:34:05,520  INFO        [  6/159] INFOSYS              1m
2026-04-10 19:34:05,887  ERROR     HTTP Error 404: {"quoteSummary":{"result":null,"error":{"code":"Not Found","description":"Quote not found for symbol: INFOSYS.NS"}}}
2026-04-10 19:34:06,010  ERROR     $INFOSYS.NS: possibly delisted; no timezone found
2026-04-10 19:34:06,015  ERROR     
1 Failed download:
2026-04-10 19:34:06,015  ERROR     ['INFOSYS.NS']: possibly delisted; no timezone found
2026-04-10 19:34:06,017  WARNING     SKIP INFOSYS [1m] — no data (delisted?)
2026-04-10 19:34:06,018  INFO        [  7/159] SBIN                 1m
2026-04-10 19:34:06,224  INFO        [  8/159] HINDUNILVR           1m
2026-04-10 19:34:06,580  INFO        [  9/159] ITC                  1m
2026-04-10 19:34:06,877  INFO        [ 10/159] LT                   1m
2026-04-10 19:34:07,232  INFO        [ 11/159] KOTAKBANK            1m
2026-04-10 19:34:07,487  INFO        [ 12/159] AXISBANK             1m
2026-04-10 19:34:07,732  INFO        [ 13/159] BAJFINANCE           1m
2026-04-10 19:34:07,916  INFO        [ 14/159] ASIANPAINT           1m
2026-04-10 19:34:08,119  INFO        [ 15/159] MARUTI               1m
2026-04-10 19:34:08,446  INFO        [ 16/159] TITAN                1m
2026-04-10 19:34:08,781  INFO        [ 17/159] SUNPHARMA            1m
2026-04-10 19:34:09,069  INFO        [ 18/159] ULTRACEMCO           1m
2026-04-10 19:34:09,303  INFO        [ 19/159] WIPRO                1m
2026-04-10 19:34:09,536  INFO        [ 20/159] NESTLEIND            1m
2026-04-10 19:34:09,892  INFO        [ 21/159] ONGC                 1m
2026-04-10 19:34:10,277  INFO        [ 22/159] POWERGRID            1m
2026-04-10 19:34:10,583  INFO        [ 23/159] NTPC                 1m
2026-04-10 19:34:10,777  INFO        [ 24/159] COALINDIA            1m
2026-04-10 19:34:10,961  INFO        [ 25/159] JSWSTEEL             1m
2026-04-10 19:34:11,193  INFO        [ 26/159] TATAMOTORS           1m
2026-04-10 19:34:11,480  ERROR     HTTP Error 404: {"quoteSummary":{"result":null,"error":{"code":"Not Found","description":"Quote not found for symbol: TATAMOTORS.NS"}}}
2026-04-10 19:34:11,592  ERROR     $TATAMOTORS.NS: possibly delisted; no timezone found
2026-04-10 19:34:11,598  ERROR     
1 Failed download:
2026-04-10 19:34:11,598  ERROR     ['TATAMOTORS.NS']: possibly delisted; no timezone found
2026-04-10 19:34:11,600  WARNING     SKIP TATAMOTORS [1m] — no data (delisted?)
2026-04-10 19:34:11,600  INFO        [ 27/159] TATASTEEL            1m
2026-04-10 19:34:11,834  INFO        [ 28/159] HCLTECH              1m
2026-04-10 19:34:12,086  INFO        [ 29/159] TECHM                1m
2026-04-10 19:34:12,390  INFO        [ 30/159] DIVISLAB             1m
2026-04-10 19:34:12,733  INFO        [ 31/159] DRREDDY              1m
2026-04-10 19:34:13,008  INFO        [ 32/159] CIPLA                1m
2026-04-10 19:34:13,326  INFO        [ 33/159] EICHERMOT            1m
2026-04-10 19:34:13,670  INFO        [ 34/159] HEROMOTOCO           1m
2026-04-10 19:34:13,964  INFO        [ 35/159] BAJAJFINSV           1m
2026-04-10 19:34:14,115  INFO        [ 36/159] ADANIENT             1m
2026-04-10 19:34:14,386  INFO        [ 37/159] ADANIPORTS           1m
2026-04-10 19:34:14,615  INFO        [ 38/159] APOLLOHOSP           1m
2026-04-10 19:34:14,888  INFO        [ 39/159] BAJAJ-AUTO           1m
2026-04-10 19:34:15,082  INFO        [ 40/159] BPCL                 1m
2026-04-10 19:34:15,416  INFO        [ 41/159] BRITANNIA            1m
2026-04-10 19:34:15,973  INFO        [ 42/159] DABUR                1m
2026-04-10 19:34:16,361  INFO        [ 43/159] DLF                  1m
2026-04-10 19:34:16,602  INFO        [ 44/159] GRASIM               1m
2026-04-10 19:34:16,945  INFO        [ 45/159] HAVELLS              1m
2026-04-10 19:34:17,403  INFO        [ 46/159] HINDALCO             1m
2026-04-10 19:34:17,768  INFO        [ 47/159] INDUSINDBK           1m
2026-04-10 19:34:17,950  INFO        [ 48/159] IOC                  1m
2026-04-10 19:34:18,168  INFO        [ 49/159] M&M                  1m
2026-04-10 19:34:18,466  INFO        [ 50/159] PIDILITIND           1m
2026-04-10 19:34:18,667  INFO        [ 51/159] SBILIFE              1m
2026-04-10 19:34:18,817  INFO        [ 52/159] SHREECEM             1m
2026-04-10 19:34:19,172  INFO        [ 53/159] SIEMENS              1m
2026-04-10 19:34:19,356  INFO        [ 54/159] TRENT                1m
2026-04-10 19:34:19,527  INFO        [ 55/159] VEDL                 1m
2026-04-10 19:34:19,785  INFO        [ 56/159] ZOMATO               1m
2026-04-10 19:34:19,962  ERROR     $ZOMATO.NS: possibly delisted; no timezone found
2026-04-10 19:34:19,967  ERROR     
1 Failed download:
2026-04-10 19:34:19,967  ERROR     ['ZOMATO.NS']: possibly delisted; no timezone found
2026-04-10 19:34:19,970  WARNING     SKIP ZOMATO [1m] — no data (delisted?)
2026-04-10 19:34:19,970  INFO        [ 57/159] DMART                1m
2026-04-10 19:34:20,267  INFO        [ 58/159] IRCTC                1m
2026-04-10 19:34:20,472  INFO        [ 59/159] BERGEPAINT           1m
2026-04-10 19:34:20,824  INFO        [ 60/159] BOSCHLTD             1m
2026-04-10 19:34:21,026  INFO        [ 61/159] CANBK                1m
2026-04-10 19:34:21,322  INFO        [ 62/159] CHOLAFIN             1m
2026-04-10 19:34:21,604  INFO        [ 63/159] COLPAL               1m
2026-04-10 19:34:21,786  INFO        [ 64/159] CONCOR               1m
2026-04-10 19:34:22,121  INFO        [ 65/159] CUMMINSIND           1m
2026-04-10 19:34:22,428  INFO        [ 66/159] ESCORTS              1m
2026-04-10 19:34:22,623  INFO        [ 67/159] FEDERALBNK           1m
2026-04-10 19:34:22,990  INFO        [ 68/159] GODREJCP             1m
2026-04-10 19:34:23,308  INFO        [ 69/159] GODREJPROP           1m
2026-04-10 19:34:23,480  INFO        [ 70/159] HAL                  1m
2026-04-10 19:34:23,804  INFO        [ 71/159] HDFCLIFE             1m
2026-04-10 19:34:24,021  INFO        [ 72/159] HINDPETRO            1m
2026-04-10 19:34:24,272  INFO        [ 73/159] ICICIPRULI           1m
2026-04-10 19:34:24,554  INFO        [ 74/159] IDFCFIRSTB           1m
2026-04-10 19:34:24,771  INFO        [ 75/159] IGL                  1m
2026-04-10 19:34:25,118  INFO        [ 76/159] INDUSTOWER           1m
2026-04-10 19:34:25,453  INFO        [ 77/159] JUBLFOOD             1m
2026-04-10 19:34:25,786  INFO        [ 78/159] LUPIN                1m
2026-04-10 19:34:26,165  INFO        [ 79/159] MARICO               1m
2026-04-10 19:34:26,439  INFO        [ 80/159] MPHASIS              1m
2026-04-10 19:34:26,620  INFO        [ 81/159] MUTHOOTFIN           1m
2026-04-10 19:34:26,808  INFO        [ 82/159] NAUKRI               1m
2026-04-10 19:34:27,085  INFO        [ 83/159] NBCC                 1m
2026-04-10 19:34:27,336  INFO        [ 84/159] NHPC                 1m
2026-04-10 19:34:27,731  INFO        [ 85/159] NMDC                 1m
2026-04-10 19:34:27,955  INFO        [ 86/159] OFSS                 1m
2026-04-10 19:34:28,252  INFO        [ 87/159] PAGEIND              1m
2026-04-10 19:34:28,516  INFO        [ 88/159] PERSISTENT           1m
2026-04-10 19:34:28,687  INFO        [ 89/159] PETRONET             1m
2026-04-10 19:34:28,919  INFO        [ 90/159] PFC                  1m
2026-04-10 19:34:29,247  INFO        [ 91/159] PNB                  1m
2026-04-10 19:34:29,446  INFO        [ 92/159] POLYCAB              1m
2026-04-10 19:34:29,701  INFO        [ 93/159] RBLBANK              1m
2026-04-10 19:34:29,913  INFO        [ 94/159] RECLTD               1m
2026-04-10 19:34:30,074  INFO        [ 95/159] SAIL                 1m
2026-04-10 19:34:30,324  INFO        [ 96/159] SBICARD              1m
2026-04-10 19:34:30,714  INFO        [ 97/159] SHRIRAMFIN           1m
2026-04-10 19:34:31,060  INFO        [ 98/159] SRF                  1m
2026-04-10 19:34:31,319  INFO        [ 99/159] SUNDARMFIN           1m
2026-04-10 19:34:31,520  INFO        [100/159] TATACHEM             1m
2026-04-10 19:34:31,789  INFO        [101/159] TATACONSUM           1m
2026-04-10 19:34:31,994  INFO        [102/159] TORNTPHARM           1m
2026-04-10 19:34:32,349  INFO        [103/159] TORNTPOWER           1m
2026-04-10 19:34:32,617  INFO        [104/159] TVSMOTOR             1m
2026-04-10 19:34:32,911  INFO        [105/159] UPL                  1m
2026-04-10 19:34:33,134  INFO        [106/159] VOLTAS               1m
2026-04-10 19:34:34,034  INFO        [107/159] YESBANK              1m
2026-04-10 19:34:34,283  INFO        [108/159] ZYDUSLIFE            1m
2026-04-10 19:34:34,587  INFO        [109/159] ABCAPITAL            1m
2026-04-10 19:34:34,891  INFO        [110/159] ACC                  1m
2026-04-10 19:34:35,326  INFO        [111/159] ADANIGREEN           1m
2026-04-10 19:34:35,663  INFO        [112/159] ALKEM                1m
2026-04-10 19:34:35,836  INFO        [113/159] AMBUJACEM            1m
2026-04-10 19:34:36,044  INFO        [114/159] ASTRAL               1m
2026-04-10 19:34:36,266  INFO        [115/159] AUROPHARMA           1m
2026-04-10 19:34:36,547  INFO        [116/159] BALKRISIND           1m
2026-04-10 19:34:36,711  INFO        [117/159] BANDHANBNK           1m
2026-04-10 19:34:36,979  INFO        [118/159] BANKBARODA           1m
2026-04-10 19:34:37,167  INFO        [119/159] BATAINDIA            1m
2026-04-10 19:34:37,428  INFO        [120/159] BEL                  1m
2026-04-10 19:34:37,733  INFO        [121/159] BHARATFORG           1m
2026-04-10 19:34:37,959  INFO        [122/159] BHEL                 1m
2026-04-10 19:34:38,312  INFO        [123/159] CDSL                 1m
2026-04-10 19:34:38,519  INFO        [124/159] CESC                 1m
2026-04-10 19:34:38,882  INFO        [125/159] DEEPAKNTR            1m
2026-04-10 19:34:39,063  INFO        [126/159] EMAMILTD             1m
2026-04-10 19:34:39,276  INFO        [127/159] EXIDEIND             1m
2026-04-10 19:34:39,593  INFO        [128/159] FORTIS               1m
2026-04-10 19:34:39,815  INFO        [129/159] GAIL                 1m
2026-04-10 19:34:40,088  INFO        [130/159] GLENMARK             1m
2026-04-10 19:34:40,498  INFO        [131/159] GRANULES             1m
2026-04-10 19:34:40,649  INFO        [132/159] GUJGASLTD            1m
2026-04-10 19:34:41,047  INFO        [133/159] HINDCOPPER           1m
2026-04-10 19:34:41,406  INFO        [134/159] HUDCO                1m
2026-04-10 19:34:41,630  INFO        [135/159] IEX                  1m
2026-04-10 19:34:41,869  INFO        [136/159] INDIGO               1m
2026-04-10 19:34:42,084  INFO        [137/159] IRFC                 1m
2026-04-10 19:34:42,512  INFO        [138/159] JKCEMENT             1m
2026-04-10 19:34:42,746  INFO        [139/159] JSWENERGY            1m
2026-04-10 19:34:42,892  INFO        [140/159] KPITTECH             1m
2026-04-10 19:34:43,151  INFO        [141/159] LAURUSLABS           1m
2026-04-10 19:34:43,400  INFO        [142/159] LICHSGFIN            1m
2026-04-10 19:34:43,796  INFO        [143/159] LODHA                1m
2026-04-10 19:34:44,070  INFO        [144/159] LTTS                 1m
2026-04-10 19:34:44,530  INFO        [145/159] MANAPPURAM           1m
2026-04-10 19:34:44,794  INFO        [146/159] MCX                  1m
2026-04-10 19:34:45,199  INFO        [147/159] METROPOLIS           1m
2026-04-10 19:34:45,504  INFO        [148/159] MRPL                 1m
2026-04-10 19:34:45,678  INFO        [149/159] NATIONALUM           1m
2026-04-10 19:34:45,920  INFO        [150/159] NAVINFLUOR           1m
2026-04-10 19:34:46,168  INFO        [151/159] OLECTRA              1m
2026-04-10 19:34:46,437  INFO        [152/159] PFIZER               1m
2026-04-10 19:34:46,619  INFO        [153/159] SUPREMEIND           1m
2026-04-10 19:34:46,934  INFO        [154/159] TATACOMM             1m
2026-04-10 19:34:47,349  INFO        [155/159] UBL                  1m
2026-04-10 19:34:47,596  INFO        [156/159] UNITDSPR             1m
2026-04-10 19:34:47,918  INFO        [157/159] WHIRLPOOL            1m
2026-04-10 19:34:48,141  INFO        [158/159] CROMPTON             1m
2026-04-10 19:34:48,316  INFO        [159/159] ^NSEI                1m
2026-04-10 19:34:48,579  INFO        → 156/159 tickers OK for 1m
2026-04-10 19:34:48,591  INFO        Saving 1m split by month:
2026-04-10 19:34:51,048  INFO          → master_1m_2026_04.csv  (408,300 rows)
2026-04-10 19:34:51,051  INFO      
[2/5] Fetching 5-minute data...
2026-04-10 19:34:51,051  INFO        [  1/159] RELIANCE             5m
2026-04-10 19:34:51,296  INFO        [  2/159] TCS                  5m
2026-04-10 19:34:51,449  INFO        [  3/159] HDFCBANK             5m
2026-04-10 19:34:51,816  INFO        [  4/159] BHARTIARTL           5m
2026-04-10 19:34:51,969  INFO        [  5/159] ICICIBANK            5m
2026-04-10 19:34:52,299  INFO        [  6/159] INFOSYS              5m
2026-04-10 19:34:52,489  ERROR     $INFOSYS.NS: possibly delisted; no timezone found
2026-04-10 19:34:52,491  ERROR     
1 Failed download:
2026-04-10 19:34:52,491  ERROR     ['INFOSYS.NS']: possibly delisted; no timezone found
2026-04-10 19:34:52,493  WARNING     SKIP INFOSYS [5m] — no data (delisted?)
2026-04-10 19:34:52,494  INFO        [  7/159] SBIN                 5m
2026-04-10 19:34:52,689  INFO        [  8/159] HINDUNILVR           5m
2026-04-10 19:34:52,889  INFO        [  9/159] ITC                  5m
2026-04-10 19:34:53,034  INFO        [ 10/159] LT                   5m
2026-04-10 19:34:53,169  INFO        [ 11/159] KOTAKBANK            5m
2026-04-10 19:34:53,524  INFO        [ 12/159] AXISBANK             5m
2026-04-10 19:34:53,744  INFO        [ 13/159] BAJFINANCE           5m
2026-04-10 19:34:53,952  INFO        [ 14/159] ASIANPAINT           5m
2026-04-10 19:34:54,169  INFO        [ 15/159] MARUTI               5m
2026-04-10 19:34:54,308  INFO        [ 16/159] TITAN                5m
2026-04-10 19:34:54,513  INFO        [ 17/159] SUNPHARMA            5m
2026-04-10 19:34:54,889  INFO        [ 18/159] ULTRACEMCO           5m
2026-04-10 19:34:55,025  INFO        [ 19/159] WIPRO                5m
2026-04-10 19:34:55,178  INFO        [ 20/159] NESTLEIND            5m
2026-04-10 19:34:55,464  INFO        [ 21/159] ONGC                 5m
2026-04-10 19:34:55,772  INFO        [ 22/159] POWERGRID            5m
2026-04-10 19:34:56,096  INFO        [ 23/159] NTPC                 5m
2026-04-10 19:34:56,470  INFO        [ 24/159] COALINDIA            5m
2026-04-10 19:34:56,708  INFO        [ 25/159] JSWSTEEL             5m
2026-04-10 19:34:57,071  INFO        [ 26/159] TATAMOTORS           5m
2026-04-10 19:34:57,257  ERROR     $TATAMOTORS.NS: possibly delisted; no timezone found
2026-04-10 19:34:57,264  ERROR     
1 Failed download:
2026-04-10 19:34:57,264  ERROR     ['TATAMOTORS.NS']: possibly delisted; no timezone found
2026-04-10 19:34:57,266  WARNING     SKIP TATAMOTORS [5m] — no data (delisted?)
2026-04-10 19:34:57,267  INFO        [ 27/159] TATASTEEL            5m
2026-04-10 19:34:57,442  INFO        [ 28/159] HCLTECH              5m
2026-04-10 19:34:57,622  INFO        [ 29/159] TECHM                5m
2026-04-10 19:34:57,749  INFO        [ 30/159] DIVISLAB             5m
2026-04-10 19:34:57,992  INFO        [ 31/159] DRREDDY              5m
2026-04-10 19:34:58,152  INFO        [ 32/159] CIPLA                5m
2026-04-10 19:34:58,310  INFO        [ 33/159] EICHERMOT            5m
2026-04-10 19:34:58,474  INFO        [ 34/159] HEROMOTOCO           5m
2026-04-10 19:34:58,712  INFO        [ 35/159] BAJAJFINSV           5m
2026-04-10 19:34:59,057  INFO        [ 36/159] ADANIENT             5m
2026-04-10 19:34:59,236  INFO        [ 37/159] ADANIPORTS           5m
2026-04-10 19:34:59,534  INFO        [ 38/159] APOLLOHOSP           5m
2026-04-10 19:34:59,843  INFO        [ 39/159] BAJAJ-AUTO           5m
2026-04-10 19:34:59,982  INFO        [ 40/159] BPCL                 5m
2026-04-10 19:35:00,177  INFO        [ 41/159] BRITANNIA            5m
2026-04-10 19:35:00,363  INFO        [ 42/159] DABUR                5m
2026-04-10 19:35:00,586  INFO        [ 43/159] DLF                  5m
2026-04-10 19:35:00,773  INFO        [ 44/159] GRASIM               5m
2026-04-10 19:35:00,926  INFO        [ 45/159] HAVELLS              5m
2026-04-10 19:35:01,245  INFO        [ 46/159] HINDALCO             5m
2026-04-10 19:35:01,534  INFO        [ 47/159] INDUSINDBK           5m
2026-04-10 19:35:01,824  INFO        [ 48/159] IOC                  5m
2026-04-10 19:35:02,020  INFO        [ 49/159] M&M                  5m
2026-04-10 19:35:02,177  INFO        [ 50/159] PIDILITIND           5m
2026-04-10 19:35:02,334  INFO        [ 51/159] SBILIFE              5m
2026-04-10 19:35:02,552  INFO        [ 52/159] SHREECEM             5m
2026-04-10 19:35:02,710  INFO        [ 53/159] SIEMENS              5m
2026-04-10 19:35:02,878  INFO        [ 54/159] TRENT                5m
2026-04-10 19:35:03,069  INFO        [ 55/159] VEDL                 5m
2026-04-10 19:35:03,220  INFO        [ 56/159] ZOMATO               5m
2026-04-10 19:35:03,417  ERROR     $ZOMATO.NS: possibly delisted; no timezone found
2026-04-10 19:35:03,422  ERROR     
1 Failed download:
2026-04-10 19:35:03,423  ERROR     ['ZOMATO.NS']: possibly delisted; no timezone found
2026-04-10 19:35:03,425  WARNING     SKIP ZOMATO [5m] — no data (delisted?)
2026-04-10 19:35:03,425  INFO        [ 57/159] DMART                5m
2026-04-10 19:35:03,762  INFO        [ 58/159] IRCTC                5m
2026-04-10 19:35:04,099  INFO        [ 59/159] BERGEPAINT           5m
2026-04-10 19:35:04,326  INFO        [ 60/159] BOSCHLTD             5m
2026-04-10 19:35:04,519  INFO        [ 61/159] CANBK                5m
2026-04-10 19:35:04,697  INFO        [ 62/159] CHOLAFIN             5m
2026-04-10 19:35:04,905  INFO        [ 63/159] COLPAL               5m
2026-04-10 19:35:05,082  INFO        [ 64/159] CONCOR               5m
2026-04-10 19:35:05,249  INFO        [ 65/159] CUMMINSIND           5m
2026-04-10 19:35:05,608  INFO        [ 66/159] ESCORTS              5m
2026-04-10 19:35:05,846  INFO        [ 67/159] FEDERALBNK           5m
2026-04-10 19:35:06,109  INFO        [ 68/159] GODREJCP             5m
2026-04-10 19:35:06,275  INFO        [ 69/159] GODREJPROP           5m
2026-04-10 19:35:06,591  INFO        [ 70/159] HAL                  5m
2026-04-10 19:35:06,831  INFO        [ 71/159] HDFCLIFE             5m
2026-04-10 19:35:07,091  INFO        [ 72/159] HINDPETRO            5m
2026-04-10 19:35:07,263  INFO        [ 73/159] ICICIPRULI           5m
2026-04-10 19:35:07,407  INFO        [ 74/159] IDFCFIRSTB           5m
2026-04-10 19:35:07,839  INFO        [ 75/159] IGL                  5m
2026-04-10 19:35:07,987  INFO        [ 76/159] INDUSTOWER           5m
2026-04-10 19:35:08,141  INFO        [ 77/159] JUBLFOOD             5m
2026-04-10 19:35:08,276  INFO        [ 78/159] LUPIN                5m
2026-04-10 19:35:08,436  INFO        [ 79/159] MARICO               5m
2026-04-10 19:35:08,678  INFO        [ 80/159] MPHASIS              5m
2026-04-10 19:35:08,889  INFO        [ 81/159] MUTHOOTFIN           5m
2026-04-10 19:35:09,115  INFO        [ 82/159] NAUKRI               5m
2026-04-10 19:35:09,272  INFO        [ 83/159] NBCC                 5m
2026-04-10 19:35:09,484  INFO        [ 84/159] NHPC                 5m
2026-04-10 19:35:09,833  INFO        [ 85/159] NMDC                 5m
2026-04-10 19:35:10,021  INFO        [ 86/159] OFSS                 5m
2026-04-10 19:35:10,189  INFO        [ 87/159] PAGEIND              5m
2026-04-10 19:35:10,378  INFO        [ 88/159] PERSISTENT           5m
2026-04-10 19:35:10,524  INFO        [ 89/159] PETRONET             5m
2026-04-10 19:35:10,868  INFO        [ 90/159] PFC                  5m
2026-04-10 19:35:11,153  INFO        [ 91/159] PNB                  5m
2026-04-10 19:35:11,321  INFO        [ 92/159] POLYCAB              5m
2026-04-10 19:35:11,471  INFO        [ 93/159] RBLBANK              5m
2026-04-10 19:35:11,807  INFO        [ 94/159] RECLTD               5m
2026-04-10 19:35:12,004  INFO        [ 95/159] SAIL                 5m
2026-04-10 19:35:12,197  INFO        [ 96/159] SBICARD              5m
2026-04-10 19:35:12,506  INFO        [ 97/159] SHRIRAMFIN           5m
2026-04-10 19:35:12,685  INFO        [ 98/159] SRF                  5m
2026-04-10 19:35:12,849  INFO        [ 99/159] SUNDARMFIN           5m
2026-04-10 19:35:13,003  INFO        [100/159] TATACHEM             5m
2026-04-10 19:35:13,368  INFO        [101/159] TATACONSUM           5m
2026-04-10 19:35:13,509  INFO        [102/159] TORNTPHARM           5m
2026-04-10 19:35:13,734  INFO        [103/159] TORNTPOWER           5m
2026-04-10 19:35:13,949  INFO        [104/159] TVSMOTOR             5m
2026-04-10 19:35:14,159  INFO        [105/159] UPL                  5m
2026-04-10 19:35:14,298  INFO        [106/159] VOLTAS               5m
2026-04-10 19:35:14,455  INFO        [107/159] YESBANK              5m
2026-04-10 19:35:14,761  INFO        [108/159] ZYDUSLIFE            5m
2026-04-10 19:35:14,961  INFO        [109/159] ABCAPITAL            5m
2026-04-10 19:35:15,119  INFO        [110/159] ACC                  5m
2026-04-10 19:35:15,327  INFO        [111/159] ADANIGREEN           5m
2026-04-10 19:35:15,643  INFO        [112/159] ALKEM                5m
2026-04-10 19:35:15,878  INFO        [113/159] AMBUJACEM            5m
2026-04-10 19:35:16,020  INFO        [114/159] ASTRAL               5m
2026-04-10 19:35:16,191  INFO        [115/159] AUROPHARMA           5m
2026-04-10 19:35:16,619  INFO        [116/159] BALKRISIND           5m
2026-04-10 19:35:16,763  INFO        [117/159] BANDHANBNK           5m
2026-04-10 19:35:16,939  INFO        [118/159] BANKBARODA           5m
2026-04-10 19:35:17,112  INFO        [119/159] BATAINDIA            5m
2026-04-10 19:35:17,362  INFO        [120/159] BEL                  5m
2026-04-10 19:35:17,538  INFO        [121/159] BHARATFORG           5m
2026-04-10 19:35:17,734  INFO        [122/159] BHEL                 5m
2026-04-10 19:35:18,054  INFO        [123/159] CDSL                 5m
2026-04-10 19:35:18,332  INFO        [124/159] CESC                 5m
2026-04-10 19:35:18,498  INFO        [125/159] DEEPAKNTR            5m
2026-04-10 19:35:18,783  INFO        [126/159] EMAMILTD             5m
2026-04-10 19:35:19,171  INFO        [127/159] EXIDEIND             5m
2026-04-10 19:35:19,456  INFO        [128/159] FORTIS               5m
2026-04-10 19:35:19,639  INFO        [129/159] GAIL                 5m
2026-04-10 19:35:19,928  INFO        [130/159] GLENMARK             5m
2026-04-10 19:35:20,119  INFO        [131/159] GRANULES             5m
2026-04-10 19:35:20,295  INFO        [132/159] GUJGASLTD            5m
2026-04-10 19:35:20,500  INFO        [133/159] HINDCOPPER           5m
2026-04-10 19:35:20,658  INFO        [134/159] HUDCO                5m
2026-04-10 19:35:20,953  INFO        [135/159] IEX                  5m
2026-04-10 19:35:21,124  INFO        [136/159] INDIGO               5m
2026-04-10 19:35:21,269  INFO        [137/159] IRFC                 5m
2026-04-10 19:35:21,581  INFO        [138/159] JKCEMENT             5m
2026-04-10 19:35:21,777  INFO        [139/159] JSWENERGY            5m
2026-04-10 19:35:21,967  INFO        [140/159] KPITTECH             5m
2026-04-10 19:35:22,123  INFO        [141/159] LAURUSLABS           5m
2026-04-10 19:35:22,414  INFO        [142/159] LICHSGFIN            5m
2026-04-10 19:35:22,592  INFO        [143/159] LODHA                5m
2026-04-10 19:35:22,778  INFO        [144/159] LTTS                 5m
2026-04-10 19:35:23,091  INFO        [145/159] MANAPPURAM           5m
2026-04-10 19:35:23,385  INFO        [146/159] MCX                  5m
2026-04-10 19:35:23,609  INFO        [147/159] METROPOLIS           5m
2026-04-10 19:35:23,923  INFO        [148/159] MRPL                 5m
2026-04-10 19:35:24,128  INFO        [149/159] NATIONALUM           5m
2026-04-10 19:35:24,344  INFO        [150/159] NAVINFLUOR           5m
2026-04-10 19:35:24,490  INFO        [151/159] OLECTRA              5m
2026-04-10 19:35:24,646  INFO        [152/159] PFIZER               5m
2026-04-10 19:35:24,892  INFO        [153/159] SUPREMEIND           5m
2026-04-10 19:35:25,287  INFO        [154/159] TATACOMM             5m
2026-04-10 19:35:25,474  INFO        [155/159] UBL                  5m
2026-04-10 19:35:25,741  INFO        [156/159] UNITDSPR             5m
2026-04-10 19:35:25,876  INFO        [157/159] WHIRLPOOL            5m
2026-04-10 19:35:26,016  INFO        [158/159] CROMPTON             5m
2026-04-10 19:35:26,163  INFO        [159/159] ^NSEI                5m
2026-04-10 19:35:26,346  INFO        → 156/159 tickers OK for 5m
2026-04-10 19:35:26,362  INFO        Saving 5m split by year:
2026-04-10 19:35:29,925  INFO          → master_5m_2026.csv  (573,189 rows)
2026-04-10 19:35:29,930  INFO      
[3/5] Fetching 1-hour data...
2026-04-10 19:35:29,930  INFO        [  1/159] RELIANCE             1h
2026-04-10 19:35:30,187  INFO        [  2/159] TCS                  1h
2026-04-10 19:35:30,424  INFO        [  3/159] HDFCBANK             1h
2026-04-10 19:35:30,688  INFO        [  4/159] BHARTIARTL           1h
2026-04-10 19:35:30,897  INFO        [  5/159] ICICIBANK            1h
2026-04-10 19:35:31,120  INFO        [  6/159] INFOSYS              1h
2026-04-10 19:35:31,316  ERROR     $INFOSYS.NS: possibly delisted; no timezone found
2026-04-10 19:35:31,323  ERROR     
1 Failed download:
2026-04-10 19:35:31,323  ERROR     ['INFOSYS.NS']: possibly delisted; no timezone found
2026-04-10 19:35:31,326  WARNING     SKIP INFOSYS [1h] — no data (delisted?)
2026-04-10 19:35:31,326  INFO        [  7/159] SBIN                 1h
2026-04-10 19:35:31,596  INFO        [  8/159] HINDUNILVR           1h
2026-04-10 19:35:31,799  INFO        [  9/159] ITC                  1h
2026-04-10 19:35:32,122  INFO        [ 10/159] LT                   1h
2026-04-10 19:35:32,287  INFO        [ 11/159] KOTAKBANK            1h
2026-04-10 19:35:32,554  INFO        [ 12/159] AXISBANK             1h
2026-04-10 19:35:32,871  INFO        [ 13/159] BAJFINANCE           1h
2026-04-10 19:35:33,078  INFO        [ 14/159] ASIANPAINT           1h
2026-04-10 19:35:33,289  INFO        [ 15/159] MARUTI               1h
2026-04-10 19:35:33,489  INFO        [ 16/159] TITAN                1h
2026-04-10 19:35:33,668  INFO        [ 17/159] SUNPHARMA            1h
2026-04-10 19:35:33,866  INFO        [ 18/159] ULTRACEMCO           1h
2026-04-10 19:35:34,054  INFO        [ 19/159] WIPRO                1h
2026-04-10 19:35:34,373  INFO        [ 20/159] NESTLEIND            1h
2026-04-10 19:35:34,582  INFO        [ 21/159] ONGC                 1h
2026-04-10 19:35:34,806  INFO        [ 22/159] POWERGRID            1h
2026-04-10 19:35:35,056  INFO        [ 23/159] NTPC                 1h
2026-04-10 19:35:35,401  INFO        [ 24/159] COALINDIA            1h
2026-04-10 19:35:35,688  INFO        [ 25/159] JSWSTEEL             1h
2026-04-10 19:35:35,919  INFO        [ 26/159] TATAMOTORS           1h
2026-04-10 19:35:36,120  ERROR     $TATAMOTORS.NS: possibly delisted; no timezone found
2026-04-10 19:35:36,122  ERROR     
1 Failed download:
2026-04-10 19:35:36,122  ERROR     ['TATAMOTORS.NS']: possibly delisted; no timezone found
2026-04-10 19:35:36,124  WARNING     SKIP TATAMOTORS [1h] — no data (delisted?)
2026-04-10 19:35:36,125  INFO        [ 27/159] TATASTEEL            1h
2026-04-10 19:35:36,550  INFO        [ 28/159] HCLTECH              1h
2026-04-10 19:35:36,889  INFO        [ 29/159] TECHM                1h
2026-04-10 19:35:37,064  INFO        [ 30/159] DIVISLAB             1h
2026-04-10 19:35:37,307  INFO        [ 31/159] DRREDDY              1h
2026-04-10 19:35:37,610  INFO        [ 32/159] CIPLA                1h
2026-04-10 19:35:38,009  INFO        [ 33/159] EICHERMOT            1h
2026-04-10 19:35:38,200  INFO        [ 34/159] HEROMOTOCO           1h
2026-04-10 19:35:38,408  INFO        [ 35/159] BAJAJFINSV           1h
2026-04-10 19:35:38,614  INFO        [ 36/159] ADANIENT             1h
2026-04-10 19:35:38,788  INFO        [ 37/159] ADANIPORTS           1h
2026-04-10 19:35:38,995  INFO        [ 38/159] APOLLOHOSP           1h
2026-04-10 19:35:39,217  INFO        [ 39/159] BAJAJ-AUTO           1h
2026-04-10 19:35:39,378  INFO        [ 40/159] BPCL                 1h
2026-04-10 19:35:39,616  INFO        [ 41/159] BRITANNIA            1h
2026-04-10 19:35:39,913  INFO        [ 42/159] DABUR                1h
2026-04-10 19:35:40,110  INFO        [ 43/159] DLF                  1h
2026-04-10 19:35:40,537  INFO        [ 44/159] GRASIM               1h
2026-04-10 19:35:40,917  INFO        [ 45/159] HAVELLS              1h
2026-04-10 19:35:41,126  INFO        [ 46/159] HINDALCO             1h
2026-04-10 19:35:41,326  INFO        [ 47/159] INDUSINDBK           1h
2026-04-10 19:35:41,517  INFO        [ 48/159] IOC                  1h
2026-04-10 19:35:41,920  INFO        [ 49/159] M&M                  1h
2026-04-10 19:35:42,174  INFO        [ 50/159] PIDILITIND           1h
2026-04-10 19:35:42,410  INFO        [ 51/159] SBILIFE              1h
2026-04-10 19:35:42,672  INFO        [ 52/159] SHREECEM             1h
2026-04-10 19:35:42,955  INFO        [ 53/159] SIEMENS              1h
2026-04-10 19:35:43,176  INFO        [ 54/159] TRENT                1h
2026-04-10 19:35:43,412  INFO        [ 55/159] VEDL                 1h
2026-04-10 19:35:43,624  INFO        [ 56/159] ZOMATO               1h
2026-04-10 19:35:43,753  ERROR     $ZOMATO.NS: possibly delisted; no timezone found
2026-04-10 19:35:43,755  ERROR     
1 Failed download:
2026-04-10 19:35:43,755  ERROR     ['ZOMATO.NS']: possibly delisted; no timezone found
2026-04-10 19:35:43,757  WARNING     SKIP ZOMATO [1h] — no data (delisted?)
2026-04-10 19:35:43,758  INFO        [ 57/159] DMART                1h
2026-04-10 19:35:44,008  INFO        [ 58/159] IRCTC                1h
2026-04-10 19:35:44,355  INFO        [ 59/159] BERGEPAINT           1h
2026-04-10 19:35:44,770  INFO        [ 60/159] BOSCHLTD             1h
2026-04-10 19:35:45,025  INFO        [ 61/159] CANBK                1h
2026-04-10 19:35:45,258  INFO        [ 62/159] CHOLAFIN             1h
2026-04-10 19:35:45,510  INFO        [ 63/159] COLPAL               1h
2026-04-10 19:35:45,853  INFO        [ 64/159] CONCOR               1h
2026-04-10 19:35:46,058  INFO        [ 65/159] CUMMINSIND           1h
2026-04-10 19:35:46,494  INFO        [ 66/159] ESCORTS              1h
2026-04-10 19:35:46,817  INFO        [ 67/159] FEDERALBNK           1h
2026-04-10 19:35:47,032  INFO        [ 68/159] GODREJCP             1h
2026-04-10 19:35:47,428  INFO        [ 69/159] GODREJPROP           1h
2026-04-10 19:35:47,739  INFO        [ 70/159] HAL                  1h
2026-04-10 19:35:47,945  INFO        [ 71/159] HDFCLIFE             1h
2026-04-10 19:35:48,102  INFO        [ 72/159] HINDPETRO            1h
2026-04-10 19:35:48,295  INFO        [ 73/159] ICICIPRULI           1h
2026-04-10 19:35:48,528  INFO        [ 74/159] IDFCFIRSTB           1h
2026-04-10 19:35:48,756  INFO        [ 75/159] IGL                  1h
2026-04-10 19:35:49,157  INFO        [ 76/159] INDUSTOWER           1h
2026-04-10 19:35:49,504  INFO        [ 77/159] JUBLFOOD             1h
2026-04-10 19:35:49,711  INFO        [ 78/159] LUPIN                1h
2026-04-10 19:35:49,924  INFO        [ 79/159] MARICO               1h
2026-04-10 19:35:50,247  INFO        [ 80/159] MPHASIS              1h
2026-04-10 19:35:50,427  INFO        [ 81/159] MUTHOOTFIN           1h
2026-04-10 19:35:50,649  INFO        [ 82/159] NAUKRI               1h
2026-04-10 19:35:50,858  INFO        [ 83/159] NBCC                 1h
2026-04-10 19:35:51,125  INFO        [ 84/159] NHPC                 1h
2026-04-10 19:35:51,531  INFO        [ 85/159] NMDC                 1h
2026-04-10 19:35:51,816  INFO        [ 86/159] OFSS                 1h
2026-04-10 19:35:52,058  INFO        [ 87/159] PAGEIND              1h
2026-04-10 19:35:52,314  INFO        [ 88/159] PERSISTENT           1h
2026-04-10 19:35:52,609  INFO        [ 89/159] PETRONET             1h
2026-04-10 19:35:52,793  INFO        [ 90/159] PFC                  1h
2026-04-10 19:35:53,111  INFO        [ 91/159] PNB                  1h
2026-04-10 19:35:53,285  INFO        [ 92/159] POLYCAB              1h
2026-04-10 19:35:53,480  INFO        [ 93/159] RBLBANK              1h
2026-04-10 19:35:53,707  INFO        [ 94/159] RECLTD               1h
2026-04-10 19:35:53,957  INFO        [ 95/159] SAIL                 1h
2026-04-10 19:35:54,248  INFO        [ 96/159] SBICARD              1h
2026-04-10 19:35:54,543  INFO        [ 97/159] SHRIRAMFIN           1h
2026-04-10 19:35:54,798  INFO        [ 98/159] SRF                  1h
2026-04-10 19:35:55,025  INFO        [ 99/159] SUNDARMFIN           1h
2026-04-10 19:35:55,300  INFO        [100/159] TATACHEM             1h
2026-04-10 19:35:55,517  INFO        [101/159] TATACONSUM           1h
2026-04-10 19:35:55,884  INFO        [102/159] TORNTPHARM           1h
2026-04-10 19:35:56,091  INFO        [103/159] TORNTPOWER           1h
2026-04-10 19:35:56,309  INFO        [104/159] TVSMOTOR             1h
2026-04-10 19:35:56,611  INFO        [105/159] UPL                  1h
2026-04-10 19:35:56,840  INFO        [106/159] VOLTAS               1h
2026-04-10 19:35:57,020  INFO        [107/159] YESBANK              1h
2026-04-10 19:35:57,211  INFO        [108/159] ZYDUSLIFE            1h
2026-04-10 19:35:57,542  INFO        [109/159] ABCAPITAL            1h
2026-04-10 19:35:57,721  INFO        [110/159] ACC                  1h
2026-04-10 19:35:57,978  INFO        [111/159] ADANIGREEN           1h
2026-04-10 19:35:58,271  INFO        [112/159] ALKEM                1h
2026-04-10 19:35:58,450  INFO        [113/159] AMBUJACEM            1h
2026-04-10 19:35:58,776  INFO        [114/159] ASTRAL               1h
2026-04-10 19:35:59,100  INFO        [115/159] AUROPHARMA           1h
2026-04-10 19:35:59,295  INFO        [116/159] BALKRISIND           1h
2026-04-10 19:35:59,723  INFO        [117/159] BANDHANBNK           1h
2026-04-10 19:35:59,936  INFO        [118/159] BANKBARODA           1h
2026-04-10 19:36:00,280  INFO        [119/159] BATAINDIA            1h
2026-04-10 19:36:00,612  INFO        [120/159] BEL                  1h
2026-04-10 19:36:00,794  INFO        [121/159] BHARATFORG           1h
2026-04-10 19:36:00,960  INFO        [122/159] BHEL                 1h
2026-04-10 19:36:01,139  INFO        [123/159] CDSL                 1h
2026-04-10 19:36:01,330  INFO        [124/159] CESC                 1h
2026-04-10 19:36:01,558  INFO        [125/159] DEEPAKNTR            1h
2026-04-10 19:36:01,834  INFO        [126/159] EMAMILTD             1h
2026-04-10 19:36:02,018  INFO        [127/159] EXIDEIND             1h
2026-04-10 19:36:02,342  INFO        [128/159] FORTIS               1h
2026-04-10 19:36:02,722  INFO        [129/159] GAIL                 1h
2026-04-10 19:36:02,944  INFO        [130/159] GLENMARK             1h
2026-04-10 19:36:03,262  INFO        [131/159] GRANULES             1h
2026-04-10 19:36:03,440  INFO        [132/159] GUJGASLTD            1h
2026-04-10 19:36:03,640  INFO        [133/159] HINDCOPPER           1h
2026-04-10 19:36:03,830  INFO        [134/159] HUDCO                1h
2026-04-10 19:36:04,125  INFO        [135/159] IEX                  1h
2026-04-10 19:36:04,333  INFO        [136/159] INDIGO               1h
2026-04-10 19:36:04,572  INFO        [137/159] IRFC                 1h
2026-04-10 19:36:04,756  INFO        [138/159] JKCEMENT             1h
2026-04-10 19:36:04,934  INFO        [139/159] JSWENERGY            1h
2026-04-10 19:36:05,155  INFO        [140/159] KPITTECH             1h
2026-04-10 19:36:05,326  INFO        [141/159] LAURUSLABS           1h
2026-04-10 19:36:05,522  INFO        [142/159] LICHSGFIN            1h
2026-04-10 19:36:05,740  INFO        [143/159] LODHA                1h
2026-04-10 19:36:05,957  INFO        [144/159] LTTS                 1h
2026-04-10 19:36:06,200  INFO        [145/159] MANAPPURAM           1h
2026-04-10 19:36:06,390  INFO        [146/159] MCX                  1h
2026-04-10 19:36:06,723  INFO        [147/159] METROPOLIS           1h
2026-04-10 19:36:07,077  INFO        [148/159] MRPL                 1h
2026-04-10 19:36:07,296  INFO        [149/159] NATIONALUM           1h
2026-04-10 19:36:07,686  INFO        [150/159] NAVINFLUOR           1h
2026-04-10 19:36:07,944  INFO        [151/159] OLECTRA              1h
2026-04-10 19:36:08,141  INFO        [152/159] PFIZER               1h
2026-04-10 19:36:08,507  INFO        [153/159] SUPREMEIND           1h
2026-04-10 19:36:08,695  INFO        [154/159] TATACOMM             1h
2026-04-10 19:36:09,036  INFO        [155/159] UBL                  1h
2026-04-10 19:36:09,322  INFO        [156/159] UNITDSPR             1h
2026-04-10 19:36:09,627  INFO        [157/159] WHIRLPOOL            1h
2026-04-10 19:36:09,909  INFO        [158/159] CROMPTON             1h
2026-04-10 19:36:10,218  INFO        [159/159] ^NSEI                1h
2026-04-10 19:36:10,602  INFO        → 156/159 tickers OK for 1h
2026-04-10 19:36:10,649  INFO        Backup → backup_master_1h.csv
2026-04-10 19:36:14,044  INFO          → master_1h.csv  (538,388 rows)
2026-04-10 19:36:14,048  INFO      
[4/5] Resampling 1m → 5m and 1h...
2026-04-10 19:36:15,894  INFO        Generated 5m rows : 140,396
2026-04-10 19:36:15,895  INFO        Generated 1h rows : 13,104
2026-04-10 19:36:15,895  INFO      
[5/5] Validating...
2026-04-10 19:36:23,033  WARNING     Validation [5m]: 435120 issues.
2026-04-10 19:36:24,193  WARNING     Validation [1h]: 551492 issues.
2026-04-10 19:36:26,858  INFO        Validation report → 986612 rows (last 30 days only)
2026-04-10 19:36:26,862  INFO        Skipped: 9 tickers → skipped_tickers.csv
2026-04-10 19:36:26,862  INFO      
============================================================
2026-04-10 19:36:26,863  INFO      Pipeline COMPLETE ✓
2026-04-10 19:36:26,863  INFO        1m files  : 2 monthly files in data/1m/
2026-04-10 19:36:26,863  INFO          master_1m_2026_03.csv  (25.3 MB)
2026-04-10 19:36:26,863  INFO          master_1m_2026_04.csv  (35.6 MB)
2026-04-10 19:36:26,863  INFO        5m files  : 1 yearly files in data/5m/
2026-04-10 19:36:26,863  INFO          master_5m_2026.csv  (49.8 MB)
2026-04-10 19:36:26,863  INFO        1h file   : master_1h.csv  (47.3 MB)
2026-04-10 19:36:26,863  INFO        Skipped   : 9 tickers
2026-04-10 19:36:26,863  INFO      ============================================================
