2026-04-14 20:16:11,727  WARNING     Deleted oversized validation_report.csv (70.8 MB) — will recreate.
2026-04-14 20:16:11,728  INFO      ============================================================
2026-04-14 20:16:11,728  INFO      Indian Market Data Pipeline v3 — START
2026-04-14 20:16:11,728  INFO      Run time : 2026-04-14 20:16:11
2026-04-14 20:16:11,728  INFO      Tickers  : 158 stocks + Nifty Index
2026-04-14 20:16:11,728  INFO      File layout:
2026-04-14 20:16:11,728  INFO        1m  → data/1m/master_1m_YYYY_MM.csv  (one per month)
2026-04-14 20:16:11,728  INFO        5m  → data/5m/master_5m_YYYY.csv     (one per year)
2026-04-14 20:16:11,728  INFO        1h  → data/master_1h.csv             (single file)
2026-04-14 20:16:11,728  INFO      ============================================================
2026-04-14 20:16:11,728  INFO      
[1/5] Fetching 1-minute data...
2026-04-14 20:16:11,728  INFO        [  1/159] RELIANCE             1m
2026-04-14 20:16:12,135  INFO        [  2/159] TCS                  1m
2026-04-14 20:16:12,340  INFO        [  3/159] HDFCBANK             1m
2026-04-14 20:16:12,562  INFO        [  4/159] BHARTIARTL           1m
2026-04-14 20:16:12,736  INFO        [  5/159] ICICIBANK            1m
2026-04-14 20:16:12,943  INFO        [  6/159] INFOSYS              1m
2026-04-14 20:16:13,277  ERROR     HTTP Error 404: {"quoteSummary":{"result":null,"error":{"code":"Not Found","description":"Quote not found for symbol: INFOSYS.NS"}}}
2026-04-14 20:16:13,353  ERROR     $INFOSYS.NS: possibly delisted; no timezone found
2026-04-14 20:16:13,359  ERROR     
1 Failed download:
2026-04-14 20:16:13,359  ERROR     ['INFOSYS.NS']: possibly delisted; no timezone found
2026-04-14 20:16:13,361  WARNING     SKIP INFOSYS [1m] — no data (delisted?)
2026-04-14 20:16:13,361  INFO        [  7/159] SBIN                 1m
2026-04-14 20:16:13,553  INFO        [  8/159] HINDUNILVR           1m
2026-04-14 20:16:13,793  INFO        [  9/159] ITC                  1m
2026-04-14 20:16:14,077  INFO        [ 10/159] LT                   1m
2026-04-14 20:16:14,289  INFO        [ 11/159] KOTAKBANK            1m
2026-04-14 20:16:14,522  INFO        [ 12/159] AXISBANK             1m
2026-04-14 20:16:14,704  INFO        [ 13/159] BAJFINANCE           1m
2026-04-14 20:16:14,928  INFO        [ 14/159] ASIANPAINT           1m
2026-04-14 20:16:15,133  INFO        [ 15/159] MARUTI               1m
2026-04-14 20:16:15,386  INFO        [ 16/159] TITAN                1m
2026-04-14 20:16:15,549  INFO        [ 17/159] SUNPHARMA            1m
2026-04-14 20:16:15,720  INFO        [ 18/159] ULTRACEMCO           1m
2026-04-14 20:16:15,910  INFO        [ 19/159] WIPRO                1m
2026-04-14 20:16:16,111  INFO        [ 20/159] NESTLEIND            1m
2026-04-14 20:16:16,311  INFO        [ 21/159] ONGC                 1m
2026-04-14 20:16:16,525  INFO        [ 22/159] POWERGRID            1m
2026-04-14 20:16:16,725  INFO        [ 23/159] NTPC                 1m
2026-04-14 20:16:16,906  INFO        [ 24/159] COALINDIA            1m
2026-04-14 20:16:17,087  INFO        [ 25/159] JSWSTEEL             1m
2026-04-14 20:16:17,278  INFO        [ 26/159] TATAMOTORS           1m
2026-04-14 20:16:17,728  ERROR     HTTP Error 404: {"quoteSummary":{"result":null,"error":{"code":"Not Found","description":"Quote not found for symbol: TATAMOTORS.NS"}}}
2026-04-14 20:16:17,859  ERROR     $TATAMOTORS.NS: possibly delisted; no timezone found
2026-04-14 20:16:17,864  ERROR     
1 Failed download:
2026-04-14 20:16:17,864  ERROR     ['TATAMOTORS.NS']: possibly delisted; no timezone found
2026-04-14 20:16:17,866  WARNING     SKIP TATAMOTORS [1m] — no data (delisted?)
2026-04-14 20:16:17,867  INFO        [ 27/159] TATASTEEL            1m
2026-04-14 20:16:18,129  INFO        [ 28/159] HCLTECH              1m
2026-04-14 20:16:18,340  INFO        [ 29/159] TECHM                1m
2026-04-14 20:16:18,646  INFO        [ 30/159] DIVISLAB             1m
2026-04-14 20:16:18,846  INFO        [ 31/159] DRREDDY              1m
2026-04-14 20:16:19,057  INFO        [ 32/159] CIPLA                1m
2026-04-14 20:16:19,257  INFO        [ 33/159] EICHERMOT            1m
2026-04-14 20:16:19,430  INFO        [ 34/159] HEROMOTOCO           1m
2026-04-14 20:16:19,655  INFO        [ 35/159] BAJAJFINSV           1m
2026-04-14 20:16:19,855  INFO        [ 36/159] ADANIENT             1m
2026-04-14 20:16:20,106  INFO        [ 37/159] ADANIPORTS           1m
2026-04-14 20:16:20,351  INFO        [ 38/159] APOLLOHOSP           1m
2026-04-14 20:16:20,552  INFO        [ 39/159] BAJAJ-AUTO           1m
2026-04-14 20:16:20,715  INFO        [ 40/159] BPCL                 1m
2026-04-14 20:16:20,887  INFO        [ 41/159] BRITANNIA            1m
2026-04-14 20:16:21,158  INFO        [ 42/159] DABUR                1m
2026-04-14 20:16:21,338  INFO        [ 43/159] DLF                  1m
2026-04-14 20:16:21,574  INFO        [ 44/159] GRASIM               1m
2026-04-14 20:16:21,764  INFO        [ 45/159] HAVELLS              1m
2026-04-14 20:16:22,076  INFO        [ 46/159] HINDALCO             1m
2026-04-14 20:16:22,289  INFO        [ 47/159] INDUSINDBK           1m
2026-04-14 20:16:22,550  INFO        [ 48/159] IOC                  1m
2026-04-14 20:16:22,742  INFO        [ 49/159] M&M                  1m
2026-04-14 20:16:23,018  INFO        [ 50/159] PIDILITIND           1m
2026-04-14 20:16:23,198  INFO        [ 51/159] SBILIFE              1m
2026-04-14 20:16:23,388  INFO        [ 52/159] SHREECEM             1m
2026-04-14 20:16:23,571  INFO        [ 53/159] SIEMENS              1m
2026-04-14 20:16:23,813  INFO        [ 54/159] TRENT                1m
2026-04-14 20:16:23,993  INFO        [ 55/159] VEDL                 1m
2026-04-14 20:16:24,194  INFO        [ 56/159] ZOMATO               1m
2026-04-14 20:16:24,333  ERROR     $ZOMATO.NS: possibly delisted; no timezone found
2026-04-14 20:16:24,336  ERROR     
1 Failed download:
2026-04-14 20:16:24,336  ERROR     ['ZOMATO.NS']: possibly delisted; no timezone found
2026-04-14 20:16:24,338  WARNING     SKIP ZOMATO [1m] — no data (delisted?)
2026-04-14 20:16:24,338  INFO        [ 57/159] DMART                1m
2026-04-14 20:16:24,529  INFO        [ 58/159] IRCTC                1m
2026-04-14 20:16:24,721  INFO        [ 59/159] BERGEPAINT           1m
2026-04-14 20:16:24,895  INFO        [ 60/159] BOSCHLTD             1m
2026-04-14 20:16:25,127  INFO        [ 61/159] CANBK                1m
2026-04-14 20:16:25,329  INFO        [ 62/159] CHOLAFIN             1m
2026-04-14 20:16:25,574  INFO        [ 63/159] COLPAL               1m
2026-04-14 20:16:25,746  INFO        [ 64/159] CONCOR               1m
2026-04-14 20:16:25,922  INFO        [ 65/159] CUMMINSIND           1m
2026-04-14 20:16:26,219  INFO        [ 66/159] ESCORTS              1m
2026-04-14 20:16:26,514  INFO        [ 67/159] FEDERALBNK           1m
2026-04-14 20:16:27,775  INFO        [ 68/159] GODREJCP             1m
2026-04-14 20:16:28,002  INFO        [ 69/159] GODREJPROP           1m
2026-04-14 20:16:28,156  INFO        [ 70/159] HAL                  1m
2026-04-14 20:16:28,321  INFO        [ 71/159] HDFCLIFE             1m
2026-04-14 20:16:28,483  INFO        [ 72/159] HINDPETRO            1m
2026-04-14 20:16:28,694  INFO        [ 73/159] ICICIPRULI           1m
2026-04-14 20:16:28,887  INFO        [ 74/159] IDFCFIRSTB           1m
2026-04-14 20:16:29,112  INFO        [ 75/159] IGL                  1m
2026-04-14 20:16:29,346  INFO        [ 76/159] INDUSTOWER           1m
2026-04-14 20:16:29,528  INFO        [ 77/159] JUBLFOOD             1m
2026-04-14 20:16:29,714  INFO        [ 78/159] LUPIN                1m
2026-04-14 20:16:29,934  INFO        [ 79/159] MARICO               1m
2026-04-14 20:16:30,141  INFO        [ 80/159] MPHASIS              1m
2026-04-14 20:16:31,366  INFO        [ 81/159] MUTHOOTFIN           1m
2026-04-14 20:16:31,539  INFO        [ 82/159] NAUKRI               1m
2026-04-14 20:16:31,733  INFO        [ 83/159] NBCC                 1m
2026-04-14 20:16:31,987  INFO        [ 84/159] NHPC                 1m
2026-04-14 20:16:32,218  INFO        [ 85/159] NMDC                 1m
2026-04-14 20:16:32,450  INFO        [ 86/159] OFSS                 1m
2026-04-14 20:16:32,702  INFO        [ 87/159] PAGEIND              1m
2026-04-14 20:16:32,885  INFO        [ 88/159] PERSISTENT           1m
2026-04-14 20:16:33,059  INFO        [ 89/159] PETRONET             1m
2026-04-14 20:16:33,229  INFO        [ 90/159] PFC                  1m
2026-04-14 20:16:33,410  INFO        [ 91/159] PNB                  1m
2026-04-14 20:16:33,611  INFO        [ 92/159] POLYCAB              1m
2026-04-14 20:16:34,832  INFO        [ 93/159] RBLBANK              1m
2026-04-14 20:16:35,009  INFO        [ 94/159] RECLTD               1m
2026-04-14 20:16:35,211  INFO        [ 95/159] SAIL                 1m
2026-04-14 20:16:35,403  INFO        [ 96/159] SBICARD              1m
2026-04-14 20:16:35,593  INFO        [ 97/159] SHRIRAMFIN           1m
2026-04-14 20:16:35,770  INFO        [ 98/159] SRF                  1m
2026-04-14 20:16:35,954  INFO        [ 99/159] SUNDARMFIN           1m
2026-04-14 20:16:36,201  INFO        [100/159] TATACHEM             1m
2026-04-14 20:16:36,397  INFO        [101/159] TATACONSUM           1m
2026-04-14 20:16:36,579  INFO        [102/159] TORNTPHARM           1m
2026-04-14 20:16:36,845  INFO        [103/159] TORNTPOWER           1m
2026-04-14 20:16:37,060  INFO        [104/159] TVSMOTOR             1m
2026-04-14 20:16:37,236  INFO        [105/159] UPL                  1m
2026-04-14 20:16:37,420  INFO        [106/159] VOLTAS               1m
2026-04-14 20:16:37,734  INFO        [107/159] YESBANK              1m
2026-04-14 20:16:37,949  INFO        [108/159] ZYDUSLIFE            1m
2026-04-14 20:16:38,169  INFO        [109/159] ABCAPITAL            1m
2026-04-14 20:16:38,393  INFO        [110/159] ACC                  1m
2026-04-14 20:16:38,639  INFO        [111/159] ADANIGREEN           1m
2026-04-14 20:16:38,809  INFO        [112/159] ALKEM                1m
2026-04-14 20:16:38,982  INFO        [113/159] AMBUJACEM            1m
2026-04-14 20:16:39,184  INFO        [114/159] ASTRAL               1m
2026-04-14 20:16:39,389  INFO        [115/159] AUROPHARMA           1m
2026-04-14 20:16:39,592  INFO        [116/159] BALKRISIND           1m
2026-04-14 20:16:39,787  INFO        [117/159] BANDHANBNK           1m
2026-04-14 20:16:39,949  INFO        [118/159] BANKBARODA           1m
2026-04-14 20:16:40,142  INFO        [119/159] BATAINDIA            1m
2026-04-14 20:16:40,640  INFO        [120/159] BEL                  1m
2026-04-14 20:16:41,901  INFO        [121/159] BHARATFORG           1m
2026-04-14 20:16:42,122  INFO        [122/159] BHEL                 1m
2026-04-14 20:16:42,373  INFO        [123/159] CDSL                 1m
2026-04-14 20:16:42,530  INFO        [124/159] CESC                 1m
2026-04-14 20:16:42,710  INFO        [125/159] DEEPAKNTR            1m
2026-04-14 20:16:43,901  INFO        [126/159] EMAMILTD             1m
2026-04-14 20:16:44,101  INFO        [127/159] EXIDEIND             1m
2026-04-14 20:16:44,303  INFO        [128/159] FORTIS               1m
2026-04-14 20:16:44,523  INFO        [129/159] GAIL                 1m
2026-04-14 20:16:44,852  INFO        [130/159] GLENMARK             1m
2026-04-14 20:16:45,108  INFO        [131/159] GRANULES             1m
2026-04-14 20:16:45,292  INFO        [132/159] GUJGASLTD            1m
2026-04-14 20:16:45,524  INFO        [133/159] HINDCOPPER           1m
2026-04-14 20:16:45,685  INFO        [134/159] HUDCO                1m
2026-04-14 20:16:45,867  INFO        [135/159] IEX                  1m
2026-04-14 20:16:46,062  INFO        [136/159] INDIGO               1m
2026-04-14 20:16:47,283  INFO        [137/159] IRFC                 1m
2026-04-14 20:16:47,457  INFO        [138/159] JKCEMENT             1m
2026-04-14 20:16:47,650  INFO        [139/159] JSWENERGY            1m
2026-04-14 20:16:47,842  INFO        [140/159] KPITTECH             1m
2026-04-14 20:16:48,006  INFO        [141/159] LAURUSLABS           1m
2026-04-14 20:16:48,188  INFO        [142/159] LICHSGFIN            1m
2026-04-14 20:16:48,380  INFO        [143/159] LODHA                1m
2026-04-14 20:16:48,542  INFO        [144/159] LTTS                 1m
2026-04-14 20:16:48,779  INFO        [145/159] MANAPPURAM           1m
2026-04-14 20:16:48,971  INFO        [146/159] MCX                  1m
2026-04-14 20:16:49,164  INFO        [147/159] METROPOLIS           1m
2026-04-14 20:16:49,326  INFO        [148/159] MRPL                 1m
2026-04-14 20:16:49,580  INFO        [149/159] NATIONALUM           1m
2026-04-14 20:16:50,854  INFO        [150/159] NAVINFLUOR           1m
2026-04-14 20:16:51,088  INFO        [151/159] OLECTRA              1m
2026-04-14 20:16:51,349  INFO        [152/159] PFIZER               1m
2026-04-14 20:16:51,530  INFO        [153/159] SUPREMEIND           1m
2026-04-14 20:16:51,755  INFO        [154/159] TATACOMM             1m
2026-04-14 20:16:51,965  INFO        [155/159] UBL                  1m
2026-04-14 20:16:52,197  INFO        [156/159] UNITDSPR             1m
2026-04-14 20:16:52,340  INFO        [157/159] WHIRLPOOL            1m
2026-04-14 20:16:52,510  INFO        [158/159] CROMPTON             1m
2026-04-14 20:16:52,692  INFO        [159/159] ^NSEI                1m
2026-04-14 20:16:52,861  INFO        → 156/159 tickers OK for 1m
2026-04-14 20:16:52,874  INFO        Saving 1m split by month:
2026-04-14 20:16:55,714  INFO          → master_1m_2026_04.csv  (466,583 rows)
2026-04-14 20:16:55,720  INFO      
[2/5] Fetching 5-minute data...
2026-04-14 20:16:55,720  INFO        [  1/159] RELIANCE             5m
2026-04-14 20:16:55,954  INFO        [  2/159] TCS                  5m
2026-04-14 20:16:56,129  INFO        [  3/159] HDFCBANK             5m
2026-04-14 20:16:56,292  INFO        [  4/159] BHARTIARTL           5m
2026-04-14 20:16:56,465  INFO        [  5/159] ICICIBANK            5m
2026-04-14 20:16:56,638  INFO        [  6/159] INFOSYS              5m
2026-04-14 20:16:56,831  ERROR     $INFOSYS.NS: possibly delisted; no timezone found
2026-04-14 20:16:56,840  ERROR     
1 Failed download:
2026-04-14 20:16:56,840  ERROR     ['INFOSYS.NS']: possibly delisted; no timezone found
2026-04-14 20:16:56,842  WARNING     SKIP INFOSYS [5m] — no data (delisted?)
2026-04-14 20:16:56,842  INFO        [  7/159] SBIN                 5m
2026-04-14 20:16:57,027  INFO        [  8/159] HINDUNILVR           5m
2026-04-14 20:16:57,205  INFO        [  9/159] ITC                  5m
2026-04-14 20:16:57,365  INFO        [ 10/159] LT                   5m
2026-04-14 20:16:57,504  INFO        [ 11/159] KOTAKBANK            5m
2026-04-14 20:16:57,735  INFO        [ 12/159] AXISBANK             5m
2026-04-14 20:16:57,942  INFO        [ 13/159] BAJFINANCE           5m
2026-04-14 20:16:58,179  INFO        [ 14/159] ASIANPAINT           5m
2026-04-14 20:16:58,438  INFO        [ 15/159] MARUTI               5m
2026-04-14 20:16:59,683  INFO        [ 16/159] TITAN                5m
2026-04-14 20:16:59,909  INFO        [ 17/159] SUNPHARMA            5m
2026-04-14 20:17:00,078  INFO        [ 18/159] ULTRACEMCO           5m
2026-04-14 20:17:00,248  INFO        [ 19/159] WIPRO                5m
2026-04-14 20:17:00,439  INFO        [ 20/159] NESTLEIND            5m
2026-04-14 20:17:00,626  INFO        [ 21/159] ONGC                 5m
2026-04-14 20:17:00,825  INFO        [ 22/159] POWERGRID            5m
2026-04-14 20:17:01,005  INFO        [ 23/159] NTPC                 5m
2026-04-14 20:17:01,161  INFO        [ 24/159] COALINDIA            5m
2026-04-14 20:17:01,344  INFO        [ 25/159] JSWSTEEL             5m
2026-04-14 20:17:01,535  INFO        [ 26/159] TATAMOTORS           5m
2026-04-14 20:17:01,671  ERROR     $TATAMOTORS.NS: possibly delisted; no timezone found
2026-04-14 20:17:01,677  ERROR     
1 Failed download:
2026-04-14 20:17:01,677  ERROR     ['TATAMOTORS.NS']: possibly delisted; no timezone found
2026-04-14 20:17:01,679  WARNING     SKIP TATAMOTORS [5m] — no data (delisted?)
2026-04-14 20:17:01,680  INFO        [ 27/159] TATASTEEL            5m
2026-04-14 20:17:01,913  INFO        [ 28/159] HCLTECH              5m
2026-04-14 20:17:03,061  INFO        [ 29/159] TECHM                5m
2026-04-14 20:17:03,248  INFO        [ 30/159] DIVISLAB             5m
2026-04-14 20:17:03,431  INFO        [ 31/159] DRREDDY              5m
2026-04-14 20:17:03,617  INFO        [ 32/159] CIPLA                5m
2026-04-14 20:17:03,788  INFO        [ 33/159] EICHERMOT            5m
2026-04-14 20:17:04,013  INFO        [ 34/159] HEROMOTOCO           5m
2026-04-14 20:17:04,198  INFO        [ 35/159] BAJAJFINSV           5m
2026-04-14 20:17:04,419  INFO        [ 36/159] ADANIENT             5m
2026-04-14 20:17:04,564  INFO        [ 37/159] ADANIPORTS           5m
2026-04-14 20:17:04,739  INFO        [ 38/159] APOLLOHOSP           5m
2026-04-14 20:17:04,906  INFO        [ 39/159] BAJAJ-AUTO           5m
2026-04-14 20:17:05,046  INFO        [ 40/159] BPCL                 5m
2026-04-14 20:17:05,283  INFO        [ 41/159] BRITANNIA            5m
2026-04-14 20:17:05,416  INFO        [ 42/159] DABUR                5m
2026-04-14 20:17:05,593  INFO        [ 43/159] DLF                  5m
2026-04-14 20:17:05,779  INFO        [ 44/159] GRASIM               5m
2026-04-14 20:17:05,954  INFO        [ 45/159] HAVELLS              5m
2026-04-14 20:17:06,116  INFO        [ 46/159] HINDALCO             5m
2026-04-14 20:17:06,365  INFO        [ 47/159] INDUSINDBK           5m
2026-04-14 20:17:06,518  INFO        [ 48/159] IOC                  5m
2026-04-14 20:17:06,702  INFO        [ 49/159] M&M                  5m
2026-04-14 20:17:06,865  INFO        [ 50/159] PIDILITIND           5m
2026-04-14 20:17:07,012  INFO        [ 51/159] SBILIFE              5m
2026-04-14 20:17:07,205  INFO        [ 52/159] SHREECEM             5m
2026-04-14 20:17:07,372  INFO        [ 53/159] SIEMENS              5m
2026-04-14 20:17:07,541  INFO        [ 54/159] TRENT                5m
2026-04-14 20:17:07,696  INFO        [ 55/159] VEDL                 5m
2026-04-14 20:17:07,859  INFO        [ 56/159] ZOMATO               5m
2026-04-14 20:17:08,109  ERROR     $ZOMATO.NS: possibly delisted; no timezone found
2026-04-14 20:17:08,111  ERROR     
1 Failed download:
2026-04-14 20:17:08,111  ERROR     ['ZOMATO.NS']: possibly delisted; no timezone found
2026-04-14 20:17:08,113  WARNING     SKIP ZOMATO [5m] — no data (delisted?)
2026-04-14 20:17:08,114  INFO        [ 57/159] DMART                5m
2026-04-14 20:17:08,259  INFO        [ 58/159] IRCTC                5m
2026-04-14 20:17:08,466  INFO        [ 59/159] BERGEPAINT           5m
2026-04-14 20:17:08,627  INFO        [ 60/159] BOSCHLTD             5m
2026-04-14 20:17:08,775  INFO        [ 61/159] CANBK                5m
2026-04-14 20:17:08,950  INFO        [ 62/159] CHOLAFIN             5m
2026-04-14 20:17:09,134  INFO        [ 63/159] COLPAL               5m
2026-04-14 20:17:09,279  INFO        [ 64/159] CONCOR               5m
2026-04-14 20:17:09,489  INFO        [ 65/159] CUMMINSIND           5m
2026-04-14 20:17:09,681  INFO        [ 66/159] ESCORTS              5m
2026-04-14 20:17:09,867  INFO        [ 67/159] FEDERALBNK           5m
2026-04-14 20:17:10,044  INFO        [ 68/159] GODREJCP             5m
2026-04-14 20:17:10,220  INFO        [ 69/159] GODREJPROP           5m
2026-04-14 20:17:10,367  INFO        [ 70/159] HAL                  5m
2026-04-14 20:17:10,552  INFO        [ 71/159] HDFCLIFE             5m
2026-04-14 20:17:10,725  INFO        [ 72/159] HINDPETRO            5m
2026-04-14 20:17:10,963  INFO        [ 73/159] ICICIPRULI           5m
2026-04-14 20:17:11,217  INFO        [ 74/159] IDFCFIRSTB           5m
2026-04-14 20:17:11,372  INFO        [ 75/159] IGL                  5m
2026-04-14 20:17:11,568  INFO        [ 76/159] INDUSTOWER           5m
2026-04-14 20:17:11,703  INFO        [ 77/159] JUBLFOOD             5m
2026-04-14 20:17:11,849  INFO        [ 78/159] LUPIN                5m
2026-04-14 20:17:12,026  INFO        [ 79/159] MARICO               5m
2026-04-14 20:17:12,293  INFO        [ 80/159] MPHASIS              5m
2026-04-14 20:17:12,492  INFO        [ 81/159] MUTHOOTFIN           5m
2026-04-14 20:17:12,655  INFO        [ 82/159] NAUKRI               5m
2026-04-14 20:17:12,856  INFO        [ 83/159] NBCC                 5m
2026-04-14 20:17:13,039  INFO        [ 84/159] NHPC                 5m
2026-04-14 20:17:13,225  INFO        [ 85/159] NMDC                 5m
2026-04-14 20:17:13,362  INFO        [ 86/159] OFSS                 5m
2026-04-14 20:17:13,580  INFO        [ 87/159] PAGEIND              5m
2026-04-14 20:17:13,723  INFO        [ 88/159] PERSISTENT           5m
2026-04-14 20:17:13,867  INFO        [ 89/159] PETRONET             5m
2026-04-14 20:17:14,093  INFO        [ 90/159] PFC                  5m
2026-04-14 20:17:14,350  INFO        [ 91/159] PNB                  5m
2026-04-14 20:17:14,515  INFO        [ 92/159] POLYCAB              5m
2026-04-14 20:17:14,657  INFO        [ 93/159] RBLBANK              5m
2026-04-14 20:17:14,833  INFO        [ 94/159] RECLTD               5m
2026-04-14 20:17:15,010  INFO        [ 95/159] SAIL                 5m
2026-04-14 20:17:15,182  INFO        [ 96/159] SBICARD              5m
2026-04-14 20:17:15,431  INFO        [ 97/159] SHRIRAMFIN           5m
2026-04-14 20:17:15,596  INFO        [ 98/159] SRF                  5m
2026-04-14 20:17:16,780  INFO        [ 99/159] SUNDARMFIN           5m
2026-04-14 20:17:16,972  INFO        [100/159] TATACHEM             5m
2026-04-14 20:17:17,148  INFO        [101/159] TATACONSUM           5m
2026-04-14 20:17:17,296  INFO        [102/159] TORNTPHARM           5m
2026-04-14 20:17:17,490  INFO        [103/159] TORNTPOWER           5m
2026-04-14 20:17:17,652  INFO        [104/159] TVSMOTOR             5m
2026-04-14 20:17:17,861  INFO        [105/159] UPL                  5m
2026-04-14 20:17:18,027  INFO        [106/159] VOLTAS               5m
2026-04-14 20:17:18,238  INFO        [107/159] YESBANK              5m
2026-04-14 20:17:18,420  INFO        [108/159] ZYDUSLIFE            5m
2026-04-14 20:17:18,678  INFO        [109/159] ABCAPITAL            5m
2026-04-14 20:17:18,845  INFO        [110/159] ACC                  5m
2026-04-14 20:17:19,013  INFO        [111/159] ADANIGREEN           5m
2026-04-14 20:17:19,168  INFO        [112/159] ALKEM                5m
2026-04-14 20:17:19,324  INFO        [113/159] AMBUJACEM            5m
2026-04-14 20:17:19,511  INFO        [114/159] ASTRAL               5m
2026-04-14 20:17:19,688  INFO        [115/159] AUROPHARMA           5m
2026-04-14 20:17:19,882  INFO        [116/159] BALKRISIND           5m
2026-04-14 20:17:20,040  INFO        [117/159] BANDHANBNK           5m
2026-04-14 20:17:20,200  INFO        [118/159] BANKBARODA           5m
2026-04-14 20:17:20,380  INFO        [119/159] BATAINDIA            5m
2026-04-14 20:17:20,544  INFO        [120/159] BEL                  5m
2026-04-14 20:17:20,751  INFO        [121/159] BHARATFORG           5m
2026-04-14 20:17:20,948  INFO        [122/159] BHEL                 5m
2026-04-14 20:17:21,121  INFO        [123/159] CDSL                 5m
2026-04-14 20:17:21,293  INFO        [124/159] CESC                 5m
2026-04-14 20:17:21,494  INFO        [125/159] DEEPAKNTR            5m
2026-04-14 20:17:21,704  INFO        [126/159] EMAMILTD             5m
2026-04-14 20:17:21,927  INFO        [127/159] EXIDEIND             5m
2026-04-14 20:17:22,127  INFO        [128/159] FORTIS               5m
2026-04-14 20:17:22,323  INFO        [129/159] GAIL                 5m
2026-04-14 20:17:22,511  INFO        [130/159] GLENMARK             5m
2026-04-14 20:17:22,705  INFO        [131/159] GRANULES             5m
2026-04-14 20:17:22,872  INFO        [132/159] GUJGASLTD            5m
2026-04-14 20:17:23,080  INFO        [133/159] HINDCOPPER           5m
2026-04-14 20:17:23,241  INFO        [134/159] HUDCO                5m
2026-04-14 20:17:24,389  INFO        [135/159] IEX                  5m
2026-04-14 20:17:24,570  INFO        [136/159] INDIGO               5m
2026-04-14 20:17:24,788  INFO        [137/159] IRFC                 5m
2026-04-14 20:17:24,982  INFO        [138/159] JKCEMENT             5m
2026-04-14 20:17:25,146  INFO        [139/159] JSWENERGY            5m
2026-04-14 20:17:25,326  INFO        [140/159] KPITTECH             5m
2026-04-14 20:17:25,490  INFO        [141/159] LAURUSLABS           5m
2026-04-14 20:17:25,683  INFO        [142/159] LICHSGFIN            5m
2026-04-14 20:17:25,860  INFO        [143/159] LODHA                5m
2026-04-14 20:17:26,038  INFO        [144/159] LTTS                 5m
2026-04-14 20:17:27,209  INFO        [145/159] MANAPPURAM           5m
2026-04-14 20:17:27,383  INFO        [146/159] MCX                  5m
2026-04-14 20:17:27,538  INFO        [147/159] METROPOLIS           5m
2026-04-14 20:17:27,766  INFO        [148/159] MRPL                 5m
2026-04-14 20:17:27,965  INFO        [149/159] NATIONALUM           5m
2026-04-14 20:17:28,146  INFO        [150/159] NAVINFLUOR           5m
2026-04-14 20:17:28,359  INFO        [151/159] OLECTRA              5m
2026-04-14 20:17:28,544  INFO        [152/159] PFIZER               5m
2026-04-14 20:17:28,676  INFO        [153/159] SUPREMEIND           5m
2026-04-14 20:17:28,826  INFO        [154/159] TATACOMM             5m
2026-04-14 20:17:30,034  INFO        [155/159] UBL                  5m
2026-04-14 20:17:31,278  INFO        [156/159] UNITDSPR             5m
2026-04-14 20:17:32,542  INFO        [157/159] WHIRLPOOL            5m
2026-04-14 20:17:32,696  INFO        [158/159] CROMPTON             5m
2026-04-14 20:17:32,933  INFO        [159/159] ^NSEI                5m
2026-04-14 20:17:33,117  INFO        → 156/159 tickers OK for 5m
2026-04-14 20:17:33,130  INFO        Saving 5m split by year:
2026-04-14 20:17:36,657  INFO          → master_5m_2026.csv  (584,889 rows)
2026-04-14 20:17:36,662  INFO      
[3/5] Fetching 1-hour data...
2026-04-14 20:17:36,662  INFO        [  1/159] RELIANCE             1h
2026-04-14 20:17:36,926  INFO        [  2/159] TCS                  1h
2026-04-14 20:17:37,140  INFO        [  3/159] HDFCBANK             1h
2026-04-14 20:17:37,409  INFO        [  4/159] BHARTIARTL           1h
2026-04-14 20:17:37,638  INFO        [  5/159] ICICIBANK            1h
2026-04-14 20:17:37,840  INFO        [  6/159] INFOSYS              1h
2026-04-14 20:17:38,026  ERROR     $INFOSYS.NS: possibly delisted; no timezone found
2026-04-14 20:17:38,033  ERROR     
1 Failed download:
2026-04-14 20:17:38,033  ERROR     ['INFOSYS.NS']: possibly delisted; no timezone found
2026-04-14 20:17:38,035  WARNING     SKIP INFOSYS [1h] — no data (delisted?)
2026-04-14 20:17:38,035  INFO        [  7/159] SBIN                 1h
2026-04-14 20:17:38,222  INFO        [  8/159] HINDUNILVR           1h
2026-04-14 20:17:38,433  INFO        [  9/159] ITC                  1h
2026-04-14 20:17:38,615  INFO        [ 10/159] LT                   1h
2026-04-14 20:17:38,787  INFO        [ 11/159] KOTAKBANK            1h
2026-04-14 20:17:39,041  INFO        [ 12/159] AXISBANK             1h
2026-04-14 20:17:39,214  INFO        [ 13/159] BAJFINANCE           1h
2026-04-14 20:17:39,496  INFO        [ 14/159] ASIANPAINT           1h
2026-04-14 20:17:39,758  INFO        [ 15/159] MARUTI               1h
2026-04-14 20:17:39,952  INFO        [ 16/159] TITAN                1h
2026-04-14 20:17:40,132  INFO        [ 17/159] SUNPHARMA            1h
2026-04-14 20:17:40,318  INFO        [ 18/159] ULTRACEMCO           1h
2026-04-14 20:17:40,518  INFO        [ 19/159] WIPRO                1h
2026-04-14 20:17:40,730  INFO        [ 20/159] NESTLEIND            1h
2026-04-14 20:17:40,956  INFO        [ 21/159] ONGC                 1h
2026-04-14 20:17:41,174  INFO        [ 22/159] POWERGRID            1h
2026-04-14 20:17:41,374  INFO        [ 23/159] NTPC                 1h
2026-04-14 20:17:41,602  INFO        [ 24/159] COALINDIA            1h
2026-04-14 20:17:41,832  INFO        [ 25/159] JSWSTEEL             1h
2026-04-14 20:17:42,042  INFO        [ 26/159] TATAMOTORS           1h
2026-04-14 20:17:42,187  ERROR     $TATAMOTORS.NS: possibly delisted; no timezone found
2026-04-14 20:17:42,194  ERROR     
1 Failed download:
2026-04-14 20:17:42,194  ERROR     ['TATAMOTORS.NS']: possibly delisted; no timezone found
2026-04-14 20:17:42,196  WARNING     SKIP TATAMOTORS [1h] — no data (delisted?)
2026-04-14 20:17:42,196  INFO        [ 27/159] TATASTEEL            1h
2026-04-14 20:17:42,370  INFO        [ 28/159] HCLTECH              1h
2026-04-14 20:17:42,560  INFO        [ 29/159] TECHM                1h
2026-04-14 20:17:42,803  INFO        [ 30/159] DIVISLAB             1h
2026-04-14 20:17:44,023  INFO        [ 31/159] DRREDDY              1h
2026-04-14 20:17:44,316  INFO        [ 32/159] CIPLA                1h
2026-04-14 20:17:44,517  INFO        [ 33/159] EICHERMOT            1h
2026-04-14 20:17:44,754  INFO        [ 34/159] HEROMOTOCO           1h
2026-04-14 20:17:45,026  INFO        [ 35/159] BAJAJFINSV           1h
2026-04-14 20:17:45,218  INFO        [ 36/159] ADANIENT             1h
2026-04-14 20:17:45,467  INFO        [ 37/159] ADANIPORTS           1h
2026-04-14 20:17:45,684  INFO        [ 38/159] APOLLOHOSP           1h
2026-04-14 20:17:46,907  INFO        [ 39/159] BAJAJ-AUTO           1h
2026-04-14 20:17:47,114  INFO        [ 40/159] BPCL                 1h
2026-04-14 20:17:47,329  INFO        [ 41/159] BRITANNIA            1h
2026-04-14 20:17:48,599  INFO        [ 42/159] DABUR                1h
2026-04-14 20:17:48,808  INFO        [ 43/159] DLF                  1h
2026-04-14 20:17:49,003  INFO        [ 44/159] GRASIM               1h
2026-04-14 20:17:49,195  INFO        [ 45/159] HAVELLS              1h
2026-04-14 20:17:49,400  INFO        [ 46/159] HINDALCO             1h
2026-04-14 20:17:49,587  INFO        [ 47/159] INDUSINDBK           1h
2026-04-14 20:17:49,779  INFO        [ 48/159] IOC                  1h
2026-04-14 20:17:49,978  INFO        [ 49/159] M&M                  1h
2026-04-14 20:17:50,184  INFO        [ 50/159] PIDILITIND           1h
2026-04-14 20:17:50,456  INFO        [ 51/159] SBILIFE              1h
2026-04-14 20:17:50,679  INFO        [ 52/159] SHREECEM             1h
2026-04-14 20:17:50,886  INFO        [ 53/159] SIEMENS              1h
2026-04-14 20:17:51,133  INFO        [ 54/159] TRENT                1h
2026-04-14 20:17:51,351  INFO        [ 55/159] VEDL                 1h
2026-04-14 20:17:51,638  INFO        [ 56/159] ZOMATO               1h
2026-04-14 20:17:51,879  ERROR     $ZOMATO.NS: possibly delisted; no timezone found
2026-04-14 20:17:51,882  ERROR     
1 Failed download:
2026-04-14 20:17:51,882  ERROR     ['ZOMATO.NS']: possibly delisted; no timezone found
2026-04-14 20:17:51,884  WARNING     SKIP ZOMATO [1h] — no data (delisted?)
2026-04-14 20:17:51,884  INFO        [ 57/159] DMART                1h
2026-04-14 20:17:52,065  INFO        [ 58/159] IRCTC                1h
2026-04-14 20:17:52,303  INFO        [ 59/159] BERGEPAINT           1h
2026-04-14 20:17:52,517  INFO        [ 60/159] BOSCHLTD             1h
2026-04-14 20:17:52,779  INFO        [ 61/159] CANBK                1h
2026-04-14 20:17:52,979  INFO        [ 62/159] CHOLAFIN             1h
2026-04-14 20:17:53,171  INFO        [ 63/159] COLPAL               1h
2026-04-14 20:17:53,358  INFO        [ 64/159] CONCOR               1h
2026-04-14 20:17:53,627  INFO        [ 65/159] CUMMINSIND           1h
2026-04-14 20:17:53,822  INFO        [ 66/159] ESCORTS              1h
2026-04-14 20:17:54,010  INFO        [ 67/159] FEDERALBNK           1h
2026-04-14 20:17:54,225  INFO        [ 68/159] GODREJCP             1h
2026-04-14 20:17:54,409  INFO        [ 69/159] GODREJPROP           1h
2026-04-14 20:17:54,595  INFO        [ 70/159] HAL                  1h
2026-04-14 20:17:54,807  INFO        [ 71/159] HDFCLIFE             1h
2026-04-14 20:17:55,003  INFO        [ 72/159] HINDPETRO            1h
2026-04-14 20:17:55,193  INFO        [ 73/159] ICICIPRULI           1h
2026-04-14 20:17:55,375  INFO        [ 74/159] IDFCFIRSTB           1h
2026-04-14 20:17:56,621  INFO        [ 75/159] IGL                  1h
2026-04-14 20:17:56,810  INFO        [ 76/159] INDUSTOWER           1h
2026-04-14 20:17:56,974  INFO        [ 77/159] JUBLFOOD             1h
2026-04-14 20:17:57,153  INFO        [ 78/159] LUPIN                1h
2026-04-14 20:17:57,412  INFO        [ 79/159] MARICO               1h
2026-04-14 20:17:57,708  INFO        [ 80/159] MPHASIS              1h
2026-04-14 20:17:57,935  INFO        [ 81/159] MUTHOOTFIN           1h
2026-04-14 20:17:58,200  INFO        [ 82/159] NAUKRI               1h
2026-04-14 20:17:58,423  INFO        [ 83/159] NBCC                 1h
2026-04-14 20:17:58,618  INFO        [ 84/159] NHPC                 1h
2026-04-14 20:17:58,806  INFO        [ 85/159] NMDC                 1h
2026-04-14 20:18:00,056  INFO        [ 86/159] OFSS                 1h
2026-04-14 20:18:00,271  INFO        [ 87/159] PAGEIND              1h
2026-04-14 20:18:00,457  INFO        [ 88/159] PERSISTENT           1h
2026-04-14 20:18:01,706  INFO        [ 89/159] PETRONET             1h
2026-04-14 20:18:01,922  INFO        [ 90/159] PFC                  1h
2026-04-14 20:18:02,175  INFO        [ 91/159] PNB                  1h
2026-04-14 20:18:02,394  INFO        [ 92/159] POLYCAB              1h
2026-04-14 20:18:02,579  INFO        [ 93/159] RBLBANK              1h
2026-04-14 20:18:02,830  INFO        [ 94/159] RECLTD               1h
2026-04-14 20:18:04,057  INFO        [ 95/159] SAIL                 1h
2026-04-14 20:18:04,277  INFO        [ 96/159] SBICARD              1h
2026-04-14 20:18:04,490  INFO        [ 97/159] SHRIRAMFIN           1h
2026-04-14 20:18:04,749  INFO        [ 98/159] SRF                  1h
2026-04-14 20:18:04,944  INFO        [ 99/159] SUNDARMFIN           1h
2026-04-14 20:18:05,230  INFO        [100/159] TATACHEM             1h
2026-04-14 20:18:05,422  INFO        [101/159] TATACONSUM           1h
2026-04-14 20:18:05,597  INFO        [102/159] TORNTPHARM           1h
2026-04-14 20:18:05,801  INFO        [103/159] TORNTPOWER           1h
2026-04-14 20:18:06,039  INFO        [104/159] TVSMOTOR             1h
2026-04-14 20:18:06,231  INFO        [105/159] UPL                  1h
2026-04-14 20:18:06,423  INFO        [106/159] VOLTAS               1h
2026-04-14 20:18:06,616  INFO        [107/159] YESBANK              1h
2026-04-14 20:18:06,821  INFO        [108/159] ZYDUSLIFE            1h
2026-04-14 20:18:07,023  INFO        [109/159] ABCAPITAL            1h
2026-04-14 20:18:07,249  INFO        [110/159] ACC                  1h
2026-04-14 20:18:07,439  INFO        [111/159] ADANIGREEN           1h
2026-04-14 20:18:07,643  INFO        [112/159] ALKEM                1h
2026-04-14 20:18:07,856  INFO        [113/159] AMBUJACEM            1h
2026-04-14 20:18:08,097  INFO        [114/159] ASTRAL               1h
2026-04-14 20:18:08,275  INFO        [115/159] AUROPHARMA           1h
2026-04-14 20:18:08,484  INFO        [116/159] BALKRISIND           1h
2026-04-14 20:18:08,688  INFO        [117/159] BANDHANBNK           1h
2026-04-14 20:18:08,905  INFO        [118/159] BANKBARODA           1h
2026-04-14 20:18:09,086  INFO        [119/159] BATAINDIA            1h
2026-04-14 20:18:09,258  INFO        [120/159] BEL                  1h
2026-04-14 20:18:09,477  INFO        [121/159] BHARATFORG           1h
2026-04-14 20:18:09,680  INFO        [122/159] BHEL                 1h
2026-04-14 20:18:09,907  INFO        [123/159] CDSL                 1h
2026-04-14 20:18:10,093  INFO        [124/159] CESC                 1h
2026-04-14 20:18:11,383  INFO        [125/159] DEEPAKNTR            1h
2026-04-14 20:18:11,606  INFO        [126/159] EMAMILTD             1h
2026-04-14 20:18:11,877  INFO        [127/159] EXIDEIND             1h
2026-04-14 20:18:12,077  INFO        [128/159] FORTIS               1h
2026-04-14 20:18:12,250  INFO        [129/159] GAIL                 1h
2026-04-14 20:18:12,548  INFO        [130/159] GLENMARK             1h
2026-04-14 20:18:12,728  INFO        [131/159] GRANULES             1h
2026-04-14 20:18:12,906  INFO        [132/159] GUJGASLTD            1h
2026-04-14 20:18:13,100  INFO        [133/159] HINDCOPPER           1h
2026-04-14 20:18:13,300  INFO        [134/159] HUDCO                1h
2026-04-14 20:18:13,570  INFO        [135/159] IEX                  1h
2026-04-14 20:18:13,770  INFO        [136/159] INDIGO               1h
2026-04-14 20:18:13,971  INFO        [137/159] IRFC                 1h
2026-04-14 20:18:14,153  INFO        [138/159] JKCEMENT             1h
2026-04-14 20:18:14,338  INFO        [139/159] JSWENERGY            1h
2026-04-14 20:18:14,558  INFO        [140/159] KPITTECH             1h
2026-04-14 20:18:14,764  INFO        [141/159] LAURUSLABS           1h
2026-04-14 20:18:14,976  INFO        [142/159] LICHSGFIN            1h
2026-04-14 20:18:15,186  INFO        [143/159] LODHA                1h
2026-04-14 20:18:15,442  INFO        [144/159] LTTS                 1h
2026-04-14 20:18:15,657  INFO        [145/159] MANAPPURAM           1h
2026-04-14 20:18:15,848  INFO        [146/159] MCX                  1h
2026-04-14 20:18:16,100  INFO        [147/159] METROPOLIS           1h
2026-04-14 20:18:16,394  INFO        [148/159] MRPL                 1h
2026-04-14 20:18:16,601  INFO        [149/159] NATIONALUM           1h
2026-04-14 20:18:16,837  INFO        [150/159] NAVINFLUOR           1h
2026-04-14 20:18:17,031  INFO        [151/159] OLECTRA              1h
2026-04-14 20:18:17,219  INFO        [152/159] PFIZER               1h
2026-04-14 20:18:17,493  INFO        [153/159] SUPREMEIND           1h
2026-04-14 20:18:17,706  INFO        [154/159] TATACOMM             1h
2026-04-14 20:18:17,920  INFO        [155/159] UBL                  1h
2026-04-14 20:18:18,103  INFO        [156/159] UNITDSPR             1h
2026-04-14 20:18:18,321  INFO        [157/159] WHIRLPOOL            1h
2026-04-14 20:18:18,500  INFO        [158/159] CROMPTON             1h
2026-04-14 20:18:18,738  INFO        [159/159] ^NSEI                1h
2026-04-14 20:18:18,986  INFO        → 156/159 tickers OK for 1h
2026-04-14 20:18:19,029  INFO        Backup → backup_master_1h.csv
2026-04-14 20:18:22,314  INFO          → master_1h.csv  (539,480 rows)
2026-04-14 20:18:22,318  INFO      
[4/5] Resampling 1m → 5m and 1h...
2026-04-14 20:18:24,216  INFO        Generated 5m rows : 152,096
2026-04-14 20:18:24,216  INFO        Generated 1h rows : 14,196
2026-04-14 20:18:24,216  INFO      
[5/5] Validating...
2026-04-14 20:18:32,807  WARNING     Validation [5m]: 435345 issues.
2026-04-14 20:18:33,882  WARNING     Validation [1h]: 553676 issues.
2026-04-14 20:18:36,545  INFO        Validation report → 989021 rows (last 30 days only)
2026-04-14 20:18:36,549  INFO        Skipped: 9 tickers → skipped_tickers.csv
2026-04-14 20:18:36,549  INFO      
============================================================
2026-04-14 20:18:36,549  INFO      Pipeline COMPLETE ✓
2026-04-14 20:18:36,549  INFO        1m files  : 2 monthly files in data/1m/
2026-04-14 20:18:36,550  INFO          master_1m_2026_03.csv  (25.3 MB)
2026-04-14 20:18:36,550  INFO          master_1m_2026_04.csv  (40.6 MB)
2026-04-14 20:18:36,550  INFO        5m files  : 1 yearly files in data/5m/
2026-04-14 20:18:36,550  INFO          master_5m_2026.csv  (50.8 MB)
2026-04-14 20:18:36,550  INFO        1h file   : master_1h.csv  (47.4 MB)
2026-04-14 20:18:36,550  INFO        Skipped   : 9 tickers
2026-04-14 20:18:36,550  INFO      ============================================================
