2026-04-07 20:00:42,717  WARNING     Deleted oversized validation_report.csv (70.0 MB) — will recreate.
2026-04-07 20:00:42,717  INFO      ============================================================
2026-04-07 20:00:42,717  INFO      Indian Market Data Pipeline v3 — START
2026-04-07 20:00:42,717  INFO      Run time : 2026-04-07 20:00:42
2026-04-07 20:00:42,717  INFO      Tickers  : 158 stocks + Nifty Index
2026-04-07 20:00:42,717  INFO      File layout:
2026-04-07 20:00:42,718  INFO        1m  → data/1m/master_1m_YYYY_MM.csv  (one per month)
2026-04-07 20:00:42,718  INFO        5m  → data/5m/master_5m_YYYY.csv     (one per year)
2026-04-07 20:00:42,718  INFO        1h  → data/master_1h.csv             (single file)
2026-04-07 20:00:42,718  INFO      ============================================================
2026-04-07 20:00:42,718  INFO      
[1/5] Fetching 1-minute data...
2026-04-07 20:00:42,718  INFO        [  1/159] RELIANCE             1m
2026-04-07 20:00:43,102  INFO        [  2/159] TCS                  1m
2026-04-07 20:00:43,325  INFO        [  3/159] HDFCBANK             1m
2026-04-07 20:00:43,537  INFO        [  4/159] BHARTIARTL           1m
2026-04-07 20:00:43,699  INFO        [  5/159] ICICIBANK            1m
2026-04-07 20:00:43,964  INFO        [  6/159] INFOSYS              1m
2026-04-07 20:00:44,241  ERROR     HTTP Error 404: {"quoteSummary":{"result":null,"error":{"code":"Not Found","description":"Quote not found for symbol: INFOSYS.NS"}}}
2026-04-07 20:00:44,457  ERROR     $INFOSYS.NS: possibly delisted; no timezone found
2026-04-07 20:00:44,459  ERROR     
1 Failed download:
2026-04-07 20:00:44,459  ERROR     ['INFOSYS.NS']: possibly delisted; no timezone found
2026-04-07 20:00:44,462  WARNING     SKIP INFOSYS [1m] — no data (delisted?)
2026-04-07 20:00:44,462  INFO        [  7/159] SBIN                 1m
2026-04-07 20:00:44,701  INFO        [  8/159] HINDUNILVR           1m
2026-04-07 20:00:44,904  INFO        [  9/159] ITC                  1m
2026-04-07 20:00:45,085  INFO        [ 10/159] LT                   1m
2026-04-07 20:00:45,277  INFO        [ 11/159] KOTAKBANK            1m
2026-04-07 20:00:45,452  INFO        [ 12/159] AXISBANK             1m
2026-04-07 20:00:45,634  INFO        [ 13/159] BAJFINANCE           1m
2026-04-07 20:00:45,846  INFO        [ 14/159] ASIANPAINT           1m
2026-04-07 20:00:46,019  INFO        [ 15/159] MARUTI               1m
2026-04-07 20:00:46,201  INFO        [ 16/159] TITAN                1m
2026-04-07 20:00:46,372  INFO        [ 17/159] SUNPHARMA            1m
2026-04-07 20:00:46,555  INFO        [ 18/159] ULTRACEMCO           1m
2026-04-07 20:00:46,715  INFO        [ 19/159] WIPRO                1m
2026-04-07 20:00:47,202  INFO        [ 20/159] NESTLEIND            1m
2026-04-07 20:00:47,409  INFO        [ 21/159] ONGC                 1m
2026-04-07 20:00:47,613  INFO        [ 22/159] POWERGRID            1m
2026-04-07 20:00:47,848  INFO        [ 23/159] NTPC                 1m
2026-04-07 20:00:48,013  INFO        [ 24/159] COALINDIA            1m
2026-04-07 20:00:48,183  INFO        [ 25/159] JSWSTEEL             1m
2026-04-07 20:00:48,424  INFO        [ 26/159] TATAMOTORS           1m
2026-04-07 20:00:48,769  ERROR     HTTP Error 404: {"quoteSummary":{"result":null,"error":{"code":"Not Found","description":"Quote not found for symbol: TATAMOTORS.NS"}}}
2026-04-07 20:00:48,864  ERROR     $TATAMOTORS.NS: possibly delisted; no timezone found
2026-04-07 20:00:48,869  ERROR     
1 Failed download:
2026-04-07 20:00:48,869  ERROR     ['TATAMOTORS.NS']: possibly delisted; no timezone found
2026-04-07 20:00:48,872  WARNING     SKIP TATAMOTORS [1m] — no data (delisted?)
2026-04-07 20:00:48,872  INFO        [ 27/159] TATASTEEL            1m
2026-04-07 20:00:49,064  INFO        [ 28/159] HCLTECH              1m
2026-04-07 20:00:49,255  INFO        [ 29/159] TECHM                1m
2026-04-07 20:00:49,427  INFO        [ 30/159] DIVISLAB             1m
2026-04-07 20:00:49,598  INFO        [ 31/159] DRREDDY              1m
2026-04-07 20:00:49,831  INFO        [ 32/159] CIPLA                1m
2026-04-07 20:00:50,006  INFO        [ 33/159] EICHERMOT            1m
2026-04-07 20:00:50,203  INFO        [ 34/159] HEROMOTOCO           1m
2026-04-07 20:00:50,384  INFO        [ 35/159] BAJAJFINSV           1m
2026-04-07 20:00:50,588  INFO        [ 36/159] ADANIENT             1m
2026-04-07 20:00:50,770  INFO        [ 37/159] ADANIPORTS           1m
2026-04-07 20:00:50,941  INFO        [ 38/159] APOLLOHOSP           1m
2026-04-07 20:00:51,117  INFO        [ 39/159] BAJAJ-AUTO           1m
2026-04-07 20:00:51,353  INFO        [ 40/159] BPCL                 1m
2026-04-07 20:00:51,516  ERROR     Failed to get ticker 'BPCL.NS' reason: Expecting value: line 1 column 1 (char 0)
2026-04-07 20:00:51,517  ERROR     $BPCL.NS: possibly delisted; no timezone found
2026-04-07 20:00:51,526  ERROR     
1 Failed download:
2026-04-07 20:00:51,526  ERROR     ['BPCL.NS']: possibly delisted; no timezone found
2026-04-07 20:00:51,528  WARNING     SKIP BPCL [1m] — no data (delisted?)
2026-04-07 20:00:51,529  INFO        [ 41/159] BRITANNIA            1m
2026-04-07 20:00:51,702  INFO        [ 42/159] DABUR                1m
2026-04-07 20:00:51,918  INFO        [ 43/159] DLF                  1m
2026-04-07 20:00:52,170  INFO        [ 44/159] GRASIM               1m
2026-04-07 20:00:52,393  INFO        [ 45/159] HAVELLS              1m
2026-04-07 20:00:52,599  INFO        [ 46/159] HINDALCO             1m
2026-04-07 20:00:52,831  INFO        [ 47/159] INDUSINDBK           1m
2026-04-07 20:00:53,012  INFO        [ 48/159] IOC                  1m
2026-04-07 20:00:53,197  INFO        [ 49/159] M&M                  1m
2026-04-07 20:00:53,400  INFO        [ 50/159] PIDILITIND           1m
2026-04-07 20:00:53,577  INFO        [ 51/159] SBILIFE              1m
2026-04-07 20:00:53,727  INFO        [ 52/159] SHREECEM             1m
2026-04-07 20:00:53,871  INFO        [ 53/159] SIEMENS              1m
2026-04-07 20:00:54,073  INFO        [ 54/159] TRENT                1m
2026-04-07 20:00:54,297  INFO        [ 55/159] VEDL                 1m
2026-04-07 20:00:55,270  INFO        [ 56/159] ZOMATO               1m
2026-04-07 20:00:55,507  ERROR     $ZOMATO.NS: possibly delisted; no timezone found
2026-04-07 20:00:55,513  ERROR     
1 Failed download:
2026-04-07 20:00:55,513  ERROR     ['ZOMATO.NS']: possibly delisted; no timezone found
2026-04-07 20:00:55,515  WARNING     SKIP ZOMATO [1m] — no data (delisted?)
2026-04-07 20:00:55,516  INFO        [ 57/159] DMART                1m
2026-04-07 20:00:55,707  INFO        [ 58/159] IRCTC                1m
2026-04-07 20:00:55,944  INFO        [ 59/159] BERGEPAINT           1m
2026-04-07 20:00:56,165  INFO        [ 60/159] BOSCHLTD             1m
2026-04-07 20:00:57,440  INFO        [ 61/159] CANBK                1m
2026-04-07 20:00:57,632  INFO        [ 62/159] CHOLAFIN             1m
2026-04-07 20:00:57,859  INFO        [ 63/159] COLPAL               1m
2026-04-07 20:00:58,105  INFO        [ 64/159] CONCOR               1m
2026-04-07 20:00:58,420  INFO        [ 65/159] CUMMINSIND           1m
2026-04-07 20:00:58,614  INFO        [ 66/159] ESCORTS              1m
2026-04-07 20:00:58,786  INFO        [ 67/159] FEDERALBNK           1m
2026-04-07 20:00:58,987  INFO        [ 68/159] GODREJCP             1m
2026-04-07 20:00:59,171  INFO        [ 69/159] GODREJPROP           1m
2026-04-07 20:00:59,386  INFO        [ 70/159] HAL                  1m
2026-04-07 20:00:59,547  INFO        [ 71/159] HDFCLIFE             1m
2026-04-07 20:00:59,688  INFO        [ 72/159] HINDPETRO            1m
2026-04-07 20:01:00,053  INFO        [ 73/159] ICICIPRULI           1m
2026-04-07 20:01:00,236  INFO        [ 74/159] IDFCFIRSTB           1m
2026-04-07 20:01:00,389  INFO        [ 75/159] IGL                  1m
2026-04-07 20:01:00,587  INFO        [ 76/159] INDUSTOWER           1m
2026-04-07 20:01:00,740  INFO        [ 77/159] JUBLFOOD             1m
2026-04-07 20:01:00,933  INFO        [ 78/159] LUPIN                1m
2026-04-07 20:01:01,128  INFO        [ 79/159] MARICO               1m
2026-04-07 20:01:02,331  INFO        [ 80/159] MPHASIS              1m
2026-04-07 20:01:02,545  INFO        [ 81/159] MUTHOOTFIN           1m
2026-04-07 20:01:02,710  INFO        [ 82/159] NAUKRI               1m
2026-04-07 20:01:02,883  INFO        [ 83/159] NBCC                 1m
2026-04-07 20:01:03,044  INFO        [ 84/159] NHPC                 1m
2026-04-07 20:01:03,237  INFO        [ 85/159] NMDC                 1m
2026-04-07 20:01:03,439  INFO        [ 86/159] OFSS                 1m
2026-04-07 20:01:04,651  INFO        [ 87/159] PAGEIND              1m
2026-04-07 20:01:05,854  INFO        [ 88/159] PERSISTENT           1m
2026-04-07 20:01:06,066  INFO        [ 89/159] PETRONET             1m
2026-04-07 20:01:06,249  INFO        [ 90/159] PFC                  1m
2026-04-07 20:01:06,482  INFO        [ 91/159] PNB                  1m
2026-04-07 20:01:06,689  INFO        [ 92/159] POLYCAB              1m
2026-04-07 20:01:06,885  INFO        [ 93/159] RBLBANK              1m
2026-04-07 20:01:07,058  INFO        [ 94/159] RECLTD               1m
2026-04-07 20:01:07,271  INFO        [ 95/159] SAIL                 1m
2026-04-07 20:01:07,485  INFO        [ 96/159] SBICARD              1m
2026-04-07 20:01:07,757  INFO        [ 97/159] SHRIRAMFIN           1m
2026-04-07 20:01:08,009  INFO        [ 98/159] SRF                  1m
2026-04-07 20:01:08,180  INFO        [ 99/159] SUNDARMFIN           1m
2026-04-07 20:01:08,382  INFO        [100/159] TATACHEM             1m
2026-04-07 20:01:08,584  INFO        [101/159] TATACONSUM           1m
2026-04-07 20:01:08,817  INFO        [102/159] TORNTPHARM           1m
2026-04-07 20:01:08,989  INFO        [103/159] TORNTPOWER           1m
2026-04-07 20:01:09,191  INFO        [104/159] TVSMOTOR             1m
2026-04-07 20:01:09,386  INFO        [105/159] UPL                  1m
2026-04-07 20:01:09,546  INFO        [106/159] VOLTAS               1m
2026-04-07 20:01:09,763  INFO        [107/159] YESBANK              1m
2026-04-07 20:01:09,928  INFO        [108/159] ZYDUSLIFE            1m
2026-04-07 20:01:10,131  INFO        [109/159] ABCAPITAL            1m
2026-04-07 20:01:11,325  INFO        [110/159] ACC                  1m
2026-04-07 20:01:11,509  INFO        [111/159] ADANIGREEN           1m
2026-04-07 20:01:11,721  INFO        [112/159] ALKEM                1m
2026-04-07 20:01:12,922  INFO        [113/159] AMBUJACEM            1m
2026-04-07 20:01:13,081  INFO        [114/159] ASTRAL               1m
2026-04-07 20:01:14,315  INFO        [115/159] AUROPHARMA           1m
2026-04-07 20:01:14,490  INFO        [116/159] BALKRISIND           1m
2026-04-07 20:01:14,862  INFO        [117/159] BANDHANBNK           1m
2026-04-07 20:01:15,022  INFO        [118/159] BANKBARODA           1m
2026-04-07 20:01:15,206  INFO        [119/159] BATAINDIA            1m
2026-04-07 20:01:15,379  INFO        [120/159] BEL                  1m
2026-04-07 20:01:15,574  INFO        [121/159] BHARATFORG           1m
2026-04-07 20:01:15,796  INFO        [122/159] BHEL                 1m
2026-04-07 20:01:15,958  INFO        [123/159] CDSL                 1m
2026-04-07 20:01:17,142  INFO        [124/159] CESC                 1m
2026-04-07 20:01:17,309  INFO        [125/159] DEEPAKNTR            1m
2026-04-07 20:01:17,482  INFO        [126/159] EMAMILTD             1m
2026-04-07 20:01:17,776  INFO        [127/159] EXIDEIND             1m
2026-04-07 20:01:18,001  INFO        [128/159] FORTIS               1m
2026-04-07 20:01:18,197  INFO        [129/159] GAIL                 1m
2026-04-07 20:01:18,533  INFO        [130/159] GLENMARK             1m
2026-04-07 20:01:18,734  INFO        [131/159] GRANULES             1m
2026-04-07 20:01:18,970  INFO        [132/159] GUJGASLTD            1m
2026-04-07 20:01:20,163  INFO        [133/159] HINDCOPPER           1m
2026-04-07 20:01:21,414  INFO        [134/159] HUDCO                1m
2026-04-07 20:01:21,601  INFO        [135/159] IEX                  1m
2026-04-07 20:01:21,745  INFO        [136/159] INDIGO               1m
2026-04-07 20:01:21,898  INFO        [137/159] IRFC                 1m
2026-04-07 20:01:22,027  INFO        [138/159] JKCEMENT             1m
2026-04-07 20:01:22,222  INFO        [139/159] JSWENERGY            1m
2026-04-07 20:01:22,383  INFO        [140/159] KPITTECH             1m
2026-04-07 20:01:22,563  INFO        [141/159] LAURUSLABS           1m
2026-04-07 20:01:22,737  INFO        [142/159] LICHSGFIN            1m
2026-04-07 20:01:22,962  INFO        [143/159] LODHA                1m
2026-04-07 20:01:23,124  INFO        [144/159] LTTS                 1m
2026-04-07 20:01:23,650  INFO        [145/159] MANAPPURAM           1m
2026-04-07 20:01:23,831  INFO        [146/159] MCX                  1m
2026-04-07 20:01:25,023  INFO        [147/159] METROPOLIS           1m
2026-04-07 20:01:25,196  INFO        [148/159] MRPL                 1m
2026-04-07 20:01:25,388  INFO        [149/159] NATIONALUM           1m
2026-04-07 20:01:25,594  INFO        [150/159] NAVINFLUOR           1m
2026-04-07 20:01:25,755  INFO        [151/159] OLECTRA              1m
2026-04-07 20:01:25,957  INFO        [152/159] PFIZER               1m
2026-04-07 20:01:26,129  INFO        [153/159] SUPREMEIND           1m
2026-04-07 20:01:26,335  INFO        [154/159] TATACOMM             1m
2026-04-07 20:01:26,590  INFO        [155/159] UBL                  1m
2026-04-07 20:01:26,793  INFO        [156/159] UNITDSPR             1m
2026-04-07 20:01:27,342  INFO        [157/159] WHIRLPOOL            1m
2026-04-07 20:01:27,486  INFO        [158/159] CROMPTON             1m
2026-04-07 20:01:28,702  INFO        [159/159] ^NSEI                1m
2026-04-07 20:01:28,926  INFO        → 155/159 tickers OK for 1m
2026-04-07 20:01:28,939  INFO        Saving 1m split by month:
2026-04-07 20:01:30,356  INFO          → master_1m_2026_04.csv  (232,884 rows)
2026-04-07 20:01:30,358  INFO      
[2/5] Fetching 5-minute data...
2026-04-07 20:01:30,358  INFO        [  1/159] RELIANCE             5m
2026-04-07 20:01:30,522  INFO        [  2/159] TCS                  5m
2026-04-07 20:01:30,658  INFO        [  3/159] HDFCBANK             5m
2026-04-07 20:01:31,899  INFO        [  4/159] BHARTIARTL           5m
2026-04-07 20:01:33,084  INFO        [  5/159] ICICIBANK            5m
2026-04-07 20:01:33,250  INFO        [  6/159] INFOSYS              5m
2026-04-07 20:01:34,446  ERROR     $INFOSYS.NS: possibly delisted; no timezone found
2026-04-07 20:01:34,453  ERROR     
1 Failed download:
2026-04-07 20:01:34,454  ERROR     ['INFOSYS.NS']: possibly delisted; no timezone found
2026-04-07 20:01:34,456  WARNING     SKIP INFOSYS [5m] — no data (delisted?)
2026-04-07 20:01:34,456  INFO        [  7/159] SBIN                 5m
2026-04-07 20:01:34,603  INFO        [  8/159] HINDUNILVR           5m
2026-04-07 20:01:34,772  INFO        [  9/159] ITC                  5m
2026-04-07 20:01:35,005  INFO        [ 10/159] LT                   5m
2026-04-07 20:01:35,173  INFO        [ 11/159] KOTAKBANK            5m
2026-04-07 20:01:35,309  INFO        [ 12/159] AXISBANK             5m
2026-04-07 20:01:35,495  INFO        [ 13/159] BAJFINANCE           5m
2026-04-07 20:01:35,645  INFO        [ 14/159] ASIANPAINT           5m
2026-04-07 20:01:35,811  INFO        [ 15/159] MARUTI               5m
2026-04-07 20:01:36,037  INFO        [ 16/159] TITAN                5m
2026-04-07 20:01:36,220  INFO        [ 17/159] SUNPHARMA            5m
2026-04-07 20:01:37,437  INFO        [ 18/159] ULTRACEMCO           5m
2026-04-07 20:01:37,619  INFO        [ 19/159] WIPRO                5m
2026-04-07 20:01:37,824  INFO        [ 20/159] NESTLEIND            5m
2026-04-07 20:01:37,981  INFO        [ 21/159] ONGC                 5m
2026-04-07 20:01:38,163  INFO        [ 22/159] POWERGRID            5m
2026-04-07 20:01:38,323  INFO        [ 23/159] NTPC                 5m
2026-04-07 20:01:38,468  INFO        [ 24/159] COALINDIA            5m
2026-04-07 20:01:38,644  INFO        [ 25/159] JSWSTEEL             5m
2026-04-07 20:01:39,869  INFO        [ 26/159] TATAMOTORS           5m
2026-04-07 20:01:39,991  ERROR     $TATAMOTORS.NS: possibly delisted; no timezone found
2026-04-07 20:01:39,991  ERROR     
1 Failed download:
2026-04-07 20:01:39,991  ERROR     ['TATAMOTORS.NS']: possibly delisted; no timezone found
2026-04-07 20:01:39,994  WARNING     SKIP TATAMOTORS [5m] — no data (delisted?)
2026-04-07 20:01:39,994  INFO        [ 27/159] TATASTEEL            5m
2026-04-07 20:01:40,152  INFO        [ 28/159] HCLTECH              5m
2026-04-07 20:01:40,307  INFO        [ 29/159] TECHM                5m
2026-04-07 20:01:40,504  INFO        [ 30/159] DIVISLAB             5m
2026-04-07 20:01:41,749  INFO        [ 31/159] DRREDDY              5m
2026-04-07 20:01:41,932  INFO        [ 32/159] CIPLA                5m
2026-04-07 20:01:42,098  INFO        [ 33/159] EICHERMOT            5m
2026-04-07 20:01:42,231  INFO        [ 34/159] HEROMOTOCO           5m
2026-04-07 20:01:42,439  INFO        [ 35/159] BAJAJFINSV           5m
2026-04-07 20:01:42,574  INFO        [ 36/159] ADANIENT             5m
2026-04-07 20:01:42,728  INFO        [ 37/159] ADANIPORTS           5m
2026-04-07 20:01:42,878  INFO        [ 38/159] APOLLOHOSP           5m
2026-04-07 20:01:43,688  INFO        [ 39/159] BAJAJ-AUTO           5m
2026-04-07 20:01:43,852  INFO        [ 40/159] BPCL                 5m
2026-04-07 20:01:44,069  INFO        [ 41/159] BRITANNIA            5m
2026-04-07 20:01:44,256  INFO        [ 42/159] DABUR                5m
2026-04-07 20:01:44,399  INFO        [ 43/159] DLF                  5m
2026-04-07 20:01:44,575  INFO        [ 44/159] GRASIM               5m
2026-04-07 20:01:44,738  INFO        [ 45/159] HAVELLS              5m
2026-04-07 20:01:44,893  INFO        [ 46/159] HINDALCO             5m
2026-04-07 20:01:45,089  INFO        [ 47/159] INDUSINDBK           5m
2026-04-07 20:01:45,242  INFO        [ 48/159] IOC                  5m
2026-04-07 20:01:45,399  INFO        [ 49/159] M&M                  5m
2026-04-07 20:01:45,571  INFO        [ 50/159] PIDILITIND           5m
2026-04-07 20:01:45,721  INFO        [ 51/159] SBILIFE              5m
2026-04-07 20:01:45,938  INFO        [ 52/159] SHREECEM             5m
2026-04-07 20:01:46,196  INFO        [ 53/159] SIEMENS              5m
2026-04-07 20:01:46,355  INFO        [ 54/159] TRENT                5m
2026-04-07 20:01:46,493  INFO        [ 55/159] VEDL                 5m
2026-04-07 20:01:46,681  INFO        [ 56/159] ZOMATO               5m
2026-04-07 20:01:46,851  ERROR     $ZOMATO.NS: possibly delisted; no timezone found
2026-04-07 20:01:46,853  ERROR     
1 Failed download:
2026-04-07 20:01:46,853  ERROR     ['ZOMATO.NS']: possibly delisted; no timezone found
2026-04-07 20:01:46,855  WARNING     SKIP ZOMATO [5m] — no data (delisted?)
2026-04-07 20:01:46,855  INFO        [ 57/159] DMART                5m
2026-04-07 20:01:47,010  INFO        [ 58/159] IRCTC                5m
2026-04-07 20:01:47,175  INFO        [ 59/159] BERGEPAINT           5m
2026-04-07 20:01:47,419  INFO        [ 60/159] BOSCHLTD             5m
2026-04-07 20:01:47,627  INFO        [ 61/159] CANBK                5m
2026-04-07 20:01:47,778  INFO        [ 62/159] CHOLAFIN             5m
2026-04-07 20:01:47,924  INFO        [ 63/159] COLPAL               5m
2026-04-07 20:01:48,083  INFO        [ 64/159] CONCOR               5m
2026-04-07 20:01:48,251  INFO        [ 65/159] CUMMINSIND           5m
2026-04-07 20:01:48,401  INFO        [ 66/159] ESCORTS              5m
2026-04-07 20:01:48,605  INFO        [ 67/159] FEDERALBNK           5m
2026-04-07 20:01:49,808  INFO        [ 68/159] GODREJCP             5m
2026-04-07 20:01:49,979  INFO        [ 69/159] GODREJPROP           5m
2026-04-07 20:01:50,122  INFO        [ 70/159] HAL                  5m
2026-04-07 20:01:50,411  INFO        [ 71/159] HDFCLIFE             5m
2026-04-07 20:01:50,583  INFO        [ 72/159] HINDPETRO            5m
2026-04-07 20:01:50,754  INFO        [ 73/159] ICICIPRULI           5m
2026-04-07 20:01:50,949  INFO        [ 74/159] IDFCFIRSTB           5m
2026-04-07 20:01:51,351  INFO        [ 75/159] IGL                  5m
2026-04-07 20:01:52,540  INFO        [ 76/159] INDUSTOWER           5m
2026-04-07 20:01:52,706  INFO        [ 77/159] JUBLFOOD             5m
2026-04-07 20:01:53,878  INFO        [ 78/159] LUPIN                5m
2026-04-07 20:01:54,065  INFO        [ 79/159] MARICO               5m
2026-04-07 20:01:55,250  INFO        [ 80/159] MPHASIS              5m
2026-04-07 20:01:55,414  INFO        [ 81/159] MUTHOOTFIN           5m
2026-04-07 20:01:55,664  INFO        [ 82/159] NAUKRI               5m
2026-04-07 20:01:55,821  INFO        [ 83/159] NBCC                 5m
2026-04-07 20:01:56,006  INFO        [ 84/159] NHPC                 5m
2026-04-07 20:01:56,212  INFO        [ 85/159] NMDC                 5m
2026-04-07 20:01:57,429  INFO        [ 86/159] OFSS                 5m
2026-04-07 20:01:57,585  INFO        [ 87/159] PAGEIND              5m
2026-04-07 20:01:57,763  INFO        [ 88/159] PERSISTENT           5m
2026-04-07 20:01:58,040  INFO        [ 89/159] PETRONET             5m
2026-04-07 20:01:58,199  INFO        [ 90/159] PFC                  5m
2026-04-07 20:01:58,372  INFO        [ 91/159] PNB                  5m
2026-04-07 20:01:58,516  INFO        [ 92/159] POLYCAB              5m
2026-04-07 20:01:58,661  INFO        [ 93/159] RBLBANK              5m
2026-04-07 20:01:58,817  INFO        [ 94/159] RECLTD               5m
2026-04-07 20:01:58,973  INFO        [ 95/159] SAIL                 5m
2026-04-07 20:01:59,136  INFO        [ 96/159] SBICARD              5m
2026-04-07 20:01:59,285  INFO        [ 97/159] SHRIRAMFIN           5m
2026-04-07 20:01:59,439  INFO        [ 98/159] SRF                  5m
2026-04-07 20:01:59,582  INFO        [ 99/159] SUNDARMFIN           5m
2026-04-07 20:01:59,782  INFO        [100/159] TATACHEM             5m
2026-04-07 20:01:59,940  INFO        [101/159] TATACONSUM           5m
2026-04-07 20:02:00,093  INFO        [102/159] TORNTPHARM           5m
2026-04-07 20:02:00,362  INFO        [103/159] TORNTPOWER           5m
2026-04-07 20:02:00,504  INFO        [104/159] TVSMOTOR             5m
2026-04-07 20:02:00,679  INFO        [105/159] UPL                  5m
2026-04-07 20:02:00,902  INFO        [106/159] VOLTAS               5m
2026-04-07 20:02:01,079  INFO        [107/159] YESBANK              5m
2026-04-07 20:02:01,217  INFO        [108/159] ZYDUSLIFE            5m
2026-04-07 20:02:01,390  INFO        [109/159] ABCAPITAL            5m
2026-04-07 20:02:02,631  INFO        [110/159] ACC                  5m
2026-04-07 20:02:02,825  INFO        [111/159] ADANIGREEN           5m
2026-04-07 20:02:02,978  INFO        [112/159] ALKEM                5m
2026-04-07 20:02:03,136  INFO        [113/159] AMBUJACEM            5m
2026-04-07 20:02:04,294  INFO        [114/159] ASTRAL               5m
2026-04-07 20:02:04,440  INFO        [115/159] AUROPHARMA           5m
2026-04-07 20:02:05,670  INFO        [116/159] BALKRISIND           5m
2026-04-07 20:02:05,815  INFO        [117/159] BANDHANBNK           5m
2026-04-07 20:02:05,969  INFO        [118/159] BANKBARODA           5m
2026-04-07 20:02:06,121  INFO        [119/159] BATAINDIA            5m
2026-04-07 20:02:07,319  INFO        [120/159] BEL                  5m
2026-04-07 20:02:07,475  INFO        [121/159] BHARATFORG           5m
2026-04-07 20:02:07,622  INFO        [122/159] BHEL                 5m
2026-04-07 20:02:07,803  INFO        [123/159] CDSL                 5m
2026-04-07 20:02:07,972  INFO        [124/159] CESC                 5m
2026-04-07 20:02:08,353  INFO        [125/159] DEEPAKNTR            5m
2026-04-07 20:02:08,517  INFO        [126/159] EMAMILTD             5m
2026-04-07 20:02:09,716  INFO        [127/159] EXIDEIND             5m
2026-04-07 20:02:09,869  INFO        [128/159] FORTIS               5m
2026-04-07 20:02:10,059  INFO        [129/159] GAIL                 5m
2026-04-07 20:02:11,275  INFO        [130/159] GLENMARK             5m
2026-04-07 20:02:11,463  INFO        [131/159] GRANULES             5m
2026-04-07 20:02:11,639  INFO        [132/159] GUJGASLTD            5m
2026-04-07 20:02:11,777  INFO        [133/159] HINDCOPPER           5m
2026-04-07 20:02:11,926  INFO        [134/159] HUDCO                5m
2026-04-07 20:02:12,141  INFO        [135/159] IEX                  5m
2026-04-07 20:02:12,305  INFO        [136/159] INDIGO               5m
2026-04-07 20:02:12,462  INFO        [137/159] IRFC                 5m
2026-04-07 20:02:12,641  INFO        [138/159] JKCEMENT             5m
2026-04-07 20:02:12,841  INFO        [139/159] JSWENERGY            5m
2026-04-07 20:02:12,989  INFO        [140/159] KPITTECH             5m
2026-04-07 20:02:13,143  INFO        [141/159] LAURUSLABS           5m
2026-04-07 20:02:13,281  INFO        [142/159] LICHSGFIN            5m
2026-04-07 20:02:13,437  INFO        [143/159] LODHA                5m
2026-04-07 20:02:13,611  INFO        [144/159] LTTS                 5m
2026-04-07 20:02:13,836  INFO        [145/159] MANAPPURAM           5m
2026-04-07 20:02:13,994  INFO        [146/159] MCX                  5m
2026-04-07 20:02:14,139  INFO        [147/159] METROPOLIS           5m
2026-04-07 20:02:15,355  INFO        [148/159] MRPL                 5m
2026-04-07 20:02:15,529  INFO        [149/159] NATIONALUM           5m
2026-04-07 20:02:15,676  INFO        [150/159] NAVINFLUOR           5m
2026-04-07 20:02:15,843  INFO        [151/159] OLECTRA              5m
2026-04-07 20:02:16,008  INFO        [152/159] PFIZER               5m
2026-04-07 20:02:17,218  INFO        [153/159] SUPREMEIND           5m
2026-04-07 20:02:17,366  INFO        [154/159] TATACOMM             5m
2026-04-07 20:02:17,537  INFO        [155/159] UBL                  5m
2026-04-07 20:02:17,714  INFO        [156/159] UNITDSPR             5m
2026-04-07 20:02:17,872  INFO        [157/159] WHIRLPOOL            5m
2026-04-07 20:02:18,056  INFO        [158/159] CROMPTON             5m
2026-04-07 20:02:18,196  INFO        [159/159] ^NSEI                5m
2026-04-07 20:02:18,351  INFO        → 156/159 tickers OK for 5m
2026-04-07 20:02:18,367  INFO        Saving 5m split by year:
2026-04-07 20:02:21,637  INFO          → master_5m_2026.csv  (538,091 rows)
2026-04-07 20:02:21,642  INFO      
[3/5] Fetching 1-hour data...
2026-04-07 20:02:21,642  INFO        [  1/159] RELIANCE             1h
2026-04-07 20:02:21,870  INFO        [  2/159] TCS                  1h
2026-04-07 20:02:22,030  INFO        [  3/159] HDFCBANK             1h
2026-04-07 20:02:22,257  INFO        [  4/159] BHARTIARTL           1h
2026-04-07 20:02:22,428  INFO        [  5/159] ICICIBANK            1h
2026-04-07 20:02:22,607  INFO        [  6/159] INFOSYS              1h
2026-04-07 20:02:22,749  ERROR     $INFOSYS.NS: possibly delisted; no timezone found
2026-04-07 20:02:22,750  ERROR     
1 Failed download:
2026-04-07 20:02:22,750  ERROR     ['INFOSYS.NS']: possibly delisted; no timezone found
2026-04-07 20:02:22,752  WARNING     SKIP INFOSYS [1h] — no data (delisted?)
2026-04-07 20:02:22,752  INFO        [  7/159] SBIN                 1h
2026-04-07 20:02:22,952  INFO        [  8/159] HINDUNILVR           1h
2026-04-07 20:02:23,174  INFO        [  9/159] ITC                  1h
2026-04-07 20:02:24,350  INFO        [ 10/159] LT                   1h
2026-04-07 20:02:24,504  INFO        [ 11/159] KOTAKBANK            1h
2026-04-07 20:02:24,743  INFO        [ 12/159] AXISBANK             1h
2026-04-07 20:02:24,903  INFO        [ 13/159] BAJFINANCE           1h
2026-04-07 20:02:25,148  INFO        [ 14/159] ASIANPAINT           1h
2026-04-07 20:02:25,317  INFO        [ 15/159] MARUTI               1h
2026-04-07 20:02:25,511  INFO        [ 16/159] TITAN                1h
2026-04-07 20:02:25,790  INFO        [ 17/159] SUNPHARMA            1h
2026-04-07 20:02:25,981  INFO        [ 18/159] ULTRACEMCO           1h
2026-04-07 20:02:26,171  INFO        [ 19/159] WIPRO                1h
2026-04-07 20:02:26,436  INFO        [ 20/159] NESTLEIND            1h
2026-04-07 20:02:26,662  INFO        [ 21/159] ONGC                 1h
2026-04-07 20:02:26,835  INFO        [ 22/159] POWERGRID            1h
2026-04-07 20:02:27,011  INFO        [ 23/159] NTPC                 1h
2026-04-07 20:02:27,211  INFO        [ 24/159] COALINDIA            1h
2026-04-07 20:02:27,424  INFO        [ 25/159] JSWSTEEL             1h
2026-04-07 20:02:27,594  INFO        [ 26/159] TATAMOTORS           1h
2026-04-07 20:02:28,774  ERROR     $TATAMOTORS.NS: possibly delisted; no timezone found
2026-04-07 20:02:28,777  ERROR     
1 Failed download:
2026-04-07 20:02:28,777  ERROR     ['TATAMOTORS.NS']: possibly delisted; no timezone found
2026-04-07 20:02:28,779  WARNING     SKIP TATAMOTORS [1h] — no data (delisted?)
2026-04-07 20:02:28,780  INFO        [ 27/159] TATASTEEL            1h
2026-04-07 20:02:29,006  INFO        [ 28/159] HCLTECH              1h
2026-04-07 20:02:29,161  INFO        [ 29/159] TECHM                1h
2026-04-07 20:02:29,334  INFO        [ 30/159] DIVISLAB             1h
2026-04-07 20:02:29,517  INFO        [ 31/159] DRREDDY              1h
2026-04-07 20:02:29,760  INFO        [ 32/159] CIPLA                1h
2026-04-07 20:02:29,940  INFO        [ 33/159] EICHERMOT            1h
2026-04-07 20:02:31,148  INFO        [ 34/159] HEROMOTOCO           1h
2026-04-07 20:02:31,316  INFO        [ 35/159] BAJAJFINSV           1h
2026-04-07 20:02:31,553  INFO        [ 36/159] ADANIENT             1h
2026-04-07 20:02:31,756  INFO        [ 37/159] ADANIPORTS           1h
2026-04-07 20:02:31,921  INFO        [ 38/159] APOLLOHOSP           1h
2026-04-07 20:02:33,194  INFO        [ 39/159] BAJAJ-AUTO           1h
2026-04-07 20:02:33,372  INFO        [ 40/159] BPCL                 1h
2026-04-07 20:02:33,563  INFO        [ 41/159] BRITANNIA            1h
2026-04-07 20:02:33,722  INFO        [ 42/159] DABUR                1h
2026-04-07 20:02:33,923  INFO        [ 43/159] DLF                  1h
2026-04-07 20:02:34,110  INFO        [ 44/159] GRASIM               1h
2026-04-07 20:02:34,351  INFO        [ 45/159] HAVELLS              1h
2026-04-07 20:02:34,533  INFO        [ 46/159] HINDALCO             1h
2026-04-07 20:02:34,697  INFO        [ 47/159] INDUSINDBK           1h
2026-04-07 20:02:34,873  INFO        [ 48/159] IOC                  1h
2026-04-07 20:02:35,036  INFO        [ 49/159] M&M                  1h
2026-04-07 20:02:35,225  INFO        [ 50/159] PIDILITIND           1h
2026-04-07 20:02:35,459  INFO        [ 51/159] SBILIFE              1h
2026-04-07 20:02:35,658  INFO        [ 52/159] SHREECEM             1h
2026-04-07 20:02:35,887  INFO        [ 53/159] SIEMENS              1h
2026-04-07 20:02:36,092  INFO        [ 54/159] TRENT                1h
2026-04-07 20:02:36,372  INFO        [ 55/159] VEDL                 1h
2026-04-07 20:02:36,559  INFO        [ 56/159] ZOMATO               1h
2026-04-07 20:02:36,690  ERROR     $ZOMATO.NS: possibly delisted; no timezone found
2026-04-07 20:02:36,691  ERROR     
1 Failed download:
2026-04-07 20:02:36,691  ERROR     ['ZOMATO.NS']: possibly delisted; no timezone found
2026-04-07 20:02:36,693  WARNING     SKIP ZOMATO [1h] — no data (delisted?)
2026-04-07 20:02:36,693  INFO        [ 57/159] DMART                1h
2026-04-07 20:02:36,902  INFO        [ 58/159] IRCTC                1h
2026-04-07 20:02:38,099  INFO        [ 59/159] BERGEPAINT           1h
2026-04-07 20:02:38,280  INFO        [ 60/159] BOSCHLTD             1h
2026-04-07 20:02:38,476  INFO        [ 61/159] CANBK                1h
2026-04-07 20:02:38,679  INFO        [ 62/159] CHOLAFIN             1h
2026-04-07 20:02:38,888  INFO        [ 63/159] COLPAL               1h
2026-04-07 20:02:39,077  INFO        [ 64/159] CONCOR               1h
2026-04-07 20:02:39,326  INFO        [ 65/159] CUMMINSIND           1h
2026-04-07 20:02:39,489  INFO        [ 66/159] ESCORTS              1h
2026-04-07 20:02:40,702  INFO        [ 67/159] FEDERALBNK           1h
2026-04-07 20:02:40,897  INFO        [ 68/159] GODREJCP             1h
2026-04-07 20:02:41,166  INFO        [ 69/159] GODREJPROP           1h
2026-04-07 20:02:41,336  INFO        [ 70/159] HAL                  1h
2026-04-07 20:02:41,562  INFO        [ 71/159] HDFCLIFE             1h
2026-04-07 20:02:41,798  INFO        [ 72/159] HINDPETRO            1h
2026-04-07 20:02:41,989  INFO        [ 73/159] ICICIPRULI           1h
2026-04-07 20:02:42,156  INFO        [ 74/159] IDFCFIRSTB           1h
2026-04-07 20:02:42,334  INFO        [ 75/159] IGL                  1h
2026-04-07 20:02:42,623  INFO        [ 76/159] INDUSTOWER           1h
2026-04-07 20:02:42,812  INFO        [ 77/159] JUBLFOOD             1h
2026-04-07 20:02:42,985  INFO        [ 78/159] LUPIN                1h
2026-04-07 20:02:43,169  INFO        [ 79/159] MARICO               1h
2026-04-07 20:02:43,341  INFO        [ 80/159] MPHASIS              1h
2026-04-07 20:02:43,525  INFO        [ 81/159] MUTHOOTFIN           1h
2026-04-07 20:02:43,734  INFO        [ 82/159] NAUKRI               1h
2026-04-07 20:02:43,961  INFO        [ 83/159] NBCC                 1h
2026-04-07 20:02:44,173  INFO        [ 84/159] NHPC                 1h
2026-04-07 20:02:44,361  INFO        [ 85/159] NMDC                 1h
2026-04-07 20:02:45,574  INFO        [ 86/159] OFSS                 1h
2026-04-07 20:02:45,743  INFO        [ 87/159] PAGEIND              1h
2026-04-07 20:02:46,020  INFO        [ 88/159] PERSISTENT           1h
2026-04-07 20:02:46,201  INFO        [ 89/159] PETRONET             1h
2026-04-07 20:02:46,451  INFO        [ 90/159] PFC                  1h
2026-04-07 20:02:46,610  INFO        [ 91/159] PNB                  1h
2026-04-07 20:02:46,781  INFO        [ 92/159] POLYCAB              1h
2026-04-07 20:02:47,000  INFO        [ 93/159] RBLBANK              1h
2026-04-07 20:02:47,233  INFO        [ 94/159] RECLTD               1h
2026-04-07 20:02:47,406  INFO        [ 95/159] SAIL                 1h
2026-04-07 20:02:47,615  INFO        [ 96/159] SBICARD              1h
2026-04-07 20:02:47,779  INFO        [ 97/159] SHRIRAMFIN           1h
2026-04-07 20:02:48,016  INFO        [ 98/159] SRF                  1h
2026-04-07 20:02:48,194  INFO        [ 99/159] SUNDARMFIN           1h
2026-04-07 20:02:48,368  INFO        [100/159] TATACHEM             1h
2026-04-07 20:02:49,576  INFO        [101/159] TATACONSUM           1h
2026-04-07 20:02:49,790  INFO        [102/159] TORNTPHARM           1h
2026-04-07 20:02:49,977  INFO        [103/159] TORNTPOWER           1h
2026-04-07 20:02:50,150  INFO        [104/159] TVSMOTOR             1h
2026-04-07 20:02:50,335  INFO        [105/159] UPL                  1h
2026-04-07 20:02:50,537  INFO        [106/159] VOLTAS               1h
2026-04-07 20:02:50,729  INFO        [107/159] YESBANK              1h
2026-04-07 20:02:50,899  INFO        [108/159] ZYDUSLIFE            1h
2026-04-07 20:02:51,098  INFO        [109/159] ABCAPITAL            1h
2026-04-07 20:02:51,259  INFO        [110/159] ACC                  1h
2026-04-07 20:02:51,466  INFO        [111/159] ADANIGREEN           1h
2026-04-07 20:02:51,613  INFO        [112/159] ALKEM                1h
2026-04-07 20:02:51,809  INFO        [113/159] AMBUJACEM            1h
2026-04-07 20:02:51,976  INFO        [114/159] ASTRAL               1h
2026-04-07 20:02:52,160  INFO        [115/159] AUROPHARMA           1h
2026-04-07 20:02:52,348  INFO        [116/159] BALKRISIND           1h
2026-04-07 20:02:53,543  INFO        [117/159] BANDHANBNK           1h
2026-04-07 20:02:54,766  INFO        [118/159] BANKBARODA           1h
2026-04-07 20:02:54,996  INFO        [119/159] BATAINDIA            1h
2026-04-07 20:02:55,186  INFO        [120/159] BEL                  1h
2026-04-07 20:02:55,394  INFO        [121/159] BHARATFORG           1h
2026-04-07 20:02:55,579  INFO        [122/159] BHEL                 1h
2026-04-07 20:02:55,775  INFO        [123/159] CDSL                 1h
2026-04-07 20:02:57,014  INFO        [124/159] CESC                 1h
2026-04-07 20:02:57,208  INFO        [125/159] DEEPAKNTR            1h
2026-04-07 20:02:57,425  INFO        [126/159] EMAMILTD             1h
2026-04-07 20:02:57,580  INFO        [127/159] EXIDEIND             1h
2026-04-07 20:02:57,750  INFO        [128/159] FORTIS               1h
2026-04-07 20:02:57,950  INFO        [129/159] GAIL                 1h
2026-04-07 20:02:58,165  INFO        [130/159] GLENMARK             1h
2026-04-07 20:02:58,348  INFO        [131/159] GRANULES             1h
2026-04-07 20:02:58,671  INFO        [132/159] GUJGASLTD            1h
2026-04-07 20:02:58,970  INFO        [133/159] HINDCOPPER           1h
2026-04-07 20:02:59,210  INFO        [134/159] HUDCO                1h
2026-04-07 20:02:59,377  INFO        [135/159] IEX                  1h
2026-04-07 20:02:59,568  INFO        [136/159] INDIGO               1h
2026-04-07 20:02:59,923  INFO        [137/159] IRFC                 1h
2026-04-07 20:03:00,120  INFO        [138/159] JKCEMENT             1h
2026-04-07 20:03:00,274  INFO        [139/159] JSWENERGY            1h
2026-04-07 20:03:00,640  INFO        [140/159] KPITTECH             1h
2026-04-07 20:03:00,836  INFO        [141/159] LAURUSLABS           1h
2026-04-07 20:03:01,047  INFO        [142/159] LICHSGFIN            1h
2026-04-07 20:03:01,224  INFO        [143/159] LODHA                1h
2026-04-07 20:03:01,391  INFO        [144/159] LTTS                 1h
2026-04-07 20:03:01,600  INFO        [145/159] MANAPPURAM           1h
2026-04-07 20:03:01,771  INFO        [146/159] MCX                  1h
2026-04-07 20:03:01,988  INFO        [147/159] METROPOLIS           1h
2026-04-07 20:03:02,211  INFO        [148/159] MRPL                 1h
2026-04-07 20:03:02,386  INFO        [149/159] NATIONALUM           1h
2026-04-07 20:03:02,561  INFO        [150/159] NAVINFLUOR           1h
2026-04-07 20:03:02,768  INFO        [151/159] OLECTRA              1h
2026-04-07 20:03:03,984  INFO        [152/159] PFIZER               1h
2026-04-07 20:03:04,159  INFO        [153/159] SUPREMEIND           1h
2026-04-07 20:03:04,367  INFO        [154/159] TATACOMM             1h
2026-04-07 20:03:04,539  INFO        [155/159] UBL                  1h
2026-04-07 20:03:04,742  INFO        [156/159] UNITDSPR             1h
2026-04-07 20:03:04,924  INFO        [157/159] WHIRLPOOL            1h
2026-04-07 20:03:05,148  INFO        [158/159] CROMPTON             1h
2026-04-07 20:03:05,398  INFO        [159/159] ^NSEI                1h
2026-04-07 20:03:05,674  INFO        → 156/159 tickers OK for 1h
2026-04-07 20:03:05,719  INFO        Backup → backup_master_1h.csv
2026-04-07 20:03:09,162  INFO          → master_1h.csv  (535,112 rows)
2026-04-07 20:03:09,166  INFO      
[4/5] Resampling 1m → 5m and 1h...
2026-04-07 20:03:10,843  INFO        Generated 5m rows : 105,223
2026-04-07 20:03:10,844  INFO        Generated 1h rows : 9,821
2026-04-07 20:03:10,844  INFO      
[5/5] Validating...
2026-04-07 20:03:15,124  WARNING     Validation [5m]: 434618 issues.
2026-04-07 20:03:16,252  WARNING     Validation [1h]: 544933 issues.
2026-04-07 20:03:18,900  INFO        Validation report → 979551 rows (last 30 days only)
2026-04-07 20:03:18,904  INFO        Skipped: 10 tickers → skipped_tickers.csv
2026-04-07 20:03:18,904  INFO      
============================================================
2026-04-07 20:03:18,904  INFO      Pipeline COMPLETE ✓
2026-04-07 20:03:18,904  INFO        1m files  : 2 monthly files in data/1m/
2026-04-07 20:03:18,904  INFO          master_1m_2026_03.csv  (25.3 MB)
2026-04-07 20:03:18,904  INFO          master_1m_2026_04.csv  (20.3 MB)
2026-04-07 20:03:18,904  INFO        5m files  : 1 yearly files in data/5m/
2026-04-07 20:03:18,904  INFO          master_5m_2026.csv  (46.7 MB)
2026-04-07 20:03:18,904  INFO        1h file   : master_1h.csv  (47.1 MB)
2026-04-07 20:03:18,904  INFO        Skipped   : 10 tickers
2026-04-07 20:03:18,904  INFO      ============================================================
