2026-04-02 19:39:05,622  WARNING     Deleted oversized validation_report.csv (69.7 MB) — will recreate.
2026-04-02 19:39:05,622  INFO      ============================================================
2026-04-02 19:39:05,622  INFO      Indian Market Data Pipeline v3 — START
2026-04-02 19:39:05,622  INFO      Run time : 2026-04-02 19:39:05
2026-04-02 19:39:05,622  INFO      Tickers  : 158 stocks + Nifty Index
2026-04-02 19:39:05,622  INFO      File layout:
2026-04-02 19:39:05,622  INFO        1m  → data/1m/master_1m_YYYY_MM.csv  (one per month)
2026-04-02 19:39:05,622  INFO        5m  → data/5m/master_5m_YYYY.csv     (one per year)
2026-04-02 19:39:05,622  INFO        1h  → data/master_1h.csv             (single file)
2026-04-02 19:39:05,622  INFO      ============================================================
2026-04-02 19:39:05,622  INFO      
[1/5] Fetching 1-minute data...
2026-04-02 19:39:05,622  INFO        [  1/159] RELIANCE             1m
2026-04-02 19:39:06,231  INFO        [  2/159] TCS                  1m
2026-04-02 19:39:06,514  INFO        [  3/159] HDFCBANK             1m
2026-04-02 19:39:06,727  INFO        [  4/159] BHARTIARTL           1m
2026-04-02 19:39:07,073  INFO        [  5/159] ICICIBANK            1m
2026-04-02 19:39:07,294  INFO        [  6/159] INFOSYS              1m
2026-04-02 19:39:08,339  ERROR     HTTP Error 404: {"quoteSummary":{"result":null,"error":{"code":"Not Found","description":"Quote not found for symbol: INFOSYS.NS"}}}
2026-04-02 19:39:08,717  ERROR     $INFOSYS.NS: possibly delisted; no timezone found
2026-04-02 19:39:08,720  ERROR     
1 Failed download:
2026-04-02 19:39:08,720  ERROR     ['INFOSYS.NS']: possibly delisted; no timezone found
2026-04-02 19:39:08,722  WARNING     SKIP INFOSYS [1m] — no data (delisted?)
2026-04-02 19:39:08,722  INFO        [  7/159] SBIN                 1m
2026-04-02 19:39:09,108  INFO        [  8/159] HINDUNILVR           1m
2026-04-02 19:39:09,373  INFO        [  9/159] ITC                  1m
2026-04-02 19:39:09,637  INFO        [ 10/159] LT                   1m
2026-04-02 19:39:09,921  INFO        [ 11/159] KOTAKBANK            1m
2026-04-02 19:39:10,224  INFO        [ 12/159] AXISBANK             1m
2026-04-02 19:39:10,418  INFO        [ 13/159] BAJFINANCE           1m
2026-04-02 19:39:10,785  INFO        [ 14/159] ASIANPAINT           1m
2026-04-02 19:39:11,080  INFO        [ 15/159] MARUTI               1m
2026-04-02 19:39:11,393  INFO        [ 16/159] TITAN                1m
2026-04-02 19:39:11,769  INFO        [ 17/159] SUNPHARMA            1m
2026-04-02 19:39:12,072  INFO        [ 18/159] ULTRACEMCO           1m
2026-04-02 19:39:12,476  INFO        [ 19/159] WIPRO                1m
2026-04-02 19:39:12,871  INFO        [ 20/159] NESTLEIND            1m
2026-04-02 19:39:13,118  INFO        [ 21/159] ONGC                 1m
2026-04-02 19:39:13,348  INFO        [ 22/159] POWERGRID            1m
2026-04-02 19:39:13,621  INFO        [ 23/159] NTPC                 1m
2026-04-02 19:39:13,944  INFO        [ 24/159] COALINDIA            1m
2026-04-02 19:39:14,301  INFO        [ 25/159] JSWSTEEL             1m
2026-04-02 19:39:14,565  INFO        [ 26/159] TATAMOTORS           1m
2026-04-02 19:39:14,851  ERROR     HTTP Error 404: {"quoteSummary":{"result":null,"error":{"code":"Not Found","description":"Quote not found for symbol: TATAMOTORS.NS"}}}
2026-04-02 19:39:14,961  ERROR     $TATAMOTORS.NS: possibly delisted; no timezone found
2026-04-02 19:39:14,969  ERROR     
1 Failed download:
2026-04-02 19:39:14,969  ERROR     ['TATAMOTORS.NS']: possibly delisted; no timezone found
2026-04-02 19:39:14,971  WARNING     SKIP TATAMOTORS [1m] — no data (delisted?)
2026-04-02 19:39:14,972  INFO        [ 27/159] TATASTEEL            1m
2026-04-02 19:39:15,197  INFO        [ 28/159] HCLTECH              1m
2026-04-02 19:39:15,585  INFO        [ 29/159] TECHM                1m
2026-04-02 19:39:15,838  INFO        [ 30/159] DIVISLAB             1m
2026-04-02 19:39:16,162  INFO        [ 31/159] DRREDDY              1m
2026-04-02 19:39:16,357  INFO        [ 32/159] CIPLA                1m
2026-04-02 19:39:16,581  INFO        [ 33/159] EICHERMOT            1m
2026-04-02 19:39:16,836  INFO        [ 34/159] HEROMOTOCO           1m
2026-04-02 19:39:17,160  INFO        [ 35/159] BAJAJFINSV           1m
2026-04-02 19:39:17,452  INFO        [ 36/159] ADANIENT             1m
2026-04-02 19:39:17,622  INFO        [ 37/159] ADANIPORTS           1m
2026-04-02 19:39:17,833  INFO        [ 38/159] APOLLOHOSP           1m
2026-04-02 19:39:18,338  INFO        [ 39/159] BAJAJ-AUTO           1m
2026-04-02 19:39:18,498  INFO        [ 40/159] BPCL                 1m
2026-04-02 19:39:18,780  INFO        [ 41/159] BRITANNIA            1m
2026-04-02 19:39:19,033  INFO        [ 42/159] DABUR                1m
2026-04-02 19:39:19,241  INFO        [ 43/159] DLF                  1m
2026-04-02 19:39:19,415  INFO        [ 44/159] GRASIM               1m
2026-04-02 19:39:19,617  INFO        [ 45/159] HAVELLS              1m
2026-04-02 19:39:19,890  INFO        [ 46/159] HINDALCO             1m
2026-04-02 19:39:20,166  INFO        [ 47/159] INDUSINDBK           1m
2026-04-02 19:39:20,421  INFO        [ 48/159] IOC                  1m
2026-04-02 19:39:20,667  INFO        [ 49/159] M&M                  1m
2026-04-02 19:39:20,908  INFO        [ 50/159] PIDILITIND           1m
2026-04-02 19:39:21,151  INFO        [ 51/159] SBILIFE              1m
2026-04-02 19:39:21,467  INFO        [ 52/159] SHREECEM             1m
2026-04-02 19:39:21,972  INFO        [ 53/159] SIEMENS              1m
2026-04-02 19:39:22,185  INFO        [ 54/159] TRENT                1m
2026-04-02 19:39:22,662  INFO        [ 55/159] VEDL                 1m
2026-04-02 19:39:23,167  INFO        [ 56/159] ZOMATO               1m
2026-04-02 19:39:23,349  ERROR     $ZOMATO.NS: possibly delisted; no timezone found
2026-04-02 19:39:23,359  ERROR     
1 Failed download:
2026-04-02 19:39:23,359  ERROR     ['ZOMATO.NS']: possibly delisted; no timezone found
2026-04-02 19:39:23,361  WARNING     SKIP ZOMATO [1m] — no data (delisted?)
2026-04-02 19:39:23,362  INFO        [ 57/159] DMART                1m
2026-04-02 19:39:23,725  INFO        [ 58/159] IRCTC                1m
2026-04-02 19:39:24,018  INFO        [ 59/159] BERGEPAINT           1m
2026-04-02 19:39:24,392  INFO        [ 60/159] BOSCHLTD             1m
2026-04-02 19:39:24,655  INFO        [ 61/159] CANBK                1m
2026-04-02 19:39:24,916  INFO        [ 62/159] CHOLAFIN             1m
2026-04-02 19:39:25,169  INFO        [ 63/159] COLPAL               1m
2026-04-02 19:39:25,461  INFO        [ 64/159] CONCOR               1m
2026-04-02 19:39:26,138  INFO        [ 65/159] CUMMINSIND           1m
2026-04-02 19:39:26,349  INFO        [ 66/159] ESCORTS              1m
2026-04-02 19:39:26,651  INFO        [ 67/159] FEDERALBNK           1m
2026-04-02 19:39:26,948  INFO        [ 68/159] GODREJCP             1m
2026-04-02 19:39:27,262  INFO        [ 69/159] GODREJPROP           1m
2026-04-02 19:39:27,428  INFO        [ 70/159] HAL                  1m
2026-04-02 19:39:27,661  INFO        [ 71/159] HDFCLIFE             1m
2026-04-02 19:39:27,823  INFO        [ 72/159] HINDPETRO            1m
2026-04-02 19:39:28,126  INFO        [ 73/159] ICICIPRULI           1m
2026-04-02 19:39:28,347  INFO        [ 74/159] IDFCFIRSTB           1m
2026-04-02 19:39:28,568  INFO        [ 75/159] IGL                  1m
2026-04-02 19:39:28,913  INFO        [ 76/159] INDUSTOWER           1m
2026-04-02 19:39:29,105  INFO        [ 77/159] JUBLFOOD             1m
2026-04-02 19:39:29,357  INFO        [ 78/159] LUPIN                1m
2026-04-02 19:39:29,965  INFO        [ 79/159] MARICO               1m
2026-04-02 19:39:30,147  INFO        [ 80/159] MPHASIS              1m
2026-04-02 19:39:30,512  INFO        [ 81/159] MUTHOOTFIN           1m
2026-04-02 19:39:30,682  INFO        [ 82/159] NAUKRI               1m
2026-04-02 19:39:30,878  INFO        [ 83/159] NBCC                 1m
2026-04-02 19:39:31,153  INFO        [ 84/159] NHPC                 1m
2026-04-02 19:39:31,465  INFO        [ 85/159] NMDC                 1m
2026-04-02 19:39:32,181  INFO        [ 86/159] OFSS                 1m
2026-04-02 19:39:32,427  INFO        [ 87/159] PAGEIND              1m
2026-04-02 19:39:32,821  INFO        [ 88/159] PERSISTENT           1m
2026-04-02 19:39:33,105  INFO        [ 89/159] PETRONET             1m
2026-04-02 19:39:33,392  INFO        [ 90/159] PFC                  1m
2026-04-02 19:39:33,599  INFO        [ 91/159] PNB                  1m
2026-04-02 19:39:33,812  INFO        [ 92/159] POLYCAB              1m
2026-04-02 19:39:34,003  INFO        [ 93/159] RBLBANK              1m
2026-04-02 19:39:34,205  INFO        [ 94/159] RECLTD               1m
2026-04-02 19:39:34,477  INFO        [ 95/159] SAIL                 1m
2026-04-02 19:39:34,854  INFO        [ 96/159] SBICARD              1m
2026-04-02 19:39:34,997  INFO        [ 97/159] SHRIRAMFIN           1m
2026-04-02 19:39:35,230  INFO        [ 98/159] SRF                  1m
2026-04-02 19:39:35,625  INFO        [ 99/159] SUNDARMFIN           1m
2026-04-02 19:39:35,819  INFO        [100/159] TATACHEM             1m
2026-04-02 19:39:36,175  INFO        [101/159] TATACONSUM           1m
2026-04-02 19:39:36,370  INFO        [102/159] TORNTPHARM           1m
2026-04-02 19:39:36,545  INFO        [103/159] TORNTPOWER           1m
2026-04-02 19:39:37,048  INFO        [104/159] TVSMOTOR             1m
2026-04-02 19:39:37,365  INFO        [105/159] UPL                  1m
2026-04-02 19:39:37,758  INFO        [106/159] VOLTAS               1m
2026-04-02 19:39:38,192  INFO        [107/159] YESBANK              1m
2026-04-02 19:39:38,417  INFO        [108/159] ZYDUSLIFE            1m
2026-04-02 19:39:38,758  INFO        [109/159] ABCAPITAL            1m
2026-04-02 19:39:38,980  INFO        [110/159] ACC                  1m
2026-04-02 19:39:39,164  INFO        [111/159] ADANIGREEN           1m
2026-04-02 19:39:40,327  INFO        [112/159] ALKEM                1m
2026-04-02 19:39:40,582  INFO        [113/159] AMBUJACEM            1m
2026-04-02 19:39:40,806  INFO        [114/159] ASTRAL               1m
2026-04-02 19:39:40,978  INFO        [115/159] AUROPHARMA           1m
2026-04-02 19:39:41,172  INFO        [116/159] BALKRISIND           1m
2026-04-02 19:39:41,656  INFO        [117/159] BANDHANBNK           1m
2026-04-02 19:39:41,857  INFO        [118/159] BANKBARODA           1m
2026-04-02 19:39:42,034  INFO        [119/159] BATAINDIA            1m
2026-04-02 19:39:42,197  INFO        [120/159] BEL                  1m
2026-04-02 19:39:42,450  INFO        [121/159] BHARATFORG           1m
2026-04-02 19:39:42,782  INFO        [122/159] BHEL                 1m
2026-04-02 19:39:43,094  INFO        [123/159] CDSL                 1m
2026-04-02 19:39:43,541  INFO        [124/159] CESC                 1m
2026-04-02 19:39:43,824  INFO        [125/159] DEEPAKNTR            1m
2026-04-02 19:39:44,118  INFO        [126/159] EMAMILTD             1m
2026-04-02 19:39:44,443  INFO        [127/159] EXIDEIND             1m
2026-04-02 19:39:44,716  INFO        [128/159] FORTIS               1m
2026-04-02 19:39:45,011  INFO        [129/159] GAIL                 1m
2026-04-02 19:39:45,326  INFO        [130/159] GLENMARK             1m
2026-04-02 19:39:45,631  INFO        [131/159] GRANULES             1m
2026-04-02 19:39:45,823  INFO        [132/159] GUJGASLTD            1m
2026-04-02 19:39:46,146  INFO        [133/159] HINDCOPPER           1m
2026-04-02 19:39:46,320  INFO        [134/159] HUDCO                1m
2026-04-02 19:39:46,494  INFO        [135/159] IEX                  1m
2026-04-02 19:39:46,766  INFO        [136/159] INDIGO               1m
2026-04-02 19:39:46,938  INFO        [137/159] IRFC                 1m
2026-04-02 19:39:47,252  INFO        [138/159] JKCEMENT             1m
2026-04-02 19:39:47,446  INFO        [139/159] JSWENERGY            1m
2026-04-02 19:39:47,670  INFO        [140/159] KPITTECH             1m
2026-04-02 19:39:47,831  INFO        [141/159] LAURUSLABS           1m
2026-04-02 19:39:48,032  INFO        [142/159] LICHSGFIN            1m
2026-04-02 19:39:48,505  INFO        [143/159] LODHA                1m
2026-04-02 19:39:48,657  INFO        [144/159] LTTS                 1m
2026-04-02 19:39:49,002  INFO        [145/159] MANAPPURAM           1m
2026-04-02 19:39:49,345  INFO        [146/159] MCX                  1m
2026-04-02 19:39:49,537  INFO        [147/159] METROPOLIS           1m
2026-04-02 19:39:49,749  INFO        [148/159] MRPL                 1m
2026-04-02 19:39:49,954  INFO        [149/159] NATIONALUM           1m
2026-04-02 19:39:50,319  INFO        [150/159] NAVINFLUOR           1m
2026-04-02 19:39:50,637  INFO        [151/159] OLECTRA              1m
2026-04-02 19:39:50,849  INFO        [152/159] PFIZER               1m
2026-04-02 19:39:51,070  INFO        [153/159] SUPREMEIND           1m
2026-04-02 19:39:51,294  INFO        [154/159] TATACOMM             1m
2026-04-02 19:39:51,829  INFO        [155/159] UBL                  1m
2026-04-02 19:39:52,023  INFO        [156/159] UNITDSPR             1m
2026-04-02 19:39:52,213  INFO        [157/159] WHIRLPOOL            1m
2026-04-02 19:39:52,575  INFO        [158/159] CROMPTON             1m
2026-04-02 19:39:52,776  INFO        [159/159] ^NSEI                1m
2026-04-02 19:39:52,958  INFO        → 156/159 tickers OK for 1m
2026-04-02 19:39:52,973  INFO        Saving 1m split by month:
2026-04-02 19:39:54,835  INFO          → master_1m_2026_03.csv  (291,654 rows)
2026-04-02 19:39:55,547  INFO          → master_1m_2026_04.csv  (116,743 rows)
2026-04-02 19:39:55,549  INFO      
[2/5] Fetching 5-minute data...
2026-04-02 19:39:55,549  INFO        [  1/159] RELIANCE             5m
2026-04-02 19:39:55,819  INFO        [  2/159] TCS                  5m
2026-04-02 19:39:55,996  INFO        [  3/159] HDFCBANK             5m
2026-04-02 19:39:56,339  INFO        [  4/159] BHARTIARTL           5m
2026-04-02 19:39:56,660  INFO        [  5/159] ICICIBANK            5m
2026-04-02 19:39:56,839  INFO        [  6/159] INFOSYS              5m
2026-04-02 19:39:57,034  ERROR     $INFOSYS.NS: possibly delisted; no timezone found
2026-04-02 19:39:57,042  ERROR     
1 Failed download:
2026-04-02 19:39:57,042  ERROR     ['INFOSYS.NS']: possibly delisted; no timezone found
2026-04-02 19:39:57,044  WARNING     SKIP INFOSYS [5m] — no data (delisted?)
2026-04-02 19:39:57,044  INFO        [  7/159] SBIN                 5m
2026-04-02 19:39:57,261  INFO        [  8/159] HINDUNILVR           5m
2026-04-02 19:39:57,427  INFO        [  9/159] ITC                  5m
2026-04-02 19:39:57,727  INFO        [ 10/159] LT                   5m
2026-04-02 19:39:57,936  INFO        [ 11/159] KOTAKBANK            5m
2026-04-02 19:39:58,172  INFO        [ 12/159] AXISBANK             5m
2026-04-02 19:39:58,318  INFO        [ 13/159] BAJFINANCE           5m
2026-04-02 19:39:58,473  INFO        [ 14/159] ASIANPAINT           5m
2026-04-02 19:39:58,640  INFO        [ 15/159] MARUTI               5m
2026-04-02 19:39:58,936  INFO        [ 16/159] TITAN                5m
2026-04-02 19:39:59,153  INFO        [ 17/159] SUNPHARMA            5m
2026-04-02 19:39:59,632  INFO        [ 18/159] ULTRACEMCO           5m
2026-04-02 19:39:59,932  INFO        [ 19/159] WIPRO                5m
2026-04-02 19:40:00,294  INFO        [ 20/159] NESTLEIND            5m
2026-04-02 19:40:00,675  INFO        [ 21/159] ONGC                 5m
2026-04-02 19:40:00,861  INFO        [ 22/159] POWERGRID            5m
2026-04-02 19:40:01,228  INFO        [ 23/159] NTPC                 5m
2026-04-02 19:40:01,397  INFO        [ 24/159] COALINDIA            5m
2026-04-02 19:40:01,595  INFO        [ 25/159] JSWSTEEL             5m
2026-04-02 19:40:01,792  INFO        [ 26/159] TATAMOTORS           5m
2026-04-02 19:40:02,213  ERROR     $TATAMOTORS.NS: possibly delisted; no timezone found
2026-04-02 19:40:02,217  ERROR     
1 Failed download:
2026-04-02 19:40:02,217  ERROR     ['TATAMOTORS.NS']: possibly delisted; no timezone found
2026-04-02 19:40:02,219  WARNING     SKIP TATAMOTORS [5m] — no data (delisted?)
2026-04-02 19:40:02,220  INFO        [ 27/159] TATASTEEL            5m
2026-04-02 19:40:02,419  INFO        [ 28/159] HCLTECH              5m
2026-04-02 19:40:02,577  INFO        [ 29/159] TECHM                5m
2026-04-02 19:40:02,905  INFO        [ 30/159] DIVISLAB             5m
2026-04-02 19:40:03,074  INFO        [ 31/159] DRREDDY              5m
2026-04-02 19:40:03,464  INFO        [ 32/159] CIPLA                5m
2026-04-02 19:40:03,681  INFO        [ 33/159] EICHERMOT            5m
2026-04-02 19:40:03,836  INFO        [ 34/159] HEROMOTOCO           5m
2026-04-02 19:40:04,001  INFO        [ 35/159] BAJAJFINSV           5m
2026-04-02 19:40:04,156  INFO        [ 36/159] ADANIENT             5m
2026-04-02 19:40:04,523  INFO        [ 37/159] ADANIPORTS           5m
2026-04-02 19:40:04,699  INFO        [ 38/159] APOLLOHOSP           5m
2026-04-02 19:40:04,998  INFO        [ 39/159] BAJAJ-AUTO           5m
2026-04-02 19:40:05,332  INFO        [ 40/159] BPCL                 5m
2026-04-02 19:40:05,750  INFO        [ 41/159] BRITANNIA            5m
2026-04-02 19:40:05,964  INFO        [ 42/159] DABUR                5m
2026-04-02 19:40:06,122  INFO        [ 43/159] DLF                  5m
2026-04-02 19:40:06,441  INFO        [ 44/159] GRASIM               5m
2026-04-02 19:40:06,618  INFO        [ 45/159] HAVELLS              5m
2026-04-02 19:40:06,792  INFO        [ 46/159] HINDALCO             5m
2026-04-02 19:40:06,917  INFO        [ 47/159] INDUSINDBK           5m
2026-04-02 19:40:07,104  INFO        [ 48/159] IOC                  5m
2026-04-02 19:40:07,301  INFO        [ 49/159] M&M                  5m
2026-04-02 19:40:07,470  INFO        [ 50/159] PIDILITIND           5m
2026-04-02 19:40:07,711  INFO        [ 51/159] SBILIFE              5m
2026-04-02 19:40:08,023  INFO        [ 52/159] SHREECEM             5m
2026-04-02 19:40:08,190  INFO        [ 53/159] SIEMENS              5m
2026-04-02 19:40:08,606  INFO        [ 54/159] TRENT                5m
2026-04-02 19:40:08,805  INFO        [ 55/159] VEDL                 5m
2026-04-02 19:40:09,026  INFO        [ 56/159] ZOMATO               5m
2026-04-02 19:40:09,293  ERROR     $ZOMATO.NS: possibly delisted; no timezone found
2026-04-02 19:40:09,301  ERROR     
1 Failed download:
2026-04-02 19:40:09,301  ERROR     ['ZOMATO.NS']: possibly delisted; no timezone found
2026-04-02 19:40:09,303  WARNING     SKIP ZOMATO [5m] — no data (delisted?)
2026-04-02 19:40:09,303  INFO        [ 57/159] DMART                5m
2026-04-02 19:40:09,548  INFO        [ 58/159] IRCTC                5m
2026-04-02 19:40:09,694  INFO        [ 59/159] BERGEPAINT           5m
2026-04-02 19:40:09,904  INFO        [ 60/159] BOSCHLTD             5m
2026-04-02 19:40:10,098  INFO        [ 61/159] CANBK                5m
2026-04-02 19:40:10,377  INFO        [ 62/159] CHOLAFIN             5m
2026-04-02 19:40:10,669  INFO        [ 63/159] COLPAL               5m
2026-04-02 19:40:10,946  INFO        [ 64/159] CONCOR               5m
2026-04-02 19:40:11,122  INFO        [ 65/159] CUMMINSIND           5m
2026-04-02 19:40:11,278  INFO        [ 66/159] ESCORTS              5m
2026-04-02 19:40:11,426  INFO        [ 67/159] FEDERALBNK           5m
2026-04-02 19:40:11,655  INFO        [ 68/159] GODREJCP             5m
2026-04-02 19:40:11,863  INFO        [ 69/159] GODREJPROP           5m
2026-04-02 19:40:12,052  INFO        [ 70/159] HAL                  5m
2026-04-02 19:40:12,354  INFO        [ 71/159] HDFCLIFE             5m
2026-04-02 19:40:12,521  INFO        [ 72/159] HINDPETRO            5m
2026-04-02 19:40:12,776  INFO        [ 73/159] ICICIPRULI           5m
2026-04-02 19:40:13,051  INFO        [ 74/159] IDFCFIRSTB           5m
2026-04-02 19:40:13,229  INFO        [ 75/159] IGL                  5m
2026-04-02 19:40:13,570  INFO        [ 76/159] INDUSTOWER           5m
2026-04-02 19:40:13,800  INFO        [ 77/159] JUBLFOOD             5m
2026-04-02 19:40:14,097  INFO        [ 78/159] LUPIN                5m
2026-04-02 19:40:14,374  INFO        [ 79/159] MARICO               5m
2026-04-02 19:40:14,540  INFO        [ 80/159] MPHASIS              5m
2026-04-02 19:40:14,785  INFO        [ 81/159] MUTHOOTFIN           5m
2026-04-02 19:40:15,073  INFO        [ 82/159] NAUKRI               5m
2026-04-02 19:40:15,320  INFO        [ 83/159] NBCC                 5m
2026-04-02 19:40:15,529  INFO        [ 84/159] NHPC                 5m
2026-04-02 19:40:15,745  INFO        [ 85/159] NMDC                 5m
2026-04-02 19:40:16,065  INFO        [ 86/159] OFSS                 5m
2026-04-02 19:40:16,240  INFO        [ 87/159] PAGEIND              5m
2026-04-02 19:40:16,378  INFO        [ 88/159] PERSISTENT           5m
2026-04-02 19:40:16,604  INFO        [ 89/159] PETRONET             5m
2026-04-02 19:40:16,791  INFO        [ 90/159] PFC                  5m
2026-04-02 19:40:17,139  INFO        [ 91/159] PNB                  5m
2026-04-02 19:40:17,326  INFO        [ 92/159] POLYCAB              5m
2026-04-02 19:40:17,541  INFO        [ 93/159] RBLBANK              5m
2026-04-02 19:40:17,891  INFO        [ 94/159] RECLTD               5m
2026-04-02 19:40:18,071  INFO        [ 95/159] SAIL                 5m
2026-04-02 19:40:18,412  INFO        [ 96/159] SBICARD              5m
2026-04-02 19:40:18,580  INFO        [ 97/159] SHRIRAMFIN           5m
2026-04-02 19:40:18,807  INFO        [ 98/159] SRF                  5m
2026-04-02 19:40:18,993  INFO        [ 99/159] SUNDARMFIN           5m
2026-04-02 19:40:19,209  INFO        [100/159] TATACHEM             5m
2026-04-02 19:40:19,466  INFO        [101/159] TATACONSUM           5m
2026-04-02 19:40:19,707  INFO        [102/159] TORNTPHARM           5m
2026-04-02 19:40:19,864  INFO        [103/159] TORNTPOWER           5m
2026-04-02 19:40:20,125  INFO        [104/159] TVSMOTOR             5m
2026-04-02 19:40:20,526  INFO        [105/159] UPL                  5m
2026-04-02 19:40:20,726  INFO        [106/159] VOLTAS               5m
2026-04-02 19:40:21,063  INFO        [107/159] YESBANK              5m
2026-04-02 19:40:21,364  INFO        [108/159] ZYDUSLIFE            5m
2026-04-02 19:40:21,540  INFO        [109/159] ABCAPITAL            5m
2026-04-02 19:40:21,828  INFO        [110/159] ACC                  5m
2026-04-02 19:40:22,004  INFO        [111/159] ADANIGREEN           5m
2026-04-02 19:40:22,234  INFO        [112/159] ALKEM                5m
2026-04-02 19:40:22,490  INFO        [113/159] AMBUJACEM            5m
2026-04-02 19:40:22,748  INFO        [114/159] ASTRAL               5m
2026-04-02 19:40:23,058  INFO        [115/159] AUROPHARMA           5m
2026-04-02 19:40:23,376  INFO        [116/159] BALKRISIND           5m
2026-04-02 19:40:23,655  INFO        [117/159] BANDHANBNK           5m
2026-04-02 19:40:23,872  INFO        [118/159] BANKBARODA           5m
2026-04-02 19:40:24,048  INFO        [119/159] BATAINDIA            5m
2026-04-02 19:40:24,237  INFO        [120/159] BEL                  5m
2026-04-02 19:40:24,631  INFO        [121/159] BHARATFORG           5m
2026-04-02 19:40:24,840  INFO        [122/159] BHEL                 5m
2026-04-02 19:40:25,110  INFO        [123/159] CDSL                 5m
2026-04-02 19:40:25,357  INFO        [124/159] CESC                 5m
2026-04-02 19:40:25,515  INFO        [125/159] DEEPAKNTR            5m
2026-04-02 19:40:25,780  INFO        [126/159] EMAMILTD             5m
2026-04-02 19:40:26,001  INFO        [127/159] EXIDEIND             5m
2026-04-02 19:40:26,301  INFO        [128/159] FORTIS               5m
2026-04-02 19:40:26,528  INFO        [129/159] GAIL                 5m
2026-04-02 19:40:26,687  INFO        [130/159] GLENMARK             5m
2026-04-02 19:40:27,169  INFO        [131/159] GRANULES             5m
2026-04-02 19:40:27,335  INFO        [132/159] GUJGASLTD            5m
2026-04-02 19:40:27,573  INFO        [133/159] HINDCOPPER           5m
2026-04-02 19:40:27,861  INFO        [134/159] HUDCO                5m
2026-04-02 19:40:28,066  INFO        [135/159] IEX                  5m
2026-04-02 19:40:28,222  INFO        [136/159] INDIGO               5m
2026-04-02 19:40:28,397  INFO        [137/159] IRFC                 5m
2026-04-02 19:40:28,669  INFO        [138/159] JKCEMENT             5m
2026-04-02 19:40:28,826  INFO        [139/159] JSWENERGY            5m
2026-04-02 19:40:29,256  INFO        [140/159] KPITTECH             5m
2026-04-02 19:40:29,496  INFO        [141/159] LAURUSLABS           5m
2026-04-02 19:40:29,830  INFO        [142/159] LICHSGFIN            5m
2026-04-02 19:40:30,006  INFO        [143/159] LODHA                5m
2026-04-02 19:40:30,215  INFO        [144/159] LTTS                 5m
2026-04-02 19:40:30,440  INFO        [145/159] MANAPPURAM           5m
2026-04-02 19:40:30,669  INFO        [146/159] MCX                  5m
2026-04-02 19:40:30,825  INFO        [147/159] METROPOLIS           5m
2026-04-02 19:40:31,103  INFO        [148/159] MRPL                 5m
2026-04-02 19:40:31,273  INFO        [149/159] NATIONALUM           5m
2026-04-02 19:40:31,459  INFO        [150/159] NAVINFLUOR           5m
2026-04-02 19:40:31,869  INFO        [151/159] OLECTRA              5m
2026-04-02 19:40:32,048  INFO        [152/159] PFIZER               5m
2026-04-02 19:40:32,426  INFO        [153/159] SUPREMEIND           5m
2026-04-02 19:40:32,582  INFO        [154/159] TATACOMM             5m
2026-04-02 19:40:32,741  INFO        [155/159] UBL                  5m
2026-04-02 19:40:32,938  INFO        [156/159] UNITDSPR             5m
2026-04-02 19:40:33,162  INFO        [157/159] WHIRLPOOL            5m
2026-04-02 19:40:33,402  INFO        [158/159] CROMPTON             5m
2026-04-02 19:40:33,892  INFO        [159/159] ^NSEI                5m
2026-04-02 19:40:34,121  INFO        → 156/159 tickers OK for 5m
2026-04-02 19:40:34,140  INFO        Saving 5m split by year:
2026-04-02 19:40:37,419  INFO          → master_5m_2026.csv  (514,692 rows)
2026-04-02 19:40:37,424  INFO      
[3/5] Fetching 1-hour data...
2026-04-02 19:40:37,424  INFO        [  1/159] RELIANCE             1h
2026-04-02 19:40:37,681  INFO        [  2/159] TCS                  1h
2026-04-02 19:40:37,871  INFO        [  3/159] HDFCBANK             1h
2026-04-02 19:40:38,169  INFO        [  4/159] BHARTIARTL           1h
2026-04-02 19:40:38,335  INFO        [  5/159] ICICIBANK            1h
2026-04-02 19:40:38,543  INFO        [  6/159] INFOSYS              1h
2026-04-02 19:40:38,891  ERROR     $INFOSYS.NS: possibly delisted; no timezone found
2026-04-02 19:40:38,897  ERROR     
1 Failed download:
2026-04-02 19:40:38,897  ERROR     ['INFOSYS.NS']: possibly delisted; no timezone found
2026-04-02 19:40:38,899  WARNING     SKIP INFOSYS [1h] — no data (delisted?)
2026-04-02 19:40:38,899  INFO        [  7/159] SBIN                 1h
2026-04-02 19:40:39,223  INFO        [  8/159] HINDUNILVR           1h
2026-04-02 19:40:39,569  INFO        [  9/159] ITC                  1h
2026-04-02 19:40:39,851  INFO        [ 10/159] LT                   1h
2026-04-02 19:40:40,061  INFO        [ 11/159] KOTAKBANK            1h
2026-04-02 19:40:40,554  INFO        [ 12/159] AXISBANK             1h
2026-04-02 19:40:40,787  INFO        [ 13/159] BAJFINANCE           1h
2026-04-02 19:40:41,020  INFO        [ 14/159] ASIANPAINT           1h
2026-04-02 19:40:41,344  INFO        [ 15/159] MARUTI               1h
2026-04-02 19:40:41,561  INFO        [ 16/159] TITAN                1h
2026-04-02 19:40:41,767  INFO        [ 17/159] SUNPHARMA            1h
2026-04-02 19:40:41,947  INFO        [ 18/159] ULTRACEMCO           1h
2026-04-02 19:40:42,124  INFO        [ 19/159] WIPRO                1h
2026-04-02 19:40:42,377  INFO        [ 20/159] NESTLEIND            1h
2026-04-02 19:40:42,624  INFO        [ 21/159] ONGC                 1h
2026-04-02 19:40:42,833  INFO        [ 22/159] POWERGRID            1h
2026-04-02 19:40:43,220  INFO        [ 23/159] NTPC                 1h
2026-04-02 19:40:43,393  INFO        [ 24/159] COALINDIA            1h
2026-04-02 19:40:43,741  INFO        [ 25/159] JSWSTEEL             1h
2026-04-02 19:40:43,935  INFO        [ 26/159] TATAMOTORS           1h
2026-04-02 19:40:44,194  ERROR     $TATAMOTORS.NS: possibly delisted; no timezone found
2026-04-02 19:40:44,199  ERROR     
1 Failed download:
2026-04-02 19:40:44,199  ERROR     ['TATAMOTORS.NS']: possibly delisted; no timezone found
2026-04-02 19:40:44,201  WARNING     SKIP TATAMOTORS [1h] — no data (delisted?)
2026-04-02 19:40:44,201  INFO        [ 27/159] TATASTEEL            1h
2026-04-02 19:40:44,624  INFO        [ 28/159] HCLTECH              1h
2026-04-02 19:40:44,872  INFO        [ 29/159] TECHM                1h
2026-04-02 19:40:45,199  INFO        [ 30/159] DIVISLAB             1h
2026-04-02 19:40:45,578  INFO        [ 31/159] DRREDDY              1h
2026-04-02 19:40:45,951  INFO        [ 32/159] CIPLA                1h
2026-04-02 19:40:46,183  INFO        [ 33/159] EICHERMOT            1h
2026-04-02 19:40:46,568  INFO        [ 34/159] HEROMOTOCO           1h
2026-04-02 19:40:46,963  INFO        [ 35/159] BAJAJFINSV           1h
2026-04-02 19:40:47,199  INFO        [ 36/159] ADANIENT             1h
2026-04-02 19:40:47,431  INFO        [ 37/159] ADANIPORTS           1h
2026-04-02 19:40:47,605  INFO        [ 38/159] APOLLOHOSP           1h
2026-04-02 19:40:47,781  INFO        [ 39/159] BAJAJ-AUTO           1h
2026-04-02 19:40:48,007  INFO        [ 40/159] BPCL                 1h
2026-04-02 19:40:48,338  INFO        [ 41/159] BRITANNIA            1h
2026-04-02 19:40:48,536  INFO        [ 42/159] DABUR                1h
2026-04-02 19:40:48,858  INFO        [ 43/159] DLF                  1h
2026-04-02 19:40:49,028  INFO        [ 44/159] GRASIM               1h
2026-04-02 19:40:49,198  INFO        [ 45/159] HAVELLS              1h
2026-04-02 19:40:49,457  INFO        [ 46/159] HINDALCO             1h
2026-04-02 19:40:49,769  INFO        [ 47/159] INDUSINDBK           1h
2026-04-02 19:40:50,060  INFO        [ 48/159] IOC                  1h
2026-04-02 19:40:50,313  INFO        [ 49/159] M&M                  1h
2026-04-02 19:40:50,705  INFO        [ 50/159] PIDILITIND           1h
2026-04-02 19:40:51,045  INFO        [ 51/159] SBILIFE              1h
2026-04-02 19:40:51,464  INFO        [ 52/159] SHREECEM             1h
2026-04-02 19:40:51,655  INFO        [ 53/159] SIEMENS              1h
2026-04-02 19:40:51,996  INFO        [ 54/159] TRENT                1h
2026-04-02 19:40:52,243  INFO        [ 55/159] VEDL                 1h
2026-04-02 19:40:52,490  INFO        [ 56/159] ZOMATO               1h
2026-04-02 19:40:52,726  ERROR     $ZOMATO.NS: possibly delisted; no timezone found
2026-04-02 19:40:52,733  ERROR     
1 Failed download:
2026-04-02 19:40:52,733  ERROR     ['ZOMATO.NS']: possibly delisted; no timezone found
2026-04-02 19:40:52,735  WARNING     SKIP ZOMATO [1h] — no data (delisted?)
2026-04-02 19:40:52,736  INFO        [ 57/159] DMART                1h
2026-04-02 19:40:53,088  INFO        [ 58/159] IRCTC                1h
2026-04-02 19:40:53,452  INFO        [ 59/159] BERGEPAINT           1h
2026-04-02 19:40:53,780  INFO        [ 60/159] BOSCHLTD             1h
2026-04-02 19:40:53,953  INFO        [ 61/159] CANBK                1h
2026-04-02 19:40:54,239  INFO        [ 62/159] CHOLAFIN             1h
2026-04-02 19:40:54,449  INFO        [ 63/159] COLPAL               1h
2026-04-02 19:40:54,649  INFO        [ 64/159] CONCOR               1h
2026-04-02 19:40:54,912  INFO        [ 65/159] CUMMINSIND           1h
2026-04-02 19:40:55,271  INFO        [ 66/159] ESCORTS              1h
2026-04-02 19:40:55,441  INFO        [ 67/159] FEDERALBNK           1h
2026-04-02 19:40:55,768  INFO        [ 68/159] GODREJCP             1h
2026-04-02 19:40:56,057  INFO        [ 69/159] GODREJPROP           1h
2026-04-02 19:40:56,308  INFO        [ 70/159] HAL                  1h
2026-04-02 19:40:56,583  INFO        [ 71/159] HDFCLIFE             1h
2026-04-02 19:40:56,785  INFO        [ 72/159] HINDPETRO            1h
2026-04-02 19:40:57,227  INFO        [ 73/159] ICICIPRULI           1h
2026-04-02 19:40:57,417  INFO        [ 74/159] IDFCFIRSTB           1h
2026-04-02 19:40:57,594  INFO        [ 75/159] IGL                  1h
2026-04-02 19:40:57,831  INFO        [ 76/159] INDUSTOWER           1h
2026-04-02 19:40:58,066  INFO        [ 77/159] JUBLFOOD             1h
2026-04-02 19:40:58,295  INFO        [ 78/159] LUPIN                1h
2026-04-02 19:40:58,541  INFO        [ 79/159] MARICO               1h
2026-04-02 19:40:58,807  INFO        [ 80/159] MPHASIS              1h
2026-04-02 19:40:59,231  INFO        [ 81/159] MUTHOOTFIN           1h
2026-04-02 19:40:59,505  INFO        [ 82/159] NAUKRI               1h
2026-04-02 19:40:59,865  INFO        [ 83/159] NBCC                 1h
2026-04-02 19:41:00,063  INFO        [ 84/159] NHPC                 1h
2026-04-02 19:41:00,446  INFO        [ 85/159] NMDC                 1h
2026-04-02 19:41:03,147  INFO        [ 86/159] OFSS                 1h
2026-04-02 19:41:03,338  INFO        [ 87/159] PAGEIND              1h
2026-04-02 19:41:03,593  INFO        [ 88/159] PERSISTENT           1h
2026-04-02 19:41:03,763  INFO        [ 89/159] PETRONET             1h
2026-04-02 19:41:03,949  INFO        [ 90/159] PFC                  1h
2026-04-02 19:41:04,425  INFO        [ 91/159] PNB                  1h
2026-04-02 19:41:04,719  INFO        [ 92/159] POLYCAB              1h
2026-04-02 19:41:04,915  INFO        [ 93/159] RBLBANK              1h
2026-04-02 19:41:05,258  INFO        [ 94/159] RECLTD               1h
2026-04-02 19:41:05,508  INFO        [ 95/159] SAIL                 1h
2026-04-02 19:41:05,794  INFO        [ 96/159] SBICARD              1h
2026-04-02 19:41:05,985  INFO        [ 97/159] SHRIRAMFIN           1h
2026-04-02 19:41:06,298  INFO        [ 98/159] SRF                  1h
2026-04-02 19:41:06,502  INFO        [ 99/159] SUNDARMFIN           1h
2026-04-02 19:41:06,674  INFO        [100/159] TATACHEM             1h
2026-04-02 19:41:07,136  INFO        [101/159] TATACONSUM           1h
2026-04-02 19:41:07,414  INFO        [102/159] TORNTPHARM           1h
2026-04-02 19:41:07,622  INFO        [103/159] TORNTPOWER           1h
2026-04-02 19:41:07,859  INFO        [104/159] TVSMOTOR             1h
2026-04-02 19:41:08,211  INFO        [105/159] UPL                  1h
2026-04-02 19:41:08,410  INFO        [106/159] VOLTAS               1h
2026-04-02 19:41:08,597  INFO        [107/159] YESBANK              1h
2026-04-02 19:41:08,984  INFO        [108/159] ZYDUSLIFE            1h
2026-04-02 19:41:09,183  INFO        [109/159] ABCAPITAL            1h
2026-04-02 19:41:09,541  INFO        [110/159] ACC                  1h
2026-04-02 19:41:09,762  INFO        [111/159] ADANIGREEN           1h
2026-04-02 19:41:09,952  INFO        [112/159] ALKEM                1h
2026-04-02 19:41:10,108  INFO        [113/159] AMBUJACEM            1h
2026-04-02 19:41:10,574  INFO        [114/159] ASTRAL               1h
2026-04-02 19:41:10,896  INFO        [115/159] AUROPHARMA           1h
2026-04-02 19:41:11,099  INFO        [116/159] BALKRISIND           1h
2026-04-02 19:41:11,279  INFO        [117/159] BANDHANBNK           1h
2026-04-02 19:41:11,460  INFO        [118/159] BANKBARODA           1h
2026-04-02 19:41:11,670  INFO        [119/159] BATAINDIA            1h
2026-04-02 19:41:11,866  INFO        [120/159] BEL                  1h
2026-04-02 19:41:12,311  INFO        [121/159] BHARATFORG           1h
2026-04-02 19:41:12,566  INFO        [122/159] BHEL                 1h
2026-04-02 19:41:12,845  INFO        [123/159] CDSL                 1h
2026-04-02 19:41:13,115  INFO        [124/159] CESC                 1h
2026-04-02 19:41:13,314  INFO        [125/159] DEEPAKNTR            1h
2026-04-02 19:41:13,596  INFO        [126/159] EMAMILTD             1h
2026-04-02 19:41:13,859  INFO        [127/159] EXIDEIND             1h
2026-04-02 19:41:14,182  INFO        [128/159] FORTIS               1h
2026-04-02 19:41:14,414  INFO        [129/159] GAIL                 1h
2026-04-02 19:41:14,911  INFO        [130/159] GLENMARK             1h
2026-04-02 19:41:15,107  INFO        [131/159] GRANULES             1h
2026-04-02 19:41:15,416  INFO        [132/159] GUJGASLTD            1h
2026-04-02 19:41:15,644  INFO        [133/159] HINDCOPPER           1h
2026-04-02 19:41:15,826  INFO        [134/159] HUDCO                1h
2026-04-02 19:41:16,056  INFO        [135/159] IEX                  1h
2026-04-02 19:41:16,325  INFO        [136/159] INDIGO               1h
2026-04-02 19:41:16,524  INFO        [137/159] IRFC                 1h
2026-04-02 19:41:16,734  INFO        [138/159] JKCEMENT             1h
2026-04-02 19:41:16,951  INFO        [139/159] JSWENERGY            1h
2026-04-02 19:41:17,180  INFO        [140/159] KPITTECH             1h
2026-04-02 19:41:17,366  INFO        [141/159] LAURUSLABS           1h
2026-04-02 19:41:17,558  INFO        [142/159] LICHSGFIN            1h
2026-04-02 19:41:17,835  INFO        [143/159] LODHA                1h
2026-04-02 19:41:18,005  INFO        [144/159] LTTS                 1h
2026-04-02 19:41:18,288  INFO        [145/159] MANAPPURAM           1h
2026-04-02 19:41:18,493  INFO        [146/159] MCX                  1h
2026-04-02 19:41:18,936  INFO        [147/159] METROPOLIS           1h
2026-04-02 19:41:19,160  INFO        [148/159] MRPL                 1h
2026-04-02 19:41:19,317  INFO        [149/159] NATIONALUM           1h
2026-04-02 19:41:19,626  INFO        [150/159] NAVINFLUOR           1h
2026-04-02 19:41:19,837  INFO        [151/159] OLECTRA              1h
2026-04-02 19:41:20,148  INFO        [152/159] PFIZER               1h
2026-04-02 19:41:20,324  INFO        [153/159] SUPREMEIND           1h
2026-04-02 19:41:20,677  INFO        [154/159] TATACOMM             1h
2026-04-02 19:41:20,945  INFO        [155/159] UBL                  1h
2026-04-02 19:41:21,229  INFO        [156/159] UNITDSPR             1h
2026-04-02 19:41:21,482  INFO        [157/159] WHIRLPOOL            1h
2026-04-02 19:41:21,718  INFO        [158/159] CROMPTON             1h
2026-04-02 19:41:22,020  INFO        [159/159] ^NSEI                1h
2026-04-02 19:41:22,334  INFO        → 156/159 tickers OK for 1h
2026-04-02 19:41:22,383  INFO        Backup → backup_master_1h.csv
2026-04-02 19:41:25,798  INFO          → master_1h.csv  (532,928 rows)
2026-04-02 19:41:25,802  INFO      
[4/5] Resampling 1m → 5m and 1h...
2026-04-02 19:41:27,265  INFO        Generated 5m rows : 81,899
2026-04-02 19:41:27,265  INFO        Generated 1h rows : 7,644
2026-04-02 19:41:27,265  INFO      
[5/5] Validating...
2026-04-02 19:41:30,763  WARNING     Validation [5m]: 434101 issues.
2026-04-02 19:41:31,940  WARNING     Validation [1h]: 540572 issues.
2026-04-02 19:41:34,633  INFO        Validation report → 974673 rows (last 30 days only)
2026-04-02 19:41:34,636  INFO        Skipped: 9 tickers → skipped_tickers.csv
2026-04-02 19:41:34,637  INFO      
============================================================
2026-04-02 19:41:34,637  INFO      Pipeline COMPLETE ✓
2026-04-02 19:41:34,637  INFO        1m files  : 2 monthly files in data/1m/
2026-04-02 19:41:34,637  INFO          master_1m_2026_03.csv  (25.3 MB)
2026-04-02 19:41:34,637  INFO          master_1m_2026_04.csv  (10.2 MB)
2026-04-02 19:41:34,637  INFO        5m files  : 1 yearly files in data/5m/
2026-04-02 19:41:34,637  INFO          master_5m_2026.csv  (44.7 MB)
2026-04-02 19:41:34,637  INFO        1h file   : master_1h.csv  (46.9 MB)
2026-04-02 19:41:34,637  INFO        Skipped   : 9 tickers
2026-04-02 19:41:34,637  INFO      ============================================================
