2026-04-15 20:11:27,863  WARNING     Deleted oversized validation_report.csv (70.8 MB) — will recreate.
2026-04-15 20:11:27,863  INFO      ============================================================
2026-04-15 20:11:27,863  INFO      Indian Market Data Pipeline v3 — START
2026-04-15 20:11:27,863  INFO      Run time : 2026-04-15 20:11:27
2026-04-15 20:11:27,863  INFO      Tickers  : 158 stocks + Nifty Index
2026-04-15 20:11:27,863  INFO      File layout:
2026-04-15 20:11:27,863  INFO        1m  → data/1m/master_1m_YYYY_MM.csv  (one per month)
2026-04-15 20:11:27,863  INFO        5m  → data/5m/master_5m_YYYY.csv     (one per year)
2026-04-15 20:11:27,863  INFO        1h  → data/master_1h.csv             (single file)
2026-04-15 20:11:27,863  INFO      ============================================================
2026-04-15 20:11:27,863  INFO      
[1/5] Fetching 1-minute data...
2026-04-15 20:11:27,863  INFO        [  1/159] RELIANCE             1m
2026-04-15 20:11:28,450  INFO        [  2/159] TCS                  1m
2026-04-15 20:11:28,851  INFO        [  3/159] HDFCBANK             1m
2026-04-15 20:11:29,423  INFO        [  4/159] BHARTIARTL           1m
2026-04-15 20:11:29,815  INFO        [  5/159] ICICIBANK            1m
2026-04-15 20:11:30,259  INFO        [  6/159] INFOSYS              1m
2026-04-15 20:11:31,089  ERROR     HTTP Error 404: Not Found{"quoteSummary":{"result":null,"error":{"code":"Not Found","description":"Quote not found for symbol: INFOSYS.NS"}}}
2026-04-15 20:11:31,286  ERROR     $INFOSYS.NS: possibly delisted; no timezone found
2026-04-15 20:11:31,287  ERROR     
1 Failed download:
2026-04-15 20:11:31,287  ERROR     ['INFOSYS.NS']: possibly delisted; no timezone found
2026-04-15 20:11:31,289  WARNING     SKIP INFOSYS [1m] — no data (delisted?)
2026-04-15 20:11:31,290  INFO        [  7/159] SBIN                 1m
2026-04-15 20:11:31,792  INFO        [  8/159] HINDUNILVR           1m
2026-04-15 20:11:32,546  INFO        [  9/159] ITC                  1m
2026-04-15 20:11:32,998  INFO        [ 10/159] LT                   1m
2026-04-15 20:11:33,363  INFO        [ 11/159] KOTAKBANK            1m
2026-04-15 20:11:33,824  INFO        [ 12/159] AXISBANK             1m
2026-04-15 20:11:34,328  INFO        [ 13/159] BAJFINANCE           1m
2026-04-15 20:11:34,699  INFO        [ 14/159] ASIANPAINT           1m
2026-04-15 20:11:35,135  INFO        [ 15/159] MARUTI               1m
2026-04-15 20:11:35,546  INFO        [ 16/159] TITAN                1m
2026-04-15 20:11:35,917  INFO        [ 17/159] SUNPHARMA            1m
2026-04-15 20:11:36,241  INFO        [ 18/159] ULTRACEMCO           1m
2026-04-15 20:11:36,644  INFO        [ 19/159] WIPRO                1m
2026-04-15 20:11:37,120  INFO        [ 20/159] NESTLEIND            1m
2026-04-15 20:11:37,442  INFO        [ 21/159] ONGC                 1m
2026-04-15 20:11:37,888  INFO        [ 22/159] POWERGRID            1m
2026-04-15 20:11:38,200  INFO        [ 23/159] NTPC                 1m
2026-04-15 20:11:38,582  INFO        [ 24/159] COALINDIA            1m
2026-04-15 20:11:39,154  INFO        [ 25/159] JSWSTEEL             1m
2026-04-15 20:11:39,465  INFO        [ 26/159] TATAMOTORS           1m
2026-04-15 20:11:40,410  ERROR     HTTP Error 404: Not Found{"quoteSummary":{"result":null,"error":{"code":"Not Found","description":"Quote not found for symbol: TATAMOTORS.NS"}}}
2026-04-15 20:11:40,580  ERROR     $TATAMOTORS.NS: possibly delisted; no timezone found
2026-04-15 20:11:40,584  ERROR     
1 Failed download:
2026-04-15 20:11:40,584  ERROR     ['TATAMOTORS.NS']: possibly delisted; no timezone found
2026-04-15 20:11:40,586  WARNING     SKIP TATAMOTORS [1m] — no data (delisted?)
2026-04-15 20:11:40,586  INFO        [ 27/159] TATASTEEL            1m
2026-04-15 20:11:40,890  INFO        [ 28/159] HCLTECH              1m
2026-04-15 20:11:41,524  INFO        [ 29/159] TECHM                1m
2026-04-15 20:11:41,927  INFO        [ 30/159] DIVISLAB             1m
2026-04-15 20:11:42,349  INFO        [ 31/159] DRREDDY              1m
2026-04-15 20:11:42,642  INFO        [ 32/159] CIPLA                1m
2026-04-15 20:11:42,996  INFO        [ 33/159] EICHERMOT            1m
2026-04-15 20:11:43,317  INFO        [ 34/159] HEROMOTOCO           1m
2026-04-15 20:11:43,632  INFO        [ 35/159] BAJAJFINSV           1m
2026-04-15 20:11:43,995  INFO        [ 36/159] ADANIENT             1m
2026-04-15 20:11:44,207  INFO        [ 37/159] ADANIPORTS           1m
2026-04-15 20:11:44,477  INFO        [ 38/159] APOLLOHOSP           1m
2026-04-15 20:11:44,701  INFO        [ 39/159] BAJAJ-AUTO           1m
2026-04-15 20:11:45,117  INFO        [ 40/159] BPCL                 1m
2026-04-15 20:11:45,447  INFO        [ 41/159] BRITANNIA            1m
2026-04-15 20:11:45,749  INFO        [ 42/159] DABUR                1m
2026-04-15 20:11:46,019  INFO        [ 43/159] DLF                  1m
2026-04-15 20:11:46,386  INFO        [ 44/159] GRASIM               1m
2026-04-15 20:11:46,741  INFO        [ 45/159] HAVELLS              1m
2026-04-15 20:11:47,033  INFO        [ 46/159] HINDALCO             1m
2026-04-15 20:11:47,425  INFO        [ 47/159] INDUSINDBK           1m
2026-04-15 20:11:47,778  INFO        [ 48/159] IOC                  1m
2026-04-15 20:11:48,003  INFO        [ 49/159] M&M                  1m
2026-04-15 20:11:48,436  INFO        [ 50/159] PIDILITIND           1m
2026-04-15 20:11:48,748  INFO        [ 51/159] SBILIFE              1m
2026-04-15 20:11:49,100  INFO        [ 52/159] SHREECEM             1m
2026-04-15 20:11:49,412  INFO        [ 53/159] SIEMENS              1m
2026-04-15 20:11:49,668  INFO        [ 54/159] TRENT                1m
2026-04-15 20:11:49,919  INFO        [ 55/159] VEDL                 1m
2026-04-15 20:11:50,163  INFO        [ 56/159] ZOMATO               1m
2026-04-15 20:11:50,381  ERROR     $ZOMATO.NS: possibly delisted; no timezone found
2026-04-15 20:11:50,385  ERROR     
1 Failed download:
2026-04-15 20:11:50,385  ERROR     ['ZOMATO.NS']: possibly delisted; no timezone found
2026-04-15 20:11:50,387  WARNING     SKIP ZOMATO [1m] — no data (delisted?)
2026-04-15 20:11:50,387  INFO        [ 57/159] DMART                1m
2026-04-15 20:11:50,689  INFO        [ 58/159] IRCTC                1m
2026-04-15 20:11:50,919  INFO        [ 59/159] BERGEPAINT           1m
2026-04-15 20:11:51,260  INFO        [ 60/159] BOSCHLTD             1m
2026-04-15 20:11:51,565  INFO        [ 61/159] CANBK                1m
2026-04-15 20:11:51,855  INFO        [ 62/159] CHOLAFIN             1m
2026-04-15 20:11:52,257  INFO        [ 63/159] COLPAL               1m
2026-04-15 20:11:52,558  INFO        [ 64/159] CONCOR               1m
2026-04-15 20:11:52,922  INFO        [ 65/159] CUMMINSIND           1m
2026-04-15 20:11:53,276  INFO        [ 66/159] ESCORTS              1m
2026-04-15 20:11:53,506  INFO        [ 67/159] FEDERALBNK           1m
2026-04-15 20:11:53,918  INFO        [ 68/159] GODREJCP             1m
2026-04-15 20:11:54,199  INFO        [ 69/159] GODREJPROP           1m
2026-04-15 20:11:54,602  INFO        [ 70/159] HAL                  1m
2026-04-15 20:11:54,786  INFO        [ 71/159] HDFCLIFE             1m
2026-04-15 20:11:55,076  INFO        [ 72/159] HINDPETRO            1m
2026-04-15 20:11:55,418  INFO        [ 73/159] ICICIPRULI           1m
2026-04-15 20:11:55,860  INFO        [ 74/159] IDFCFIRSTB           1m
2026-04-15 20:11:56,182  INFO        [ 75/159] IGL                  1m
2026-04-15 20:11:56,433  INFO        [ 76/159] INDUSTOWER           1m
2026-04-15 20:11:56,704  INFO        [ 77/159] JUBLFOOD             1m
2026-04-15 20:11:56,914  INFO        [ 78/159] LUPIN                1m
2026-04-15 20:11:57,392  INFO        [ 79/159] MARICO               1m
2026-04-15 20:11:57,665  INFO        [ 80/159] MPHASIS              1m
2026-04-15 20:11:57,907  INFO        [ 81/159] MUTHOOTFIN           1m
2026-04-15 20:11:58,159  INFO        [ 82/159] NAUKRI               1m
2026-04-15 20:11:58,621  INFO        [ 83/159] NBCC                 1m
2026-04-15 20:11:58,843  INFO        [ 84/159] NHPC                 1m
2026-04-15 20:11:59,361  INFO        [ 85/159] NMDC                 1m
2026-04-15 20:11:59,674  INFO        [ 86/159] OFSS                 1m
2026-04-15 20:11:59,876  INFO        [ 87/159] PAGEIND              1m
2026-04-15 20:12:00,190  INFO        [ 88/159] PERSISTENT           1m
2026-04-15 20:12:00,451  INFO        [ 89/159] PETRONET             1m
2026-04-15 20:12:00,845  INFO        [ 90/159] PFC                  1m
2026-04-15 20:12:01,129  INFO        [ 91/159] PNB                  1m
2026-04-15 20:12:01,542  INFO        [ 92/159] POLYCAB              1m
2026-04-15 20:12:01,838  INFO        [ 93/159] RBLBANK              1m
2026-04-15 20:12:02,153  INFO        [ 94/159] RECLTD               1m
2026-04-15 20:12:02,534  INFO        [ 95/159] SAIL                 1m
2026-04-15 20:12:02,916  INFO        [ 96/159] SBICARD              1m
2026-04-15 20:12:03,156  INFO        [ 97/159] SHRIRAMFIN           1m
2026-04-15 20:12:03,578  INFO        [ 98/159] SRF                  1m
2026-04-15 20:12:03,949  INFO        [ 99/159] SUNDARMFIN           1m
2026-04-15 20:12:04,440  INFO        [100/159] TATACHEM             1m
2026-04-15 20:12:04,853  INFO        [101/159] TATACONSUM           1m
2026-04-15 20:12:05,075  INFO        [102/159] TORNTPHARM           1m
2026-04-15 20:12:05,603  INFO        [103/159] TORNTPOWER           1m
2026-04-15 20:12:05,855  INFO        [104/159] TVSMOTOR             1m
2026-04-15 20:12:06,167  INFO        [105/159] UPL                  1m
2026-04-15 20:12:06,420  INFO        [106/159] VOLTAS               1m
2026-04-15 20:12:06,814  INFO        [107/159] YESBANK              1m
2026-04-15 20:12:07,138  INFO        [108/159] ZYDUSLIFE            1m
2026-04-15 20:12:07,419  INFO        [109/159] ABCAPITAL            1m
2026-04-15 20:12:07,661  INFO        [110/159] ACC                  1m
2026-04-15 20:12:07,963  INFO        [111/159] ADANIGREEN           1m
2026-04-15 20:12:08,307  INFO        [112/159] ALKEM                1m
2026-04-15 20:12:08,597  INFO        [113/159] AMBUJACEM            1m
2026-04-15 20:12:09,014  INFO        [114/159] ASTRAL               1m
2026-04-15 20:12:09,286  INFO        [115/159] AUROPHARMA           1m
2026-04-15 20:12:09,558  INFO        [116/159] BALKRISIND           1m
2026-04-15 20:12:10,551  INFO        [117/159] BANDHANBNK           1m
2026-04-15 20:12:10,834  INFO        [118/159] BANKBARODA           1m
2026-04-15 20:12:11,156  INFO        [119/159] BATAINDIA            1m
2026-04-15 20:12:11,426  INFO        [120/159] BEL                  1m
2026-04-15 20:12:11,811  INFO        [121/159] BHARATFORG           1m
2026-04-15 20:12:12,094  INFO        [122/159] BHEL                 1m
2026-04-15 20:12:12,420  INFO        [123/159] CDSL                 1m
2026-04-15 20:12:12,735  INFO        [124/159] CESC                 1m
2026-04-15 20:12:13,004  INFO        [125/159] DEEPAKNTR            1m
2026-04-15 20:12:13,325  INFO        [126/159] EMAMILTD             1m
2026-04-15 20:12:14,021  INFO        [127/159] EXIDEIND             1m
2026-04-15 20:12:14,407  INFO        [128/159] FORTIS               1m
2026-04-15 20:12:14,673  INFO        [129/159] GAIL                 1m
2026-04-15 20:12:14,934  INFO        [130/159] GLENMARK             1m
2026-04-15 20:12:15,225  INFO        [131/159] GRANULES             1m
2026-04-15 20:12:15,518  INFO        [132/159] GUJGASLTD            1m
2026-04-15 20:12:15,741  INFO        [133/159] HINDCOPPER           1m
2026-04-15 20:12:15,952  INFO        [134/159] HUDCO                1m
2026-04-15 20:12:16,468  INFO        [135/159] IEX                  1m
2026-04-15 20:12:16,759  INFO        [136/159] INDIGO               1m
2026-04-15 20:12:17,003  INFO        [137/159] IRFC                 1m
2026-04-15 20:12:17,286  INFO        [138/159] JKCEMENT             1m
2026-04-15 20:12:17,670  INFO        [139/159] JSWENERGY            1m
2026-04-15 20:12:17,931  INFO        [140/159] KPITTECH             1m
2026-04-15 20:12:18,203  INFO        [141/159] LAURUSLABS           1m
2026-04-15 20:12:18,524  INFO        [142/159] LICHSGFIN            1m
2026-04-15 20:12:18,824  INFO        [143/159] LODHA                1m
2026-04-15 20:12:19,192  INFO        [144/159] LTTS                 1m
2026-04-15 20:12:19,625  INFO        [145/159] MANAPPURAM           1m
2026-04-15 20:12:19,835  INFO        [146/159] MCX                  1m
2026-04-15 20:12:20,066  INFO        [147/159] METROPOLIS           1m
2026-04-15 20:12:20,379  INFO        [148/159] MRPL                 1m
2026-04-15 20:12:20,659  INFO        [149/159] NATIONALUM           1m
2026-04-15 20:12:21,067  INFO        [150/159] NAVINFLUOR           1m
2026-04-15 20:12:21,267  INFO        [151/159] OLECTRA              1m
2026-04-15 20:12:21,599  INFO        [152/159] PFIZER               1m
2026-04-15 20:12:22,053  INFO        [153/159] SUPREMEIND           1m
2026-04-15 20:12:22,266  INFO        [154/159] TATACOMM             1m
2026-04-15 20:12:22,576  INFO        [155/159] UBL                  1m
2026-04-15 20:12:22,789  INFO        [156/159] UNITDSPR             1m
2026-04-15 20:12:23,187  INFO        [157/159] WHIRLPOOL            1m
2026-04-15 20:12:23,489  INFO        [158/159] CROMPTON             1m
2026-04-15 20:12:23,769  INFO        [159/159] ^NSEI                1m
2026-04-15 20:12:24,161  INFO        → 156/159 tickers OK for 1m
2026-04-15 20:12:24,175  INFO        Saving 1m split by month:
2026-04-15 20:12:27,383  INFO          → master_1m_2026_04.csv  (524,948 rows)
2026-04-15 20:12:27,388  INFO      
[2/5] Fetching 5-minute data...
2026-04-15 20:12:27,388  INFO        [  1/159] RELIANCE             5m
2026-04-15 20:12:27,563  INFO        [  2/159] TCS                  5m
2026-04-15 20:12:27,977  INFO        [  3/159] HDFCBANK             5m
2026-04-15 20:12:28,302  INFO        [  4/159] BHARTIARTL           5m
2026-04-15 20:12:28,460  INFO        [  5/159] ICICIBANK            5m
2026-04-15 20:12:28,757  INFO        [  6/159] INFOSYS              5m
2026-04-15 20:12:29,169  ERROR     $INFOSYS.NS: possibly delisted; no timezone found
2026-04-15 20:12:29,171  ERROR     
1 Failed download:
2026-04-15 20:12:29,172  ERROR     ['INFOSYS.NS']: possibly delisted; no timezone found
2026-04-15 20:12:29,174  WARNING     SKIP INFOSYS [5m] — no data (delisted?)
2026-04-15 20:12:29,174  INFO        [  7/159] SBIN                 5m
2026-04-15 20:12:29,550  INFO        [  8/159] HINDUNILVR           5m
2026-04-15 20:12:29,807  INFO        [  9/159] ITC                  5m
2026-04-15 20:12:30,212  INFO        [ 10/159] LT                   5m
2026-04-15 20:12:30,526  INFO        [ 11/159] KOTAKBANK            5m
2026-04-15 20:12:30,839  INFO        [ 12/159] AXISBANK             5m
2026-04-15 20:12:31,248  INFO        [ 13/159] BAJFINANCE           5m
2026-04-15 20:12:31,589  INFO        [ 14/159] ASIANPAINT           5m
2026-04-15 20:12:31,855  INFO        [ 15/159] MARUTI               5m
2026-04-15 20:12:32,141  INFO        [ 16/159] TITAN                5m
2026-04-15 20:12:32,628  INFO        [ 17/159] SUNPHARMA            5m
2026-04-15 20:12:32,947  INFO        [ 18/159] ULTRACEMCO           5m
2026-04-15 20:12:33,312  INFO        [ 19/159] WIPRO                5m
2026-04-15 20:12:33,662  INFO        [ 20/159] NESTLEIND            5m
2026-04-15 20:12:33,991  INFO        [ 21/159] ONGC                 5m
2026-04-15 20:12:34,324  INFO        [ 22/159] POWERGRID            5m
2026-04-15 20:12:34,711  INFO        [ 23/159] NTPC                 5m
2026-04-15 20:12:35,078  INFO        [ 24/159] COALINDIA            5m
2026-04-15 20:12:35,352  INFO        [ 25/159] JSWSTEEL             5m
2026-04-15 20:12:35,676  INFO        [ 26/159] TATAMOTORS           5m
2026-04-15 20:12:36,062  ERROR     $TATAMOTORS.NS: possibly delisted; no timezone found
2026-04-15 20:12:36,070  ERROR     
1 Failed download:
2026-04-15 20:12:36,070  ERROR     ['TATAMOTORS.NS']: possibly delisted; no timezone found
2026-04-15 20:12:36,072  WARNING     SKIP TATAMOTORS [5m] — no data (delisted?)
2026-04-15 20:12:36,073  INFO        [ 27/159] TATASTEEL            5m
2026-04-15 20:12:36,417  INFO        [ 28/159] HCLTECH              5m
2026-04-15 20:12:36,721  INFO        [ 29/159] TECHM                5m
2026-04-15 20:12:37,091  INFO        [ 30/159] DIVISLAB             5m
2026-04-15 20:12:37,405  INFO        [ 31/159] DRREDDY              5m
2026-04-15 20:12:37,743  INFO        [ 32/159] CIPLA                5m
2026-04-15 20:12:38,079  INFO        [ 33/159] EICHERMOT            5m
2026-04-15 20:12:38,344  INFO        [ 34/159] HEROMOTOCO           5m
2026-04-15 20:12:38,820  INFO        [ 35/159] BAJAJFINSV           5m
2026-04-15 20:12:39,085  INFO        [ 36/159] ADANIENT             5m
2026-04-15 20:12:39,328  INFO        [ 37/159] ADANIPORTS           5m
2026-04-15 20:12:39,615  INFO        [ 38/159] APOLLOHOSP           5m
2026-04-15 20:12:40,055  INFO        [ 39/159] BAJAJ-AUTO           5m
2026-04-15 20:12:40,413  INFO        [ 40/159] BPCL                 5m
2026-04-15 20:12:40,750  INFO        [ 41/159] BRITANNIA            5m
2026-04-15 20:12:41,084  INFO        [ 42/159] DABUR                5m
2026-04-15 20:12:41,551  INFO        [ 43/159] DLF                  5m
2026-04-15 20:12:41,915  INFO        [ 44/159] GRASIM               5m
2026-04-15 20:12:42,169  INFO        [ 45/159] HAVELLS              5m
2026-04-15 20:12:42,447  INFO        [ 46/159] HINDALCO             5m
2026-04-15 20:12:42,836  INFO        [ 47/159] INDUSINDBK           5m
2026-04-15 20:12:43,191  INFO        [ 48/159] IOC                  5m
2026-04-15 20:12:43,528  INFO        [ 49/159] M&M                  5m
2026-04-15 20:12:43,974  INFO        [ 50/159] PIDILITIND           5m
2026-04-15 20:12:44,363  INFO        [ 51/159] SBILIFE              5m
2026-04-15 20:12:44,800  INFO        [ 52/159] SHREECEM             5m
2026-04-15 20:12:45,177  INFO        [ 53/159] SIEMENS              5m
2026-04-15 20:12:45,644  INFO        [ 54/159] TRENT                5m
2026-04-15 20:12:45,978  INFO        [ 55/159] VEDL                 5m
2026-04-15 20:12:46,367  INFO        [ 56/159] ZOMATO               5m
2026-04-15 20:12:46,781  ERROR     $ZOMATO.NS: possibly delisted; no timezone found
2026-04-15 20:12:46,781  ERROR     
1 Failed download:
2026-04-15 20:12:46,782  ERROR     ['ZOMATO.NS']: possibly delisted; no timezone found
2026-04-15 20:12:46,784  WARNING     SKIP ZOMATO [5m] — no data (delisted?)
2026-04-15 20:12:46,784  INFO        [ 57/159] DMART                5m
2026-04-15 20:12:47,007  INFO        [ 58/159] IRCTC                5m
2026-04-15 20:12:47,394  INFO        [ 59/159] BERGEPAINT           5m
2026-04-15 20:12:47,672  INFO        [ 60/159] BOSCHLTD             5m
2026-04-15 20:12:48,025  INFO        [ 61/159] CANBK                5m
2026-04-15 20:12:48,248  INFO        [ 62/159] CHOLAFIN             5m
2026-04-15 20:12:48,525  INFO        [ 63/159] COLPAL               5m
2026-04-15 20:12:48,862  INFO        [ 64/159] CONCOR               5m
2026-04-15 20:12:49,576  INFO        [ 65/159] CUMMINSIND           5m
2026-04-15 20:12:49,941  INFO        [ 66/159] ESCORTS              5m
2026-04-15 20:12:50,264  INFO        [ 67/159] FEDERALBNK           5m
2026-04-15 20:12:50,648  INFO        [ 68/159] GODREJCP             5m
2026-04-15 20:12:50,852  INFO        [ 69/159] GODREJPROP           5m
2026-04-15 20:12:51,036  INFO        [ 70/159] HAL                  5m
2026-04-15 20:12:51,258  INFO        [ 71/159] HDFCLIFE             5m
2026-04-15 20:12:51,603  INFO        [ 72/159] HINDPETRO            5m
2026-04-15 20:12:51,961  INFO        [ 73/159] ICICIPRULI           5m
2026-04-15 20:12:52,159  INFO        [ 74/159] IDFCFIRSTB           5m
2026-04-15 20:12:52,402  INFO        [ 75/159] IGL                  5m
2026-04-15 20:12:52,733  INFO        [ 76/159] INDUSTOWER           5m
2026-04-15 20:12:53,089  INFO        [ 77/159] JUBLFOOD             5m
2026-04-15 20:12:53,268  INFO        [ 78/159] LUPIN                5m
2026-04-15 20:12:53,542  INFO        [ 79/159] MARICO               5m
2026-04-15 20:12:53,765  INFO        [ 80/159] MPHASIS              5m
2026-04-15 20:12:54,018  INFO        [ 81/159] MUTHOOTFIN           5m
2026-04-15 20:12:54,342  INFO        [ 82/159] NAUKRI               5m
2026-04-15 20:12:54,631  INFO        [ 83/159] NBCC                 5m
2026-04-15 20:12:55,025  INFO        [ 84/159] NHPC                 5m
2026-04-15 20:12:55,455  INFO        [ 85/159] NMDC                 5m
2026-04-15 20:12:55,812  INFO        [ 86/159] OFSS                 5m
2026-04-15 20:12:56,009  INFO        [ 87/159] PAGEIND              5m
2026-04-15 20:12:56,263  INFO        [ 88/159] PERSISTENT           5m
2026-04-15 20:12:56,418  INFO        [ 89/159] PETRONET             5m
2026-04-15 20:12:56,695  INFO        [ 90/159] PFC                  5m
2026-04-15 20:12:56,943  INFO        [ 91/159] PNB                  5m
2026-04-15 20:12:57,272  INFO        [ 92/159] POLYCAB              5m
2026-04-15 20:12:57,530  INFO        [ 93/159] RBLBANK              5m
2026-04-15 20:12:57,814  INFO        [ 94/159] RECLTD               5m
2026-04-15 20:12:58,077  INFO        [ 95/159] SAIL                 5m
2026-04-15 20:12:58,264  INFO        [ 96/159] SBICARD              5m
2026-04-15 20:12:58,671  INFO        [ 97/159] SHRIRAMFIN           5m
2026-04-15 20:12:59,109  INFO        [ 98/159] SRF                  5m
2026-04-15 20:12:59,305  INFO        [ 99/159] SUNDARMFIN           5m
2026-04-15 20:12:59,601  INFO        [100/159] TATACHEM             5m
2026-04-15 20:12:59,758  INFO        [101/159] TATACONSUM           5m
2026-04-15 20:12:59,982  INFO        [102/159] TORNTPHARM           5m
2026-04-15 20:13:00,175  INFO        [103/159] TORNTPOWER           5m
2026-04-15 20:13:00,438  INFO        [104/159] TVSMOTOR             5m
2026-04-15 20:13:00,594  INFO        [105/159] UPL                  5m
2026-04-15 20:13:00,770  INFO        [106/159] VOLTAS               5m
2026-04-15 20:13:01,631  INFO        [107/159] YESBANK              5m
2026-04-15 20:13:01,814  INFO        [108/159] ZYDUSLIFE            5m
2026-04-15 20:13:02,050  INFO        [109/159] ABCAPITAL            5m
2026-04-15 20:13:02,355  INFO        [110/159] ACC                  5m
2026-04-15 20:13:02,552  INFO        [111/159] ADANIGREEN           5m
2026-04-15 20:13:02,727  INFO        [112/159] ALKEM                5m
2026-04-15 20:13:03,002  INFO        [113/159] AMBUJACEM            5m
2026-04-15 20:13:03,178  INFO        [114/159] ASTRAL               5m
2026-04-15 20:13:03,340  INFO        [115/159] AUROPHARMA           5m
2026-04-15 20:13:03,585  INFO        [116/159] BALKRISIND           5m
2026-04-15 20:13:03,758  INFO        [117/159] BANDHANBNK           5m
2026-04-15 20:13:04,057  INFO        [118/159] BANKBARODA           5m
2026-04-15 20:13:04,331  INFO        [119/159] BATAINDIA            5m
2026-04-15 20:13:04,719  INFO        [120/159] BEL                  5m
2026-04-15 20:13:04,975  INFO        [121/159] BHARATFORG           5m
2026-04-15 20:13:05,202  INFO        [122/159] BHEL                 5m
2026-04-15 20:13:05,510  INFO        [123/159] CDSL                 5m
2026-04-15 20:13:05,768  INFO        [124/159] CESC                 5m
2026-04-15 20:13:05,995  INFO        [125/159] DEEPAKNTR            5m
2026-04-15 20:13:06,168  INFO        [126/159] EMAMILTD             5m
2026-04-15 20:13:06,503  INFO        [127/159] EXIDEIND             5m
2026-04-15 20:13:06,770  INFO        [128/159] FORTIS               5m
2026-04-15 20:13:07,159  INFO        [129/159] GAIL                 5m
2026-04-15 20:13:07,594  INFO        [130/159] GLENMARK             5m
2026-04-15 20:13:07,979  INFO        [131/159] GRANULES             5m
2026-04-15 20:13:08,295  INFO        [132/159] GUJGASLTD            5m
2026-04-15 20:13:08,572  INFO        [133/159] HINDCOPPER           5m
2026-04-15 20:13:08,889  INFO        [134/159] HUDCO                5m
2026-04-15 20:13:09,313  INFO        [135/159] IEX                  5m
2026-04-15 20:13:09,609  INFO        [136/159] INDIGO               5m
2026-04-15 20:13:09,896  INFO        [137/159] IRFC                 5m
2026-04-15 20:13:10,253  INFO        [138/159] JKCEMENT             5m
2026-04-15 20:13:10,526  INFO        [139/159] JSWENERGY            5m
2026-04-15 20:13:10,912  INFO        [140/159] KPITTECH             5m
2026-04-15 20:13:11,199  INFO        [141/159] LAURUSLABS           5m
2026-04-15 20:13:11,624  INFO        [142/159] LICHSGFIN            5m
2026-04-15 20:13:11,881  INFO        [143/159] LODHA                5m
2026-04-15 20:13:12,407  INFO        [144/159] LTTS                 5m
2026-04-15 20:13:13,069  INFO        [145/159] MANAPPURAM           5m
2026-04-15 20:13:13,313  INFO        [146/159] MCX                  5m
2026-04-15 20:13:13,698  INFO        [147/159] METROPOLIS           5m
2026-04-15 20:13:14,094  INFO        [148/159] MRPL                 5m
2026-04-15 20:13:14,509  INFO        [149/159] NATIONALUM           5m
2026-04-15 20:13:14,947  INFO        [150/159] NAVINFLUOR           5m
2026-04-15 20:13:15,304  INFO        [151/159] OLECTRA              5m
2026-04-15 20:13:15,618  INFO        [152/159] PFIZER               5m
2026-04-15 20:13:15,933  INFO        [153/159] SUPREMEIND           5m
2026-04-15 20:13:16,217  INFO        [154/159] TATACOMM             5m
2026-04-15 20:13:16,591  INFO        [155/159] UBL                  5m
2026-04-15 20:13:16,958  INFO        [156/159] UNITDSPR             5m
2026-04-15 20:13:17,243  INFO        [157/159] WHIRLPOOL            5m
2026-04-15 20:13:17,662  INFO        [158/159] CROMPTON             5m
2026-04-15 20:13:17,946  INFO        [159/159] ^NSEI                5m
2026-04-15 20:13:18,220  INFO        → 156/159 tickers OK for 5m
2026-04-15 20:13:18,237  INFO        Saving 5m split by year:
2026-04-15 20:13:21,909  INFO          → master_5m_2026.csv  (596,589 rows)
2026-04-15 20:13:21,914  INFO      
[3/5] Fetching 1-hour data...
2026-04-15 20:13:21,914  INFO        [  1/159] RELIANCE             1h
2026-04-15 20:13:22,303  INFO        [  2/159] TCS                  1h
2026-04-15 20:13:22,650  INFO        [  3/159] HDFCBANK             1h
2026-04-15 20:13:23,117  INFO        [  4/159] BHARTIARTL           1h
2026-04-15 20:13:23,490  INFO        [  5/159] ICICIBANK            1h
2026-04-15 20:13:23,852  INFO        [  6/159] INFOSYS              1h
2026-04-15 20:13:24,215  ERROR     $INFOSYS.NS: possibly delisted; no timezone found
2026-04-15 20:13:24,215  ERROR     
1 Failed download:
2026-04-15 20:13:24,215  ERROR     ['INFOSYS.NS']: possibly delisted; no timezone found
2026-04-15 20:13:24,217  WARNING     SKIP INFOSYS [1h] — no data (delisted?)
2026-04-15 20:13:24,218  INFO        [  7/159] SBIN                 1h
2026-04-15 20:13:24,558  INFO        [  8/159] HINDUNILVR           1h
2026-04-15 20:13:32,008  INFO        [  9/159] ITC                  1h
2026-04-15 20:13:32,298  INFO        [ 10/159] LT                   1h
2026-04-15 20:13:32,626  INFO        [ 11/159] KOTAKBANK            1h
2026-04-15 20:13:33,012  INFO        [ 12/159] AXISBANK             1h
2026-04-15 20:13:33,420  INFO        [ 13/159] BAJFINANCE           1h
2026-04-15 20:13:33,763  INFO        [ 14/159] ASIANPAINT           1h
2026-04-15 20:13:34,171  INFO        [ 15/159] MARUTI               1h
2026-04-15 20:13:34,441  INFO        [ 16/159] TITAN                1h
2026-04-15 20:13:34,890  INFO        [ 17/159] SUNPHARMA            1h
2026-04-15 20:13:35,199  INFO        [ 18/159] ULTRACEMCO           1h
2026-04-15 20:13:35,538  INFO        [ 19/159] WIPRO                1h
2026-04-15 20:13:35,987  INFO        [ 20/159] NESTLEIND            1h
2026-04-15 20:13:36,322  INFO        [ 21/159] ONGC                 1h
2026-04-15 20:13:36,623  INFO        [ 22/159] POWERGRID            1h
2026-04-15 20:13:36,944  INFO        [ 23/159] NTPC                 1h
2026-04-15 20:13:37,384  INFO        [ 24/159] COALINDIA            1h
2026-04-15 20:13:37,843  INFO        [ 25/159] JSWSTEEL             1h
2026-04-15 20:13:38,392  INFO        [ 26/159] TATAMOTORS           1h
2026-04-15 20:13:38,769  ERROR     $TATAMOTORS.NS: possibly delisted; no timezone found
2026-04-15 20:13:38,776  ERROR     
1 Failed download:
2026-04-15 20:13:38,776  ERROR     ['TATAMOTORS.NS']: possibly delisted; no timezone found
2026-04-15 20:13:38,778  WARNING     SKIP TATAMOTORS [1h] — no data (delisted?)
2026-04-15 20:13:38,779  INFO        [ 27/159] TATASTEEL            1h
2026-04-15 20:13:39,170  INFO        [ 28/159] HCLTECH              1h
2026-04-15 20:13:39,519  INFO        [ 29/159] TECHM                1h
2026-04-15 20:13:39,717  INFO        [ 30/159] DIVISLAB             1h
2026-04-15 20:13:39,994  INFO        [ 31/159] DRREDDY              1h
2026-04-15 20:13:40,519  INFO        [ 32/159] CIPLA                1h
2026-04-15 20:13:40,771  INFO        [ 33/159] EICHERMOT            1h
2026-04-15 20:13:41,092  INFO        [ 34/159] HEROMOTOCO           1h
2026-04-15 20:13:41,301  INFO        [ 35/159] BAJAJFINSV           1h
2026-04-15 20:13:41,518  INFO        [ 36/159] ADANIENT             1h
2026-04-15 20:13:41,727  INFO        [ 37/159] ADANIPORTS           1h
2026-04-15 20:13:41,993  INFO        [ 38/159] APOLLOHOSP           1h
2026-04-15 20:13:42,381  INFO        [ 39/159] BAJAJ-AUTO           1h
2026-04-15 20:13:42,709  INFO        [ 40/159] BPCL                 1h
2026-04-15 20:13:43,111  INFO        [ 41/159] BRITANNIA            1h
2026-04-15 20:13:43,462  INFO        [ 42/159] DABUR                1h
2026-04-15 20:13:43,754  INFO        [ 43/159] DLF                  1h
2026-04-15 20:13:44,034  INFO        [ 44/159] GRASIM               1h
2026-04-15 20:13:44,405  INFO        [ 45/159] HAVELLS              1h
2026-04-15 20:13:44,753  INFO        [ 46/159] HINDALCO             1h
2026-04-15 20:13:45,102  INFO        [ 47/159] INDUSINDBK           1h
2026-04-15 20:13:45,364  INFO        [ 48/159] IOC                  1h
2026-04-15 20:13:45,634  INFO        [ 49/159] M&M                  1h
2026-04-15 20:13:45,914  INFO        [ 50/159] PIDILITIND           1h
2026-04-15 20:13:46,201  INFO        [ 51/159] SBILIFE              1h
2026-04-15 20:13:46,518  INFO        [ 52/159] SHREECEM             1h
2026-04-15 20:13:46,744  INFO        [ 53/159] SIEMENS              1h
2026-04-15 20:13:46,985  INFO        [ 54/159] TRENT                1h
2026-04-15 20:13:47,487  INFO        [ 55/159] VEDL                 1h
2026-04-15 20:13:47,745  INFO        [ 56/159] ZOMATO               1h
2026-04-15 20:13:48,169  ERROR     $ZOMATO.NS: possibly delisted; no timezone found
2026-04-15 20:13:48,169  ERROR     
1 Failed download:
2026-04-15 20:13:48,170  ERROR     ['ZOMATO.NS']: possibly delisted; no timezone found
2026-04-15 20:13:48,172  WARNING     SKIP ZOMATO [1h] — no data (delisted?)
2026-04-15 20:13:48,172  INFO        [ 57/159] DMART                1h
2026-04-15 20:13:48,499  INFO        [ 58/159] IRCTC                1h
2026-04-15 20:13:48,942  INFO        [ 59/159] BERGEPAINT           1h
2026-04-15 20:13:49,870  INFO        [ 60/159] BOSCHLTD             1h
2026-04-15 20:13:50,893  INFO        [ 61/159] CANBK                1h
2026-04-15 20:13:51,186  INFO        [ 62/159] CHOLAFIN             1h
2026-04-15 20:13:51,503  INFO        [ 63/159] COLPAL               1h
2026-04-15 20:13:51,921  INFO        [ 64/159] CONCOR               1h
2026-04-15 20:13:52,301  INFO        [ 65/159] CUMMINSIND           1h
2026-04-15 20:13:52,622  INFO        [ 66/159] ESCORTS              1h
2026-04-15 20:13:53,023  INFO        [ 67/159] FEDERALBNK           1h
2026-04-15 20:13:53,367  INFO        [ 68/159] GODREJCP             1h
2026-04-15 20:13:53,697  INFO        [ 69/159] GODREJPROP           1h
2026-04-15 20:13:53,999  INFO        [ 70/159] HAL                  1h
2026-04-15 20:13:54,438  INFO        [ 71/159] HDFCLIFE             1h
2026-04-15 20:13:54,789  INFO        [ 72/159] HINDPETRO            1h
2026-04-15 20:13:55,227  INFO        [ 73/159] ICICIPRULI           1h
2026-04-15 20:13:55,607  INFO        [ 74/159] IDFCFIRSTB           1h
2026-04-15 20:13:55,968  INFO        [ 75/159] IGL                  1h
2026-04-15 20:13:56,433  INFO        [ 76/159] INDUSTOWER           1h
2026-04-15 20:13:56,914  INFO        [ 77/159] JUBLFOOD             1h
2026-04-15 20:13:57,360  INFO        [ 78/159] LUPIN                1h
2026-04-15 20:13:57,725  INFO        [ 79/159] MARICO               1h
2026-04-15 20:13:58,229  INFO        [ 80/159] MPHASIS              1h
2026-04-15 20:13:58,602  INFO        [ 81/159] MUTHOOTFIN           1h
2026-04-15 20:13:58,933  INFO        [ 82/159] NAUKRI               1h
2026-04-15 20:13:59,339  INFO        [ 83/159] NBCC                 1h
2026-04-15 20:13:59,642  INFO        [ 84/159] NHPC                 1h
2026-04-15 20:13:59,918  INFO        [ 85/159] NMDC                 1h
2026-04-15 20:14:00,234  INFO        [ 86/159] OFSS                 1h
2026-04-15 20:14:00,550  INFO        [ 87/159] PAGEIND              1h
2026-04-15 20:14:00,993  INFO        [ 88/159] PERSISTENT           1h
2026-04-15 20:14:01,323  INFO        [ 89/159] PETRONET             1h
2026-04-15 20:14:01,676  INFO        [ 90/159] PFC                  1h
2026-04-15 20:14:02,050  INFO        [ 91/159] PNB                  1h
2026-04-15 20:14:02,387  INFO        [ 92/159] POLYCAB              1h
2026-04-15 20:14:02,719  INFO        [ 93/159] RBLBANK              1h
2026-04-15 20:14:03,057  INFO        [ 94/159] RECLTD               1h
2026-04-15 20:14:03,348  INFO        [ 95/159] SAIL                 1h
2026-04-15 20:14:03,792  INFO        [ 96/159] SBICARD              1h
2026-04-15 20:14:04,093  INFO        [ 97/159] SHRIRAMFIN           1h
2026-04-15 20:14:04,441  INFO        [ 98/159] SRF                  1h
2026-04-15 20:14:04,996  INFO        [ 99/159] SUNDARMFIN           1h
2026-04-15 20:14:05,296  INFO        [100/159] TATACHEM             1h
2026-04-15 20:14:05,626  INFO        [101/159] TATACONSUM           1h
2026-04-15 20:14:05,977  INFO        [102/159] TORNTPHARM           1h
2026-04-15 20:14:06,321  INFO        [103/159] TORNTPOWER           1h
2026-04-15 20:14:06,741  INFO        [104/159] TVSMOTOR             1h
2026-04-15 20:14:07,135  INFO        [105/159] UPL                  1h
2026-04-15 20:14:07,538  INFO        [106/159] VOLTAS               1h
2026-04-15 20:14:07,957  INFO        [107/159] YESBANK              1h
2026-04-15 20:14:08,246  INFO        [108/159] ZYDUSLIFE            1h
2026-04-15 20:14:08,585  INFO        [109/159] ABCAPITAL            1h
2026-04-15 20:14:08,974  INFO        [110/159] ACC                  1h
2026-04-15 20:14:09,360  INFO        [111/159] ADANIGREEN           1h
2026-04-15 20:14:09,678  INFO        [112/159] ALKEM                1h
2026-04-15 20:14:09,997  INFO        [113/159] AMBUJACEM            1h
2026-04-15 20:14:10,499  INFO        [114/159] ASTRAL               1h
2026-04-15 20:14:10,841  INFO        [115/159] AUROPHARMA           1h
2026-04-15 20:14:11,161  INFO        [116/159] BALKRISIND           1h
2026-04-15 20:14:11,501  INFO        [117/159] BANDHANBNK           1h
2026-04-15 20:14:11,821  INFO        [118/159] BANKBARODA           1h
2026-04-15 20:14:12,136  INFO        [119/159] BATAINDIA            1h
2026-04-15 20:14:12,429  INFO        [120/159] BEL                  1h
2026-04-15 20:14:12,762  INFO        [121/159] BHARATFORG           1h
2026-04-15 20:14:13,093  INFO        [122/159] BHEL                 1h
2026-04-15 20:14:13,435  INFO        [123/159] CDSL                 1h
2026-04-15 20:14:13,805  INFO        [124/159] CESC                 1h
2026-04-15 20:14:14,238  INFO        [125/159] DEEPAKNTR            1h
2026-04-15 20:14:14,573  INFO        [126/159] EMAMILTD             1h
2026-04-15 20:14:14,913  INFO        [127/159] EXIDEIND             1h
2026-04-15 20:14:15,311  INFO        [128/159] FORTIS               1h
2026-04-15 20:14:15,680  INFO        [129/159] GAIL                 1h
2026-04-15 20:14:16,019  INFO        [130/159] GLENMARK             1h
2026-04-15 20:14:16,320  INFO        [131/159] GRANULES             1h
2026-04-15 20:14:16,733  INFO        [132/159] GUJGASLTD            1h
2026-04-15 20:14:17,079  INFO        [133/159] HINDCOPPER           1h
2026-04-15 20:14:17,479  INFO        [134/159] HUDCO                1h
2026-04-15 20:14:17,772  INFO        [135/159] IEX                  1h
2026-04-15 20:14:18,069  INFO        [136/159] INDIGO               1h
2026-04-15 20:14:18,363  INFO        [137/159] IRFC                 1h
2026-04-15 20:14:18,674  INFO        [138/159] JKCEMENT             1h
2026-04-15 20:14:19,132  INFO        [139/159] JSWENERGY            1h
2026-04-15 20:14:19,543  INFO        [140/159] KPITTECH             1h
2026-04-15 20:14:19,996  INFO        [141/159] LAURUSLABS           1h
2026-04-15 20:14:20,422  INFO        [142/159] LICHSGFIN            1h
2026-04-15 20:14:20,853  INFO        [143/159] LODHA                1h
2026-04-15 20:14:21,231  INFO        [144/159] LTTS                 1h
2026-04-15 20:14:21,624  INFO        [145/159] MANAPPURAM           1h
2026-04-15 20:14:22,027  INFO        [146/159] MCX                  1h
2026-04-15 20:14:22,487  INFO        [147/159] METROPOLIS           1h
2026-04-15 20:14:22,823  INFO        [148/159] MRPL                 1h
2026-04-15 20:14:23,178  INFO        [149/159] NATIONALUM           1h
2026-04-15 20:14:23,546  INFO        [150/159] NAVINFLUOR           1h
2026-04-15 20:14:23,842  INFO        [151/159] OLECTRA              1h
2026-04-15 20:14:24,279  INFO        [152/159] PFIZER               1h
2026-04-15 20:14:24,750  INFO        [153/159] SUPREMEIND           1h
2026-04-15 20:14:25,102  INFO        [154/159] TATACOMM             1h
2026-04-15 20:14:25,479  INFO        [155/159] UBL                  1h
2026-04-15 20:14:25,807  INFO        [156/159] UNITDSPR             1h
2026-04-15 20:14:26,283  INFO        [157/159] WHIRLPOOL            1h
2026-04-15 20:14:26,656  INFO        [158/159] CROMPTON             1h
2026-04-15 20:14:26,983  INFO        [159/159] ^NSEI                1h
2026-04-15 20:14:27,433  INFO        → 156/159 tickers OK for 1h
2026-04-15 20:14:27,474  INFO        Backup → backup_master_1h.csv
2026-04-15 20:14:30,836  INFO          → master_1h.csv  (540,572 rows)
2026-04-15 20:14:30,840  INFO      
[4/5] Resampling 1m → 5m and 1h...
2026-04-15 20:14:32,627  INFO        Generated 5m rows : 163,796
2026-04-15 20:14:32,627  INFO        Generated 1h rows : 15,288
2026-04-15 20:14:32,627  INFO      
[5/5] Validating...
2026-04-15 20:14:41,457  WARNING     Validation [5m]: 435538 issues.
2026-04-15 20:14:42,402  WARNING     Validation [1h]: 555860 issues.
2026-04-15 20:14:45,025  INFO        Validation report → 991398 rows (last 30 days only)
2026-04-15 20:14:45,028  INFO        Skipped: 9 tickers → skipped_tickers.csv
2026-04-15 20:14:45,028  INFO      
============================================================
2026-04-15 20:14:45,028  INFO      Pipeline COMPLETE ✓
2026-04-15 20:14:45,029  INFO        1m files  : 2 monthly files in data/1m/
2026-04-15 20:14:45,029  INFO          master_1m_2026_03.csv  (25.3 MB)
2026-04-15 20:14:45,029  INFO          master_1m_2026_04.csv  (45.7 MB)
2026-04-15 20:14:45,029  INFO        5m files  : 1 yearly files in data/5m/
2026-04-15 20:14:45,029  INFO          master_5m_2026.csv  (51.8 MB)
2026-04-15 20:14:45,029  INFO        1h file   : master_1h.csv  (47.5 MB)
2026-04-15 20:14:45,029  INFO        Skipped   : 9 tickers
2026-04-15 20:14:45,029  INFO      ============================================================
