2026-03-30 20:00:10,745  WARNING     Deleted oversized validation_report.csv (69.3 MB) — will recreate.
2026-03-30 20:00:10,745  INFO      ============================================================
2026-03-30 20:00:10,745  INFO      Indian Market Data Pipeline v3 — START
2026-03-30 20:00:10,745  INFO      Run time : 2026-03-30 20:00:10
2026-03-30 20:00:10,746  INFO      Tickers  : 158 stocks + Nifty Index
2026-03-30 20:00:10,746  INFO      File layout:
2026-03-30 20:00:10,746  INFO        1m  → data/1m/master_1m_YYYY_MM.csv  (one per month)
2026-03-30 20:00:10,746  INFO        5m  → data/5m/master_5m_YYYY.csv     (one per year)
2026-03-30 20:00:10,746  INFO        1h  → data/master_1h.csv             (single file)
2026-03-30 20:00:10,746  INFO      ============================================================
2026-03-30 20:00:10,746  INFO      
[1/5] Fetching 1-minute data...
2026-03-30 20:00:10,746  INFO        [  1/159] RELIANCE             1m
2026-03-30 20:00:11,616  INFO        [  2/159] TCS                  1m
2026-03-30 20:00:12,132  INFO        [  3/159] HDFCBANK             1m
2026-03-30 20:00:12,622  INFO        [  4/159] BHARTIARTL           1m
2026-03-30 20:00:13,137  INFO        [  5/159] ICICIBANK            1m
2026-03-30 20:00:13,664  INFO        [  6/159] INFOSYS              1m
2026-03-30 20:00:14,454  ERROR     HTTP Error 404: {"quoteSummary":{"result":null,"error":{"code":"Not Found","description":"Quote not found for symbol: INFOSYS.NS"}}}
2026-03-30 20:00:14,724  ERROR     $INFOSYS.NS: possibly delisted; no timezone found
2026-03-30 20:00:14,725  ERROR     
1 Failed download:
2026-03-30 20:00:14,725  ERROR     ['INFOSYS.NS']: possibly delisted; no timezone found
2026-03-30 20:00:14,727  WARNING     SKIP INFOSYS [1m] — no data (delisted?)
2026-03-30 20:00:14,727  INFO        [  7/159] SBIN                 1m
2026-03-30 20:00:15,372  INFO        [  8/159] HINDUNILVR           1m
2026-03-30 20:00:15,906  INFO        [  9/159] ITC                  1m
2026-03-30 20:00:16,350  INFO        [ 10/159] LT                   1m
2026-03-30 20:00:16,734  INFO        [ 11/159] KOTAKBANK            1m
2026-03-30 20:00:17,178  INFO        [ 12/159] AXISBANK             1m
2026-03-30 20:00:17,582  INFO        [ 13/159] BAJFINANCE           1m
2026-03-30 20:00:18,200  INFO        [ 14/159] ASIANPAINT           1m
2026-03-30 20:00:18,564  INFO        [ 15/159] MARUTI               1m
2026-03-30 20:00:18,866  INFO        [ 16/159] TITAN                1m
2026-03-30 20:00:19,321  INFO        [ 17/159] SUNPHARMA            1m
2026-03-30 20:00:19,736  INFO        [ 18/159] ULTRACEMCO           1m
2026-03-30 20:00:20,141  INFO        [ 19/159] WIPRO                1m
2026-03-30 20:00:20,614  INFO        [ 20/159] NESTLEIND            1m
2026-03-30 20:00:20,917  INFO        [ 21/159] ONGC                 1m
2026-03-30 20:00:21,324  INFO        [ 22/159] POWERGRID            1m
2026-03-30 20:00:21,678  INFO        [ 23/159] NTPC                 1m
2026-03-30 20:00:22,225  INFO        [ 24/159] COALINDIA            1m
2026-03-30 20:00:22,615  INFO        [ 25/159] JSWSTEEL             1m
2026-03-30 20:00:22,949  INFO        [ 26/159] TATAMOTORS           1m
2026-03-30 20:00:23,754  ERROR     HTTP Error 404: {"quoteSummary":{"result":null,"error":{"code":"Not Found","description":"Quote not found for symbol: TATAMOTORS.NS"}}}
2026-03-30 20:00:23,953  ERROR     $TATAMOTORS.NS: possibly delisted; no timezone found
2026-03-30 20:00:23,959  ERROR     
1 Failed download:
2026-03-30 20:00:23,959  ERROR     ['TATAMOTORS.NS']: possibly delisted; no timezone found
2026-03-30 20:00:23,961  WARNING     SKIP TATAMOTORS [1m] — no data (delisted?)
2026-03-30 20:00:23,962  INFO        [ 27/159] TATASTEEL            1m
2026-03-30 20:00:24,405  INFO        [ 28/159] HCLTECH              1m
2026-03-30 20:00:24,861  INFO        [ 29/159] TECHM                1m
2026-03-30 20:00:25,254  INFO        [ 30/159] DIVISLAB             1m
2026-03-30 20:00:25,597  INFO        [ 31/159] DRREDDY              1m
2026-03-30 20:00:25,983  INFO        [ 32/159] CIPLA                1m
2026-03-30 20:00:26,446  INFO        [ 33/159] EICHERMOT            1m
2026-03-30 20:00:26,919  INFO        [ 34/159] HEROMOTOCO           1m
2026-03-30 20:00:27,237  INFO        [ 35/159] BAJAJFINSV           1m
2026-03-30 20:00:27,657  INFO        [ 36/159] ADANIENT             1m
2026-03-30 20:00:28,040  INFO        [ 37/159] ADANIPORTS           1m
2026-03-30 20:00:28,499  INFO        [ 38/159] APOLLOHOSP           1m
2026-03-30 20:00:29,025  INFO        [ 39/159] BAJAJ-AUTO           1m
2026-03-30 20:00:29,450  INFO        [ 40/159] BPCL                 1m
2026-03-30 20:00:29,762  INFO        [ 41/159] BRITANNIA            1m
2026-03-30 20:00:30,332  INFO        [ 42/159] DABUR                1m
2026-03-30 20:00:30,887  INFO        [ 43/159] DLF                  1m
2026-03-30 20:00:31,287  INFO        [ 44/159] GRASIM               1m
2026-03-30 20:00:31,845  INFO        [ 45/159] HAVELLS              1m
2026-03-30 20:00:32,151  INFO        [ 46/159] HINDALCO             1m
2026-03-30 20:00:32,595  INFO        [ 47/159] INDUSINDBK           1m
2026-03-30 20:00:33,040  INFO        [ 48/159] IOC                  1m
2026-03-30 20:00:33,729  INFO        [ 49/159] M&M                  1m
2026-03-30 20:00:34,044  INFO        [ 50/159] PIDILITIND           1m
2026-03-30 20:00:34,484  INFO        [ 51/159] SBILIFE              1m
2026-03-30 20:00:34,799  INFO        [ 52/159] SHREECEM             1m
2026-03-30 20:00:35,315  INFO        [ 53/159] SIEMENS              1m
2026-03-30 20:00:35,780  INFO        [ 54/159] TRENT                1m
2026-03-30 20:00:36,158  INFO        [ 55/159] VEDL                 1m
2026-03-30 20:00:36,673  INFO        [ 56/159] ZOMATO               1m
2026-03-30 20:00:37,068  ERROR     $ZOMATO.NS: possibly delisted; no timezone found
2026-03-30 20:00:37,068  ERROR     
1 Failed download:
2026-03-30 20:00:37,068  ERROR     ['ZOMATO.NS']: possibly delisted; no timezone found
2026-03-30 20:00:37,071  WARNING     SKIP ZOMATO [1m] — no data (delisted?)
2026-03-30 20:00:37,071  INFO        [ 57/159] DMART                1m
2026-03-30 20:00:37,405  INFO        [ 58/159] IRCTC                1m
2026-03-30 20:00:37,818  INFO        [ 59/159] BERGEPAINT           1m
2026-03-30 20:00:38,348  INFO        [ 60/159] BOSCHLTD             1m
2026-03-30 20:00:38,855  INFO        [ 61/159] CANBK                1m
2026-03-30 20:00:39,284  INFO        [ 62/159] CHOLAFIN             1m
2026-03-30 20:00:39,794  INFO        [ 63/159] COLPAL               1m
2026-03-30 20:00:40,340  INFO        [ 64/159] CONCOR               1m
2026-03-30 20:00:41,249  INFO        [ 65/159] CUMMINSIND           1m
2026-03-30 20:00:41,757  INFO        [ 66/159] ESCORTS              1m
2026-03-30 20:00:42,140  INFO        [ 67/159] FEDERALBNK           1m
2026-03-30 20:00:42,513  INFO        [ 68/159] GODREJCP             1m
2026-03-30 20:00:43,083  INFO        [ 69/159] GODREJPROP           1m
2026-03-30 20:00:43,479  INFO        [ 70/159] HAL                  1m
2026-03-30 20:00:43,811  INFO        [ 71/159] HDFCLIFE             1m
2026-03-30 20:00:44,128  INFO        [ 72/159] HINDPETRO            1m
2026-03-30 20:00:44,432  INFO        [ 73/159] ICICIPRULI           1m
2026-03-30 20:00:44,888  INFO        [ 74/159] IDFCFIRSTB           1m
2026-03-30 20:00:45,242  INFO        [ 75/159] IGL                  1m
2026-03-30 20:00:45,641  INFO        [ 76/159] INDUSTOWER           1m
2026-03-30 20:00:45,948  INFO        [ 77/159] JUBLFOOD             1m
2026-03-30 20:00:46,337  INFO        [ 78/159] LUPIN                1m
2026-03-30 20:00:46,791  INFO        [ 79/159] MARICO               1m
2026-03-30 20:00:47,387  INFO        [ 80/159] MPHASIS              1m
2026-03-30 20:00:47,841  INFO        [ 81/159] MUTHOOTFIN           1m
2026-03-30 20:00:48,295  INFO        [ 82/159] NAUKRI               1m
2026-03-30 20:00:48,704  INFO        [ 83/159] NBCC                 1m
2026-03-30 20:00:49,061  INFO        [ 84/159] NHPC                 1m
2026-03-30 20:00:49,488  INFO        [ 85/159] NMDC                 1m
2026-03-30 20:00:49,932  INFO        [ 86/159] OFSS                 1m
2026-03-30 20:00:50,489  INFO        [ 87/159] PAGEIND              1m
2026-03-30 20:00:50,858  INFO        [ 88/159] PERSISTENT           1m
2026-03-30 20:00:51,284  INFO        [ 89/159] PETRONET             1m
2026-03-30 20:00:51,855  INFO        [ 90/159] PFC                  1m
2026-03-30 20:00:52,313  INFO        [ 91/159] PNB                  1m
2026-03-30 20:00:52,648  INFO        [ 92/159] POLYCAB              1m
2026-03-30 20:00:53,255  INFO        [ 93/159] RBLBANK              1m
2026-03-30 20:00:53,739  INFO        [ 94/159] RECLTD               1m
2026-03-30 20:00:54,098  INFO        [ 95/159] SAIL                 1m
2026-03-30 20:00:54,506  INFO        [ 96/159] SBICARD              1m
2026-03-30 20:00:54,971  INFO        [ 97/159] SHRIRAMFIN           1m
2026-03-30 20:00:55,475  INFO        [ 98/159] SRF                  1m
2026-03-30 20:00:55,963  INFO        [ 99/159] SUNDARMFIN           1m
2026-03-30 20:00:56,287  INFO        [100/159] TATACHEM             1m
2026-03-30 20:00:56,600  INFO        [101/159] TATACONSUM           1m
2026-03-30 20:00:56,943  INFO        [102/159] TORNTPHARM           1m
2026-03-30 20:00:57,457  INFO        [103/159] TORNTPOWER           1m
2026-03-30 20:00:57,815  INFO        [104/159] TVSMOTOR             1m
2026-03-30 20:00:58,198  INFO        [105/159] UPL                  1m
2026-03-30 20:00:58,635  INFO        [106/159] VOLTAS               1m
2026-03-30 20:00:58,969  INFO        [107/159] YESBANK              1m
2026-03-30 20:00:59,343  INFO        [108/159] ZYDUSLIFE            1m
2026-03-30 20:00:59,832  INFO        [109/159] ABCAPITAL            1m
2026-03-30 20:01:00,248  INFO        [110/159] ACC                  1m
2026-03-30 20:01:00,752  INFO        [111/159] ADANIGREEN           1m
2026-03-30 20:01:01,115  INFO        [112/159] ALKEM                1m
2026-03-30 20:01:01,456  INFO        [113/159] AMBUJACEM            1m
2026-03-30 20:01:01,851  INFO        [114/159] ASTRAL               1m
2026-03-30 20:01:02,294  INFO        [115/159] AUROPHARMA           1m
2026-03-30 20:01:02,710  INFO        [116/159] BALKRISIND           1m
2026-03-30 20:01:03,275  INFO        [117/159] BANDHANBNK           1m
2026-03-30 20:01:03,591  INFO        [118/159] BANKBARODA           1m
2026-03-30 20:01:03,913  INFO        [119/159] BATAINDIA            1m
2026-03-30 20:01:04,268  INFO        [120/159] BEL                  1m
2026-03-30 20:01:04,675  INFO        [121/159] BHARATFORG           1m
2026-03-30 20:01:05,160  INFO        [122/159] BHEL                 1m
2026-03-30 20:01:05,573  INFO        [123/159] CDSL                 1m
2026-03-30 20:01:05,880  INFO        [124/159] CESC                 1m
2026-03-30 20:01:06,325  INFO        [125/159] DEEPAKNTR            1m
2026-03-30 20:01:06,786  INFO        [126/159] EMAMILTD             1m
2026-03-30 20:01:07,263  INFO        [127/159] EXIDEIND             1m
2026-03-30 20:01:07,588  INFO        [128/159] FORTIS               1m
2026-03-30 20:01:07,931  INFO        [129/159] GAIL                 1m
2026-03-30 20:01:08,347  INFO        [130/159] GLENMARK             1m
2026-03-30 20:01:08,875  INFO        [131/159] GRANULES             1m
2026-03-30 20:01:09,198  INFO        [132/159] GUJGASLTD            1m
2026-03-30 20:01:09,556  INFO        [133/159] HINDCOPPER           1m
2026-03-30 20:01:09,908  INFO        [134/159] HUDCO                1m
2026-03-30 20:01:10,290  INFO        [135/159] IEX                  1m
2026-03-30 20:01:10,623  INFO        [136/159] INDIGO               1m
2026-03-30 20:01:10,925  INFO        [137/159] IRFC                 1m
2026-03-30 20:01:11,323  INFO        [138/159] JKCEMENT             1m
2026-03-30 20:01:11,859  INFO        [139/159] JSWENERGY            1m
2026-03-30 20:01:12,246  INFO        [140/159] KPITTECH             1m
2026-03-30 20:01:12,711  INFO        [141/159] LAURUSLABS           1m
2026-03-30 20:01:13,090  INFO        [142/159] LICHSGFIN            1m
2026-03-30 20:01:13,598  INFO        [143/159] LODHA                1m
2026-03-30 20:01:13,921  INFO        [144/159] LTTS                 1m
2026-03-30 20:01:14,476  INFO        [145/159] MANAPPURAM           1m
2026-03-30 20:01:14,838  INFO        [146/159] MCX                  1m
2026-03-30 20:01:15,212  INFO        [147/159] METROPOLIS           1m
2026-03-30 20:01:15,618  INFO        [148/159] MRPL                 1m
2026-03-30 20:01:16,055  INFO        [149/159] NATIONALUM           1m
2026-03-30 20:01:16,444  INFO        [150/159] NAVINFLUOR           1m
2026-03-30 20:01:16,766  INFO        [151/159] OLECTRA              1m
2026-03-30 20:01:17,142  INFO        [152/159] PFIZER               1m
2026-03-30 20:01:17,479  INFO        [153/159] SUPREMEIND           1m
2026-03-30 20:01:17,800  INFO        [154/159] TATACOMM             1m
2026-03-30 20:01:18,186  INFO        [155/159] UBL                  1m
2026-03-30 20:01:18,609  INFO        [156/159] UNITDSPR             1m
2026-03-30 20:01:19,126  INFO        [157/159] WHIRLPOOL            1m
2026-03-30 20:01:19,509  INFO        [158/159] CROMPTON             1m
2026-03-30 20:01:19,907  INFO        [159/159] ^NSEI                1m
2026-03-30 20:01:20,534  INFO        → 156/159 tickers OK for 1m
2026-03-30 20:01:20,546  INFO        Saving 1m split by month:
2026-03-30 20:01:22,327  INFO          → master_1m_2026_03.csv  (291,654 rows)
2026-03-30 20:01:22,330  INFO      
[2/5] Fetching 5-minute data...
2026-03-30 20:01:22,330  INFO        [  1/159] RELIANCE             5m
2026-03-30 20:01:22,650  INFO        [  2/159] TCS                  5m
2026-03-30 20:01:23,058  INFO        [  3/159] HDFCBANK             5m
2026-03-30 20:01:23,487  INFO        [  4/159] BHARTIARTL           5m
2026-03-30 20:01:23,824  INFO        [  5/159] ICICIBANK            5m
2026-03-30 20:01:24,131  INFO        [  6/159] INFOSYS              5m
2026-03-30 20:01:24,706  ERROR     $INFOSYS.NS: possibly delisted; no timezone found
2026-03-30 20:01:24,708  ERROR     
1 Failed download:
2026-03-30 20:01:24,708  ERROR     ['INFOSYS.NS']: possibly delisted; no timezone found
2026-03-30 20:01:24,710  WARNING     SKIP INFOSYS [5m] — no data (delisted?)
2026-03-30 20:01:24,710  INFO        [  7/159] SBIN                 5m
2026-03-30 20:01:25,078  INFO        [  8/159] HINDUNILVR           5m
2026-03-30 20:01:25,428  INFO        [  9/159] ITC                  5m
2026-03-30 20:01:25,774  INFO        [ 10/159] LT                   5m
2026-03-30 20:01:26,053  INFO        [ 11/159] KOTAKBANK            5m
2026-03-30 20:01:26,402  INFO        [ 12/159] AXISBANK             5m
2026-03-30 20:01:26,754  INFO        [ 13/159] BAJFINANCE           5m
2026-03-30 20:01:27,102  INFO        [ 14/159] ASIANPAINT           5m
2026-03-30 20:01:27,377  INFO        [ 15/159] MARUTI               5m
2026-03-30 20:01:27,652  INFO        [ 16/159] TITAN                5m
2026-03-30 20:01:27,947  INFO        [ 17/159] SUNPHARMA            5m
2026-03-30 20:01:28,255  INFO        [ 18/159] ULTRACEMCO           5m
2026-03-30 20:01:28,674  INFO        [ 19/159] WIPRO                5m
2026-03-30 20:01:28,994  INFO        [ 20/159] NESTLEIND            5m
2026-03-30 20:01:29,300  INFO        [ 21/159] ONGC                 5m
2026-03-30 20:01:29,668  INFO        [ 22/159] POWERGRID            5m
2026-03-30 20:01:29,975  INFO        [ 23/159] NTPC                 5m
2026-03-30 20:01:30,305  INFO        [ 24/159] COALINDIA            5m
2026-03-30 20:01:30,812  INFO        [ 25/159] JSWSTEEL             5m
2026-03-30 20:01:31,261  INFO        [ 26/159] TATAMOTORS           5m
2026-03-30 20:01:31,603  ERROR     $TATAMOTORS.NS: possibly delisted; no timezone found
2026-03-30 20:01:31,605  ERROR     
1 Failed download:
2026-03-30 20:01:31,605  ERROR     ['TATAMOTORS.NS']: possibly delisted; no timezone found
2026-03-30 20:01:31,607  WARNING     SKIP TATAMOTORS [5m] — no data (delisted?)
2026-03-30 20:01:31,608  INFO        [ 27/159] TATASTEEL            5m
2026-03-30 20:01:31,943  INFO        [ 28/159] HCLTECH              5m
2026-03-30 20:01:32,281  INFO        [ 29/159] TECHM                5m
2026-03-30 20:01:32,598  INFO        [ 30/159] DIVISLAB             5m
2026-03-30 20:01:32,935  INFO        [ 31/159] DRREDDY              5m
2026-03-30 20:01:33,144  INFO        [ 32/159] CIPLA                5m
2026-03-30 20:01:33,360  INFO        [ 33/159] EICHERMOT            5m
2026-03-30 20:01:33,652  INFO        [ 34/159] HEROMOTOCO           5m
2026-03-30 20:01:33,929  INFO        [ 35/159] BAJAJFINSV           5m
2026-03-30 20:01:34,146  INFO        [ 36/159] ADANIENT             5m
2026-03-30 20:01:34,339  INFO        [ 37/159] ADANIPORTS           5m
2026-03-30 20:01:34,582  INFO        [ 38/159] APOLLOHOSP           5m
2026-03-30 20:01:34,780  INFO        [ 39/159] BAJAJ-AUTO           5m
2026-03-30 20:01:34,963  INFO        [ 40/159] BPCL                 5m
2026-03-30 20:01:35,153  INFO        [ 41/159] BRITANNIA            5m
2026-03-30 20:01:35,872  INFO        [ 42/159] DABUR                5m
2026-03-30 20:01:36,061  INFO        [ 43/159] DLF                  5m
2026-03-30 20:01:36,422  INFO        [ 44/159] GRASIM               5m
2026-03-30 20:01:36,818  INFO        [ 45/159] HAVELLS              5m
2026-03-30 20:01:37,065  INFO        [ 46/159] HINDALCO             5m
2026-03-30 20:01:37,268  INFO        [ 47/159] INDUSINDBK           5m
2026-03-30 20:01:37,569  INFO        [ 48/159] IOC                  5m
2026-03-30 20:01:37,933  INFO        [ 49/159] M&M                  5m
2026-03-30 20:01:38,202  INFO        [ 50/159] PIDILITIND           5m
2026-03-30 20:01:38,541  INFO        [ 51/159] SBILIFE              5m
2026-03-30 20:01:38,854  INFO        [ 52/159] SHREECEM             5m
2026-03-30 20:01:39,089  INFO        [ 53/159] SIEMENS              5m
2026-03-30 20:01:39,306  INFO        [ 54/159] TRENT                5m
2026-03-30 20:01:39,715  INFO        [ 55/159] VEDL                 5m
2026-03-30 20:01:39,988  INFO        [ 56/159] ZOMATO               5m
2026-03-30 20:01:40,370  ERROR     $ZOMATO.NS: possibly delisted; no timezone found
2026-03-30 20:01:40,373  ERROR     
1 Failed download:
2026-03-30 20:01:40,373  ERROR     ['ZOMATO.NS']: possibly delisted; no timezone found
2026-03-30 20:01:40,375  WARNING     SKIP ZOMATO [5m] — no data (delisted?)
2026-03-30 20:01:40,375  INFO        [ 57/159] DMART                5m
2026-03-30 20:01:40,582  INFO        [ 58/159] IRCTC                5m
2026-03-30 20:01:40,826  INFO        [ 59/159] BERGEPAINT           5m
2026-03-30 20:01:41,236  INFO        [ 60/159] BOSCHLTD             5m
2026-03-30 20:01:41,443  INFO        [ 61/159] CANBK                5m
2026-03-30 20:01:41,762  INFO        [ 62/159] CHOLAFIN             5m
2026-03-30 20:01:42,233  INFO        [ 63/159] COLPAL               5m
2026-03-30 20:01:42,479  INFO        [ 64/159] CONCOR               5m
2026-03-30 20:01:42,777  INFO        [ 65/159] CUMMINSIND           5m
2026-03-30 20:01:43,034  INFO        [ 66/159] ESCORTS              5m
2026-03-30 20:01:43,215  INFO        [ 67/159] FEDERALBNK           5m
2026-03-30 20:01:43,445  INFO        [ 68/159] GODREJCP             5m
2026-03-30 20:01:43,813  INFO        [ 69/159] GODREJPROP           5m
2026-03-30 20:01:44,289  INFO        [ 70/159] HAL                  5m
2026-03-30 20:01:44,697  INFO        [ 71/159] HDFCLIFE             5m
2026-03-30 20:01:44,981  INFO        [ 72/159] HINDPETRO            5m
2026-03-30 20:01:45,165  INFO        [ 73/159] ICICIPRULI           5m
2026-03-30 20:01:45,486  INFO        [ 74/159] IDFCFIRSTB           5m
2026-03-30 20:01:45,747  INFO        [ 75/159] IGL                  5m
2026-03-30 20:01:46,004  INFO        [ 76/159] INDUSTOWER           5m
2026-03-30 20:01:46,247  INFO        [ 77/159] JUBLFOOD             5m
2026-03-30 20:01:46,480  INFO        [ 78/159] LUPIN                5m
2026-03-30 20:01:46,954  INFO        [ 79/159] MARICO               5m
2026-03-30 20:01:47,372  INFO        [ 80/159] MPHASIS              5m
2026-03-30 20:01:47,742  INFO        [ 81/159] MUTHOOTFIN           5m
2026-03-30 20:01:47,950  INFO        [ 82/159] NAUKRI               5m
2026-03-30 20:01:48,256  INFO        [ 83/159] NBCC                 5m
2026-03-30 20:01:48,560  INFO        [ 84/159] NHPC                 5m
2026-03-30 20:01:48,837  INFO        [ 85/159] NMDC                 5m
2026-03-30 20:01:49,023  INFO        [ 86/159] OFSS                 5m
2026-03-30 20:01:49,310  INFO        [ 87/159] PAGEIND              5m
2026-03-30 20:01:49,530  INFO        [ 88/159] PERSISTENT           5m
2026-03-30 20:01:49,750  INFO        [ 89/159] PETRONET             5m
2026-03-30 20:01:49,995  INFO        [ 90/159] PFC                  5m
2026-03-30 20:01:50,299  INFO        [ 91/159] PNB                  5m
2026-03-30 20:01:50,482  INFO        [ 92/159] POLYCAB              5m
2026-03-30 20:01:50,640  INFO        [ 93/159] RBLBANK              5m
2026-03-30 20:01:50,853  INFO        [ 94/159] RECLTD               5m
2026-03-30 20:01:51,028  INFO        [ 95/159] SAIL                 5m
2026-03-30 20:01:51,227  INFO        [ 96/159] SBICARD              5m
2026-03-30 20:01:51,608  INFO        [ 97/159] SHRIRAMFIN           5m
2026-03-30 20:01:51,938  INFO        [ 98/159] SRF                  5m
2026-03-30 20:01:52,178  INFO        [ 99/159] SUNDARMFIN           5m
2026-03-30 20:01:52,419  INFO        [100/159] TATACHEM             5m
2026-03-30 20:01:52,594  INFO        [101/159] TATACONSUM           5m
2026-03-30 20:01:52,880  INFO        [102/159] TORNTPHARM           5m
2026-03-30 20:01:53,108  INFO        [103/159] TORNTPOWER           5m
2026-03-30 20:01:53,314  INFO        [104/159] TVSMOTOR             5m
2026-03-30 20:01:53,555  INFO        [105/159] UPL                  5m
2026-03-30 20:01:53,794  INFO        [106/159] VOLTAS               5m
2026-03-30 20:01:54,122  INFO        [107/159] YESBANK              5m
2026-03-30 20:01:54,379  INFO        [108/159] ZYDUSLIFE            5m
2026-03-30 20:01:54,665  INFO        [109/159] ABCAPITAL            5m
2026-03-30 20:01:54,833  INFO        [110/159] ACC                  5m
2026-03-30 20:01:55,071  INFO        [111/159] ADANIGREEN           5m
2026-03-30 20:01:55,364  INFO        [112/159] ALKEM                5m
2026-03-30 20:01:55,570  INFO        [113/159] AMBUJACEM            5m
2026-03-30 20:01:55,805  INFO        [114/159] ASTRAL               5m
2026-03-30 20:01:56,014  INFO        [115/159] AUROPHARMA           5m
2026-03-30 20:01:56,282  INFO        [116/159] BALKRISIND           5m
2026-03-30 20:01:56,509  INFO        [117/159] BANDHANBNK           5m
2026-03-30 20:01:56,835  INFO        [118/159] BANKBARODA           5m
2026-03-30 20:01:57,132  INFO        [119/159] BATAINDIA            5m
2026-03-30 20:01:57,374  INFO        [120/159] BEL                  5m
2026-03-30 20:01:57,756  INFO        [121/159] BHARATFORG           5m
2026-03-30 20:01:58,164  INFO        [122/159] BHEL                 5m
2026-03-30 20:01:58,446  INFO        [123/159] CDSL                 5m
2026-03-30 20:01:58,640  INFO        [124/159] CESC                 5m
2026-03-30 20:01:58,825  INFO        [125/159] DEEPAKNTR            5m
2026-03-30 20:01:59,006  INFO        [126/159] EMAMILTD             5m
2026-03-30 20:01:59,349  INFO        [127/159] EXIDEIND             5m
2026-03-30 20:01:59,674  INFO        [128/159] FORTIS               5m
2026-03-30 20:01:59,859  INFO        [129/159] GAIL                 5m
2026-03-30 20:02:00,120  INFO        [130/159] GLENMARK             5m
2026-03-30 20:02:00,418  INFO        [131/159] GRANULES             5m
2026-03-30 20:02:00,687  INFO        [132/159] GUJGASLTD            5m
2026-03-30 20:02:00,943  INFO        [133/159] HINDCOPPER           5m
2026-03-30 20:02:01,246  INFO        [134/159] HUDCO                5m
2026-03-30 20:02:01,622  INFO        [135/159] IEX                  5m
2026-03-30 20:02:01,884  INFO        [136/159] INDIGO               5m
2026-03-30 20:02:02,118  INFO        [137/159] IRFC                 5m
2026-03-30 20:02:02,420  INFO        [138/159] JKCEMENT             5m
2026-03-30 20:02:02,685  INFO        [139/159] JSWENERGY            5m
2026-03-30 20:02:03,031  INFO        [140/159] KPITTECH             5m
2026-03-30 20:02:03,402  INFO        [141/159] LAURUSLABS           5m
2026-03-30 20:02:03,607  INFO        [142/159] LICHSGFIN            5m
2026-03-30 20:02:03,984  INFO        [143/159] LODHA                5m
2026-03-30 20:02:04,239  INFO        [144/159] LTTS                 5m
2026-03-30 20:02:04,507  INFO        [145/159] MANAPPURAM           5m
2026-03-30 20:02:04,688  INFO        [146/159] MCX                  5m
2026-03-30 20:02:04,957  INFO        [147/159] METROPOLIS           5m
2026-03-30 20:02:05,274  INFO        [148/159] MRPL                 5m
2026-03-30 20:02:05,428  INFO        [149/159] NATIONALUM           5m
2026-03-30 20:02:05,725  INFO        [150/159] NAVINFLUOR           5m
2026-03-30 20:02:06,170  INFO        [151/159] OLECTRA              5m
2026-03-30 20:02:06,377  INFO        [152/159] PFIZER               5m
2026-03-30 20:02:06,772  INFO        [153/159] SUPREMEIND           5m
2026-03-30 20:02:07,078  INFO        [154/159] TATACOMM             5m
2026-03-30 20:02:07,386  INFO        [155/159] UBL                  5m
2026-03-30 20:02:07,593  INFO        [156/159] UNITDSPR             5m
2026-03-30 20:02:08,004  INFO        [157/159] WHIRLPOOL            5m
2026-03-30 20:02:08,411  INFO        [158/159] CROMPTON             5m
2026-03-30 20:02:08,625  INFO        [159/159] ^NSEI                5m
2026-03-30 20:02:09,002  INFO        → 156/159 tickers OK for 5m
2026-03-30 20:02:09,015  INFO        Saving 5m split by year:
2026-03-30 20:02:12,089  INFO          → master_5m_2026.csv  (491,292 rows)
2026-03-30 20:02:12,094  INFO      
[3/5] Fetching 1-hour data...
2026-03-30 20:02:12,094  INFO        [  1/159] RELIANCE             1h
2026-03-30 20:02:12,472  INFO        [  2/159] TCS                  1h
2026-03-30 20:02:12,868  INFO        [  3/159] HDFCBANK             1h
2026-03-30 20:02:13,276  INFO        [  4/159] BHARTIARTL           1h
2026-03-30 20:02:13,579  INFO        [  5/159] ICICIBANK            1h
2026-03-30 20:02:13,774  INFO        [  6/159] INFOSYS              1h
2026-03-30 20:02:13,918  ERROR     $INFOSYS.NS: possibly delisted; no timezone found
2026-03-30 20:02:13,926  ERROR     
1 Failed download:
2026-03-30 20:02:13,926  ERROR     ['INFOSYS.NS']: possibly delisted; no timezone found
2026-03-30 20:02:13,928  WARNING     SKIP INFOSYS [1h] — no data (delisted?)
2026-03-30 20:02:13,929  INFO        [  7/159] SBIN                 1h
2026-03-30 20:02:14,200  INFO        [  8/159] HINDUNILVR           1h
2026-03-30 20:02:14,442  INFO        [  9/159] ITC                  1h
2026-03-30 20:02:14,769  INFO        [ 10/159] LT                   1h
2026-03-30 20:02:15,165  INFO        [ 11/159] KOTAKBANK            1h
2026-03-30 20:02:15,507  INFO        [ 12/159] AXISBANK             1h
2026-03-30 20:02:15,730  INFO        [ 13/159] BAJFINANCE           1h
2026-03-30 20:02:16,228  INFO        [ 14/159] ASIANPAINT           1h
2026-03-30 20:02:16,509  INFO        [ 15/159] MARUTI               1h
2026-03-30 20:02:16,915  INFO        [ 16/159] TITAN                1h
2026-03-30 20:02:17,163  INFO        [ 17/159] SUNPHARMA            1h
2026-03-30 20:02:17,425  INFO        [ 18/159] ULTRACEMCO           1h
2026-03-30 20:02:17,804  INFO        [ 19/159] WIPRO                1h
2026-03-30 20:02:18,033  INFO        [ 20/159] NESTLEIND            1h
2026-03-30 20:02:18,333  INFO        [ 21/159] ONGC                 1h
2026-03-30 20:02:18,632  INFO        [ 22/159] POWERGRID            1h
2026-03-30 20:02:18,942  INFO        [ 23/159] NTPC                 1h
2026-03-30 20:02:19,172  INFO        [ 24/159] COALINDIA            1h
2026-03-30 20:02:19,659  INFO        [ 25/159] JSWSTEEL             1h
2026-03-30 20:02:19,868  INFO        [ 26/159] TATAMOTORS           1h
2026-03-30 20:02:20,195  ERROR     $TATAMOTORS.NS: possibly delisted; no timezone found
2026-03-30 20:02:20,202  ERROR     
1 Failed download:
2026-03-30 20:02:20,202  ERROR     ['TATAMOTORS.NS']: possibly delisted; no timezone found
2026-03-30 20:02:20,204  WARNING     SKIP TATAMOTORS [1h] — no data (delisted?)
2026-03-30 20:02:20,205  INFO        [ 27/159] TATASTEEL            1h
2026-03-30 20:02:20,521  INFO        [ 28/159] HCLTECH              1h
2026-03-30 20:02:20,807  INFO        [ 29/159] TECHM                1h
2026-03-30 20:02:21,117  INFO        [ 30/159] DIVISLAB             1h
2026-03-30 20:02:21,461  INFO        [ 31/159] DRREDDY              1h
2026-03-30 20:02:21,854  INFO        [ 32/159] CIPLA                1h
2026-03-30 20:02:22,115  INFO        [ 33/159] EICHERMOT            1h
2026-03-30 20:02:22,391  INFO        [ 34/159] HEROMOTOCO           1h
2026-03-30 20:02:22,604  INFO        [ 35/159] BAJAJFINSV           1h
2026-03-30 20:02:22,947  INFO        [ 36/159] ADANIENT             1h
2026-03-30 20:02:23,193  INFO        [ 37/159] ADANIPORTS           1h
2026-03-30 20:02:23,490  INFO        [ 38/159] APOLLOHOSP           1h
2026-03-30 20:02:23,688  INFO        [ 39/159] BAJAJ-AUTO           1h
2026-03-30 20:02:24,149  INFO        [ 40/159] BPCL                 1h
2026-03-30 20:02:24,565  INFO        [ 41/159] BRITANNIA            1h
2026-03-30 20:02:24,780  INFO        [ 42/159] DABUR                1h
2026-03-30 20:02:25,061  INFO        [ 43/159] DLF                  1h
2026-03-30 20:02:25,330  INFO        [ 44/159] GRASIM               1h
2026-03-30 20:02:25,581  INFO        [ 45/159] HAVELLS              1h
2026-03-30 20:02:25,876  INFO        [ 46/159] HINDALCO             1h
2026-03-30 20:02:26,411  INFO        [ 47/159] INDUSINDBK           1h
2026-03-30 20:02:26,872  INFO        [ 48/159] IOC                  1h
2026-03-30 20:02:27,139  INFO        [ 49/159] M&M                  1h
2026-03-30 20:02:27,623  INFO        [ 50/159] PIDILITIND           1h
2026-03-30 20:02:28,041  INFO        [ 51/159] SBILIFE              1h
2026-03-30 20:02:28,549  INFO        [ 52/159] SHREECEM             1h
2026-03-30 20:02:28,881  INFO        [ 53/159] SIEMENS              1h
2026-03-30 20:02:29,093  INFO        [ 54/159] TRENT                1h
2026-03-30 20:02:29,283  INFO        [ 55/159] VEDL                 1h
2026-03-30 20:02:29,876  INFO        [ 56/159] ZOMATO               1h
2026-03-30 20:02:30,098  ERROR     $ZOMATO.NS: possibly delisted; no timezone found
2026-03-30 20:02:30,099  ERROR     
1 Failed download:
2026-03-30 20:02:30,099  ERROR     ['ZOMATO.NS']: possibly delisted; no timezone found
2026-03-30 20:02:30,101  WARNING     SKIP ZOMATO [1h] — no data (delisted?)
2026-03-30 20:02:30,102  INFO        [ 57/159] DMART                1h
2026-03-30 20:02:30,368  INFO        [ 58/159] IRCTC                1h
2026-03-30 20:02:30,591  INFO        [ 59/159] BERGEPAINT           1h
2026-03-30 20:02:30,992  INFO        [ 60/159] BOSCHLTD             1h
2026-03-30 20:02:31,364  INFO        [ 61/159] CANBK                1h
2026-03-30 20:02:31,785  INFO        [ 62/159] CHOLAFIN             1h
2026-03-30 20:02:32,270  INFO        [ 63/159] COLPAL               1h
2026-03-30 20:02:32,503  INFO        [ 64/159] CONCOR               1h
2026-03-30 20:02:32,759  INFO        [ 65/159] CUMMINSIND           1h
2026-03-30 20:02:32,991  INFO        [ 66/159] ESCORTS              1h
2026-03-30 20:02:33,393  INFO        [ 67/159] FEDERALBNK           1h
2026-03-30 20:02:33,677  INFO        [ 68/159] GODREJCP             1h
2026-03-30 20:02:33,904  INFO        [ 69/159] GODREJPROP           1h
2026-03-30 20:02:34,132  INFO        [ 70/159] HAL                  1h
2026-03-30 20:02:34,469  INFO        [ 71/159] HDFCLIFE             1h
2026-03-30 20:02:34,754  INFO        [ 72/159] HINDPETRO            1h
2026-03-30 20:02:34,966  INFO        [ 73/159] ICICIPRULI           1h
2026-03-30 20:02:35,161  INFO        [ 74/159] IDFCFIRSTB           1h
2026-03-30 20:02:35,426  INFO        [ 75/159] IGL                  1h
2026-03-30 20:02:35,689  INFO        [ 76/159] INDUSTOWER           1h
2026-03-30 20:02:35,970  INFO        [ 77/159] JUBLFOOD             1h
2026-03-30 20:02:36,334  INFO        [ 78/159] LUPIN                1h
2026-03-30 20:02:36,581  INFO        [ 79/159] MARICO               1h
2026-03-30 20:02:36,847  INFO        [ 80/159] MPHASIS              1h
2026-03-30 20:02:37,135  INFO        [ 81/159] MUTHOOTFIN           1h
2026-03-30 20:02:37,537  INFO        [ 82/159] NAUKRI               1h
2026-03-30 20:02:37,928  INFO        [ 83/159] NBCC                 1h
2026-03-30 20:02:38,206  INFO        [ 84/159] NHPC                 1h
2026-03-30 20:02:38,472  INFO        [ 85/159] NMDC                 1h
2026-03-30 20:02:38,921  INFO        [ 86/159] OFSS                 1h
2026-03-30 20:02:39,291  INFO        [ 87/159] PAGEIND              1h
2026-03-30 20:02:39,552  INFO        [ 88/159] PERSISTENT           1h
2026-03-30 20:02:39,890  INFO        [ 89/159] PETRONET             1h
2026-03-30 20:02:40,086  INFO        [ 90/159] PFC                  1h
2026-03-30 20:02:40,385  INFO        [ 91/159] PNB                  1h
2026-03-30 20:02:40,607  INFO        [ 92/159] POLYCAB              1h
2026-03-30 20:02:41,001  INFO        [ 93/159] RBLBANK              1h
2026-03-30 20:02:41,323  INFO        [ 94/159] RECLTD               1h
2026-03-30 20:02:41,695  INFO        [ 95/159] SAIL                 1h
2026-03-30 20:02:41,904  INFO        [ 96/159] SBICARD              1h
2026-03-30 20:02:42,134  INFO        [ 97/159] SHRIRAMFIN           1h
2026-03-30 20:02:42,433  INFO        [ 98/159] SRF                  1h
2026-03-30 20:02:42,694  INFO        [ 99/159] SUNDARMFIN           1h
2026-03-30 20:02:43,110  INFO        [100/159] TATACHEM             1h
2026-03-30 20:02:43,416  INFO        [101/159] TATACONSUM           1h
2026-03-30 20:02:43,742  INFO        [102/159] TORNTPHARM           1h
2026-03-30 20:02:43,962  INFO        [103/159] TORNTPOWER           1h
2026-03-30 20:02:44,253  INFO        [104/159] TVSMOTOR             1h
2026-03-30 20:02:44,563  INFO        [105/159] UPL                  1h
2026-03-30 20:02:44,892  INFO        [106/159] VOLTAS               1h
2026-03-30 20:02:45,127  INFO        [107/159] YESBANK              1h
2026-03-30 20:02:45,599  INFO        [108/159] ZYDUSLIFE            1h
2026-03-30 20:02:46,030  INFO        [109/159] ABCAPITAL            1h
2026-03-30 20:02:46,243  INFO        [110/159] ACC                  1h
2026-03-30 20:02:46,559  INFO        [111/159] ADANIGREEN           1h
2026-03-30 20:02:46,748  INFO        [112/159] ALKEM                1h
2026-03-30 20:02:47,005  INFO        [113/159] AMBUJACEM            1h
2026-03-30 20:02:47,275  INFO        [114/159] ASTRAL               1h
2026-03-30 20:02:47,654  INFO        [115/159] AUROPHARMA           1h
2026-03-30 20:02:48,004  INFO        [116/159] BALKRISIND           1h
2026-03-30 20:02:48,483  INFO        [117/159] BANDHANBNK           1h
2026-03-30 20:02:48,702  INFO        [118/159] BANKBARODA           1h
2026-03-30 20:02:49,038  INFO        [119/159] BATAINDIA            1h
2026-03-30 20:02:49,235  INFO        [120/159] BEL                  1h
2026-03-30 20:02:49,808  INFO        [121/159] BHARATFORG           1h
2026-03-30 20:02:50,145  INFO        [122/159] BHEL                 1h
2026-03-30 20:02:50,376  INFO        [123/159] CDSL                 1h
2026-03-30 20:02:50,640  INFO        [124/159] CESC                 1h
2026-03-30 20:02:50,912  INFO        [125/159] DEEPAKNTR            1h
2026-03-30 20:02:51,303  INFO        [126/159] EMAMILTD             1h
2026-03-30 20:02:51,528  INFO        [127/159] EXIDEIND             1h
2026-03-30 20:02:51,873  INFO        [128/159] FORTIS               1h
2026-03-30 20:02:52,156  INFO        [129/159] GAIL                 1h
2026-03-30 20:02:52,433  INFO        [130/159] GLENMARK             1h
2026-03-30 20:02:52,743  INFO        [131/159] GRANULES             1h
2026-03-30 20:02:52,987  INFO        [132/159] GUJGASLTD            1h
2026-03-30 20:02:53,260  INFO        [133/159] HINDCOPPER           1h
2026-03-30 20:02:53,470  INFO        [134/159] HUDCO                1h
2026-03-30 20:02:53,838  INFO        [135/159] IEX                  1h
2026-03-30 20:02:54,088  INFO        [136/159] INDIGO               1h
2026-03-30 20:02:54,389  INFO        [137/159] IRFC                 1h
2026-03-30 20:02:54,661  INFO        [138/159] JKCEMENT             1h
2026-03-30 20:02:54,931  INFO        [139/159] JSWENERGY            1h
2026-03-30 20:02:55,370  INFO        [140/159] KPITTECH             1h
2026-03-30 20:02:55,671  INFO        [141/159] LAURUSLABS           1h
2026-03-30 20:02:56,105  INFO        [142/159] LICHSGFIN            1h
2026-03-30 20:02:56,380  INFO        [143/159] LODHA                1h
2026-03-30 20:02:56,761  INFO        [144/159] LTTS                 1h
2026-03-30 20:02:57,178  INFO        [145/159] MANAPPURAM           1h
2026-03-30 20:02:57,455  INFO        [146/159] MCX                  1h
2026-03-30 20:02:57,736  INFO        [147/159] METROPOLIS           1h
2026-03-30 20:02:57,994  INFO        [148/159] MRPL                 1h
2026-03-30 20:02:58,189  INFO        [149/159] NATIONALUM           1h
2026-03-30 20:02:58,534  INFO        [150/159] NAVINFLUOR           1h
2026-03-30 20:02:58,808  INFO        [151/159] OLECTRA              1h
2026-03-30 20:02:59,011  INFO        [152/159] PFIZER               1h
2026-03-30 20:02:59,358  INFO        [153/159] SUPREMEIND           1h
2026-03-30 20:02:59,621  INFO        [154/159] TATACOMM             1h
2026-03-30 20:02:59,923  INFO        [155/159] UBL                  1h
2026-03-30 20:03:00,201  INFO        [156/159] UNITDSPR             1h
2026-03-30 20:03:00,428  INFO        [157/159] WHIRLPOOL            1h
2026-03-30 20:03:00,701  INFO        [158/159] CROMPTON             1h
2026-03-30 20:03:01,014  INFO        [159/159] ^NSEI                1h
2026-03-30 20:03:01,251  INFO        → 156/159 tickers OK for 1h
2026-03-30 20:03:01,297  INFO        Backup → backup_master_1h.csv
2026-03-30 20:03:04,666  INFO          → master_1h.csv  (530,744 rows)
2026-03-30 20:03:04,669  INFO      
[4/5] Resampling 1m → 5m and 1h...
2026-03-30 20:03:06,021  INFO        Generated 5m rows : 58,499
2026-03-30 20:03:06,021  INFO        Generated 1h rows : 5,460
2026-03-30 20:03:06,021  INFO      
[5/5] Validating...
2026-03-30 20:03:08,449  WARNING     Validation [5m]: 433733 issues.
2026-03-30 20:03:09,475  WARNING     Validation [1h]: 536204 issues.
2026-03-30 20:03:12,111  INFO        Validation report → 969937 rows (last 30 days only)
2026-03-30 20:03:12,115  INFO        Skipped: 9 tickers → skipped_tickers.csv
2026-03-30 20:03:12,115  INFO      
============================================================
2026-03-30 20:03:12,115  INFO      Pipeline COMPLETE ✓
2026-03-30 20:03:12,115  INFO        1m files  : 1 monthly files in data/1m/
2026-03-30 20:03:12,116  INFO          master_1m_2026_03.csv  (25.4 MB)
2026-03-30 20:03:12,116  INFO        5m files  : 1 yearly files in data/5m/
2026-03-30 20:03:12,116  INFO          master_5m_2026.csv  (42.6 MB)
2026-03-30 20:03:12,116  INFO        1h file   : master_1h.csv  (46.7 MB)
2026-03-30 20:03:12,116  INFO        Skipped   : 9 tickers
2026-03-30 20:03:12,116  INFO      ============================================================
