2026-04-21 20:13:37,842  WARNING     Deleted oversized validation_report.csv (71.3 MB) — will recreate.
2026-04-21 20:13:37,842  INFO      ============================================================
2026-04-21 20:13:37,842  INFO      Indian Market Data Pipeline v3 — START
2026-04-21 20:13:37,842  INFO      Run time : 2026-04-21 20:13:37
2026-04-21 20:13:37,842  INFO      Tickers  : 158 stocks + Nifty Index
2026-04-21 20:13:37,842  INFO      File layout:
2026-04-21 20:13:37,842  INFO        1m  → data/1m/master_1m_YYYY_MM.csv  (one per month)
2026-04-21 20:13:37,842  INFO        5m  → data/5m/master_5m_YYYY.csv     (one per year)
2026-04-21 20:13:37,842  INFO        1h  → data/master_1h.csv             (single file)
2026-04-21 20:13:37,842  INFO      ============================================================
2026-04-21 20:13:37,843  INFO      
[1/5] Fetching 1-minute data...
2026-04-21 20:13:37,843  INFO        [  1/159] RELIANCE             1m
2026-04-21 20:13:38,677  INFO        [  2/159] TCS                  1m
2026-04-21 20:13:39,178  INFO        [  3/159] HDFCBANK             1m
2026-04-21 20:13:39,578  INFO        [  4/159] BHARTIARTL           1m
2026-04-21 20:13:39,980  INFO        [  5/159] ICICIBANK            1m
2026-04-21 20:13:40,417  INFO        [  6/159] INFOSYS              1m
2026-04-21 20:13:41,041  ERROR     HTTP Error 404: {"quoteSummary":{"result":null,"error":{"code":"Not Found","description":"Quote not found for symbol: INFOSYS.NS"}}}
2026-04-21 20:13:41,206  ERROR     $INFOSYS.NS: possibly delisted; no timezone found
2026-04-21 20:13:41,215  ERROR     
1 Failed download:
2026-04-21 20:13:41,215  ERROR     ['INFOSYS.NS']: possibly delisted; no timezone found
2026-04-21 20:13:41,217  WARNING     SKIP INFOSYS [1m] — no data (delisted?)
2026-04-21 20:13:41,217  INFO        [  7/159] SBIN                 1m
2026-04-21 20:13:41,637  INFO        [  8/159] HINDUNILVR           1m
2026-04-21 20:13:42,018  INFO        [  9/159] ITC                  1m
2026-04-21 20:13:42,488  INFO        [ 10/159] LT                   1m
2026-04-21 20:13:42,880  INFO        [ 11/159] KOTAKBANK            1m
2026-04-21 20:13:43,341  INFO        [ 12/159] AXISBANK             1m
2026-04-21 20:13:43,731  INFO        [ 13/159] BAJFINANCE           1m
2026-04-21 20:13:44,172  INFO        [ 14/159] ASIANPAINT           1m
2026-04-21 20:13:44,513  INFO        [ 15/159] MARUTI               1m
2026-04-21 20:13:44,874  INFO        [ 16/159] TITAN                1m
2026-04-21 20:13:45,294  INFO        [ 17/159] SUNPHARMA            1m
2026-04-21 20:13:45,765  INFO        [ 18/159] ULTRACEMCO           1m
2026-04-21 20:13:46,137  INFO        [ 19/159] WIPRO                1m
2026-04-21 20:13:46,609  INFO        [ 20/159] NESTLEIND            1m
2026-04-21 20:13:47,019  INFO        [ 21/159] ONGC                 1m
2026-04-21 20:13:47,480  INFO        [ 22/159] POWERGRID            1m
2026-04-21 20:13:48,113  INFO        [ 23/159] NTPC                 1m
2026-04-21 20:13:48,553  INFO        [ 24/159] COALINDIA            1m
2026-04-21 20:13:48,944  INFO        [ 25/159] JSWSTEEL             1m
2026-04-21 20:13:49,294  INFO        [ 26/159] TATAMOTORS           1m
2026-04-21 20:13:49,903  ERROR     HTTP Error 404: {"quoteSummary":{"result":null,"error":{"code":"Not Found","description":"Quote not found for symbol: TATAMOTORS.NS"}}}
2026-04-21 20:13:50,067  ERROR     $TATAMOTORS.NS: possibly delisted; no timezone found
2026-04-21 20:13:50,072  ERROR     
1 Failed download:
2026-04-21 20:13:50,072  ERROR     ['TATAMOTORS.NS']: possibly delisted; no timezone found
2026-04-21 20:13:50,074  WARNING     SKIP TATAMOTORS [1m] — no data (delisted?)
2026-04-21 20:13:50,074  INFO        [ 27/159] TATASTEEL            1m
2026-04-21 20:13:50,465  INFO        [ 28/159] HCLTECH              1m
2026-04-21 20:13:50,836  INFO        [ 29/159] TECHM                1m
2026-04-21 20:13:51,199  INFO        [ 30/159] DIVISLAB             1m
2026-04-21 20:13:51,610  INFO        [ 31/159] DRREDDY              1m
2026-04-21 20:13:52,104  INFO        [ 32/159] CIPLA                1m
2026-04-21 20:13:52,495  INFO        [ 33/159] EICHERMOT            1m
2026-04-21 20:13:52,976  INFO        [ 34/159] HEROMOTOCO           1m
2026-04-21 20:13:53,347  INFO        [ 35/159] BAJAJFINSV           1m
2026-04-21 20:13:53,828  INFO        [ 36/159] ADANIENT             1m
2026-04-21 20:13:54,212  INFO        [ 37/159] ADANIPORTS           1m
2026-04-21 20:13:54,612  INFO        [ 38/159] APOLLOHOSP           1m
2026-04-21 20:13:55,124  INFO        [ 39/159] BAJAJ-AUTO           1m
2026-04-21 20:13:55,614  INFO        [ 40/159] BPCL                 1m
2026-04-21 20:13:56,004  INFO        [ 41/159] BRITANNIA            1m
2026-04-21 20:13:56,425  INFO        [ 42/159] DABUR                1m
2026-04-21 20:13:56,908  INFO        [ 43/159] DLF                  1m
2026-04-21 20:13:57,349  INFO        [ 44/159] GRASIM               1m
2026-04-21 20:13:57,749  INFO        [ 45/159] HAVELLS              1m
2026-04-21 20:13:58,140  INFO        [ 46/159] HINDALCO             1m
2026-04-21 20:13:58,639  INFO        [ 47/159] INDUSINDBK           1m
2026-04-21 20:13:59,021  INFO        [ 48/159] IOC                  1m
2026-04-21 20:13:59,461  INFO        [ 49/159] M&M                  1m
2026-04-21 20:14:00,012  INFO        [ 50/159] PIDILITIND           1m
2026-04-21 20:14:00,503  INFO        [ 51/159] SBILIFE              1m
2026-04-21 20:14:00,914  INFO        [ 52/159] SHREECEM             1m
2026-04-21 20:14:01,294  INFO        [ 53/159] SIEMENS              1m
2026-04-21 20:14:01,765  INFO        [ 54/159] TRENT                1m
2026-04-21 20:14:02,247  INFO        [ 55/159] VEDL                 1m
2026-04-21 20:14:02,658  INFO        [ 56/159] ZOMATO               1m
2026-04-21 20:14:03,020  ERROR     $ZOMATO.NS: possibly delisted; no timezone found
2026-04-21 20:14:03,021  ERROR     
1 Failed download:
2026-04-21 20:14:03,021  ERROR     ['ZOMATO.NS']: possibly delisted; no timezone found
2026-04-21 20:14:03,023  WARNING     SKIP ZOMATO [1m] — no data (delisted?)
2026-04-21 20:14:03,023  INFO        [ 57/159] DMART                1m
2026-04-21 20:14:03,423  INFO        [ 58/159] IRCTC                1m
2026-04-21 20:14:03,817  INFO        [ 59/159] BERGEPAINT           1m
2026-04-21 20:14:04,212  INFO        [ 60/159] BOSCHLTD             1m
2026-04-21 20:14:04,573  INFO        [ 61/159] CANBK                1m
2026-04-21 20:14:05,589  INFO        [ 62/159] CHOLAFIN             1m
2026-04-21 20:14:06,065  INFO        [ 63/159] COLPAL               1m
2026-04-21 20:14:06,886  INFO        [ 64/159] CONCOR               1m
2026-04-21 20:14:08,036  INFO        [ 65/159] CUMMINSIND           1m
2026-04-21 20:14:08,700  INFO        [ 66/159] ESCORTS              1m
2026-04-21 20:14:09,102  INFO        [ 67/159] FEDERALBNK           1m
2026-04-21 20:14:09,555  INFO        [ 68/159] GODREJCP             1m
2026-04-21 20:14:09,947  INFO        [ 69/159] GODREJPROP           1m
2026-04-21 20:14:10,327  INFO        [ 70/159] HAL                  1m
2026-04-21 20:14:10,798  INFO        [ 71/159] HDFCLIFE             1m
2026-04-21 20:14:11,153  INFO        [ 72/159] HINDPETRO            1m
2026-04-21 20:14:11,675  INFO        [ 73/159] ICICIPRULI           1m
2026-04-21 20:14:12,126  INFO        [ 74/159] IDFCFIRSTB           1m
2026-04-21 20:14:12,578  INFO        [ 75/159] IGL                  1m
2026-04-21 20:14:12,999  INFO        [ 76/159] INDUSTOWER           1m
2026-04-21 20:14:13,410  INFO        [ 77/159] JUBLFOOD             1m
2026-04-21 20:14:13,792  INFO        [ 78/159] LUPIN                1m
2026-04-21 20:14:14,285  INFO        [ 79/159] MARICO               1m
2026-04-21 20:14:14,655  INFO        [ 80/159] MPHASIS              1m
2026-04-21 20:14:15,149  INFO        [ 81/159] MUTHOOTFIN           1m
2026-04-21 20:14:15,499  INFO        [ 82/159] NAUKRI               1m
2026-04-21 20:14:15,892  INFO        [ 83/159] NBCC                 1m
2026-04-21 20:14:16,424  INFO        [ 84/159] NHPC                 1m
2026-04-21 20:14:16,845  INFO        [ 85/159] NMDC                 1m
2026-04-21 20:14:17,281  INFO        [ 86/159] OFSS                 1m
2026-04-21 20:14:17,766  INFO        [ 87/159] PAGEIND              1m
2026-04-21 20:14:18,139  INFO        [ 88/159] PERSISTENT           1m
2026-04-21 20:14:18,550  INFO        [ 89/159] PETRONET             1m
2026-04-21 20:14:19,012  INFO        [ 90/159] PFC                  1m
2026-04-21 20:14:19,443  INFO        [ 91/159] PNB                  1m
2026-04-21 20:14:19,864  INFO        [ 92/159] POLYCAB              1m
2026-04-21 20:14:20,266  INFO        [ 93/159] RBLBANK              1m
2026-04-21 20:14:20,598  INFO        [ 94/159] RECLTD               1m
2026-04-21 20:14:20,938  INFO        [ 95/159] SAIL                 1m
2026-04-21 20:14:21,367  INFO        [ 96/159] SBICARD              1m
2026-04-21 20:14:21,839  INFO        [ 97/159] SHRIRAMFIN           1m
2026-04-21 20:14:22,320  INFO        [ 98/159] SRF                  1m
2026-04-21 20:14:22,753  INFO        [ 99/159] SUNDARMFIN           1m
2026-04-21 20:14:23,127  INFO        [100/159] TATACHEM             1m
2026-04-21 20:14:23,508  INFO        [101/159] TATACONSUM           1m
2026-04-21 20:14:23,930  INFO        [102/159] TORNTPHARM           1m
2026-04-21 20:14:24,543  INFO        [103/159] TORNTPOWER           1m
2026-04-21 20:14:25,014  INFO        [104/159] TVSMOTOR             1m
2026-04-21 20:14:25,466  INFO        [105/159] UPL                  1m
2026-04-21 20:14:25,827  INFO        [106/159] VOLTAS               1m
2026-04-21 20:14:26,218  INFO        [107/159] YESBANK              1m
2026-04-21 20:14:26,517  INFO        [108/159] ZYDUSLIFE            1m
2026-04-21 20:14:27,019  INFO        [109/159] ABCAPITAL            1m
2026-04-21 20:14:27,421  INFO        [110/159] ACC                  1m
2026-04-21 20:14:27,824  INFO        [111/159] ADANIGREEN           1m
2026-04-21 20:14:28,256  INFO        [112/159] ALKEM                1m
2026-04-21 20:14:28,587  INFO        [113/159] AMBUJACEM            1m
2026-04-21 20:14:28,917  INFO        [114/159] ASTRAL               1m
2026-04-21 20:14:29,328  INFO        [115/159] AUROPHARMA           1m
2026-04-21 20:14:29,731  INFO        [116/159] BALKRISIND           1m
2026-04-21 20:14:30,105  INFO        [117/159] BANDHANBNK           1m
2026-04-21 20:14:30,485  INFO        [118/159] BANKBARODA           1m
2026-04-21 20:14:30,876  INFO        [119/159] BATAINDIA            1m
2026-04-21 20:14:31,245  INFO        [120/159] BEL                  1m
2026-04-21 20:14:31,596  INFO        [121/159] BHARATFORG           1m
2026-04-21 20:14:32,027  INFO        [122/159] BHEL                 1m
2026-04-21 20:14:32,471  INFO        [123/159] CDSL                 1m
2026-04-21 20:14:32,772  INFO        [124/159] CESC                 1m
2026-04-21 20:14:33,143  INFO        [125/159] DEEPAKNTR            1m
2026-04-21 20:14:33,509  INFO        [126/159] EMAMILTD             1m
2026-04-21 20:14:33,942  INFO        [127/159] EXIDEIND             1m
2026-04-21 20:14:34,384  INFO        [128/159] FORTIS               1m
2026-04-21 20:14:34,805  INFO        [129/159] GAIL                 1m
2026-04-21 20:14:35,246  INFO        [130/159] GLENMARK             1m
2026-04-21 20:14:35,646  INFO        [131/159] GRANULES             1m
2026-04-21 20:14:36,014  INFO        [132/159] GUJGASLTD            1m
2026-04-21 20:14:36,477  INFO        [133/159] HINDCOPPER           1m
2026-04-21 20:14:36,898  INFO        [134/159] HUDCO                1m
2026-04-21 20:14:37,213  INFO        [135/159] IEX                  1m
2026-04-21 20:14:37,543  INFO        [136/159] INDIGO               1m
2026-04-21 20:14:37,947  INFO        [137/159] IRFC                 1m
2026-04-21 20:14:38,511  INFO        [138/159] JKCEMENT             1m
2026-04-21 20:14:38,922  INFO        [139/159] JSWENERGY            1m
2026-04-21 20:14:39,283  INFO        [140/159] KPITTECH             1m
2026-04-21 20:14:39,674  INFO        [141/159] LAURUSLABS           1m
2026-04-21 20:14:40,136  INFO        [142/159] LICHSGFIN            1m
2026-04-21 20:14:40,582  INFO        [143/159] LODHA                1m
2026-04-21 20:14:40,932  INFO        [144/159] LTTS                 1m
2026-04-21 20:14:41,344  INFO        [145/159] MANAPPURAM           1m
2026-04-21 20:14:41,826  INFO        [146/159] MCX                  1m
2026-04-21 20:14:42,277  INFO        [147/159] METROPOLIS           1m
2026-04-21 20:14:42,781  INFO        [148/159] MRPL                 1m
2026-04-21 20:14:43,182  INFO        [149/159] NATIONALUM           1m
2026-04-21 20:14:43,604  INFO        [150/159] NAVINFLUOR           1m
2026-04-21 20:14:44,005  INFO        [151/159] OLECTRA              1m
2026-04-21 20:14:44,388  INFO        [152/159] PFIZER               1m
2026-04-21 20:14:44,769  INFO        [153/159] SUPREMEIND           1m
2026-04-21 20:14:45,140  INFO        [154/159] TATACOMM             1m
2026-04-21 20:14:45,582  INFO        [155/159] UBL                  1m
2026-04-21 20:14:46,012  INFO        [156/159] UNITDSPR             1m
2026-04-21 20:14:46,402  INFO        [157/159] WHIRLPOOL            1m
2026-04-21 20:14:46,756  INFO        [158/159] CROMPTON             1m
2026-04-21 20:14:47,136  INFO        [159/159] ^NSEI                1m
2026-04-21 20:14:47,529  INFO        → 156/159 tickers OK for 1m
2026-04-21 20:14:47,540  INFO        Saving 1m split by month:
2026-04-21 20:14:51,315  INFO          → master_1m_2026_04.csv  (711,039 rows)
2026-04-21 20:14:51,320  INFO      
[2/5] Fetching 5-minute data...
2026-04-21 20:14:51,320  INFO        [  1/159] RELIANCE             5m
2026-04-21 20:14:51,582  INFO        [  2/159] TCS                  5m
2026-04-21 20:14:51,914  INFO        [  3/159] HDFCBANK             5m
2026-04-21 20:14:52,276  INFO        [  4/159] BHARTIARTL           5m
2026-04-21 20:14:52,587  INFO        [  5/159] ICICIBANK            5m
2026-04-21 20:14:52,848  INFO        [  6/159] INFOSYS              5m
2026-04-21 20:14:53,340  ERROR     $INFOSYS.NS: possibly delisted; no timezone found
2026-04-21 20:14:53,343  ERROR     
1 Failed download:
2026-04-21 20:14:53,343  ERROR     ['INFOSYS.NS']: possibly delisted; no timezone found
2026-04-21 20:14:53,345  WARNING     SKIP INFOSYS [5m] — no data (delisted?)
2026-04-21 20:14:53,345  INFO        [  7/159] SBIN                 5m
2026-04-21 20:14:53,686  INFO        [  8/159] HINDUNILVR           5m
2026-04-21 20:14:54,029  INFO        [  9/159] ITC                  5m
2026-04-21 20:14:54,293  INFO        [ 10/159] LT                   5m
2026-04-21 20:14:54,654  INFO        [ 11/159] KOTAKBANK            5m
2026-04-21 20:14:54,946  INFO        [ 12/159] AXISBANK             5m
2026-04-21 20:14:55,254  INFO        [ 13/159] BAJFINANCE           5m
2026-04-21 20:14:55,550  INFO        [ 14/159] ASIANPAINT           5m
2026-04-21 20:14:55,964  INFO        [ 15/159] MARUTI               5m
2026-04-21 20:14:56,296  INFO        [ 16/159] TITAN                5m
2026-04-21 20:14:56,578  INFO        [ 17/159] SUNPHARMA            5m
2026-04-21 20:14:56,890  INFO        [ 18/159] ULTRACEMCO           5m
2026-04-21 20:14:57,166  INFO        [ 19/159] WIPRO                5m
2026-04-21 20:14:57,418  INFO        [ 20/159] NESTLEIND            5m
2026-04-21 20:14:57,699  INFO        [ 21/159] ONGC                 5m
2026-04-21 20:14:57,992  INFO        [ 22/159] POWERGRID            5m
2026-04-21 20:14:58,280  INFO        [ 23/159] NTPC                 5m
2026-04-21 20:14:58,564  INFO        [ 24/159] COALINDIA            5m
2026-04-21 20:14:58,868  INFO        [ 25/159] JSWSTEEL             5m
2026-04-21 20:14:59,188  INFO        [ 26/159] TATAMOTORS           5m
2026-04-21 20:14:59,517  ERROR     $TATAMOTORS.NS: possibly delisted; no timezone found
2026-04-21 20:14:59,522  ERROR     
1 Failed download:
2026-04-21 20:14:59,522  ERROR     ['TATAMOTORS.NS']: possibly delisted; no timezone found
2026-04-21 20:14:59,523  WARNING     SKIP TATAMOTORS [5m] — no data (delisted?)
2026-04-21 20:14:59,524  INFO        [ 27/159] TATASTEEL            5m
2026-04-21 20:14:59,816  INFO        [ 28/159] HCLTECH              5m
2026-04-21 20:15:00,218  INFO        [ 29/159] TECHM                5m
2026-04-21 20:15:00,601  INFO        [ 30/159] DIVISLAB             5m
2026-04-21 20:15:00,922  INFO        [ 31/159] DRREDDY              5m
2026-04-21 20:15:01,204  INFO        [ 32/159] CIPLA                5m
2026-04-21 20:15:01,502  INFO        [ 33/159] EICHERMOT            5m
2026-04-21 20:15:01,847  INFO        [ 34/159] HEROMOTOCO           5m
2026-04-21 20:15:02,248  INFO        [ 35/159] BAJAJFINSV           5m
2026-04-21 20:15:02,536  INFO        [ 36/159] ADANIENT             5m
2026-04-21 20:15:02,848  INFO        [ 37/159] ADANIPORTS           5m
2026-04-21 20:15:03,200  INFO        [ 38/159] APOLLOHOSP           5m
2026-04-21 20:15:03,452  INFO        [ 39/159] BAJAJ-AUTO           5m
2026-04-21 20:15:03,763  INFO        [ 40/159] BPCL                 5m
2026-04-21 20:15:04,062  INFO        [ 41/159] BRITANNIA            5m
2026-04-21 20:15:04,323  INFO        [ 42/159] DABUR                5m
2026-04-21 20:15:04,676  INFO        [ 43/159] DLF                  5m
2026-04-21 20:15:04,977  INFO        [ 44/159] GRASIM               5m
2026-04-21 20:15:05,321  INFO        [ 45/159] HAVELLS              5m
2026-04-21 20:15:05,643  INFO        [ 46/159] HINDALCO             5m
2026-04-21 20:15:05,929  INFO        [ 47/159] INDUSINDBK           5m
2026-04-21 20:15:06,204  INFO        [ 48/159] IOC                  5m
2026-04-21 20:15:06,542  INFO        [ 49/159] M&M                  5m
2026-04-21 20:15:06,823  INFO        [ 50/159] PIDILITIND           5m
2026-04-21 20:15:07,192  INFO        [ 51/159] SBILIFE              5m
2026-04-21 20:15:07,575  INFO        [ 52/159] SHREECEM             5m
2026-04-21 20:15:07,868  INFO        [ 53/159] SIEMENS              5m
2026-04-21 20:15:08,296  INFO        [ 54/159] TRENT                5m
2026-04-21 20:15:08,678  INFO        [ 55/159] VEDL                 5m
2026-04-21 20:15:09,001  INFO        [ 56/159] ZOMATO               5m
2026-04-21 20:15:09,425  ERROR     $ZOMATO.NS: possibly delisted; no timezone found
2026-04-21 20:15:09,426  ERROR     
1 Failed download:
2026-04-21 20:15:09,426  ERROR     ['ZOMATO.NS']: possibly delisted; no timezone found
2026-04-21 20:15:09,428  WARNING     SKIP ZOMATO [5m] — no data (delisted?)
2026-04-21 20:15:09,428  INFO        [ 57/159] DMART                5m
2026-04-21 20:15:09,878  INFO        [ 58/159] IRCTC                5m
2026-04-21 20:15:10,191  INFO        [ 59/159] BERGEPAINT           5m
2026-04-21 20:15:10,526  INFO        [ 60/159] BOSCHLTD             5m
2026-04-21 20:15:10,850  INFO        [ 61/159] CANBK                5m
2026-04-21 20:15:11,212  INFO        [ 62/159] CHOLAFIN             5m
2026-04-21 20:15:11,487  INFO        [ 63/159] COLPAL               5m
2026-04-21 20:15:11,805  INFO        [ 64/159] CONCOR               5m
2026-04-21 20:15:12,110  INFO        [ 65/159] CUMMINSIND           5m
2026-04-21 20:15:12,442  INFO        [ 66/159] ESCORTS              5m
2026-04-21 20:15:12,858  INFO        [ 67/159] FEDERALBNK           5m
2026-04-21 20:15:13,271  INFO        [ 68/159] GODREJCP             5m
2026-04-21 20:15:13,623  INFO        [ 69/159] GODREJPROP           5m
2026-04-21 20:15:13,908  INFO        [ 70/159] HAL                  5m
2026-04-21 20:15:14,181  INFO        [ 71/159] HDFCLIFE             5m
2026-04-21 20:15:14,492  INFO        [ 72/159] HINDPETRO            5m
2026-04-21 20:15:14,914  INFO        [ 73/159] ICICIPRULI           5m
2026-04-21 20:15:15,222  INFO        [ 74/159] IDFCFIRSTB           5m
2026-04-21 20:15:15,583  INFO        [ 75/159] IGL                  5m
2026-04-21 20:15:15,884  INFO        [ 76/159] INDUSTOWER           5m
2026-04-21 20:15:16,157  INFO        [ 77/159] JUBLFOOD             5m
2026-04-21 20:15:16,478  INFO        [ 78/159] LUPIN                5m
2026-04-21 20:15:16,782  INFO        [ 79/159] MARICO               5m
2026-04-21 20:15:17,134  INFO        [ 80/159] MPHASIS              5m
2026-04-21 20:15:17,434  INFO        [ 81/159] MUTHOOTFIN           5m
2026-04-21 20:15:17,748  INFO        [ 82/159] NAUKRI               5m
2026-04-21 20:15:18,173  INFO        [ 83/159] NBCC                 5m
2026-04-21 20:15:18,449  INFO        [ 84/159] NHPC                 5m
2026-04-21 20:15:18,855  INFO        [ 85/159] NMDC                 5m
2026-04-21 20:15:19,106  INFO        [ 86/159] OFSS                 5m
2026-04-21 20:15:19,479  INFO        [ 87/159] PAGEIND              5m
2026-04-21 20:15:19,852  INFO        [ 88/159] PERSISTENT           5m
2026-04-21 20:15:20,203  INFO        [ 89/159] PETRONET             5m
2026-04-21 20:15:20,539  INFO        [ 90/159] PFC                  5m
2026-04-21 20:15:20,850  INFO        [ 91/159] PNB                  5m
2026-04-21 20:15:21,133  INFO        [ 92/159] POLYCAB              5m
2026-04-21 20:15:21,459  INFO        [ 93/159] RBLBANK              5m
2026-04-21 20:15:21,855  INFO        [ 94/159] RECLTD               5m
2026-04-21 20:15:22,240  INFO        [ 95/159] SAIL                 5m
2026-04-21 20:15:22,521  INFO        [ 96/159] SBICARD              5m
2026-04-21 20:15:22,957  INFO        [ 97/159] SHRIRAMFIN           5m
2026-04-21 20:15:23,249  INFO        [ 98/159] SRF                  5m
2026-04-21 20:15:23,532  INFO        [ 99/159] SUNDARMFIN           5m
2026-04-21 20:15:23,805  INFO        [100/159] TATACHEM             5m
2026-04-21 20:15:24,108  INFO        [101/159] TATACONSUM           5m
2026-04-21 20:15:24,396  INFO        [102/159] TORNTPHARM           5m
2026-04-21 20:15:24,708  INFO        [103/159] TORNTPOWER           5m
2026-04-21 20:15:25,150  INFO        [104/159] TVSMOTOR             5m
2026-04-21 20:15:25,456  INFO        [105/159] UPL                  5m
2026-04-21 20:15:25,723  INFO        [106/159] VOLTAS               5m
2026-04-21 20:15:26,034  INFO        [107/159] YESBANK              5m
2026-04-21 20:15:26,299  INFO        [108/159] ZYDUSLIFE            5m
2026-04-21 20:15:26,592  INFO        [109/159] ABCAPITAL            5m
2026-04-21 20:15:26,852  INFO        [110/159] ACC                  5m
2026-04-21 20:15:27,184  INFO        [111/159] ADANIGREEN           5m
2026-04-21 20:15:27,476  INFO        [112/159] ALKEM                5m
2026-04-21 20:15:27,787  INFO        [113/159] AMBUJACEM            5m
2026-04-21 20:15:28,110  INFO        [114/159] ASTRAL               5m
2026-04-21 20:15:28,371  INFO        [115/159] AUROPHARMA           5m
2026-04-21 20:15:28,745  INFO        [116/159] BALKRISIND           5m
2026-04-21 20:15:29,056  INFO        [117/159] BANDHANBNK           5m
2026-04-21 20:15:29,358  INFO        [118/159] BANKBARODA           5m
2026-04-21 20:15:29,650  INFO        [119/159] BATAINDIA            5m
2026-04-21 20:15:29,986  INFO        [120/159] BEL                  5m
2026-04-21 20:15:30,408  INFO        [121/159] BHARATFORG           5m
2026-04-21 20:15:30,702  INFO        [122/159] BHEL                 5m
2026-04-21 20:15:30,984  INFO        [123/159] CDSL                 5m
2026-04-21 20:15:31,398  INFO        [124/159] CESC                 5m
2026-04-21 20:15:31,729  INFO        [125/159] DEEPAKNTR            5m
2026-04-21 20:15:32,107  INFO        [126/159] EMAMILTD             5m
2026-04-21 20:15:32,401  INFO        [127/159] EXIDEIND             5m
2026-04-21 20:15:32,734  INFO        [128/159] FORTIS               5m
2026-04-21 20:15:33,146  INFO        [129/159] GAIL                 5m
2026-04-21 20:15:33,508  INFO        [130/159] GLENMARK             5m
2026-04-21 20:15:33,850  INFO        [131/159] GRANULES             5m
2026-04-21 20:15:34,182  INFO        [132/159] GUJGASLTD            5m
2026-04-21 20:15:34,453  INFO        [133/159] HINDCOPPER           5m
2026-04-21 20:15:34,875  INFO        [134/159] HUDCO                5m
2026-04-21 20:15:35,188  INFO        [135/159] IEX                  5m
2026-04-21 20:15:35,480  INFO        [136/159] INDIGO               5m
2026-04-21 20:15:35,776  INFO        [137/159] IRFC                 5m
2026-04-21 20:15:36,172  INFO        [138/159] JKCEMENT             5m
2026-04-21 20:15:36,460  INFO        [139/159] JSWENERGY            5m
2026-04-21 20:15:36,736  INFO        [140/159] KPITTECH             5m
2026-04-21 20:15:37,040  INFO        [141/159] LAURUSLABS           5m
2026-04-21 20:15:37,322  INFO        [142/159] LICHSGFIN            5m
2026-04-21 20:15:37,593  INFO        [143/159] LODHA                5m
2026-04-21 20:15:37,917  INFO        [144/159] LTTS                 5m
2026-04-21 20:15:38,279  INFO        [145/159] MANAPPURAM           5m
2026-04-21 20:15:38,594  INFO        [146/159] MCX                  5m
2026-04-21 20:15:38,946  INFO        [147/159] METROPOLIS           5m
2026-04-21 20:15:39,358  INFO        [148/159] MRPL                 5m
2026-04-21 20:15:39,773  INFO        [149/159] NATIONALUM           5m
2026-04-21 20:15:40,105  INFO        [150/159] NAVINFLUOR           5m
2026-04-21 20:15:40,409  INFO        [151/159] OLECTRA              5m
2026-04-21 20:15:40,693  INFO        [152/159] PFIZER               5m
2026-04-21 20:15:40,984  INFO        [153/159] SUPREMEIND           5m
2026-04-21 20:15:41,299  INFO        [154/159] TATACOMM             5m
2026-04-21 20:15:41,645  INFO        [155/159] UBL                  5m
2026-04-21 20:15:41,926  INFO        [156/159] UNITDSPR             5m
2026-04-21 20:15:42,229  INFO        [157/159] WHIRLPOOL            5m
2026-04-21 20:15:42,551  INFO        [158/159] CROMPTON             5m
2026-04-21 20:15:42,856  INFO        [159/159] ^NSEI                5m
2026-04-21 20:15:43,169  INFO        → 156/159 tickers OK for 5m
2026-04-21 20:15:43,177  INFO        Saving 5m split by year:
2026-04-21 20:15:46,461  INFO          → master_5m_2026.csv  (634,172 rows)
2026-04-21 20:15:46,465  INFO      
[3/5] Fetching 1-hour data...
2026-04-21 20:15:46,465  INFO        [  1/159] RELIANCE             1h
2026-04-21 20:15:46,789  INFO        [  2/159] TCS                  1h
2026-04-21 20:15:47,124  INFO        [  3/159] HDFCBANK             1h
2026-04-21 20:15:47,490  INFO        [  4/159] BHARTIARTL           1h
2026-04-21 20:15:47,818  INFO        [  5/159] ICICIBANK            1h
2026-04-21 20:15:48,128  INFO        [  6/159] INFOSYS              1h
2026-04-21 20:15:48,436  ERROR     $INFOSYS.NS: possibly delisted; no timezone found
2026-04-21 20:15:48,442  ERROR     
1 Failed download:
2026-04-21 20:15:48,442  ERROR     ['INFOSYS.NS']: possibly delisted; no timezone found
2026-04-21 20:15:48,443  WARNING     SKIP INFOSYS [1h] — no data (delisted?)
2026-04-21 20:15:48,444  INFO        [  7/159] SBIN                 1h
2026-04-21 20:15:48,729  INFO        [  8/159] HINDUNILVR           1h
2026-04-21 20:15:49,180  INFO        [  9/159] ITC                  1h
2026-04-21 20:15:49,515  INFO        [ 10/159] LT                   1h
2026-04-21 20:15:49,793  INFO        [ 11/159] KOTAKBANK            1h
2026-04-21 20:15:50,124  INFO        [ 12/159] AXISBANK             1h
2026-04-21 20:15:50,531  INFO        [ 13/159] BAJFINANCE           1h
2026-04-21 20:15:50,941  INFO        [ 14/159] ASIANPAINT           1h
2026-04-21 20:15:51,245  INFO        [ 15/159] MARUTI               1h
2026-04-21 20:15:51,570  INFO        [ 16/159] TITAN                1h
2026-04-21 20:15:51,897  INFO        [ 17/159] SUNPHARMA            1h
2026-04-21 20:15:52,218  INFO        [ 18/159] ULTRACEMCO           1h
2026-04-21 20:15:52,544  INFO        [ 19/159] WIPRO                1h
2026-04-21 20:15:52,888  INFO        [ 20/159] NESTLEIND            1h
2026-04-21 20:15:53,926  INFO        [ 21/159] ONGC                 1h
2026-04-21 20:15:54,253  INFO        [ 22/159] POWERGRID            1h
2026-04-21 20:15:54,600  INFO        [ 23/159] NTPC                 1h
2026-04-21 20:15:55,111  INFO        [ 24/159] COALINDIA            1h
2026-04-21 20:15:55,600  INFO        [ 25/159] JSWSTEEL             1h
2026-04-21 20:15:55,937  INFO        [ 26/159] TATAMOTORS           1h
2026-04-21 20:15:56,324  ERROR     $TATAMOTORS.NS: possibly delisted; no timezone found
2026-04-21 20:15:56,331  ERROR     
1 Failed download:
2026-04-21 20:15:56,331  ERROR     ['TATAMOTORS.NS']: possibly delisted; no timezone found
2026-04-21 20:15:56,333  WARNING     SKIP TATAMOTORS [1h] — no data (delisted?)
2026-04-21 20:15:56,333  INFO        [ 27/159] TATASTEEL            1h
2026-04-21 20:15:56,688  INFO        [ 28/159] HCLTECH              1h
2026-04-21 20:15:57,055  INFO        [ 29/159] TECHM                1h
2026-04-21 20:15:57,412  INFO        [ 30/159] DIVISLAB             1h
2026-04-21 20:15:57,702  INFO        [ 31/159] DRREDDY              1h
2026-04-21 20:15:58,038  INFO        [ 32/159] CIPLA                1h
2026-04-21 20:15:58,459  INFO        [ 33/159] EICHERMOT            1h
2026-04-21 20:15:58,757  INFO        [ 34/159] HEROMOTOCO           1h
2026-04-21 20:15:59,104  INFO        [ 35/159] BAJAJFINSV           1h
2026-04-21 20:15:59,481  INFO        [ 36/159] ADANIENT             1h
2026-04-21 20:15:59,770  INFO        [ 37/159] ADANIPORTS           1h
2026-04-21 20:16:00,117  INFO        [ 38/159] APOLLOHOSP           1h
2026-04-21 20:16:00,517  INFO        [ 39/159] BAJAJ-AUTO           1h
2026-04-21 20:16:00,786  INFO        [ 40/159] BPCL                 1h
2026-04-21 20:16:01,172  INFO        [ 41/159] BRITANNIA            1h
2026-04-21 20:16:01,549  INFO        [ 42/159] DABUR                1h
2026-04-21 20:16:01,878  INFO        [ 43/159] DLF                  1h
2026-04-21 20:16:02,193  INFO        [ 44/159] GRASIM               1h
2026-04-21 20:16:02,533  INFO        [ 45/159] HAVELLS              1h
2026-04-21 20:16:02,857  INFO        [ 46/159] HINDALCO             1h
2026-04-21 20:16:03,186  INFO        [ 47/159] INDUSINDBK           1h
2026-04-21 20:16:03,496  INFO        [ 48/159] IOC                  1h
2026-04-21 20:16:03,926  INFO        [ 49/159] M&M                  1h
2026-04-21 20:16:04,384  INFO        [ 50/159] PIDILITIND           1h
2026-04-21 20:16:04,884  INFO        [ 51/159] SBILIFE              1h
2026-04-21 20:16:05,222  INFO        [ 52/159] SHREECEM             1h
2026-04-21 20:16:05,597  INFO        [ 53/159] SIEMENS              1h
2026-04-21 20:16:06,084  INFO        [ 54/159] TRENT                1h
2026-04-21 20:16:06,584  INFO        [ 55/159] VEDL                 1h
2026-04-21 20:16:06,982  INFO        [ 56/159] ZOMATO               1h
2026-04-21 20:16:07,319  ERROR     $ZOMATO.NS: possibly delisted; no timezone found
2026-04-21 20:16:07,325  ERROR     
1 Failed download:
2026-04-21 20:16:07,326  ERROR     ['ZOMATO.NS']: possibly delisted; no timezone found
2026-04-21 20:16:07,327  WARNING     SKIP ZOMATO [1h] — no data (delisted?)
2026-04-21 20:16:07,328  INFO        [ 57/159] DMART                1h
2026-04-21 20:16:07,624  INFO        [ 58/159] IRCTC                1h
2026-04-21 20:16:08,022  INFO        [ 59/159] BERGEPAINT           1h
2026-04-21 20:16:08,389  INFO        [ 60/159] BOSCHLTD             1h
2026-04-21 20:16:08,714  INFO        [ 61/159] CANBK                1h
2026-04-21 20:16:09,081  INFO        [ 62/159] CHOLAFIN             1h
2026-04-21 20:16:09,526  INFO        [ 63/159] COLPAL               1h
2026-04-21 20:16:09,801  INFO        [ 64/159] CONCOR               1h
2026-04-21 20:16:10,205  INFO        [ 65/159] CUMMINSIND           1h
2026-04-21 20:16:10,525  INFO        [ 66/159] ESCORTS              1h
2026-04-21 20:16:10,845  INFO        [ 67/159] FEDERALBNK           1h
2026-04-21 20:16:11,124  INFO        [ 68/159] GODREJCP             1h
2026-04-21 20:16:11,482  INFO        [ 69/159] GODREJPROP           1h
2026-04-21 20:16:11,736  INFO        [ 70/159] HAL                  1h
2026-04-21 20:16:12,202  INFO        [ 71/159] HDFCLIFE             1h
2026-04-21 20:16:12,507  INFO        [ 72/159] HINDPETRO            1h
2026-04-21 20:16:12,916  INFO        [ 73/159] ICICIPRULI           1h
2026-04-21 20:16:13,256  INFO        [ 74/159] IDFCFIRSTB           1h
2026-04-21 20:16:13,653  INFO        [ 75/159] IGL                  1h
2026-04-21 20:16:14,022  INFO        [ 76/159] INDUSTOWER           1h
2026-04-21 20:16:14,330  INFO        [ 77/159] JUBLFOOD             1h
2026-04-21 20:16:14,718  INFO        [ 78/159] LUPIN                1h
2026-04-21 20:16:15,042  INFO        [ 79/159] MARICO               1h
2026-04-21 20:16:15,441  INFO        [ 80/159] MPHASIS              1h
2026-04-21 20:16:15,741  INFO        [ 81/159] MUTHOOTFIN           1h
2026-04-21 20:16:16,189  INFO        [ 82/159] NAUKRI               1h
2026-04-21 20:16:16,519  INFO        [ 83/159] NBCC                 1h
2026-04-21 20:16:17,002  INFO        [ 84/159] NHPC                 1h
2026-04-21 20:16:17,330  INFO        [ 85/159] NMDC                 1h
2026-04-21 20:16:17,831  INFO        [ 86/159] OFSS                 1h
2026-04-21 20:16:18,118  INFO        [ 87/159] PAGEIND              1h
2026-04-21 20:16:18,426  INFO        [ 88/159] PERSISTENT           1h
2026-04-21 20:16:18,783  INFO        [ 89/159] PETRONET             1h
2026-04-21 20:16:19,151  INFO        [ 90/159] PFC                  1h
2026-04-21 20:16:19,542  INFO        [ 91/159] PNB                  1h
2026-04-21 20:16:19,983  INFO        [ 92/159] POLYCAB              1h
2026-04-21 20:16:20,372  INFO        [ 93/159] RBLBANK              1h
2026-04-21 20:16:20,700  INFO        [ 94/159] RECLTD               1h
2026-04-21 20:16:20,997  INFO        [ 95/159] SAIL                 1h
2026-04-21 20:16:21,358  INFO        [ 96/159] SBICARD              1h
2026-04-21 20:16:21,644  INFO        [ 97/159] SHRIRAMFIN           1h
2026-04-21 20:16:21,992  INFO        [ 98/159] SRF                  1h
2026-04-21 20:16:22,332  INFO        [ 99/159] SUNDARMFIN           1h
2026-04-21 20:16:22,711  INFO        [100/159] TATACHEM             1h
2026-04-21 20:16:23,028  INFO        [101/159] TATACONSUM           1h
2026-04-21 20:16:23,338  INFO        [102/159] TORNTPHARM           1h
2026-04-21 20:16:23,692  INFO        [103/159] TORNTPOWER           1h
2026-04-21 20:16:24,024  INFO        [104/159] TVSMOTOR             1h
2026-04-21 20:16:24,402  INFO        [105/159] UPL                  1h
2026-04-21 20:16:24,731  INFO        [106/159] VOLTAS               1h
2026-04-21 20:16:25,067  INFO        [107/159] YESBANK              1h
2026-04-21 20:16:25,444  INFO        [108/159] ZYDUSLIFE            1h
2026-04-21 20:16:25,854  INFO        [109/159] ABCAPITAL            1h
2026-04-21 20:16:26,143  INFO        [110/159] ACC                  1h
2026-04-21 20:16:26,550  INFO        [111/159] ADANIGREEN           1h
2026-04-21 20:16:26,856  INFO        [112/159] ALKEM                1h
2026-04-21 20:16:27,212  INFO        [113/159] AMBUJACEM            1h
2026-04-21 20:16:27,557  INFO        [114/159] ASTRAL               1h
2026-04-21 20:16:27,891  INFO        [115/159] AUROPHARMA           1h
2026-04-21 20:16:28,172  INFO        [116/159] BALKRISIND           1h
2026-04-21 20:16:28,551  INFO        [117/159] BANDHANBNK           1h
2026-04-21 20:16:28,960  INFO        [118/159] BANKBARODA           1h
2026-04-21 20:16:29,248  INFO        [119/159] BATAINDIA            1h
2026-04-21 20:16:29,574  INFO        [120/159] BEL                  1h
2026-04-21 20:16:29,954  INFO        [121/159] BHARATFORG           1h
2026-04-21 20:16:30,332  INFO        [122/159] BHEL                 1h
2026-04-21 20:16:30,795  INFO        [123/159] CDSL                 1h
2026-04-21 20:16:31,133  INFO        [124/159] CESC                 1h
2026-04-21 20:16:31,431  INFO        [125/159] DEEPAKNTR            1h
2026-04-21 20:16:31,721  INFO        [126/159] EMAMILTD             1h
2026-04-21 20:16:32,088  INFO        [127/159] EXIDEIND             1h
2026-04-21 20:16:32,434  INFO        [128/159] FORTIS               1h
2026-04-21 20:16:32,816  INFO        [129/159] GAIL                 1h
2026-04-21 20:16:33,248  INFO        [130/159] GLENMARK             1h
2026-04-21 20:16:33,618  INFO        [131/159] GRANULES             1h
2026-04-21 20:16:33,988  INFO        [132/159] GUJGASLTD            1h
2026-04-21 20:16:34,295  INFO        [133/159] HINDCOPPER           1h
2026-04-21 20:16:34,754  INFO        [134/159] HUDCO                1h
2026-04-21 20:16:35,073  INFO        [135/159] IEX                  1h
2026-04-21 20:16:35,451  INFO        [136/159] INDIGO               1h
2026-04-21 20:16:35,760  INFO        [137/159] IRFC                 1h
2026-04-21 20:16:36,066  INFO        [138/159] JKCEMENT             1h
2026-04-21 20:16:36,447  INFO        [139/159] JSWENERGY            1h
2026-04-21 20:16:36,909  INFO        [140/159] KPITTECH             1h
2026-04-21 20:16:37,237  INFO        [141/159] LAURUSLABS           1h
2026-04-21 20:16:37,587  INFO        [142/159] LICHSGFIN            1h
2026-04-21 20:16:37,985  INFO        [143/159] LODHA                1h
2026-04-21 20:16:38,401  INFO        [144/159] LTTS                 1h
2026-04-21 20:16:38,707  INFO        [145/159] MANAPPURAM           1h
2026-04-21 20:16:38,991  INFO        [146/159] MCX                  1h
2026-04-21 20:16:39,386  INFO        [147/159] METROPOLIS           1h
2026-04-21 20:16:39,768  INFO        [148/159] MRPL                 1h
2026-04-21 20:16:40,123  INFO        [149/159] NATIONALUM           1h
2026-04-21 20:16:40,402  INFO        [150/159] NAVINFLUOR           1h
2026-04-21 20:16:40,878  INFO        [151/159] OLECTRA              1h
2026-04-21 20:16:41,177  INFO        [152/159] PFIZER               1h
2026-04-21 20:16:41,510  INFO        [153/159] SUPREMEIND           1h
2026-04-21 20:16:41,986  INFO        [154/159] TATACOMM             1h
2026-04-21 20:16:42,443  INFO        [155/159] UBL                  1h
2026-04-21 20:16:42,802  INFO        [156/159] UNITDSPR             1h
2026-04-21 20:16:43,091  INFO        [157/159] WHIRLPOOL            1h
2026-04-21 20:16:43,440  INFO        [158/159] CROMPTON             1h
2026-04-21 20:16:43,791  INFO        [159/159] ^NSEI                1h
2026-04-21 20:16:44,157  INFO        → 156/159 tickers OK for 1h
2026-04-21 20:16:44,451  INFO        Backup → backup_master_1h.csv
2026-04-21 20:16:47,495  INFO          → master_1h.csv  (544,315 rows)
2026-04-21 20:16:47,498  INFO      
[4/5] Resampling 1m → 5m and 1h...
2026-04-21 20:16:49,026  INFO        Generated 5m rows : 201,379
2026-04-21 20:16:49,026  INFO        Generated 1h rows : 19,030
2026-04-21 20:16:49,026  INFO      
[5/5] Validating...
2026-04-21 20:17:01,693  WARNING     Validation [5m]: 436377 issues.
2026-04-21 20:17:02,627  WARNING     Validation [1h]: 563345 issues.
2026-04-21 20:17:04,706  INFO        Validation report → 999722 rows (last 30 days only)
2026-04-21 20:17:04,709  INFO        Skipped: 9 tickers → skipped_tickers.csv
2026-04-21 20:17:04,709  INFO      
============================================================
2026-04-21 20:17:04,709  INFO      Pipeline COMPLETE ✓
2026-04-21 20:17:04,709  INFO        1m files  : 2 monthly files in data/1m/
2026-04-21 20:17:04,709  INFO          master_1m_2026_03.csv  (25.3 MB)
2026-04-21 20:17:04,710  INFO          master_1m_2026_04.csv  (61.8 MB)
2026-04-21 20:17:04,710  INFO        5m files  : 1 yearly files in data/5m/
2026-04-21 20:17:04,710  INFO          master_5m_2026.csv  (55.1 MB)
2026-04-21 20:17:04,710  INFO        1h file   : master_1h.csv  (47.9 MB)
2026-04-21 20:17:04,710  INFO        Skipped   : 9 tickers
2026-04-21 20:17:04,710  INFO      ============================================================
