2026-04-06 19:56:36,460  WARNING     Deleted oversized validation_report.csv (69.8 MB) — will recreate.
2026-04-06 19:56:36,460  INFO      ============================================================
2026-04-06 19:56:36,460  INFO      Indian Market Data Pipeline v3 — START
2026-04-06 19:56:36,460  INFO      Run time : 2026-04-06 19:56:36
2026-04-06 19:56:36,460  INFO      Tickers  : 158 stocks + Nifty Index
2026-04-06 19:56:36,460  INFO      File layout:
2026-04-06 19:56:36,460  INFO        1m  → data/1m/master_1m_YYYY_MM.csv  (one per month)
2026-04-06 19:56:36,460  INFO        5m  → data/5m/master_5m_YYYY.csv     (one per year)
2026-04-06 19:56:36,460  INFO        1h  → data/master_1h.csv             (single file)
2026-04-06 19:56:36,460  INFO      ============================================================
2026-04-06 19:56:36,460  INFO      
[1/5] Fetching 1-minute data...
2026-04-06 19:56:36,461  INFO        [  1/159] RELIANCE             1m
2026-04-06 19:56:36,817  INFO        [  2/159] TCS                  1m
2026-04-06 19:56:36,958  INFO        [  3/159] HDFCBANK             1m
2026-04-06 19:56:37,171  INFO        [  4/159] BHARTIARTL           1m
2026-04-06 19:56:37,366  INFO        [  5/159] ICICIBANK            1m
2026-04-06 19:56:37,525  INFO        [  6/159] INFOSYS              1m
2026-04-06 19:56:37,855  ERROR     HTTP Error 404: {"quoteSummary":{"result":null,"error":{"code":"Not Found","description":"Quote not found for symbol: INFOSYS.NS"}}}
2026-04-06 19:56:37,950  ERROR     $INFOSYS.NS: possibly delisted; no timezone found
2026-04-06 19:56:37,950  ERROR     
1 Failed download:
2026-04-06 19:56:37,950  ERROR     ['INFOSYS.NS']: possibly delisted; no timezone found
2026-04-06 19:56:37,953  WARNING     SKIP INFOSYS [1m] — no data (delisted?)
2026-04-06 19:56:37,953  INFO        [  7/159] SBIN                 1m
2026-04-06 19:56:38,136  INFO        [  8/159] HINDUNILVR           1m
2026-04-06 19:56:38,326  INFO        [  9/159] ITC                  1m
2026-04-06 19:56:38,517  INFO        [ 10/159] LT                   1m
2026-04-06 19:56:38,718  INFO        [ 11/159] KOTAKBANK            1m
2026-04-06 19:56:38,921  INFO        [ 12/159] AXISBANK             1m
2026-04-06 19:56:39,141  INFO        [ 13/159] BAJFINANCE           1m
2026-04-06 19:56:39,300  INFO        [ 14/159] ASIANPAINT           1m
2026-04-06 19:56:39,459  INFO        [ 15/159] MARUTI               1m
2026-04-06 19:56:39,649  INFO        [ 16/159] TITAN                1m
2026-04-06 19:56:39,809  INFO        [ 17/159] SUNPHARMA            1m
2026-04-06 19:56:40,020  INFO        [ 18/159] ULTRACEMCO           1m
2026-04-06 19:56:40,171  INFO        [ 19/159] WIPRO                1m
2026-04-06 19:56:40,353  INFO        [ 20/159] NESTLEIND            1m
2026-04-06 19:56:40,556  INFO        [ 21/159] ONGC                 1m
2026-04-06 19:56:40,727  INFO        [ 22/159] POWERGRID            1m
2026-04-06 19:56:40,929  INFO        [ 23/159] NTPC                 1m
2026-04-06 19:56:41,089  INFO        [ 24/159] COALINDIA            1m
2026-04-06 19:56:41,280  INFO        [ 25/159] JSWSTEEL             1m
2026-04-06 19:56:41,473  INFO        [ 26/159] TATAMOTORS           1m
2026-04-06 19:56:41,788  ERROR     HTTP Error 404: {"quoteSummary":{"result":null,"error":{"code":"Not Found","description":"Quote not found for symbol: TATAMOTORS.NS"}}}
2026-04-06 19:56:42,030  ERROR     $TATAMOTORS.NS: possibly delisted; no timezone found
2026-04-06 19:56:42,039  ERROR     
1 Failed download:
2026-04-06 19:56:42,040  ERROR     ['TATAMOTORS.NS']: possibly delisted; no timezone found
2026-04-06 19:56:42,042  WARNING     SKIP TATAMOTORS [1m] — no data (delisted?)
2026-04-06 19:56:42,042  INFO        [ 27/159] TATASTEEL            1m
2026-04-06 19:56:42,215  INFO        [ 28/159] HCLTECH              1m
2026-04-06 19:56:42,368  INFO        [ 29/159] TECHM                1m
2026-04-06 19:56:42,519  INFO        [ 30/159] DIVISLAB             1m
2026-04-06 19:56:42,660  INFO        [ 31/159] DRREDDY              1m
2026-04-06 19:56:42,814  INFO        [ 32/159] CIPLA                1m
2026-04-06 19:56:42,975  INFO        [ 33/159] EICHERMOT            1m
2026-04-06 19:56:43,151  INFO        [ 34/159] HEROMOTOCO           1m
2026-04-06 19:56:43,312  INFO        [ 35/159] BAJAJFINSV           1m
2026-04-06 19:56:43,511  INFO        [ 36/159] ADANIENT             1m
2026-04-06 19:56:43,682  INFO        [ 37/159] ADANIPORTS           1m
2026-04-06 19:56:43,862  INFO        [ 38/159] APOLLOHOSP           1m
2026-04-06 19:56:44,037  INFO        [ 39/159] BAJAJ-AUTO           1m
2026-04-06 19:56:44,206  INFO        [ 40/159] BPCL                 1m
2026-04-06 19:56:44,356  INFO        [ 41/159] BRITANNIA            1m
2026-04-06 19:56:44,525  INFO        [ 42/159] DABUR                1m
2026-04-06 19:56:44,677  INFO        [ 43/159] DLF                  1m
2026-04-06 19:56:44,847  INFO        [ 44/159] GRASIM               1m
2026-04-06 19:56:45,007  INFO        [ 45/159] HAVELLS              1m
2026-04-06 19:56:45,208  INFO        [ 46/159] HINDALCO             1m
2026-04-06 19:56:45,452  INFO        [ 47/159] INDUSINDBK           1m
2026-04-06 19:56:45,675  INFO        [ 48/159] IOC                  1m
2026-04-06 19:56:45,877  INFO        [ 49/159] M&M                  1m
2026-04-06 19:56:46,089  INFO        [ 50/159] PIDILITIND           1m
2026-04-06 19:56:46,262  INFO        [ 51/159] SBILIFE              1m
2026-04-06 19:56:46,444  INFO        [ 52/159] SHREECEM             1m
2026-04-06 19:56:46,586  INFO        [ 53/159] SIEMENS              1m
2026-04-06 19:56:46,746  INFO        [ 54/159] TRENT                1m
2026-04-06 19:56:46,950  INFO        [ 55/159] VEDL                 1m
2026-04-06 19:56:47,629  INFO        [ 56/159] ZOMATO               1m
2026-04-06 19:56:47,742  ERROR     $ZOMATO.NS: possibly delisted; no timezone found
2026-04-06 19:56:47,750  ERROR     
1 Failed download:
2026-04-06 19:56:47,751  ERROR     ['ZOMATO.NS']: possibly delisted; no timezone found
2026-04-06 19:56:47,753  WARNING     SKIP ZOMATO [1m] — no data (delisted?)
2026-04-06 19:56:47,753  INFO        [ 57/159] DMART                1m
2026-04-06 19:56:48,147  INFO        [ 58/159] IRCTC                1m
2026-04-06 19:56:48,336  INFO        [ 59/159] BERGEPAINT           1m
2026-04-06 19:56:48,528  INFO        [ 60/159] BOSCHLTD             1m
2026-04-06 19:56:48,690  INFO        [ 61/159] CANBK                1m
2026-04-06 19:56:49,924  INFO        [ 62/159] CHOLAFIN             1m
2026-04-06 19:56:50,086  INFO        [ 63/159] COLPAL               1m
2026-04-06 19:56:50,266  INFO        [ 64/159] CONCOR               1m
2026-04-06 19:56:50,439  INFO        [ 65/159] CUMMINSIND           1m
2026-04-06 19:56:50,642  INFO        [ 66/159] ESCORTS              1m
2026-04-06 19:56:50,902  INFO        [ 67/159] FEDERALBNK           1m
2026-04-06 19:56:51,124  INFO        [ 68/159] GODREJCP             1m
2026-04-06 19:56:51,314  INFO        [ 69/159] GODREJPROP           1m
2026-04-06 19:56:51,449  INFO        [ 70/159] HAL                  1m
2026-04-06 19:56:51,693  INFO        [ 71/159] HDFCLIFE             1m
2026-04-06 19:56:51,886  INFO        [ 72/159] HINDPETRO            1m
2026-04-06 19:56:52,056  INFO        [ 73/159] ICICIPRULI           1m
2026-04-06 19:56:52,226  INFO        [ 74/159] IDFCFIRSTB           1m
2026-04-06 19:56:52,428  INFO        [ 75/159] IGL                  1m
2026-04-06 19:56:52,637  INFO        [ 76/159] INDUSTOWER           1m
2026-04-06 19:56:52,798  INFO        [ 77/159] JUBLFOOD             1m
2026-04-06 19:56:52,951  INFO        [ 78/159] LUPIN                1m
2026-04-06 19:56:53,116  INFO        [ 79/159] MARICO               1m
2026-04-06 19:56:53,322  INFO        [ 80/159] MPHASIS              1m
2026-04-06 19:56:53,541  INFO        [ 81/159] MUTHOOTFIN           1m
2026-04-06 19:56:53,688  INFO        [ 82/159] NAUKRI               1m
2026-04-06 19:56:53,860  INFO        [ 83/159] NBCC                 1m
2026-04-06 19:56:54,044  INFO        [ 84/159] NHPC                 1m
2026-04-06 19:56:54,200  INFO        [ 85/159] NMDC                 1m
2026-04-06 19:56:54,361  INFO        [ 86/159] OFSS                 1m
2026-04-06 19:56:54,512  INFO        [ 87/159] PAGEIND              1m
2026-04-06 19:56:54,742  INFO        [ 88/159] PERSISTENT           1m
2026-04-06 19:56:54,903  INFO        [ 89/159] PETRONET             1m
2026-04-06 19:56:55,067  INFO        [ 90/159] PFC                  1m
2026-04-06 19:56:55,228  INFO        [ 91/159] PNB                  1m
2026-04-06 19:56:55,433  INFO        [ 92/159] POLYCAB              1m
2026-04-06 19:56:56,669  INFO        [ 93/159] RBLBANK              1m
2026-04-06 19:56:56,820  INFO        [ 94/159] RECLTD               1m
2026-04-06 19:56:57,043  INFO        [ 95/159] SAIL                 1m
2026-04-06 19:56:57,243  INFO        [ 96/159] SBICARD              1m
2026-04-06 19:56:57,388  INFO        [ 97/159] SHRIRAMFIN           1m
2026-04-06 19:56:57,553  INFO        [ 98/159] SRF                  1m
2026-04-06 19:56:57,728  INFO        [ 99/159] SUNDARMFIN           1m
2026-04-06 19:56:57,893  INFO        [100/159] TATACHEM             1m
2026-04-06 19:56:58,063  INFO        [101/159] TATACONSUM           1m
2026-04-06 19:56:58,295  INFO        [102/159] TORNTPHARM           1m
2026-04-06 19:56:59,668  INFO        [103/159] TORNTPOWER           1m
2026-04-06 19:56:59,819  INFO        [104/159] TVSMOTOR             1m
2026-04-06 19:56:59,995  INFO        [105/159] UPL                  1m
2026-04-06 19:57:00,188  INFO        [106/159] VOLTAS               1m
2026-04-06 19:57:00,412  INFO        [107/159] YESBANK              1m
2026-04-06 19:57:00,573  INFO        [108/159] ZYDUSLIFE            1m
2026-04-06 19:57:00,742  INFO        [109/159] ABCAPITAL            1m
2026-04-06 19:57:00,887  INFO        [110/159] ACC                  1m
2026-04-06 19:57:01,056  INFO        [111/159] ADANIGREEN           1m
2026-04-06 19:57:01,258  INFO        [112/159] ALKEM                1m
2026-04-06 19:57:01,549  INFO        [113/159] AMBUJACEM            1m
2026-04-06 19:57:01,701  INFO        [114/159] ASTRAL               1m
2026-04-06 19:57:01,897  INFO        [115/159] AUROPHARMA           1m
2026-04-06 19:57:02,114  INFO        [116/159] BALKRISIND           1m
2026-04-06 19:57:02,306  INFO        [117/159] BANDHANBNK           1m
2026-04-06 19:57:02,466  INFO        [118/159] BANKBARODA           1m
2026-04-06 19:57:02,628  INFO        [119/159] BATAINDIA            1m
2026-04-06 19:57:02,792  INFO        [120/159] BEL                  1m
2026-04-06 19:57:03,013  INFO        [121/159] BHARATFORG           1m
2026-04-06 19:57:03,172  INFO        [122/159] BHEL                 1m
2026-04-06 19:57:03,342  INFO        [123/159] CDSL                 1m
2026-04-06 19:57:04,492  INFO        [124/159] CESC                 1m
2026-04-06 19:57:04,739  INFO        [125/159] DEEPAKNTR            1m
2026-04-06 19:57:04,931  INFO        [126/159] EMAMILTD             1m
2026-04-06 19:57:05,130  INFO        [127/159] EXIDEIND             1m
2026-04-06 19:57:05,334  INFO        [128/159] FORTIS               1m
2026-04-06 19:57:05,484  INFO        [129/159] GAIL                 1m
2026-04-06 19:57:05,648  INFO        [130/159] GLENMARK             1m
2026-04-06 19:57:05,810  INFO        [131/159] GRANULES             1m
2026-04-06 19:57:06,010  INFO        [132/159] GUJGASLTD            1m
2026-04-06 19:57:06,181  INFO        [133/159] HINDCOPPER           1m
2026-04-06 19:57:06,486  INFO        [134/159] HUDCO                1m
2026-04-06 19:57:06,625  INFO        [135/159] IEX                  1m
2026-04-06 19:57:07,553  INFO        [136/159] INDIGO               1m
2026-04-06 19:57:07,704  INFO        [137/159] IRFC                 1m
2026-04-06 19:57:07,834  INFO        [138/159] JKCEMENT             1m
2026-04-06 19:57:07,986  INFO        [139/159] JSWENERGY            1m
2026-04-06 19:57:08,125  INFO        [140/159] KPITTECH             1m
2026-04-06 19:57:08,294  INFO        [141/159] LAURUSLABS           1m
2026-04-06 19:57:08,437  INFO        [142/159] LICHSGFIN            1m
2026-04-06 19:57:08,852  INFO        [143/159] LODHA                1m
2026-04-06 19:57:09,014  INFO        [144/159] LTTS                 1m
2026-04-06 19:57:09,179  INFO        [145/159] MANAPPURAM           1m
2026-04-06 19:57:09,330  INFO        [146/159] MCX                  1m
2026-04-06 19:57:09,562  INFO        [147/159] METROPOLIS           1m
2026-04-06 19:57:09,724  INFO        [148/159] MRPL                 1m
2026-04-06 19:57:10,937  INFO        [149/159] NATIONALUM           1m
2026-04-06 19:57:11,140  INFO        [150/159] NAVINFLUOR           1m
2026-04-06 19:57:11,323  INFO        [151/159] OLECTRA              1m
2026-04-06 19:57:11,508  INFO        [152/159] PFIZER               1m
2026-04-06 19:57:11,717  INFO        [153/159] SUPREMEIND           1m
2026-04-06 19:57:11,891  INFO        [154/159] TATACOMM             1m
2026-04-06 19:57:12,063  INFO        [155/159] UBL                  1m
2026-04-06 19:57:12,227  INFO        [156/159] UNITDSPR             1m
2026-04-06 19:57:12,356  INFO        [157/159] WHIRLPOOL            1m
2026-04-06 19:57:12,530  INFO        [158/159] CROMPTON             1m
2026-04-06 19:57:12,690  INFO        [159/159] ^NSEI                1m
2026-04-06 19:57:12,862  INFO        → 156/159 tickers OK for 1m
2026-04-06 19:57:12,874  INFO        Saving 1m split by month:
2026-04-06 19:57:13,961  INFO          → master_1m_2026_04.csv  (175,029 rows)
2026-04-06 19:57:13,965  INFO      
[2/5] Fetching 5-minute data...
2026-04-06 19:57:13,965  INFO        [  1/159] RELIANCE             5m
2026-04-06 19:57:14,103  INFO        [  2/159] TCS                  5m
2026-04-06 19:57:14,317  INFO        [  3/159] HDFCBANK             5m
2026-04-06 19:57:14,503  INFO        [  4/159] BHARTIARTL           5m
2026-04-06 19:57:14,678  INFO        [  5/159] ICICIBANK            5m
2026-04-06 19:57:14,835  INFO        [  6/159] INFOSYS              5m
2026-04-06 19:57:15,091  ERROR     $INFOSYS.NS: possibly delisted; no timezone found
2026-04-06 19:57:15,098  ERROR     
1 Failed download:
2026-04-06 19:57:15,098  ERROR     ['INFOSYS.NS']: possibly delisted; no timezone found
2026-04-06 19:57:15,101  WARNING     SKIP INFOSYS [5m] — no data (delisted?)
2026-04-06 19:57:15,101  INFO        [  7/159] SBIN                 5m
2026-04-06 19:57:15,247  INFO        [  8/159] HINDUNILVR           5m
2026-04-06 19:57:15,403  INFO        [  9/159] ITC                  5m
2026-04-06 19:57:15,540  INFO        [ 10/159] LT                   5m
2026-04-06 19:57:15,720  INFO        [ 11/159] KOTAKBANK            5m
2026-04-06 19:57:15,885  INFO        [ 12/159] AXISBANK             5m
2026-04-06 19:57:16,040  INFO        [ 13/159] BAJFINANCE           5m
2026-04-06 19:57:16,185  INFO        [ 14/159] ASIANPAINT           5m
2026-04-06 19:57:16,372  INFO        [ 15/159] MARUTI               5m
2026-04-06 19:57:16,515  INFO        [ 16/159] TITAN                5m
2026-04-06 19:57:16,682  INFO        [ 17/159] SUNPHARMA            5m
2026-04-06 19:57:16,866  INFO        [ 18/159] ULTRACEMCO           5m
2026-04-06 19:57:17,023  INFO        [ 19/159] WIPRO                5m
2026-04-06 19:57:17,177  INFO        [ 20/159] NESTLEIND            5m
2026-04-06 19:57:18,415  INFO        [ 21/159] ONGC                 5m
2026-04-06 19:57:18,685  INFO        [ 22/159] POWERGRID            5m
2026-04-06 19:57:18,831  INFO        [ 23/159] NTPC                 5m
2026-04-06 19:57:18,967  INFO        [ 24/159] COALINDIA            5m
2026-04-06 19:57:19,154  INFO        [ 25/159] JSWSTEEL             5m
2026-04-06 19:57:19,389  INFO        [ 26/159] TATAMOTORS           5m
2026-04-06 19:57:19,503  ERROR     $TATAMOTORS.NS: possibly delisted; no timezone found
2026-04-06 19:57:19,512  ERROR     
1 Failed download:
2026-04-06 19:57:19,512  ERROR     ['TATAMOTORS.NS']: possibly delisted; no timezone found
2026-04-06 19:57:19,514  WARNING     SKIP TATAMOTORS [5m] — no data (delisted?)
2026-04-06 19:57:19,514  INFO        [ 27/159] TATASTEEL            5m
2026-04-06 19:57:19,664  INFO        [ 28/159] HCLTECH              5m
2026-04-06 19:57:19,828  INFO        [ 29/159] TECHM                5m
2026-04-06 19:57:19,977  INFO        [ 30/159] DIVISLAB             5m
2026-04-06 19:57:20,110  INFO        [ 31/159] DRREDDY              5m
2026-04-06 19:57:20,268  INFO        [ 32/159] CIPLA                5m
2026-04-06 19:57:21,487  INFO        [ 33/159] EICHERMOT            5m
2026-04-06 19:57:21,640  INFO        [ 34/159] HEROMOTOCO           5m
2026-04-06 19:57:21,808  INFO        [ 35/159] BAJAJFINSV           5m
2026-04-06 19:57:21,995  INFO        [ 36/159] ADANIENT             5m
2026-04-06 19:57:22,150  INFO        [ 37/159] ADANIPORTS           5m
2026-04-06 19:57:22,287  INFO        [ 38/159] APOLLOHOSP           5m
2026-04-06 19:57:22,483  INFO        [ 39/159] BAJAJ-AUTO           5m
2026-04-06 19:57:22,620  INFO        [ 40/159] BPCL                 5m
2026-04-06 19:57:22,765  INFO        [ 41/159] BRITANNIA            5m
2026-04-06 19:57:22,942  INFO        [ 42/159] DABUR                5m
2026-04-06 19:57:23,152  INFO        [ 43/159] DLF                  5m
2026-04-06 19:57:23,299  INFO        [ 44/159] GRASIM               5m
2026-04-06 19:57:23,452  INFO        [ 45/159] HAVELLS              5m
2026-04-06 19:57:23,597  INFO        [ 46/159] HINDALCO             5m
2026-04-06 19:57:23,754  INFO        [ 47/159] INDUSINDBK           5m
2026-04-06 19:57:23,912  INFO        [ 48/159] IOC                  5m
2026-04-06 19:57:24,359  INFO        [ 49/159] M&M                  5m
2026-04-06 19:57:24,512  INFO        [ 50/159] PIDILITIND           5m
2026-04-06 19:57:24,672  INFO        [ 51/159] SBILIFE              5m
2026-04-06 19:57:24,873  INFO        [ 52/159] SHREECEM             5m
2026-04-06 19:57:25,029  INFO        [ 53/159] SIEMENS              5m
2026-04-06 19:57:25,246  INFO        [ 54/159] TRENT                5m
2026-04-06 19:57:25,433  INFO        [ 55/159] VEDL                 5m
2026-04-06 19:57:26,610  INFO        [ 56/159] ZOMATO               5m
2026-04-06 19:57:26,736  ERROR     $ZOMATO.NS: possibly delisted; no timezone found
2026-04-06 19:57:26,742  ERROR     
1 Failed download:
2026-04-06 19:57:26,742  ERROR     ['ZOMATO.NS']: possibly delisted; no timezone found
2026-04-06 19:57:26,745  WARNING     SKIP ZOMATO [5m] — no data (delisted?)
2026-04-06 19:57:26,745  INFO        [ 57/159] DMART                5m
2026-04-06 19:57:26,881  INFO        [ 58/159] IRCTC                5m
2026-04-06 19:57:27,059  INFO        [ 59/159] BERGEPAINT           5m
2026-04-06 19:57:27,231  INFO        [ 60/159] BOSCHLTD             5m
2026-04-06 19:57:27,404  INFO        [ 61/159] CANBK                5m
2026-04-06 19:57:27,548  INFO        [ 62/159] CHOLAFIN             5m
2026-04-06 19:57:27,695  INFO        [ 63/159] COLPAL               5m
2026-04-06 19:57:27,870  INFO        [ 64/159] CONCOR               5m
2026-04-06 19:57:28,198  INFO        [ 65/159] CUMMINSIND           5m
2026-04-06 19:57:28,587  INFO        [ 66/159] ESCORTS              5m
2026-04-06 19:57:28,762  INFO        [ 67/159] FEDERALBNK           5m
2026-04-06 19:57:28,908  INFO        [ 68/159] GODREJCP             5m
2026-04-06 19:57:29,057  INFO        [ 69/159] GODREJPROP           5m
2026-04-06 19:57:29,196  INFO        [ 70/159] HAL                  5m
2026-04-06 19:57:30,403  INFO        [ 71/159] HDFCLIFE             5m
2026-04-06 19:57:30,572  INFO        [ 72/159] HINDPETRO            5m
2026-04-06 19:57:30,725  INFO        [ 73/159] ICICIPRULI           5m
2026-04-06 19:57:30,878  INFO        [ 74/159] IDFCFIRSTB           5m
2026-04-06 19:57:31,031  INFO        [ 75/159] IGL                  5m
2026-04-06 19:57:31,205  INFO        [ 76/159] INDUSTOWER           5m
2026-04-06 19:57:31,348  INFO        [ 77/159] JUBLFOOD             5m
2026-04-06 19:57:32,550  INFO        [ 78/159] LUPIN                5m
2026-04-06 19:57:32,691  INFO        [ 79/159] MARICO               5m
2026-04-06 19:57:32,895  INFO        [ 80/159] MPHASIS              5m
2026-04-06 19:57:34,073  INFO        [ 81/159] MUTHOOTFIN           5m
2026-04-06 19:57:34,219  INFO        [ 82/159] NAUKRI               5m
2026-04-06 19:57:34,412  INFO        [ 83/159] NBCC                 5m
2026-04-06 19:57:34,584  INFO        [ 84/159] NHPC                 5m
2026-04-06 19:57:34,735  INFO        [ 85/159] NMDC                 5m
2026-04-06 19:57:35,927  INFO        [ 86/159] OFSS                 5m
2026-04-06 19:57:36,102  INFO        [ 87/159] PAGEIND              5m
2026-04-06 19:57:36,250  INFO        [ 88/159] PERSISTENT           5m
2026-04-06 19:57:36,461  INFO        [ 89/159] PETRONET             5m
2026-04-06 19:57:36,657  INFO        [ 90/159] PFC                  5m
2026-04-06 19:57:36,867  INFO        [ 91/159] PNB                  5m
2026-04-06 19:57:37,077  INFO        [ 92/159] POLYCAB              5m
2026-04-06 19:57:37,226  INFO        [ 93/159] RBLBANK              5m
2026-04-06 19:57:37,398  INFO        [ 94/159] RECLTD               5m
2026-04-06 19:57:37,574  INFO        [ 95/159] SAIL                 5m
2026-04-06 19:57:37,775  INFO        [ 96/159] SBICARD              5m
2026-04-06 19:57:37,919  INFO        [ 97/159] SHRIRAMFIN           5m
2026-04-06 19:57:38,074  INFO        [ 98/159] SRF                  5m
2026-04-06 19:57:38,243  INFO        [ 99/159] SUNDARMFIN           5m
2026-04-06 19:57:38,416  INFO        [100/159] TATACHEM             5m
2026-04-06 19:57:38,557  INFO        [101/159] TATACONSUM           5m
2026-04-06 19:57:38,703  INFO        [102/159] TORNTPHARM           5m
2026-04-06 19:57:38,896  INFO        [103/159] TORNTPOWER           5m
2026-04-06 19:57:39,055  INFO        [104/159] TVSMOTOR             5m
2026-04-06 19:57:39,200  INFO        [105/159] UPL                  5m
2026-04-06 19:57:39,357  INFO        [106/159] VOLTAS               5m
2026-04-06 19:57:39,524  INFO        [107/159] YESBANK              5m
2026-04-06 19:57:39,671  INFO        [108/159] ZYDUSLIFE            5m
2026-04-06 19:57:40,243  INFO        [109/159] ABCAPITAL            5m
2026-04-06 19:57:40,408  INFO        [110/159] ACC                  5m
2026-04-06 19:57:40,545  INFO        [111/159] ADANIGREEN           5m
2026-04-06 19:57:40,729  INFO        [112/159] ALKEM                5m
2026-04-06 19:57:40,883  INFO        [113/159] AMBUJACEM            5m
2026-04-06 19:57:41,025  INFO        [114/159] ASTRAL               5m
2026-04-06 19:57:41,182  INFO        [115/159] AUROPHARMA           5m
2026-04-06 19:57:41,402  INFO        [116/159] BALKRISIND           5m
2026-04-06 19:57:41,619  INFO        [117/159] BANDHANBNK           5m
2026-04-06 19:57:41,811  INFO        [118/159] BANKBARODA           5m
2026-04-06 19:57:41,973  INFO        [119/159] BATAINDIA            5m
2026-04-06 19:57:42,138  INFO        [120/159] BEL                  5m
2026-04-06 19:57:42,286  INFO        [121/159] BHARATFORG           5m
2026-04-06 19:57:42,506  INFO        [122/159] BHEL                 5m
2026-04-06 19:57:43,672  INFO        [123/159] CDSL                 5m
2026-04-06 19:57:43,845  INFO        [124/159] CESC                 5m
2026-04-06 19:57:44,041  INFO        [125/159] DEEPAKNTR            5m
2026-04-06 19:57:44,593  INFO        [126/159] EMAMILTD             5m
2026-04-06 19:57:44,767  INFO        [127/159] EXIDEIND             5m
2026-04-06 19:57:45,057  INFO        [128/159] FORTIS               5m
2026-04-06 19:57:45,192  INFO        [129/159] GAIL                 5m
2026-04-06 19:57:45,356  INFO        [130/159] GLENMARK             5m
2026-04-06 19:57:45,527  INFO        [131/159] GRANULES             5m
2026-04-06 19:57:45,713  INFO        [132/159] GUJGASLTD            5m
2026-04-06 19:57:45,893  INFO        [133/159] HINDCOPPER           5m
2026-04-06 19:57:46,062  INFO        [134/159] HUDCO                5m
2026-04-06 19:57:46,208  INFO        [135/159] IEX                  5m
2026-04-06 19:57:46,366  INFO        [136/159] INDIGO               5m
2026-04-06 19:57:46,522  INFO        [137/159] IRFC                 5m
2026-04-06 19:57:46,681  INFO        [138/159] JKCEMENT             5m
2026-04-06 19:57:46,835  INFO        [139/159] JSWENERGY            5m
2026-04-06 19:57:46,966  INFO        [140/159] KPITTECH             5m
2026-04-06 19:57:47,152  INFO        [141/159] LAURUSLABS           5m
2026-04-06 19:57:47,307  INFO        [142/159] LICHSGFIN            5m
2026-04-06 19:57:47,457  INFO        [143/159] LODHA                5m
2026-04-06 19:57:47,614  INFO        [144/159] LTTS                 5m
2026-04-06 19:57:47,819  INFO        [145/159] MANAPPURAM           5m
2026-04-06 19:57:47,964  INFO        [146/159] MCX                  5m
2026-04-06 19:57:48,144  INFO        [147/159] METROPOLIS           5m
2026-04-06 19:57:48,324  INFO        [148/159] MRPL                 5m
2026-04-06 19:57:48,522  INFO        [149/159] NATIONALUM           5m
2026-04-06 19:57:48,682  INFO        [150/159] NAVINFLUOR           5m
2026-04-06 19:57:48,840  INFO        [151/159] OLECTRA              5m
2026-04-06 19:57:49,039  INFO        [152/159] PFIZER               5m
2026-04-06 19:57:49,169  INFO        [153/159] SUPREMEIND           5m
2026-04-06 19:57:49,317  INFO        [154/159] TATACOMM             5m
2026-04-06 19:57:49,514  INFO        [155/159] UBL                  5m
2026-04-06 19:57:49,699  INFO        [156/159] UNITDSPR             5m
2026-04-06 19:57:49,838  INFO        [157/159] WHIRLPOOL            5m
2026-04-06 19:57:49,984  INFO        [158/159] CROMPTON             5m
2026-04-06 19:57:50,140  INFO        [159/159] ^NSEI                5m
2026-04-06 19:57:50,316  INFO        → 156/159 tickers OK for 5m
2026-04-06 19:57:50,330  INFO        Saving 5m split by year:
2026-04-06 19:57:53,621  INFO          → master_5m_2026.csv  (526,391 rows)
2026-04-06 19:57:53,625  INFO      
[3/5] Fetching 1-hour data...
2026-04-06 19:57:53,625  INFO        [  1/159] RELIANCE             1h
2026-04-06 19:57:53,812  INFO        [  2/159] TCS                  1h
2026-04-06 19:57:54,047  INFO        [  3/159] HDFCBANK             1h
2026-04-06 19:57:54,312  INFO        [  4/159] BHARTIARTL           1h
2026-04-06 19:57:54,481  INFO        [  5/159] ICICIBANK            1h
2026-04-06 19:57:54,654  INFO        [  6/159] INFOSYS              1h
2026-04-06 19:57:54,783  ERROR     $INFOSYS.NS: possibly delisted; no timezone found
2026-04-06 19:57:54,785  ERROR     
1 Failed download:
2026-04-06 19:57:54,786  ERROR     ['INFOSYS.NS']: possibly delisted; no timezone found
2026-04-06 19:57:54,788  WARNING     SKIP INFOSYS [1h] — no data (delisted?)
2026-04-06 19:57:54,788  INFO        [  7/159] SBIN                 1h
2026-04-06 19:57:54,973  INFO        [  8/159] HINDUNILVR           1h
2026-04-06 19:57:55,128  INFO        [  9/159] ITC                  1h
2026-04-06 19:57:55,355  INFO        [ 10/159] LT                   1h
2026-04-06 19:57:55,534  INFO        [ 11/159] KOTAKBANK            1h
2026-04-06 19:57:55,788  INFO        [ 12/159] AXISBANK             1h
2026-04-06 19:57:56,009  INFO        [ 13/159] BAJFINANCE           1h
2026-04-06 19:57:56,226  INFO        [ 14/159] ASIANPAINT           1h
2026-04-06 19:57:56,433  INFO        [ 15/159] MARUTI               1h
2026-04-06 19:57:56,621  INFO        [ 16/159] TITAN                1h
2026-04-06 19:57:56,795  INFO        [ 17/159] SUNPHARMA            1h
2026-04-06 19:57:56,967  INFO        [ 18/159] ULTRACEMCO           1h
2026-04-06 19:57:57,209  INFO        [ 19/159] WIPRO                1h
2026-04-06 19:57:57,418  INFO        [ 20/159] NESTLEIND            1h
2026-04-06 19:57:57,699  INFO        [ 21/159] ONGC                 1h
2026-04-06 19:57:57,877  INFO        [ 22/159] POWERGRID            1h
2026-04-06 19:57:58,056  INFO        [ 23/159] NTPC                 1h
2026-04-06 19:57:58,219  INFO        [ 24/159] COALINDIA            1h
2026-04-06 19:57:58,444  INFO        [ 25/159] JSWSTEEL             1h
2026-04-06 19:57:58,636  INFO        [ 26/159] TATAMOTORS           1h
2026-04-06 19:57:58,813  ERROR     $TATAMOTORS.NS: possibly delisted; no timezone found
2026-04-06 19:57:58,819  ERROR     
1 Failed download:
2026-04-06 19:57:58,819  ERROR     ['TATAMOTORS.NS']: possibly delisted; no timezone found
2026-04-06 19:57:58,821  WARNING     SKIP TATAMOTORS [1h] — no data (delisted?)
2026-04-06 19:57:58,822  INFO        [ 27/159] TATASTEEL            1h
2026-04-06 19:57:59,009  INFO        [ 28/159] HCLTECH              1h
2026-04-06 19:57:59,218  INFO        [ 29/159] TECHM                1h
2026-04-06 19:57:59,432  INFO        [ 30/159] DIVISLAB             1h
2026-04-06 19:57:59,610  INFO        [ 31/159] DRREDDY              1h
2026-04-06 19:57:59,803  INFO        [ 32/159] CIPLA                1h
2026-04-06 19:57:59,974  INFO        [ 33/159] EICHERMOT            1h
2026-04-06 19:58:00,130  INFO        [ 34/159] HEROMOTOCO           1h
2026-04-06 19:58:00,318  INFO        [ 35/159] BAJAJFINSV           1h
2026-04-06 19:58:00,511  INFO        [ 36/159] ADANIENT             1h
2026-04-06 19:58:00,696  INFO        [ 37/159] ADANIPORTS           1h
2026-04-06 19:58:00,907  INFO        [ 38/159] APOLLOHOSP           1h
2026-04-06 19:58:01,148  INFO        [ 39/159] BAJAJ-AUTO           1h
2026-04-06 19:58:01,342  INFO        [ 40/159] BPCL                 1h
2026-04-06 19:58:01,575  INFO        [ 41/159] BRITANNIA            1h
2026-04-06 19:58:01,742  INFO        [ 42/159] DABUR                1h
2026-04-06 19:58:01,957  INFO        [ 43/159] DLF                  1h
2026-04-06 19:58:02,117  INFO        [ 44/159] GRASIM               1h
2026-04-06 19:58:02,289  INFO        [ 45/159] HAVELLS              1h
2026-04-06 19:58:02,502  INFO        [ 46/159] HINDALCO             1h
2026-04-06 19:58:02,669  INFO        [ 47/159] INDUSINDBK           1h
2026-04-06 19:58:02,830  INFO        [ 48/159] IOC                  1h
2026-04-06 19:58:02,990  INFO        [ 49/159] M&M                  1h
2026-04-06 19:58:03,209  INFO        [ 50/159] PIDILITIND           1h
2026-04-06 19:58:03,489  INFO        [ 51/159] SBILIFE              1h
2026-04-06 19:58:03,674  INFO        [ 52/159] SHREECEM             1h
2026-04-06 19:58:03,858  INFO        [ 53/159] SIEMENS              1h
2026-04-06 19:58:05,164  INFO        [ 54/159] TRENT                1h
2026-04-06 19:58:05,328  INFO        [ 55/159] VEDL                 1h
2026-04-06 19:58:05,519  INFO        [ 56/159] ZOMATO               1h
2026-04-06 19:58:05,680  ERROR     $ZOMATO.NS: possibly delisted; no timezone found
2026-04-06 19:58:05,681  ERROR     
1 Failed download:
2026-04-06 19:58:05,681  ERROR     ['ZOMATO.NS']: possibly delisted; no timezone found
2026-04-06 19:58:05,683  WARNING     SKIP ZOMATO [1h] — no data (delisted?)
2026-04-06 19:58:05,683  INFO        [ 57/159] DMART                1h
2026-04-06 19:58:05,829  INFO        [ 58/159] IRCTC                1h
2026-04-06 19:58:06,067  INFO        [ 59/159] BERGEPAINT           1h
2026-04-06 19:58:06,230  INFO        [ 60/159] BOSCHLTD             1h
2026-04-06 19:58:06,433  INFO        [ 61/159] CANBK                1h
2026-04-06 19:58:07,655  INFO        [ 62/159] CHOLAFIN             1h
2026-04-06 19:58:07,907  INFO        [ 63/159] COLPAL               1h
2026-04-06 19:58:08,088  INFO        [ 64/159] CONCOR               1h
2026-04-06 19:58:08,334  INFO        [ 65/159] CUMMINSIND           1h
2026-04-06 19:58:08,500  INFO        [ 66/159] ESCORTS              1h
2026-04-06 19:58:08,710  INFO        [ 67/159] FEDERALBNK           1h
2026-04-06 19:58:08,924  INFO        [ 68/159] GODREJCP             1h
2026-04-06 19:58:09,127  INFO        [ 69/159] GODREJPROP           1h
2026-04-06 19:58:09,313  INFO        [ 70/159] HAL                  1h
2026-04-06 19:58:09,578  INFO        [ 71/159] HDFCLIFE             1h
2026-04-06 19:58:09,786  INFO        [ 72/159] HINDPETRO            1h
2026-04-06 19:58:09,990  INFO        [ 73/159] ICICIPRULI           1h
2026-04-06 19:58:10,156  INFO        [ 74/159] IDFCFIRSTB           1h
2026-04-06 19:58:10,349  INFO        [ 75/159] IGL                  1h
2026-04-06 19:58:10,554  INFO        [ 76/159] INDUSTOWER           1h
2026-04-06 19:58:10,716  INFO        [ 77/159] JUBLFOOD             1h
2026-04-06 19:58:10,958  INFO        [ 78/159] LUPIN                1h
2026-04-06 19:58:11,168  INFO        [ 79/159] MARICO               1h
2026-04-06 19:58:11,327  INFO        [ 80/159] MPHASIS              1h
2026-04-06 19:58:11,511  INFO        [ 81/159] MUTHOOTFIN           1h
2026-04-06 19:58:11,682  INFO        [ 82/159] NAUKRI               1h
2026-04-06 19:58:11,972  INFO        [ 83/159] NBCC                 1h
2026-04-06 19:58:12,150  INFO        [ 84/159] NHPC                 1h
2026-04-06 19:58:12,362  INFO        [ 85/159] NMDC                 1h
2026-04-06 19:58:12,590  INFO        [ 86/159] OFSS                 1h
2026-04-06 19:58:12,776  INFO        [ 87/159] PAGEIND              1h
2026-04-06 19:58:12,966  INFO        [ 88/159] PERSISTENT           1h
2026-04-06 19:58:13,191  INFO        [ 89/159] PETRONET             1h
2026-04-06 19:58:13,369  INFO        [ 90/159] PFC                  1h
2026-04-06 19:58:13,561  INFO        [ 91/159] PNB                  1h
2026-04-06 19:58:13,773  INFO        [ 92/159] POLYCAB              1h
2026-04-06 19:58:14,988  INFO        [ 93/159] RBLBANK              1h
2026-04-06 19:58:15,177  INFO        [ 94/159] RECLTD               1h
2026-04-06 19:58:15,370  INFO        [ 95/159] SAIL                 1h
2026-04-06 19:58:15,540  INFO        [ 96/159] SBICARD              1h
2026-04-06 19:58:15,716  INFO        [ 97/159] SHRIRAMFIN           1h
2026-04-06 19:58:15,948  INFO        [ 98/159] SRF                  1h
2026-04-06 19:58:16,142  INFO        [ 99/159] SUNDARMFIN           1h
2026-04-06 19:58:16,327  INFO        [100/159] TATACHEM             1h
2026-04-06 19:58:16,508  INFO        [101/159] TATACONSUM           1h
2026-04-06 19:58:16,707  INFO        [102/159] TORNTPHARM           1h
2026-04-06 19:58:16,864  INFO        [103/159] TORNTPOWER           1h
2026-04-06 19:58:17,040  INFO        [104/159] TVSMOTOR             1h
2026-04-06 19:58:17,214  INFO        [105/159] UPL                  1h
2026-04-06 19:58:17,434  INFO        [106/159] VOLTAS               1h
2026-04-06 19:58:17,622  INFO        [107/159] YESBANK              1h
2026-04-06 19:58:17,791  INFO        [108/159] ZYDUSLIFE            1h
2026-04-06 19:58:17,990  INFO        [109/159] ABCAPITAL            1h
2026-04-06 19:58:18,252  INFO        [110/159] ACC                  1h
2026-04-06 19:58:18,409  INFO        [111/159] ADANIGREEN           1h
2026-04-06 19:58:18,567  INFO        [112/159] ALKEM                1h
2026-04-06 19:58:18,760  INFO        [113/159] AMBUJACEM            1h
2026-04-06 19:58:18,939  INFO        [114/159] ASTRAL               1h
2026-04-06 19:58:19,121  INFO        [115/159] AUROPHARMA           1h
2026-04-06 19:58:19,295  INFO        [116/159] BALKRISIND           1h
2026-04-06 19:58:19,455  INFO        [117/159] BANDHANBNK           1h
2026-04-06 19:58:19,686  INFO        [118/159] BANKBARODA           1h
2026-04-06 19:58:19,847  INFO        [119/159] BATAINDIA            1h
2026-04-06 19:58:20,043  INFO        [120/159] BEL                  1h
2026-04-06 19:58:20,250  INFO        [121/159] BHARATFORG           1h
2026-04-06 19:58:20,470  INFO        [122/159] BHEL                 1h
2026-04-06 19:58:20,688  INFO        [123/159] CDSL                 1h
2026-04-06 19:58:20,912  INFO        [124/159] CESC                 1h
2026-04-06 19:58:21,127  INFO        [125/159] DEEPAKNTR            1h
2026-04-06 19:58:21,330  INFO        [126/159] EMAMILTD             1h
2026-04-06 19:58:21,514  INFO        [127/159] EXIDEIND             1h
2026-04-06 19:58:21,692  INFO        [128/159] FORTIS               1h
2026-04-06 19:58:21,868  INFO        [129/159] GAIL                 1h
2026-04-06 19:58:22,079  INFO        [130/159] GLENMARK             1h
2026-04-06 19:58:22,241  INFO        [131/159] GRANULES             1h
2026-04-06 19:58:22,437  INFO        [132/159] GUJGASLTD            1h
2026-04-06 19:58:22,651  INFO        [133/159] HINDCOPPER           1h
2026-04-06 19:58:22,834  INFO        [134/159] HUDCO                1h
2026-04-06 19:58:23,043  INFO        [135/159] IEX                  1h
2026-04-06 19:58:23,213  INFO        [136/159] INDIGO               1h
2026-04-06 19:58:23,385  INFO        [137/159] IRFC                 1h
2026-04-06 19:58:23,565  INFO        [138/159] JKCEMENT             1h
2026-04-06 19:58:23,741  INFO        [139/159] JSWENERGY            1h
2026-04-06 19:58:23,929  INFO        [140/159] KPITTECH             1h
2026-04-06 19:58:24,102  INFO        [141/159] LAURUSLABS           1h
2026-04-06 19:58:24,305  INFO        [142/159] LICHSGFIN            1h
2026-04-06 19:58:24,475  INFO        [143/159] LODHA                1h
2026-04-06 19:58:24,695  INFO        [144/159] LTTS                 1h
2026-04-06 19:58:24,865  INFO        [145/159] MANAPPURAM           1h
2026-04-06 19:58:25,060  INFO        [146/159] MCX                  1h
2026-04-06 19:58:25,319  INFO        [147/159] METROPOLIS           1h
2026-04-06 19:58:25,569  INFO        [148/159] MRPL                 1h
2026-04-06 19:58:25,727  INFO        [149/159] NATIONALUM           1h
2026-04-06 19:58:25,900  INFO        [150/159] NAVINFLUOR           1h
2026-04-06 19:58:26,106  INFO        [151/159] OLECTRA              1h
2026-04-06 19:58:26,280  INFO        [152/159] PFIZER               1h
2026-04-06 19:58:26,493  INFO        [153/159] SUPREMEIND           1h
2026-04-06 19:58:26,661  INFO        [154/159] TATACOMM             1h
2026-04-06 19:58:26,839  INFO        [155/159] UBL                  1h
2026-04-06 19:58:27,020  INFO        [156/159] UNITDSPR             1h
2026-04-06 19:58:27,196  INFO        [157/159] WHIRLPOOL            1h
2026-04-06 19:58:27,369  INFO        [158/159] CROMPTON             1h
2026-04-06 19:58:27,528  INFO        [159/159] ^NSEI                1h
2026-04-06 19:58:27,686  INFO        → 156/159 tickers OK for 1h
2026-04-06 19:58:27,733  INFO        Backup → backup_master_1h.csv
2026-04-06 19:58:31,134  INFO          → master_1h.csv  (534,020 rows)
2026-04-06 19:58:31,137  INFO      
[4/5] Resampling 1m → 5m and 1h...
2026-04-06 19:58:32,748  INFO        Generated 5m rows : 93,598
2026-04-06 19:58:32,748  INFO        Generated 1h rows : 8,736
2026-04-06 19:58:32,748  INFO      
[5/5] Validating...
2026-04-06 19:58:37,264  WARNING     Validation [5m]: 434314 issues.
2026-04-06 19:58:38,348  WARNING     Validation [1h]: 542756 issues.
2026-04-06 19:58:41,001  INFO        Validation report → 977070 rows (last 30 days only)
2026-04-06 19:58:41,004  INFO        Skipped: 9 tickers → skipped_tickers.csv
2026-04-06 19:58:41,004  INFO      
============================================================
2026-04-06 19:58:41,004  INFO      Pipeline COMPLETE ✓
2026-04-06 19:58:41,005  INFO        1m files  : 2 monthly files in data/1m/
2026-04-06 19:58:41,005  INFO          master_1m_2026_03.csv  (25.3 MB)
2026-04-06 19:58:41,005  INFO          master_1m_2026_04.csv  (15.3 MB)
2026-04-06 19:58:41,005  INFO        5m files  : 1 yearly files in data/5m/
2026-04-06 19:58:41,005  INFO          master_5m_2026.csv  (45.7 MB)
2026-04-06 19:58:41,005  INFO        1h file   : master_1h.csv  (47.0 MB)
2026-04-06 19:58:41,005  INFO        Skipped   : 9 tickers
2026-04-06 19:58:41,005  INFO      ============================================================
