2026-04-09 20:08:58,914  WARNING     Deleted oversized validation_report.csv (70.3 MB) — will recreate.
2026-04-09 20:08:58,914  INFO      ============================================================
2026-04-09 20:08:58,914  INFO      Indian Market Data Pipeline v3 — START
2026-04-09 20:08:58,914  INFO      Run time : 2026-04-09 20:08:58
2026-04-09 20:08:58,914  INFO      Tickers  : 158 stocks + Nifty Index
2026-04-09 20:08:58,914  INFO      File layout:
2026-04-09 20:08:58,914  INFO        1m  → data/1m/master_1m_YYYY_MM.csv  (one per month)
2026-04-09 20:08:58,914  INFO        5m  → data/5m/master_5m_YYYY.csv     (one per year)
2026-04-09 20:08:58,914  INFO        1h  → data/master_1h.csv             (single file)
2026-04-09 20:08:58,914  INFO      ============================================================
2026-04-09 20:08:58,914  INFO      
[1/5] Fetching 1-minute data...
2026-04-09 20:08:58,915  INFO        [  1/159] RELIANCE             1m
2026-04-09 20:08:59,266  INFO        [  2/159] TCS                  1m
2026-04-09 20:08:59,437  INFO        [  3/159] HDFCBANK             1m
2026-04-09 20:08:59,670  INFO        [  4/159] BHARTIARTL           1m
2026-04-09 20:08:59,833  INFO        [  5/159] ICICIBANK            1m
2026-04-09 20:09:00,053  INFO        [  6/159] INFOSYS              1m
2026-04-09 20:09:00,355  ERROR     HTTP Error 404: {"quoteSummary":{"result":null,"error":{"code":"Not Found","description":"Quote not found for symbol: INFOSYS.NS"}}}
2026-04-09 20:09:00,467  ERROR     $INFOSYS.NS: possibly delisted; no timezone found
2026-04-09 20:09:00,468  ERROR     
1 Failed download:
2026-04-09 20:09:00,468  ERROR     ['INFOSYS.NS']: possibly delisted; no timezone found
2026-04-09 20:09:00,470  WARNING     SKIP INFOSYS [1m] — no data (delisted?)
2026-04-09 20:09:00,471  INFO        [  7/159] SBIN                 1m
2026-04-09 20:09:00,640  INFO        [  8/159] HINDUNILVR           1m
2026-04-09 20:09:00,860  INFO        [  9/159] ITC                  1m
2026-04-09 20:09:01,040  INFO        [ 10/159] LT                   1m
2026-04-09 20:09:01,240  INFO        [ 11/159] KOTAKBANK            1m
2026-04-09 20:09:01,406  INFO        [ 12/159] AXISBANK             1m
2026-04-09 20:09:01,596  INFO        [ 13/159] BAJFINANCE           1m
2026-04-09 20:09:01,766  INFO        [ 14/159] ASIANPAINT           1m
2026-04-09 20:09:01,937  INFO        [ 15/159] MARUTI               1m
2026-04-09 20:09:02,098  INFO        [ 16/159] TITAN                1m
2026-04-09 20:09:02,310  INFO        [ 17/159] SUNPHARMA            1m
2026-04-09 20:09:02,534  INFO        [ 18/159] ULTRACEMCO           1m
2026-04-09 20:09:02,725  INFO        [ 19/159] WIPRO                1m
2026-04-09 20:09:02,917  INFO        [ 20/159] NESTLEIND            1m
2026-04-09 20:09:03,107  INFO        [ 21/159] ONGC                 1m
2026-04-09 20:09:03,308  INFO        [ 22/159] POWERGRID            1m
2026-04-09 20:09:03,489  INFO        [ 23/159] NTPC                 1m
2026-04-09 20:09:03,668  INFO        [ 24/159] COALINDIA            1m
2026-04-09 20:09:03,940  INFO        [ 25/159] JSWSTEEL             1m
2026-04-09 20:09:04,111  INFO        [ 26/159] TATAMOTORS           1m
2026-04-09 20:09:04,400  ERROR     HTTP Error 404: {"quoteSummary":{"result":null,"error":{"code":"Not Found","description":"Quote not found for symbol: TATAMOTORS.NS"}}}
2026-04-09 20:09:04,491  ERROR     $TATAMOTORS.NS: possibly delisted; no timezone found
2026-04-09 20:09:04,496  ERROR     
1 Failed download:
2026-04-09 20:09:04,496  ERROR     ['TATAMOTORS.NS']: possibly delisted; no timezone found
2026-04-09 20:09:04,498  WARNING     SKIP TATAMOTORS [1m] — no data (delisted?)
2026-04-09 20:09:04,498  INFO        [ 27/159] TATASTEEL            1m
2026-04-09 20:09:04,728  INFO        [ 28/159] HCLTECH              1m
2026-04-09 20:09:04,991  INFO        [ 29/159] TECHM                1m
2026-04-09 20:09:05,151  INFO        [ 30/159] DIVISLAB             1m
2026-04-09 20:09:05,424  INFO        [ 31/159] DRREDDY              1m
2026-04-09 20:09:05,606  INFO        [ 32/159] CIPLA                1m
2026-04-09 20:09:05,839  INFO        [ 33/159] EICHERMOT            1m
2026-04-09 20:09:06,040  INFO        [ 34/159] HEROMOTOCO           1m
2026-04-09 20:09:06,223  INFO        [ 35/159] BAJAJFINSV           1m
2026-04-09 20:09:06,436  INFO        [ 36/159] ADANIENT             1m
2026-04-09 20:09:06,618  INFO        [ 37/159] ADANIPORTS           1m
2026-04-09 20:09:06,790  INFO        [ 38/159] APOLLOHOSP           1m
2026-04-09 20:09:07,020  INFO        [ 39/159] BAJAJ-AUTO           1m
2026-04-09 20:09:07,196  INFO        [ 40/159] BPCL                 1m
2026-04-09 20:09:07,381  INFO        [ 41/159] BRITANNIA            1m
2026-04-09 20:09:07,752  INFO        [ 42/159] DABUR                1m
2026-04-09 20:09:07,938  INFO        [ 43/159] DLF                  1m
2026-04-09 20:09:08,100  INFO        [ 44/159] GRASIM               1m
2026-04-09 20:09:08,341  INFO        [ 45/159] HAVELLS              1m
2026-04-09 20:09:08,520  INFO        [ 46/159] HINDALCO             1m
2026-04-09 20:09:08,691  INFO        [ 47/159] INDUSINDBK           1m
2026-04-09 20:09:08,883  INFO        [ 48/159] IOC                  1m
2026-04-09 20:09:09,053  INFO        [ 49/159] M&M                  1m
2026-04-09 20:09:09,224  INFO        [ 50/159] PIDILITIND           1m
2026-04-09 20:09:09,426  INFO        [ 51/159] SBILIFE              1m
2026-04-09 20:09:09,612  INFO        [ 52/159] SHREECEM             1m
2026-04-09 20:09:09,767  INFO        [ 53/159] SIEMENS              1m
2026-04-09 20:09:09,960  INFO        [ 54/159] TRENT                1m
2026-04-09 20:09:10,130  INFO        [ 55/159] VEDL                 1m
2026-04-09 20:09:10,294  INFO        [ 56/159] ZOMATO               1m
2026-04-09 20:09:10,408  ERROR     $ZOMATO.NS: possibly delisted; no timezone found
2026-04-09 20:09:10,416  ERROR     
1 Failed download:
2026-04-09 20:09:10,416  ERROR     ['ZOMATO.NS']: possibly delisted; no timezone found
2026-04-09 20:09:10,418  WARNING     SKIP ZOMATO [1m] — no data (delisted?)
2026-04-09 20:09:10,418  INFO        [ 57/159] DMART                1m
2026-04-09 20:09:10,561  INFO        [ 58/159] IRCTC                1m
2026-04-09 20:09:10,757  INFO        [ 59/159] BERGEPAINT           1m
2026-04-09 20:09:11,009  INFO        [ 60/159] BOSCHLTD             1m
2026-04-09 20:09:11,213  INFO        [ 61/159] CANBK                1m
2026-04-09 20:09:11,396  INFO        [ 62/159] CHOLAFIN             1m
2026-04-09 20:09:11,680  INFO        [ 63/159] COLPAL               1m
2026-04-09 20:09:12,941  INFO        [ 64/159] CONCOR               1m
2026-04-09 20:09:13,165  INFO        [ 65/159] CUMMINSIND           1m
2026-04-09 20:09:13,336  INFO        [ 66/159] ESCORTS              1m
2026-04-09 20:09:13,516  INFO        [ 67/159] FEDERALBNK           1m
2026-04-09 20:09:13,701  INFO        [ 68/159] GODREJCP             1m
2026-04-09 20:09:13,872  INFO        [ 69/159] GODREJPROP           1m
2026-04-09 20:09:14,055  INFO        [ 70/159] HAL                  1m
2026-04-09 20:09:14,206  INFO        [ 71/159] HDFCLIFE             1m
2026-04-09 20:09:14,360  INFO        [ 72/159] HINDPETRO            1m
2026-04-09 20:09:14,553  INFO        [ 73/159] ICICIPRULI           1m
2026-04-09 20:09:14,735  INFO        [ 74/159] IDFCFIRSTB           1m
2026-04-09 20:09:14,906  INFO        [ 75/159] IGL                  1m
2026-04-09 20:09:15,068  INFO        [ 76/159] INDUSTOWER           1m
2026-04-09 20:09:15,228  INFO        [ 77/159] JUBLFOOD             1m
2026-04-09 20:09:15,391  INFO        [ 78/159] LUPIN                1m
2026-04-09 20:09:15,562  INFO        [ 79/159] MARICO               1m
2026-04-09 20:09:15,773  INFO        [ 80/159] MPHASIS              1m
2026-04-09 20:09:15,976  INFO        [ 81/159] MUTHOOTFIN           1m
2026-04-09 20:09:16,191  INFO        [ 82/159] NAUKRI               1m
2026-04-09 20:09:16,381  INFO        [ 83/159] NBCC                 1m
2026-04-09 20:09:16,531  INFO        [ 84/159] NHPC                 1m
2026-04-09 20:09:16,691  INFO        [ 85/159] NMDC                 1m
2026-04-09 20:09:16,913  INFO        [ 86/159] OFSS                 1m
2026-04-09 20:09:17,084  INFO        [ 87/159] PAGEIND              1m
2026-04-09 20:09:17,285  INFO        [ 88/159] PERSISTENT           1m
2026-04-09 20:09:17,455  INFO        [ 89/159] PETRONET             1m
2026-04-09 20:09:17,627  INFO        [ 90/159] PFC                  1m
2026-04-09 20:09:17,894  INFO        [ 91/159] PNB                  1m
2026-04-09 20:09:18,076  INFO        [ 92/159] POLYCAB              1m
2026-04-09 20:09:18,216  INFO        [ 93/159] RBLBANK              1m
2026-04-09 20:09:18,376  INFO        [ 94/159] RECLTD               1m
2026-04-09 20:09:18,567  INFO        [ 95/159] SAIL                 1m
2026-04-09 20:09:18,733  INFO        [ 96/159] SBICARD              1m
2026-04-09 20:09:18,925  INFO        [ 97/159] SHRIRAMFIN           1m
2026-04-09 20:09:19,150  INFO        [ 98/159] SRF                  1m
2026-04-09 20:09:20,340  INFO        [ 99/159] SUNDARMFIN           1m
2026-04-09 20:09:20,521  INFO        [100/159] TATACHEM             1m
2026-04-09 20:09:20,681  INFO        [101/159] TATACONSUM           1m
2026-04-09 20:09:20,887  INFO        [102/159] TORNTPHARM           1m
2026-04-09 20:09:21,078  INFO        [103/159] TORNTPOWER           1m
2026-04-09 20:09:21,241  INFO        [104/159] TVSMOTOR             1m
2026-04-09 20:09:21,422  INFO        [105/159] UPL                  1m
2026-04-09 20:09:21,632  INFO        [106/159] VOLTAS               1m
2026-04-09 20:09:21,815  INFO        [107/159] YESBANK              1m
2026-04-09 20:09:21,965  INFO        [108/159] ZYDUSLIFE            1m
2026-04-09 20:09:22,146  INFO        [109/159] ABCAPITAL            1m
2026-04-09 20:09:22,329  INFO        [110/159] ACC                  1m
2026-04-09 20:09:22,510  INFO        [111/159] ADANIGREEN           1m
2026-04-09 20:09:22,674  INFO        [112/159] ALKEM                1m
2026-04-09 20:09:22,941  INFO        [113/159] AMBUJACEM            1m
2026-04-09 20:09:23,104  INFO        [114/159] ASTRAL               1m
2026-04-09 20:09:23,257  INFO        [115/159] AUROPHARMA           1m
2026-04-09 20:09:23,451  INFO        [116/159] BALKRISIND           1m
2026-04-09 20:09:23,653  INFO        [117/159] BANDHANBNK           1m
2026-04-09 20:09:23,803  INFO        [118/159] BANKBARODA           1m
2026-04-09 20:09:24,003  INFO        [119/159] BATAINDIA            1m
2026-04-09 20:09:24,194  INFO        [120/159] BEL                  1m
2026-04-09 20:09:24,361  INFO        [121/159] BHARATFORG           1m
2026-04-09 20:09:24,691  INFO        [122/159] BHEL                 1m
2026-04-09 20:09:24,862  INFO        [123/159] CDSL                 1m
2026-04-09 20:09:25,011  INFO        [124/159] CESC                 1m
2026-04-09 20:09:25,222  INFO        [125/159] DEEPAKNTR            1m
2026-04-09 20:09:25,378  INFO        [126/159] EMAMILTD             1m
2026-04-09 20:09:25,583  INFO        [127/159] EXIDEIND             1m
2026-04-09 20:09:25,757  INFO        [128/159] FORTIS               1m
2026-04-09 20:09:25,923  INFO        [129/159] GAIL                 1m
2026-04-09 20:09:26,094  INFO        [130/159] GLENMARK             1m
2026-04-09 20:09:26,258  INFO        [131/159] GRANULES             1m
2026-04-09 20:09:26,421  INFO        [132/159] GUJGASLTD            1m
2026-04-09 20:09:27,674  INFO        [133/159] HINDCOPPER           1m
2026-04-09 20:09:27,875  INFO        [134/159] HUDCO                1m
2026-04-09 20:09:28,045  INFO        [135/159] IEX                  1m
2026-04-09 20:09:28,236  INFO        [136/159] INDIGO               1m
2026-04-09 20:09:28,396  INFO        [137/159] IRFC                 1m
2026-04-09 20:09:28,579  INFO        [138/159] JKCEMENT             1m
2026-04-09 20:09:28,740  INFO        [139/159] JSWENERGY            1m
2026-04-09 20:09:28,901  INFO        [140/159] KPITTECH             1m
2026-04-09 20:09:29,131  INFO        [141/159] LAURUSLABS           1m
2026-04-09 20:09:29,312  INFO        [142/159] LICHSGFIN            1m
2026-04-09 20:09:29,485  INFO        [143/159] LODHA                1m
2026-04-09 20:09:29,627  INFO        [144/159] LTTS                 1m
2026-04-09 20:09:30,064  INFO        [145/159] MANAPPURAM           1m
2026-04-09 20:09:31,263  INFO        [146/159] MCX                  1m
2026-04-09 20:09:31,465  INFO        [147/159] METROPOLIS           1m
2026-04-09 20:09:31,608  INFO        [148/159] MRPL                 1m
2026-04-09 20:09:31,818  INFO        [149/159] NATIONALUM           1m
2026-04-09 20:09:32,020  INFO        [150/159] NAVINFLUOR           1m
2026-04-09 20:09:32,274  INFO        [151/159] OLECTRA              1m
2026-04-09 20:09:33,555  INFO        [152/159] PFIZER               1m
2026-04-09 20:09:33,748  INFO        [153/159] SUPREMEIND           1m
2026-04-09 20:09:33,969  INFO        [154/159] TATACOMM             1m
2026-04-09 20:09:34,199  INFO        [155/159] UBL                  1m
2026-04-09 20:09:34,372  INFO        [156/159] UNITDSPR             1m
2026-04-09 20:09:34,523  INFO        [157/159] WHIRLPOOL            1m
2026-04-09 20:09:34,685  INFO        [158/159] CROMPTON             1m
2026-04-09 20:09:34,847  INFO        [159/159] ^NSEI                1m
2026-04-09 20:09:35,011  INFO        → 156/159 tickers OK for 1m
2026-04-09 20:09:35,025  INFO        Saving 1m split by month:
2026-04-09 20:09:37,155  INFO          → master_1m_2026_04.csv  (349,898 rows)
2026-04-09 20:09:37,159  INFO      
[2/5] Fetching 5-minute data...
2026-04-09 20:09:37,159  INFO        [  1/159] RELIANCE             5m
2026-04-09 20:09:37,303  INFO        [  2/159] TCS                  5m
2026-04-09 20:09:37,446  INFO        [  3/159] HDFCBANK             5m
2026-04-09 20:09:37,655  INFO        [  4/159] BHARTIARTL           5m
2026-04-09 20:09:37,823  INFO        [  5/159] ICICIBANK            5m
2026-04-09 20:09:37,966  INFO        [  6/159] INFOSYS              5m
2026-04-09 20:09:38,127  ERROR     $INFOSYS.NS: possibly delisted; no timezone found
2026-04-09 20:09:38,128  ERROR     
1 Failed download:
2026-04-09 20:09:38,128  ERROR     ['INFOSYS.NS']: possibly delisted; no timezone found
2026-04-09 20:09:38,130  WARNING     SKIP INFOSYS [5m] — no data (delisted?)
2026-04-09 20:09:38,131  INFO        [  7/159] SBIN                 5m
2026-04-09 20:09:38,278  INFO        [  8/159] HINDUNILVR           5m
2026-04-09 20:09:38,421  INFO        [  9/159] ITC                  5m
2026-04-09 20:09:38,568  INFO        [ 10/159] LT                   5m
2026-04-09 20:09:38,716  INFO        [ 11/159] KOTAKBANK            5m
2026-04-09 20:09:38,882  INFO        [ 12/159] AXISBANK             5m
2026-04-09 20:09:39,051  INFO        [ 13/159] BAJFINANCE           5m
2026-04-09 20:09:39,247  INFO        [ 14/159] ASIANPAINT           5m
2026-04-09 20:09:39,393  INFO        [ 15/159] MARUTI               5m
2026-04-09 20:09:39,530  INFO        [ 16/159] TITAN                5m
2026-04-09 20:09:39,685  INFO        [ 17/159] SUNPHARMA            5m
2026-04-09 20:09:39,839  INFO        [ 18/159] ULTRACEMCO           5m
2026-04-09 20:09:39,995  INFO        [ 19/159] WIPRO                5m
2026-04-09 20:09:40,182  INFO        [ 20/159] NESTLEIND            5m
2026-04-09 20:09:40,398  INFO        [ 21/159] ONGC                 5m
2026-04-09 20:09:40,537  INFO        [ 22/159] POWERGRID            5m
2026-04-09 20:09:40,699  INFO        [ 23/159] NTPC                 5m
2026-04-09 20:09:40,844  INFO        [ 24/159] COALINDIA            5m
2026-04-09 20:09:40,995  INFO        [ 25/159] JSWSTEEL             5m
2026-04-09 20:09:41,152  INFO        [ 26/159] TATAMOTORS           5m
2026-04-09 20:09:41,307  ERROR     $TATAMOTORS.NS: possibly delisted; no timezone found
2026-04-09 20:09:41,315  ERROR     
1 Failed download:
2026-04-09 20:09:41,315  ERROR     ['TATAMOTORS.NS']: possibly delisted; no timezone found
2026-04-09 20:09:41,317  WARNING     SKIP TATAMOTORS [5m] — no data (delisted?)
2026-04-09 20:09:41,317  INFO        [ 27/159] TATASTEEL            5m
2026-04-09 20:09:41,540  INFO        [ 28/159] HCLTECH              5m
2026-04-09 20:09:41,709  INFO        [ 29/159] TECHM                5m
2026-04-09 20:09:41,864  INFO        [ 30/159] DIVISLAB             5m
2026-04-09 20:09:42,039  INFO        [ 31/159] DRREDDY              5m
2026-04-09 20:09:42,180  INFO        [ 32/159] CIPLA                5m
2026-04-09 20:09:42,346  INFO        [ 33/159] EICHERMOT            5m
2026-04-09 20:09:42,511  INFO        [ 34/159] HEROMOTOCO           5m
2026-04-09 20:09:42,687  INFO        [ 35/159] BAJAJFINSV           5m
2026-04-09 20:09:42,852  INFO        [ 36/159] ADANIENT             5m
2026-04-09 20:09:43,018  INFO        [ 37/159] ADANIPORTS           5m
2026-04-09 20:09:44,162  INFO        [ 38/159] APOLLOHOSP           5m
2026-04-09 20:09:44,335  INFO        [ 39/159] BAJAJ-AUTO           5m
2026-04-09 20:09:44,531  INFO        [ 40/159] BPCL                 5m
2026-04-09 20:09:44,686  INFO        [ 41/159] BRITANNIA            5m
2026-04-09 20:09:44,891  INFO        [ 42/159] DABUR                5m
2026-04-09 20:09:45,045  INFO        [ 43/159] DLF                  5m
2026-04-09 20:09:45,195  INFO        [ 44/159] GRASIM               5m
2026-04-09 20:09:45,361  INFO        [ 45/159] HAVELLS              5m
2026-04-09 20:09:45,516  INFO        [ 46/159] HINDALCO             5m
2026-04-09 20:09:45,681  INFO        [ 47/159] INDUSINDBK           5m
2026-04-09 20:09:45,825  INFO        [ 48/159] IOC                  5m
2026-04-09 20:09:47,028  INFO        [ 49/159] M&M                  5m
2026-04-09 20:09:47,196  INFO        [ 50/159] PIDILITIND           5m
2026-04-09 20:09:47,355  INFO        [ 51/159] SBILIFE              5m
2026-04-09 20:09:47,520  INFO        [ 52/159] SHREECEM             5m
2026-04-09 20:09:47,679  INFO        [ 53/159] SIEMENS              5m
2026-04-09 20:09:47,834  INFO        [ 54/159] TRENT                5m
2026-04-09 20:09:48,056  INFO        [ 55/159] VEDL                 5m
2026-04-09 20:09:48,232  INFO        [ 56/159] ZOMATO               5m
2026-04-09 20:09:48,394  ERROR     $ZOMATO.NS: possibly delisted; no timezone found
2026-04-09 20:09:48,394  ERROR     
1 Failed download:
2026-04-09 20:09:48,394  ERROR     ['ZOMATO.NS']: possibly delisted; no timezone found
2026-04-09 20:09:48,397  WARNING     SKIP ZOMATO [5m] — no data (delisted?)
2026-04-09 20:09:48,397  INFO        [ 57/159] DMART                5m
2026-04-09 20:09:48,571  INFO        [ 58/159] IRCTC                5m
2026-04-09 20:09:48,733  INFO        [ 59/159] BERGEPAINT           5m
2026-04-09 20:09:48,876  INFO        [ 60/159] BOSCHLTD             5m
2026-04-09 20:09:49,058  INFO        [ 61/159] CANBK                5m
2026-04-09 20:09:49,222  INFO        [ 62/159] CHOLAFIN             5m
2026-04-09 20:09:49,421  INFO        [ 63/159] COLPAL               5m
2026-04-09 20:09:49,617  INFO        [ 64/159] CONCOR               5m
2026-04-09 20:09:49,802  INFO        [ 65/159] CUMMINSIND           5m
2026-04-09 20:09:49,965  INFO        [ 66/159] ESCORTS              5m
2026-04-09 20:09:50,120  INFO        [ 67/159] FEDERALBNK           5m
2026-04-09 20:09:50,278  INFO        [ 68/159] GODREJCP             5m
2026-04-09 20:09:50,476  INFO        [ 69/159] GODREJPROP           5m
2026-04-09 20:09:50,621  INFO        [ 70/159] HAL                  5m
2026-04-09 20:09:50,797  INFO        [ 71/159] HDFCLIFE             5m
2026-04-09 20:09:50,992  INFO        [ 72/159] HINDPETRO            5m
2026-04-09 20:09:51,176  INFO        [ 73/159] ICICIPRULI           5m
2026-04-09 20:09:51,322  INFO        [ 74/159] IDFCFIRSTB           5m
2026-04-09 20:09:52,499  INFO        [ 75/159] IGL                  5m
2026-04-09 20:09:52,703  INFO        [ 76/159] INDUSTOWER           5m
2026-04-09 20:09:52,880  INFO        [ 77/159] JUBLFOOD             5m
2026-04-09 20:09:53,017  INFO        [ 78/159] LUPIN                5m
2026-04-09 20:09:53,170  INFO        [ 79/159] MARICO               5m
2026-04-09 20:09:53,315  INFO        [ 80/159] MPHASIS              5m
2026-04-09 20:09:53,468  INFO        [ 81/159] MUTHOOTFIN           5m
2026-04-09 20:09:53,653  INFO        [ 82/159] NAUKRI               5m
2026-04-09 20:09:53,841  INFO        [ 83/159] NBCC                 5m
2026-04-09 20:09:54,000  INFO        [ 84/159] NHPC                 5m
2026-04-09 20:09:54,155  INFO        [ 85/159] NMDC                 5m
2026-04-09 20:09:54,320  INFO        [ 86/159] OFSS                 5m
2026-04-09 20:09:54,483  INFO        [ 87/159] PAGEIND              5m
2026-04-09 20:09:54,646  INFO        [ 88/159] PERSISTENT           5m
2026-04-09 20:09:54,801  INFO        [ 89/159] PETRONET             5m
2026-04-09 20:09:55,024  INFO        [ 90/159] PFC                  5m
2026-04-09 20:09:55,188  INFO        [ 91/159] PNB                  5m
2026-04-09 20:09:55,356  INFO        [ 92/159] POLYCAB              5m
2026-04-09 20:09:56,542  INFO        [ 93/159] RBLBANK              5m
2026-04-09 20:09:56,716  INFO        [ 94/159] RECLTD               5m
2026-04-09 20:09:56,882  INFO        [ 95/159] SAIL                 5m
2026-04-09 20:09:57,039  INFO        [ 96/159] SBICARD              5m
2026-04-09 20:09:57,253  INFO        [ 97/159] SHRIRAMFIN           5m
2026-04-09 20:09:57,405  INFO        [ 98/159] SRF                  5m
2026-04-09 20:09:57,595  INFO        [ 99/159] SUNDARMFIN           5m
2026-04-09 20:09:57,761  INFO        [100/159] TATACHEM             5m
2026-04-09 20:09:57,933  INFO        [101/159] TATACONSUM           5m
2026-04-09 20:09:58,068  INFO        [102/159] TORNTPHARM           5m
2026-04-09 20:09:58,240  INFO        [103/159] TORNTPOWER           5m
2026-04-09 20:09:59,455  INFO        [104/159] TVSMOTOR             5m
2026-04-09 20:09:59,634  INFO        [105/159] UPL                  5m
2026-04-09 20:09:59,791  INFO        [106/159] VOLTAS               5m
2026-04-09 20:10:00,944  INFO        [107/159] YESBANK              5m
2026-04-09 20:10:01,117  INFO        [108/159] ZYDUSLIFE            5m
2026-04-09 20:10:01,271  INFO        [109/159] ABCAPITAL            5m
2026-04-09 20:10:01,460  INFO        [110/159] ACC                  5m
2026-04-09 20:10:01,616  INFO        [111/159] ADANIGREEN           5m
2026-04-09 20:10:01,751  INFO        [112/159] ALKEM                5m
2026-04-09 20:10:01,916  INFO        [113/159] AMBUJACEM            5m
2026-04-09 20:10:02,075  INFO        [114/159] ASTRAL               5m
2026-04-09 20:10:02,208  INFO        [115/159] AUROPHARMA           5m
2026-04-09 20:10:02,351  INFO        [116/159] BALKRISIND           5m
2026-04-09 20:10:02,475  INFO        [117/159] BANDHANBNK           5m
2026-04-09 20:10:02,614  INFO        [118/159] BANKBARODA           5m
2026-04-09 20:10:02,881  INFO        [119/159] BATAINDIA            5m
2026-04-09 20:10:03,037  INFO        [120/159] BEL                  5m
2026-04-09 20:10:03,180  INFO        [121/159] BHARATFORG           5m
2026-04-09 20:10:03,363  INFO        [122/159] BHEL                 5m
2026-04-09 20:10:03,520  INFO        [123/159] CDSL                 5m
2026-04-09 20:10:03,718  INFO        [124/159] CESC                 5m
2026-04-09 20:10:03,924  INFO        [125/159] DEEPAKNTR            5m
2026-04-09 20:10:04,100  INFO        [126/159] EMAMILTD             5m
2026-04-09 20:10:04,311  INFO        [127/159] EXIDEIND             5m
2026-04-09 20:10:04,467  INFO        [128/159] FORTIS               5m
2026-04-09 20:10:04,651  INFO        [129/159] GAIL                 5m
2026-04-09 20:10:04,808  INFO        [130/159] GLENMARK             5m
2026-04-09 20:10:04,972  INFO        [131/159] GRANULES             5m
2026-04-09 20:10:05,124  INFO        [132/159] GUJGASLTD            5m
2026-04-09 20:10:05,290  INFO        [133/159] HINDCOPPER           5m
2026-04-09 20:10:05,474  INFO        [134/159] HUDCO                5m
2026-04-09 20:10:05,631  INFO        [135/159] IEX                  5m
2026-04-09 20:10:05,794  INFO        [136/159] INDIGO               5m
2026-04-09 20:10:05,956  INFO        [137/159] IRFC                 5m
2026-04-09 20:10:06,102  INFO        [138/159] JKCEMENT             5m
2026-04-09 20:10:06,255  INFO        [139/159] JSWENERGY            5m
2026-04-09 20:10:06,429  INFO        [140/159] KPITTECH             5m
2026-04-09 20:10:06,602  INFO        [141/159] LAURUSLABS           5m
2026-04-09 20:10:06,776  INFO        [142/159] LICHSGFIN            5m
2026-04-09 20:10:07,007  INFO        [143/159] LODHA                5m
2026-04-09 20:10:07,175  INFO        [144/159] LTTS                 5m
2026-04-09 20:10:07,343  INFO        [145/159] MANAPPURAM           5m
2026-04-09 20:10:07,504  INFO        [146/159] MCX                  5m
2026-04-09 20:10:08,687  INFO        [147/159] METROPOLIS           5m
2026-04-09 20:10:08,905  INFO        [148/159] MRPL                 5m
2026-04-09 20:10:09,070  INFO        [149/159] NATIONALUM           5m
2026-04-09 20:10:09,215  INFO        [150/159] NAVINFLUOR           5m
2026-04-09 20:10:09,372  INFO        [151/159] OLECTRA              5m
2026-04-09 20:10:09,515  INFO        [152/159] PFIZER               5m
2026-04-09 20:10:09,679  INFO        [153/159] SUPREMEIND           5m
2026-04-09 20:10:09,813  INFO        [154/159] TATACOMM             5m
2026-04-09 20:10:09,986  INFO        [155/159] UBL                  5m
2026-04-09 20:10:10,163  INFO        [156/159] UNITDSPR             5m
2026-04-09 20:10:10,360  INFO        [157/159] WHIRLPOOL            5m
2026-04-09 20:10:10,506  INFO        [158/159] CROMPTON             5m
2026-04-09 20:10:10,694  INFO        [159/159] ^NSEI                5m
2026-04-09 20:10:11,896  INFO        → 156/159 tickers OK for 5m
2026-04-09 20:10:11,913  INFO        Saving 5m split by year:
2026-04-09 20:10:15,345  INFO          → master_5m_2026.csv  (561,489 rows)
2026-04-09 20:10:15,349  INFO      
[3/5] Fetching 1-hour data...
2026-04-09 20:10:15,350  INFO        [  1/159] RELIANCE             1h
2026-04-09 20:10:15,599  INFO        [  2/159] TCS                  1h
2026-04-09 20:10:15,771  INFO        [  3/159] HDFCBANK             1h
2026-04-09 20:10:15,971  INFO        [  4/159] BHARTIARTL           1h
2026-04-09 20:10:16,152  INFO        [  5/159] ICICIBANK            1h
2026-04-09 20:10:16,351  INFO        [  6/159] INFOSYS              1h
2026-04-09 20:10:16,588  ERROR     $INFOSYS.NS: possibly delisted; no timezone found
2026-04-09 20:10:16,594  ERROR     
1 Failed download:
2026-04-09 20:10:16,594  ERROR     ['INFOSYS.NS']: possibly delisted; no timezone found
2026-04-09 20:10:16,596  WARNING     SKIP INFOSYS [1h] — no data (delisted?)
2026-04-09 20:10:16,596  INFO        [  7/159] SBIN                 1h
2026-04-09 20:10:16,837  INFO        [  8/159] HINDUNILVR           1h
2026-04-09 20:10:17,014  INFO        [  9/159] ITC                  1h
2026-04-09 20:10:17,228  INFO        [ 10/159] LT                   1h
2026-04-09 20:10:17,434  INFO        [ 11/159] KOTAKBANK            1h
2026-04-09 20:10:17,678  INFO        [ 12/159] AXISBANK             1h
2026-04-09 20:10:17,914  INFO        [ 13/159] BAJFINANCE           1h
2026-04-09 20:10:18,144  INFO        [ 14/159] ASIANPAINT           1h
2026-04-09 20:10:18,318  INFO        [ 15/159] MARUTI               1h
2026-04-09 20:10:18,505  INFO        [ 16/159] TITAN                1h
2026-04-09 20:10:18,729  INFO        [ 17/159] SUNPHARMA            1h
2026-04-09 20:10:18,885  INFO        [ 18/159] ULTRACEMCO           1h
2026-04-09 20:10:19,063  INFO        [ 19/159] WIPRO                1h
2026-04-09 20:10:19,265  INFO        [ 20/159] NESTLEIND            1h
2026-04-09 20:10:19,555  INFO        [ 21/159] ONGC                 1h
2026-04-09 20:10:19,731  INFO        [ 22/159] POWERGRID            1h
2026-04-09 20:10:19,919  INFO        [ 23/159] NTPC                 1h
2026-04-09 20:10:20,114  INFO        [ 24/159] COALINDIA            1h
2026-04-09 20:10:20,425  INFO        [ 25/159] JSWSTEEL             1h
2026-04-09 20:10:20,622  INFO        [ 26/159] TATAMOTORS           1h
2026-04-09 20:10:20,820  ERROR     $TATAMOTORS.NS: possibly delisted; no timezone found
2026-04-09 20:10:20,825  ERROR     
1 Failed download:
2026-04-09 20:10:20,825  ERROR     ['TATAMOTORS.NS']: possibly delisted; no timezone found
2026-04-09 20:10:20,827  WARNING     SKIP TATAMOTORS [1h] — no data (delisted?)
2026-04-09 20:10:20,827  INFO        [ 27/159] TATASTEEL            1h
2026-04-09 20:10:21,028  INFO        [ 28/159] HCLTECH              1h
2026-04-09 20:10:21,218  INFO        [ 29/159] TECHM                1h
2026-04-09 20:10:21,430  INFO        [ 30/159] DIVISLAB             1h
2026-04-09 20:10:21,656  INFO        [ 31/159] DRREDDY              1h
2026-04-09 20:10:21,854  INFO        [ 32/159] CIPLA                1h
2026-04-09 20:10:22,037  INFO        [ 33/159] EICHERMOT            1h
2026-04-09 20:10:23,241  INFO        [ 34/159] HEROMOTOCO           1h
2026-04-09 20:10:23,418  INFO        [ 35/159] BAJAJFINSV           1h
2026-04-09 20:10:23,627  INFO        [ 36/159] ADANIENT             1h
2026-04-09 20:10:23,801  INFO        [ 37/159] ADANIPORTS           1h
2026-04-09 20:10:23,974  INFO        [ 38/159] APOLLOHOSP           1h
2026-04-09 20:10:24,177  INFO        [ 39/159] BAJAJ-AUTO           1h
2026-04-09 20:10:24,368  INFO        [ 40/159] BPCL                 1h
2026-04-09 20:10:25,633  INFO        [ 41/159] BRITANNIA            1h
2026-04-09 20:10:25,867  INFO        [ 42/159] DABUR                1h
2026-04-09 20:10:26,030  INFO        [ 43/159] DLF                  1h
2026-04-09 20:10:26,203  INFO        [ 44/159] GRASIM               1h
2026-04-09 20:10:26,399  INFO        [ 45/159] HAVELLS              1h
2026-04-09 20:10:26,788  INFO        [ 46/159] HINDALCO             1h
2026-04-09 20:10:26,962  INFO        [ 47/159] INDUSINDBK           1h
2026-04-09 20:10:27,183  INFO        [ 48/159] IOC                  1h
2026-04-09 20:10:27,347  INFO        [ 49/159] M&M                  1h
2026-04-09 20:10:27,558  INFO        [ 50/159] PIDILITIND           1h
2026-04-09 20:10:27,791  INFO        [ 51/159] SBILIFE              1h
2026-04-09 20:10:27,967  INFO        [ 52/159] SHREECEM             1h
2026-04-09 20:10:28,169  INFO        [ 53/159] SIEMENS              1h
2026-04-09 20:10:28,351  INFO        [ 54/159] TRENT                1h
2026-04-09 20:10:28,561  INFO        [ 55/159] VEDL                 1h
2026-04-09 20:10:28,783  INFO        [ 56/159] ZOMATO               1h
2026-04-09 20:10:28,900  ERROR     $ZOMATO.NS: possibly delisted; no timezone found
2026-04-09 20:10:28,905  ERROR     
1 Failed download:
2026-04-09 20:10:28,905  ERROR     ['ZOMATO.NS']: possibly delisted; no timezone found
2026-04-09 20:10:28,907  WARNING     SKIP ZOMATO [1h] — no data (delisted?)
2026-04-09 20:10:28,908  INFO        [ 57/159] DMART                1h
2026-04-09 20:10:29,064  INFO        [ 58/159] IRCTC                1h
2026-04-09 20:10:29,296  INFO        [ 59/159] BERGEPAINT           1h
2026-04-09 20:10:29,462  INFO        [ 60/159] BOSCHLTD             1h
2026-04-09 20:10:29,626  INFO        [ 61/159] CANBK                1h
2026-04-09 20:10:29,842  INFO        [ 62/159] CHOLAFIN             1h
2026-04-09 20:10:30,064  INFO        [ 63/159] COLPAL               1h
2026-04-09 20:10:30,246  INFO        [ 64/159] CONCOR               1h
2026-04-09 20:10:30,464  INFO        [ 65/159] CUMMINSIND           1h
2026-04-09 20:10:30,666  INFO        [ 66/159] ESCORTS              1h
2026-04-09 20:10:30,848  INFO        [ 67/159] FEDERALBNK           1h
2026-04-09 20:10:31,026  INFO        [ 68/159] GODREJCP             1h
2026-04-09 20:10:31,206  INFO        [ 69/159] GODREJPROP           1h
2026-04-09 20:10:31,385  INFO        [ 70/159] HAL                  1h
2026-04-09 20:10:31,580  INFO        [ 71/159] HDFCLIFE             1h
2026-04-09 20:10:31,767  INFO        [ 72/159] HINDPETRO            1h
2026-04-09 20:10:31,948  INFO        [ 73/159] ICICIPRULI           1h
2026-04-09 20:10:32,203  INFO        [ 74/159] IDFCFIRSTB           1h
2026-04-09 20:10:32,361  INFO        [ 75/159] IGL                  1h
2026-04-09 20:10:32,576  INFO        [ 76/159] INDUSTOWER           1h
2026-04-09 20:10:32,787  INFO        [ 77/159] JUBLFOOD             1h
2026-04-09 20:10:32,991  INFO        [ 78/159] LUPIN                1h
2026-04-09 20:10:33,185  INFO        [ 79/159] MARICO               1h
2026-04-09 20:10:33,371  INFO        [ 80/159] MPHASIS              1h
2026-04-09 20:10:33,574  INFO        [ 81/159] MUTHOOTFIN           1h
2026-04-09 20:10:33,750  INFO        [ 82/159] NAUKRI               1h
2026-04-09 20:10:33,951  INFO        [ 83/159] NBCC                 1h
2026-04-09 20:10:35,160  INFO        [ 84/159] NHPC                 1h
2026-04-09 20:10:35,338  INFO        [ 85/159] NMDC                 1h
2026-04-09 20:10:35,526  INFO        [ 86/159] OFSS                 1h
2026-04-09 20:10:35,718  INFO        [ 87/159] PAGEIND              1h
2026-04-09 20:10:35,910  INFO        [ 88/159] PERSISTENT           1h
2026-04-09 20:10:36,088  INFO        [ 89/159] PETRONET             1h
2026-04-09 20:10:36,290  INFO        [ 90/159] PFC                  1h
2026-04-09 20:10:36,560  INFO        [ 91/159] PNB                  1h
2026-04-09 20:10:36,784  INFO        [ 92/159] POLYCAB              1h
2026-04-09 20:10:38,227  INFO        [ 93/159] RBLBANK              1h
2026-04-09 20:10:38,424  INFO        [ 94/159] RECLTD               1h
2026-04-09 20:10:38,629  INFO        [ 95/159] SAIL                 1h
2026-04-09 20:10:39,876  INFO        [ 96/159] SBICARD              1h
2026-04-09 20:10:40,045  INFO        [ 97/159] SHRIRAMFIN           1h
2026-04-09 20:10:40,267  INFO        [ 98/159] SRF                  1h
2026-04-09 20:10:40,467  INFO        [ 99/159] SUNDARMFIN           1h
2026-04-09 20:10:40,654  INFO        [100/159] TATACHEM             1h
2026-04-09 20:10:40,841  INFO        [101/159] TATACONSUM           1h
2026-04-09 20:10:41,036  INFO        [102/159] TORNTPHARM           1h
2026-04-09 20:10:41,228  INFO        [103/159] TORNTPOWER           1h
2026-04-09 20:10:41,427  INFO        [104/159] TVSMOTOR             1h
2026-04-09 20:10:41,623  INFO        [105/159] UPL                  1h
2026-04-09 20:10:41,802  INFO        [106/159] VOLTAS               1h
2026-04-09 20:10:41,992  INFO        [107/159] YESBANK              1h
2026-04-09 20:10:42,160  INFO        [108/159] ZYDUSLIFE            1h
2026-04-09 20:10:42,337  INFO        [109/159] ABCAPITAL            1h
2026-04-09 20:10:42,517  INFO        [110/159] ACC                  1h
2026-04-09 20:10:42,712  INFO        [111/159] ADANIGREEN           1h
2026-04-09 20:10:42,867  INFO        [112/159] ALKEM                1h
2026-04-09 20:10:43,055  INFO        [113/159] AMBUJACEM            1h
2026-04-09 20:10:43,226  INFO        [114/159] ASTRAL               1h
2026-04-09 20:10:43,457  INFO        [115/159] AUROPHARMA           1h
2026-04-09 20:10:43,618  INFO        [116/159] BALKRISIND           1h
2026-04-09 20:10:43,812  INFO        [117/159] BANDHANBNK           1h
2026-04-09 20:10:43,991  INFO        [118/159] BANKBARODA           1h
2026-04-09 20:10:44,222  INFO        [119/159] BATAINDIA            1h
2026-04-09 20:10:44,413  INFO        [120/159] BEL                  1h
2026-04-09 20:10:44,605  INFO        [121/159] BHARATFORG           1h
2026-04-09 20:10:44,801  INFO        [122/159] BHEL                 1h
2026-04-09 20:10:44,969  INFO        [123/159] CDSL                 1h
2026-04-09 20:10:45,194  INFO        [124/159] CESC                 1h
2026-04-09 20:10:45,416  INFO        [125/159] DEEPAKNTR            1h
2026-04-09 20:10:45,608  INFO        [126/159] EMAMILTD             1h
2026-04-09 20:10:45,819  INFO        [127/159] EXIDEIND             1h
2026-04-09 20:10:46,008  INFO        [128/159] FORTIS               1h
2026-04-09 20:10:46,188  INFO        [129/159] GAIL                 1h
2026-04-09 20:10:47,403  INFO        [130/159] GLENMARK             1h
2026-04-09 20:10:47,592  INFO        [131/159] GRANULES             1h
2026-04-09 20:10:48,005  INFO        [132/159] GUJGASLTD            1h
2026-04-09 20:10:48,177  INFO        [133/159] HINDCOPPER           1h
2026-04-09 20:10:48,350  INFO        [134/159] HUDCO                1h
2026-04-09 20:10:48,526  INFO        [135/159] IEX                  1h
2026-04-09 20:10:48,736  INFO        [136/159] INDIGO               1h
2026-04-09 20:10:48,941  INFO        [137/159] IRFC                 1h
2026-04-09 20:10:49,154  INFO        [138/159] JKCEMENT             1h
2026-04-09 20:10:49,342  INFO        [139/159] JSWENERGY            1h
2026-04-09 20:10:49,560  INFO        [140/159] KPITTECH             1h
2026-04-09 20:10:49,793  INFO        [141/159] LAURUSLABS           1h
2026-04-09 20:10:50,026  INFO        [142/159] LICHSGFIN            1h
2026-04-09 20:10:50,183  INFO        [143/159] LODHA                1h
2026-04-09 20:10:50,347  INFO        [144/159] LTTS                 1h
2026-04-09 20:10:50,550  INFO        [145/159] MANAPPURAM           1h
2026-04-09 20:10:50,801  INFO        [146/159] MCX                  1h
2026-04-09 20:10:52,248  INFO        [147/159] METROPOLIS           1h
2026-04-09 20:10:52,484  INFO        [148/159] MRPL                 1h
2026-04-09 20:10:52,724  INFO        [149/159] NATIONALUM           1h
2026-04-09 20:10:52,904  INFO        [150/159] NAVINFLUOR           1h
2026-04-09 20:10:53,133  INFO        [151/159] OLECTRA              1h
2026-04-09 20:10:53,340  INFO        [152/159] PFIZER               1h
2026-04-09 20:10:53,518  INFO        [153/159] SUPREMEIND           1h
2026-04-09 20:10:53,695  INFO        [154/159] TATACOMM             1h
2026-04-09 20:10:53,868  INFO        [155/159] UBL                  1h
2026-04-09 20:10:54,030  INFO        [156/159] UNITDSPR             1h
2026-04-09 20:10:54,199  INFO        [157/159] WHIRLPOOL            1h
2026-04-09 20:10:54,409  INFO        [158/159] CROMPTON             1h
2026-04-09 20:10:54,588  INFO        [159/159] ^NSEI                1h
2026-04-09 20:10:54,786  INFO        → 156/159 tickers OK for 1h
2026-04-09 20:10:54,828  INFO        Backup → backup_master_1h.csv
2026-04-09 20:10:58,261  INFO          → master_1h.csv  (537,296 rows)
2026-04-09 20:10:58,264  INFO      
[4/5] Resampling 1m → 5m and 1h...
2026-04-09 20:10:59,939  INFO        Generated 5m rows : 128,696
2026-04-09 20:10:59,939  INFO        Generated 1h rows : 12,012
2026-04-09 20:10:59,939  INFO      
[5/5] Validating...
2026-04-09 20:11:06,383  WARNING     Validation [5m]: 434929 issues.
2026-04-09 20:11:07,677  WARNING     Validation [1h]: 549308 issues.
2026-04-09 20:11:10,448  INFO        Validation report → 984237 rows (last 30 days only)
2026-04-09 20:11:10,452  INFO        Skipped: 9 tickers → skipped_tickers.csv
2026-04-09 20:11:10,452  INFO      
============================================================
2026-04-09 20:11:10,452  INFO      Pipeline COMPLETE ✓
2026-04-09 20:11:10,452  INFO        1m files  : 2 monthly files in data/1m/
2026-04-09 20:11:10,452  INFO          master_1m_2026_03.csv  (25.3 MB)
2026-04-09 20:11:10,452  INFO          master_1m_2026_04.csv  (30.5 MB)
2026-04-09 20:11:10,453  INFO        5m files  : 1 yearly files in data/5m/
2026-04-09 20:11:10,453  INFO          master_5m_2026.csv  (48.8 MB)
2026-04-09 20:11:10,453  INFO        1h file   : master_1h.csv  (47.2 MB)
2026-04-09 20:11:10,453  INFO        Skipped   : 9 tickers
2026-04-09 20:11:10,453  INFO      ============================================================
