2026-04-16 20:06:49,138  WARNING     Deleted oversized validation_report.csv (71.0 MB) — will recreate.
2026-04-16 20:06:49,138  INFO      ============================================================
2026-04-16 20:06:49,138  INFO      Indian Market Data Pipeline v3 — START
2026-04-16 20:06:49,138  INFO      Run time : 2026-04-16 20:06:49
2026-04-16 20:06:49,138  INFO      Tickers  : 158 stocks + Nifty Index
2026-04-16 20:06:49,138  INFO      File layout:
2026-04-16 20:06:49,138  INFO        1m  → data/1m/master_1m_YYYY_MM.csv  (one per month)
2026-04-16 20:06:49,138  INFO        5m  → data/5m/master_5m_YYYY.csv     (one per year)
2026-04-16 20:06:49,138  INFO        1h  → data/master_1h.csv             (single file)
2026-04-16 20:06:49,138  INFO      ============================================================
2026-04-16 20:06:49,138  INFO      
[1/5] Fetching 1-minute data...
2026-04-16 20:06:49,139  INFO        [  1/159] RELIANCE             1m
2026-04-16 20:06:49,460  INFO        [  2/159] TCS                  1m
2026-04-16 20:06:49,874  INFO        [  3/159] HDFCBANK             1m
2026-04-16 20:06:50,054  INFO        [  4/159] BHARTIARTL           1m
2026-04-16 20:06:50,298  INFO        [  5/159] ICICIBANK            1m
2026-04-16 20:06:50,722  INFO        [  6/159] INFOSYS              1m
2026-04-16 20:06:51,042  ERROR     HTTP Error 404: {"quoteSummary":{"result":null,"error":{"code":"Not Found","description":"Quote not found for symbol: INFOSYS.NS"}}}
2026-04-16 20:06:51,157  ERROR     $INFOSYS.NS: possibly delisted; no timezone found
2026-04-16 20:06:51,165  ERROR     
1 Failed download:
2026-04-16 20:06:51,166  ERROR     ['INFOSYS.NS']: possibly delisted; no timezone found
2026-04-16 20:06:51,168  WARNING     SKIP INFOSYS [1m] — no data (delisted?)
2026-04-16 20:06:51,168  INFO        [  7/159] SBIN                 1m
2026-04-16 20:06:51,419  INFO        [  8/159] HINDUNILVR           1m
2026-04-16 20:06:51,962  INFO        [  9/159] ITC                  1m
2026-04-16 20:06:52,252  INFO        [ 10/159] LT                   1m
2026-04-16 20:06:52,524  INFO        [ 11/159] KOTAKBANK            1m
2026-04-16 20:06:52,775  INFO        [ 12/159] AXISBANK             1m
2026-04-16 20:06:52,965  INFO        [ 13/159] BAJFINANCE           1m
2026-04-16 20:06:53,225  INFO        [ 14/159] ASIANPAINT           1m
2026-04-16 20:06:53,498  INFO        [ 15/159] MARUTI               1m
2026-04-16 20:06:53,901  INFO        [ 16/159] TITAN                1m
2026-04-16 20:06:54,060  INFO        [ 17/159] SUNPHARMA            1m
2026-04-16 20:06:54,250  INFO        [ 18/159] ULTRACEMCO           1m
2026-04-16 20:06:54,511  INFO        [ 19/159] WIPRO                1m
2026-04-16 20:06:54,791  INFO        [ 20/159] NESTLEIND            1m
2026-04-16 20:06:55,066  INFO        [ 21/159] ONGC                 1m
2026-04-16 20:06:55,356  INFO        [ 22/159] POWERGRID            1m
2026-04-16 20:06:55,515  INFO        [ 23/159] NTPC                 1m
2026-04-16 20:06:55,857  INFO        [ 24/159] COALINDIA            1m
2026-04-16 20:06:56,329  INFO        [ 25/159] JSWSTEEL             1m
2026-04-16 20:06:56,562  INFO        [ 26/159] TATAMOTORS           1m
2026-04-16 20:06:56,782  ERROR     HTTP Error 404: {"quoteSummary":{"result":null,"error":{"code":"Not Found","description":"Quote not found for symbol: TATAMOTORS.NS"}}}
2026-04-16 20:06:56,943  ERROR     $TATAMOTORS.NS: possibly delisted; no timezone found
2026-04-16 20:06:56,946  ERROR     
1 Failed download:
2026-04-16 20:06:56,946  ERROR     ['TATAMOTORS.NS']: possibly delisted; no timezone found
2026-04-16 20:06:56,949  WARNING     SKIP TATAMOTORS [1m] — no data (delisted?)
2026-04-16 20:06:56,949  INFO        [ 27/159] TATASTEEL            1m
2026-04-16 20:06:57,302  INFO        [ 28/159] HCLTECH              1m
2026-04-16 20:06:57,705  INFO        [ 29/159] TECHM                1m
2026-04-16 20:06:57,947  INFO        [ 30/159] DIVISLAB             1m
2026-04-16 20:06:58,158  INFO        [ 31/159] DRREDDY              1m
2026-04-16 20:06:58,347  INFO        [ 32/159] CIPLA                1m
2026-04-16 20:06:58,627  INFO        [ 33/159] EICHERMOT            1m
2026-04-16 20:06:58,877  INFO        [ 34/159] HEROMOTOCO           1m
2026-04-16 20:06:59,058  INFO        [ 35/159] BAJAJFINSV           1m
2026-04-16 20:06:59,237  INFO        [ 36/159] ADANIENT             1m
2026-04-16 20:06:59,509  INFO        [ 37/159] ADANIPORTS           1m
2026-04-16 20:06:59,741  INFO        [ 38/159] APOLLOHOSP           1m
2026-04-16 20:06:59,943  INFO        [ 39/159] BAJAJ-AUTO           1m
2026-04-16 20:07:00,133  INFO        [ 40/159] BPCL                 1m
2026-04-16 20:07:00,417  INFO        [ 41/159] BRITANNIA            1m
2026-04-16 20:07:00,587  INFO        [ 42/159] DABUR                1m
2026-04-16 20:07:00,836  INFO        [ 43/159] DLF                  1m
2026-04-16 20:07:01,138  INFO        [ 44/159] GRASIM               1m
2026-04-16 20:07:01,362  INFO        [ 45/159] HAVELLS              1m
2026-04-16 20:07:01,553  INFO        [ 46/159] HINDALCO             1m
2026-04-16 20:07:01,784  INFO        [ 47/159] INDUSINDBK           1m
2026-04-16 20:07:02,177  INFO        [ 48/159] IOC                  1m
2026-04-16 20:07:02,367  INFO        [ 49/159] M&M                  1m
2026-04-16 20:07:02,653  INFO        [ 50/159] PIDILITIND           1m
2026-04-16 20:07:02,825  INFO        [ 51/159] SBILIFE              1m
2026-04-16 20:07:03,206  INFO        [ 52/159] SHREECEM             1m
2026-04-16 20:07:03,436  INFO        [ 53/159] SIEMENS              1m
2026-04-16 20:07:03,730  INFO        [ 54/159] TRENT                1m
2026-04-16 20:07:04,083  INFO        [ 55/159] VEDL                 1m
2026-04-16 20:07:04,396  INFO        [ 56/159] ZOMATO               1m
2026-04-16 20:07:04,679  ERROR     $ZOMATO.NS: possibly delisted; no timezone found
2026-04-16 20:07:04,679  ERROR     
1 Failed download:
2026-04-16 20:07:04,679  ERROR     ['ZOMATO.NS']: possibly delisted; no timezone found
2026-04-16 20:07:04,681  WARNING     SKIP ZOMATO [1m] — no data (delisted?)
2026-04-16 20:07:04,682  INFO        [ 57/159] DMART                1m
2026-04-16 20:07:04,926  INFO        [ 58/159] IRCTC                1m
2026-04-16 20:07:05,096  INFO        [ 59/159] BERGEPAINT           1m
2026-04-16 20:07:05,317  INFO        [ 60/159] BOSCHLTD             1m
2026-04-16 20:07:05,507  INFO        [ 61/159] CANBK                1m
2026-04-16 20:07:05,829  INFO        [ 62/159] CHOLAFIN             1m
2026-04-16 20:07:06,008  INFO        [ 63/159] COLPAL               1m
2026-04-16 20:07:06,180  INFO        [ 64/159] CONCOR               1m
2026-04-16 20:07:06,349  INFO        [ 65/159] CUMMINSIND           1m
2026-04-16 20:07:06,561  INFO        [ 66/159] ESCORTS              1m
2026-04-16 20:07:06,861  INFO        [ 67/159] FEDERALBNK           1m
2026-04-16 20:07:07,225  INFO        [ 68/159] GODREJCP             1m
2026-04-16 20:07:07,416  INFO        [ 69/159] GODREJPROP           1m
2026-04-16 20:07:07,576  INFO        [ 70/159] HAL                  1m
2026-04-16 20:07:08,273  INFO        [ 71/159] HDFCLIFE             1m
2026-04-16 20:07:08,412  INFO        [ 72/159] HINDPETRO            1m
2026-04-16 20:07:08,866  INFO        [ 73/159] ICICIPRULI           1m
2026-04-16 20:07:09,099  INFO        [ 74/159] IDFCFIRSTB           1m
2026-04-16 20:07:09,353  INFO        [ 75/159] IGL                  1m
2026-04-16 20:07:09,542  INFO        [ 76/159] INDUSTOWER           1m
2026-04-16 20:07:10,014  INFO        [ 77/159] JUBLFOOD             1m
2026-04-16 20:07:10,296  INFO        [ 78/159] LUPIN                1m
2026-04-16 20:07:10,576  INFO        [ 79/159] MARICO               1m
2026-04-16 20:07:10,858  INFO        [ 80/159] MPHASIS              1m
2026-04-16 20:07:11,030  INFO        [ 81/159] MUTHOOTFIN           1m
2026-04-16 20:07:11,202  INFO        [ 82/159] NAUKRI               1m
2026-04-16 20:07:11,383  INFO        [ 83/159] NBCC                 1m
2026-04-16 20:07:11,543  INFO        [ 84/159] NHPC                 1m
2026-04-16 20:07:11,895  INFO        [ 85/159] NMDC                 1m
2026-04-16 20:07:12,095  INFO        [ 86/159] OFSS                 1m
2026-04-16 20:07:12,265  INFO        [ 87/159] PAGEIND              1m
2026-04-16 20:07:12,739  INFO        [ 88/159] PERSISTENT           1m
2026-04-16 20:07:13,111  INFO        [ 89/159] PETRONET             1m
2026-04-16 20:07:13,567  INFO        [ 90/159] PFC                  1m
2026-04-16 20:07:13,900  INFO        [ 91/159] PNB                  1m
2026-04-16 20:07:14,211  INFO        [ 92/159] POLYCAB              1m
2026-04-16 20:07:14,466  INFO        [ 93/159] RBLBANK              1m
2026-04-16 20:07:14,656  INFO        [ 94/159] RECLTD               1m
2026-04-16 20:07:14,998  INFO        [ 95/159] SAIL                 1m
2026-04-16 20:07:15,177  INFO        [ 96/159] SBICARD              1m
2026-04-16 20:07:15,316  INFO        [ 97/159] SHRIRAMFIN           1m
2026-04-16 20:07:15,730  INFO        [ 98/159] SRF                  1m
2026-04-16 20:07:16,101  INFO        [ 99/159] SUNDARMFIN           1m
2026-04-16 20:07:16,352  INFO        [100/159] TATACHEM             1m
2026-04-16 20:07:16,753  INFO        [101/159] TATACONSUM           1m
2026-04-16 20:07:16,998  INFO        [102/159] TORNTPHARM           1m
2026-04-16 20:07:17,278  INFO        [103/159] TORNTPOWER           1m
2026-04-16 20:07:17,569  INFO        [104/159] TVSMOTOR             1m
2026-04-16 20:07:17,872  INFO        [105/159] UPL                  1m
2026-04-16 20:07:18,043  INFO        [106/159] VOLTAS               1m
2026-04-16 20:07:18,455  INFO        [107/159] YESBANK              1m
2026-04-16 20:07:18,768  INFO        [108/159] ZYDUSLIFE            1m
2026-04-16 20:07:19,110  INFO        [109/159] ABCAPITAL            1m
2026-04-16 20:07:19,309  INFO        [110/159] ACC                  1m
2026-04-16 20:07:19,512  INFO        [111/159] ADANIGREEN           1m
2026-04-16 20:07:19,776  INFO        [112/159] ALKEM                1m
2026-04-16 20:07:20,572  INFO        [113/159] AMBUJACEM            1m
2026-04-16 20:07:20,813  INFO        [114/159] ASTRAL               1m
2026-04-16 20:07:21,016  INFO        [115/159] AUROPHARMA           1m
2026-04-16 20:07:21,247  INFO        [116/159] BALKRISIND           1m
2026-04-16 20:07:21,537  INFO        [117/159] BANDHANBNK           1m
2026-04-16 20:07:21,768  INFO        [118/159] BANKBARODA           1m
2026-04-16 20:07:21,935  INFO        [119/159] BATAINDIA            1m
2026-04-16 20:07:22,308  INFO        [120/159] BEL                  1m
2026-04-16 20:07:22,660  INFO        [121/159] BHARATFORG           1m
2026-04-16 20:07:22,820  INFO        [122/159] BHEL                 1m
2026-04-16 20:07:22,971  INFO        [123/159] CDSL                 1m
2026-04-16 20:07:23,233  INFO        [124/159] CESC                 1m
2026-04-16 20:07:23,531  INFO        [125/159] DEEPAKNTR            1m
2026-04-16 20:07:23,954  INFO        [126/159] EMAMILTD             1m
2026-04-16 20:07:24,165  INFO        [127/159] EXIDEIND             1m
2026-04-16 20:07:24,358  INFO        [128/159] FORTIS               1m
2026-04-16 20:07:24,629  INFO        [129/159] GAIL                 1m
2026-04-16 20:07:24,891  INFO        [130/159] GLENMARK             1m
2026-04-16 20:07:25,072  INFO        [131/159] GRANULES             1m
2026-04-16 20:07:25,407  INFO        [132/159] GUJGASLTD            1m
2026-04-16 20:07:25,559  INFO        [133/159] HINDCOPPER           1m
2026-04-16 20:07:25,722  INFO        [134/159] HUDCO                1m
2026-04-16 20:07:26,002  INFO        [135/159] IEX                  1m
2026-04-16 20:07:26,253  INFO        [136/159] INDIGO               1m
2026-04-16 20:07:26,564  INFO        [137/159] IRFC                 1m
2026-04-16 20:07:26,914  INFO        [138/159] JKCEMENT             1m
2026-04-16 20:07:27,247  INFO        [139/159] JSWENERGY            1m
2026-04-16 20:07:27,479  INFO        [140/159] KPITTECH             1m
2026-04-16 20:07:27,670  INFO        [141/159] LAURUSLABS           1m
2026-04-16 20:07:27,863  INFO        [142/159] LICHSGFIN            1m
2026-04-16 20:07:28,215  INFO        [143/159] LODHA                1m
2026-04-16 20:07:28,841  INFO        [144/159] LTTS                 1m
2026-04-16 20:07:29,033  INFO        [145/159] MANAPPURAM           1m
2026-04-16 20:07:29,387  INFO        [146/159] MCX                  1m
2026-04-16 20:07:29,738  INFO        [147/159] METROPOLIS           1m
2026-04-16 20:07:30,059  INFO        [148/159] MRPL                 1m
2026-04-16 20:07:30,374  INFO        [149/159] NATIONALUM           1m
2026-04-16 20:07:30,618  INFO        [150/159] NAVINFLUOR           1m
2026-04-16 20:07:30,787  INFO        [151/159] OLECTRA              1m
2026-04-16 20:07:31,028  INFO        [152/159] PFIZER               1m
2026-04-16 20:07:31,349  INFO        [153/159] SUPREMEIND           1m
2026-04-16 20:07:31,639  INFO        [154/159] TATACOMM             1m
2026-04-16 20:07:31,870  INFO        [155/159] UBL                  1m
2026-04-16 20:07:32,043  INFO        [156/159] UNITDSPR             1m
2026-04-16 20:07:32,333  INFO        [157/159] WHIRLPOOL            1m
2026-04-16 20:07:32,484  INFO        [158/159] CROMPTON             1m
2026-04-16 20:07:32,734  INFO        [159/159] ^NSEI                1m
2026-04-16 20:07:33,117  INFO        → 156/159 tickers OK for 1m
2026-04-16 20:07:33,130  INFO        Saving 1m split by month:
2026-04-16 20:07:36,698  INFO          → master_1m_2026_04.csv  (583,200 rows)
2026-04-16 20:07:36,702  INFO      
[2/5] Fetching 5-minute data...
2026-04-16 20:07:36,702  INFO        [  1/159] RELIANCE             5m
2026-04-16 20:07:36,876  INFO        [  2/159] TCS                  5m
2026-04-16 20:07:37,230  INFO        [  3/159] HDFCBANK             5m
2026-04-16 20:07:37,426  INFO        [  4/159] BHARTIARTL           5m
2026-04-16 20:07:37,661  INFO        [  5/159] ICICIBANK            5m
2026-04-16 20:07:38,592  INFO        [  6/159] INFOSYS              5m
2026-04-16 20:07:38,983  ERROR     $INFOSYS.NS: possibly delisted; no timezone found
2026-04-16 20:07:38,986  ERROR     
1 Failed download:
2026-04-16 20:07:38,986  ERROR     ['INFOSYS.NS']: possibly delisted; no timezone found
2026-04-16 20:07:38,988  WARNING     SKIP INFOSYS [5m] — no data (delisted?)
2026-04-16 20:07:38,988  INFO        [  7/159] SBIN                 5m
2026-04-16 20:07:39,277  INFO        [  8/159] HINDUNILVR           5m
2026-04-16 20:07:39,478  INFO        [  9/159] ITC                  5m
2026-04-16 20:07:39,721  INFO        [ 10/159] LT                   5m
2026-04-16 20:07:39,873  INFO        [ 11/159] KOTAKBANK            5m
2026-04-16 20:07:40,040  INFO        [ 12/159] AXISBANK             5m
2026-04-16 20:07:40,206  INFO        [ 13/159] BAJFINANCE           5m
2026-04-16 20:07:40,612  INFO        [ 14/159] ASIANPAINT           5m
2026-04-16 20:07:40,766  INFO        [ 15/159] MARUTI               5m
2026-04-16 20:07:40,911  INFO        [ 16/159] TITAN                5m
2026-04-16 20:07:41,063  INFO        [ 17/159] SUNPHARMA            5m
2026-04-16 20:07:41,209  INFO        [ 18/159] ULTRACEMCO           5m
2026-04-16 20:07:41,414  INFO        [ 19/159] WIPRO                5m
2026-04-16 20:07:41,575  INFO        [ 20/159] NESTLEIND            5m
2026-04-16 20:07:41,798  INFO        [ 21/159] ONGC                 5m
2026-04-16 20:07:41,942  INFO        [ 22/159] POWERGRID            5m
2026-04-16 20:07:42,093  INFO        [ 23/159] NTPC                 5m
2026-04-16 20:07:42,258  INFO        [ 24/159] COALINDIA            5m
2026-04-16 20:07:42,476  INFO        [ 25/159] JSWSTEEL             5m
2026-04-16 20:07:42,628  INFO        [ 26/159] TATAMOTORS           5m
2026-04-16 20:07:42,810  ERROR     $TATAMOTORS.NS: possibly delisted; no timezone found
2026-04-16 20:07:42,810  ERROR     
1 Failed download:
2026-04-16 20:07:42,811  ERROR     ['TATAMOTORS.NS']: possibly delisted; no timezone found
2026-04-16 20:07:42,813  WARNING     SKIP TATAMOTORS [5m] — no data (delisted?)
2026-04-16 20:07:42,813  INFO        [ 27/159] TATASTEEL            5m
2026-04-16 20:07:43,017  INFO        [ 28/159] HCLTECH              5m
2026-04-16 20:07:43,200  INFO        [ 29/159] TECHM                5m
2026-04-16 20:07:43,377  INFO        [ 30/159] DIVISLAB             5m
2026-04-16 20:07:43,523  INFO        [ 31/159] DRREDDY              5m
2026-04-16 20:07:43,756  INFO        [ 32/159] CIPLA                5m
2026-04-16 20:07:44,080  INFO        [ 33/159] EICHERMOT            5m
2026-04-16 20:07:44,396  INFO        [ 34/159] HEROMOTOCO           5m
2026-04-16 20:07:44,609  INFO        [ 35/159] BAJAJFINSV           5m
2026-04-16 20:07:44,805  INFO        [ 36/159] ADANIENT             5m
2026-04-16 20:07:45,001  INFO        [ 37/159] ADANIPORTS           5m
2026-04-16 20:07:45,166  INFO        [ 38/159] APOLLOHOSP           5m
2026-04-16 20:07:45,291  INFO        [ 39/159] BAJAJ-AUTO           5m
2026-04-16 20:07:45,496  INFO        [ 40/159] BPCL                 5m
2026-04-16 20:07:45,792  INFO        [ 41/159] BRITANNIA            5m
2026-04-16 20:07:46,006  INFO        [ 42/159] DABUR                5m
2026-04-16 20:07:46,279  INFO        [ 43/159] DLF                  5m
2026-04-16 20:07:46,504  INFO        [ 44/159] GRASIM               5m
2026-04-16 20:07:46,701  INFO        [ 45/159] HAVELLS              5m
2026-04-16 20:07:46,858  INFO        [ 46/159] HINDALCO             5m
2026-04-16 20:07:47,366  INFO        [ 47/159] INDUSINDBK           5m
2026-04-16 20:07:47,507  INFO        [ 48/159] IOC                  5m
2026-04-16 20:07:47,865  INFO        [ 49/159] M&M                  5m
2026-04-16 20:07:47,998  INFO        [ 50/159] PIDILITIND           5m
2026-04-16 20:07:48,310  INFO        [ 51/159] SBILIFE              5m
2026-04-16 20:07:48,665  INFO        [ 52/159] SHREECEM             5m
2026-04-16 20:07:48,807  INFO        [ 53/159] SIEMENS              5m
2026-04-16 20:07:49,102  INFO        [ 54/159] TRENT                5m
2026-04-16 20:07:49,254  INFO        [ 55/159] VEDL                 5m
2026-04-16 20:07:49,468  INFO        [ 56/159] ZOMATO               5m
2026-04-16 20:07:49,713  ERROR     $ZOMATO.NS: possibly delisted; no timezone found
2026-04-16 20:07:49,721  ERROR     
1 Failed download:
2026-04-16 20:07:49,721  ERROR     ['ZOMATO.NS']: possibly delisted; no timezone found
2026-04-16 20:07:49,723  WARNING     SKIP ZOMATO [5m] — no data (delisted?)
2026-04-16 20:07:49,723  INFO        [ 57/159] DMART                5m
2026-04-16 20:07:49,878  INFO        [ 58/159] IRCTC                5m
2026-04-16 20:07:50,053  INFO        [ 59/159] BERGEPAINT           5m
2026-04-16 20:07:50,367  INFO        [ 60/159] BOSCHLTD             5m
2026-04-16 20:07:50,561  INFO        [ 61/159] CANBK                5m
2026-04-16 20:07:50,796  INFO        [ 62/159] CHOLAFIN             5m
2026-04-16 20:07:50,952  INFO        [ 63/159] COLPAL               5m
2026-04-16 20:07:51,123  INFO        [ 64/159] CONCOR               5m
2026-04-16 20:07:51,300  INFO        [ 65/159] CUMMINSIND           5m
2026-04-16 20:07:51,462  INFO        [ 66/159] ESCORTS              5m
2026-04-16 20:07:51,738  INFO        [ 67/159] FEDERALBNK           5m
2026-04-16 20:07:51,916  INFO        [ 68/159] GODREJCP             5m
2026-04-16 20:07:52,139  INFO        [ 69/159] GODREJPROP           5m
2026-04-16 20:07:52,301  INFO        [ 70/159] HAL                  5m
2026-04-16 20:07:52,607  INFO        [ 71/159] HDFCLIFE             5m
2026-04-16 20:07:52,791  INFO        [ 72/159] HINDPETRO            5m
2026-04-16 20:07:52,978  INFO        [ 73/159] ICICIPRULI           5m
2026-04-16 20:07:53,346  INFO        [ 74/159] IDFCFIRSTB           5m
2026-04-16 20:07:53,612  INFO        [ 75/159] IGL                  5m
2026-04-16 20:07:53,925  INFO        [ 76/159] INDUSTOWER           5m
2026-04-16 20:07:54,172  INFO        [ 77/159] JUBLFOOD             5m
2026-04-16 20:07:54,365  INFO        [ 78/159] LUPIN                5m
2026-04-16 20:07:54,520  INFO        [ 79/159] MARICO               5m
2026-04-16 20:07:54,745  INFO        [ 80/159] MPHASIS              5m
2026-04-16 20:07:55,078  INFO        [ 81/159] MUTHOOTFIN           5m
2026-04-16 20:07:55,263  INFO        [ 82/159] NAUKRI               5m
2026-04-16 20:07:55,631  INFO        [ 83/159] NBCC                 5m
2026-04-16 20:07:55,959  INFO        [ 84/159] NHPC                 5m
2026-04-16 20:07:56,123  INFO        [ 85/159] NMDC                 5m
2026-04-16 20:07:56,338  INFO        [ 86/159] OFSS                 5m
2026-04-16 20:07:56,504  INFO        [ 87/159] PAGEIND              5m
2026-04-16 20:07:56,649  INFO        [ 88/159] PERSISTENT           5m
2026-04-16 20:07:56,785  INFO        [ 89/159] PETRONET             5m
2026-04-16 20:07:57,061  INFO        [ 90/159] PFC                  5m
2026-04-16 20:07:57,226  INFO        [ 91/159] PNB                  5m
2026-04-16 20:07:57,377  INFO        [ 92/159] POLYCAB              5m
2026-04-16 20:07:57,564  INFO        [ 93/159] RBLBANK              5m
2026-04-16 20:07:57,706  INFO        [ 94/159] RECLTD               5m
2026-04-16 20:07:57,882  INFO        [ 95/159] SAIL                 5m
2026-04-16 20:07:58,076  INFO        [ 96/159] SBICARD              5m
2026-04-16 20:07:58,222  INFO        [ 97/159] SHRIRAMFIN           5m
2026-04-16 20:07:58,384  INFO        [ 98/159] SRF                  5m
2026-04-16 20:07:58,560  INFO        [ 99/159] SUNDARMFIN           5m
2026-04-16 20:07:58,702  INFO        [100/159] TATACHEM             5m
2026-04-16 20:07:58,925  INFO        [101/159] TATACONSUM           5m
2026-04-16 20:07:59,153  INFO        [102/159] TORNTPHARM           5m
2026-04-16 20:07:59,338  INFO        [103/159] TORNTPOWER           5m
2026-04-16 20:07:59,524  INFO        [104/159] TVSMOTOR             5m
2026-04-16 20:07:59,718  INFO        [105/159] UPL                  5m
2026-04-16 20:07:59,874  INFO        [106/159] VOLTAS               5m
2026-04-16 20:08:00,302  INFO        [107/159] YESBANK              5m
2026-04-16 20:08:00,609  INFO        [108/159] ZYDUSLIFE            5m
2026-04-16 20:08:00,875  INFO        [109/159] ABCAPITAL            5m
2026-04-16 20:08:01,011  INFO        [110/159] ACC                  5m
2026-04-16 20:08:01,157  INFO        [111/159] ADANIGREEN           5m
2026-04-16 20:08:01,355  INFO        [112/159] ALKEM                5m
2026-04-16 20:08:01,820  INFO        [113/159] AMBUJACEM            5m
2026-04-16 20:08:01,973  INFO        [114/159] ASTRAL               5m
2026-04-16 20:08:02,189  INFO        [115/159] AUROPHARMA           5m
2026-04-16 20:08:02,415  INFO        [116/159] BALKRISIND           5m
2026-04-16 20:08:02,850  INFO        [117/159] BANDHANBNK           5m
2026-04-16 20:08:03,013  INFO        [118/159] BANKBARODA           5m
2026-04-16 20:08:03,297  INFO        [119/159] BATAINDIA            5m
2026-04-16 20:08:03,509  INFO        [120/159] BEL                  5m
2026-04-16 20:08:03,806  INFO        [121/159] BHARATFORG           5m
2026-04-16 20:08:04,274  INFO        [122/159] BHEL                 5m
2026-04-16 20:08:04,418  INFO        [123/159] CDSL                 5m
2026-04-16 20:08:04,623  INFO        [124/159] CESC                 5m
2026-04-16 20:08:04,776  INFO        [125/159] DEEPAKNTR            5m
2026-04-16 20:08:04,929  INFO        [126/159] EMAMILTD             5m
2026-04-16 20:08:05,195  INFO        [127/159] EXIDEIND             5m
2026-04-16 20:08:05,342  INFO        [128/159] FORTIS               5m
2026-04-16 20:08:05,555  INFO        [129/159] GAIL                 5m
2026-04-16 20:08:05,959  INFO        [130/159] GLENMARK             5m
2026-04-16 20:08:06,136  INFO        [131/159] GRANULES             5m
2026-04-16 20:08:06,312  INFO        [132/159] GUJGASLTD            5m
2026-04-16 20:08:06,478  INFO        [133/159] HINDCOPPER           5m
2026-04-16 20:08:06,622  INFO        [134/159] HUDCO                5m
2026-04-16 20:08:06,890  INFO        [135/159] IEX                  5m
2026-04-16 20:08:07,295  INFO        [136/159] INDIGO               5m
2026-04-16 20:08:07,603  INFO        [137/159] IRFC                 5m
2026-04-16 20:08:07,826  INFO        [138/159] JKCEMENT             5m
2026-04-16 20:08:08,075  INFO        [139/159] JSWENERGY            5m
2026-04-16 20:08:08,217  INFO        [140/159] KPITTECH             5m
2026-04-16 20:08:08,411  INFO        [141/159] LAURUSLABS           5m
2026-04-16 20:08:08,738  INFO        [142/159] LICHSGFIN            5m
2026-04-16 20:08:08,950  INFO        [143/159] LODHA                5m
2026-04-16 20:08:09,439  INFO        [144/159] LTTS                 5m
2026-04-16 20:08:09,603  INFO        [145/159] MANAPPURAM           5m
2026-04-16 20:08:09,819  INFO        [146/159] MCX                  5m
2026-04-16 20:08:10,014  INFO        [147/159] METROPOLIS           5m
2026-04-16 20:08:10,189  INFO        [148/159] MRPL                 5m
2026-04-16 20:08:10,366  INFO        [149/159] NATIONALUM           5m
2026-04-16 20:08:10,600  INFO        [150/159] NAVINFLUOR           5m
2026-04-16 20:08:10,793  INFO        [151/159] OLECTRA              5m
2026-04-16 20:08:10,947  INFO        [152/159] PFIZER               5m
2026-04-16 20:08:11,093  INFO        [153/159] SUPREMEIND           5m
2026-04-16 20:08:11,365  INFO        [154/159] TATACOMM             5m
2026-04-16 20:08:11,653  INFO        [155/159] UBL                  5m
2026-04-16 20:08:11,948  INFO        [156/159] UNITDSPR             5m
2026-04-16 20:08:12,122  INFO        [157/159] WHIRLPOOL            5m
2026-04-16 20:08:12,294  INFO        [158/159] CROMPTON             5m
2026-04-16 20:08:12,660  INFO        [159/159] ^NSEI                5m
2026-04-16 20:08:12,876  INFO        → 156/159 tickers OK for 5m
2026-04-16 20:08:12,893  INFO        Saving 5m split by year:
2026-04-16 20:08:16,674  INFO          → master_5m_2026.csv  (608,288 rows)
2026-04-16 20:08:16,679  INFO      
[3/5] Fetching 1-hour data...
2026-04-16 20:08:16,679  INFO        [  1/159] RELIANCE             1h
2026-04-16 20:08:16,936  INFO        [  2/159] TCS                  1h
2026-04-16 20:08:17,343  INFO        [  3/159] HDFCBANK             1h
2026-04-16 20:08:17,588  INFO        [  4/159] BHARTIARTL           1h
2026-04-16 20:08:17,989  INFO        [  5/159] ICICIBANK            1h
2026-04-16 20:08:18,260  INFO        [  6/159] INFOSYS              1h
2026-04-16 20:08:18,412  ERROR     $INFOSYS.NS: possibly delisted; no timezone found
2026-04-16 20:08:18,412  ERROR     
1 Failed download:
2026-04-16 20:08:18,413  ERROR     ['INFOSYS.NS']: possibly delisted; no timezone found
2026-04-16 20:08:18,415  WARNING     SKIP INFOSYS [1h] — no data (delisted?)
2026-04-16 20:08:18,415  INFO        [  7/159] SBIN                 1h
2026-04-16 20:08:18,607  INFO        [  8/159] HINDUNILVR           1h
2026-04-16 20:08:19,249  INFO        [  9/159] ITC                  1h
2026-04-16 20:08:19,437  INFO        [ 10/159] LT                   1h
2026-04-16 20:08:19,839  INFO        [ 11/159] KOTAKBANK            1h
2026-04-16 20:08:20,087  INFO        [ 12/159] AXISBANK             1h
2026-04-16 20:08:20,289  INFO        [ 13/159] BAJFINANCE           1h
2026-04-16 20:08:20,662  INFO        [ 14/159] ASIANPAINT           1h
2026-04-16 20:08:20,829  INFO        [ 15/159] MARUTI               1h
2026-04-16 20:08:21,279  INFO        [ 16/159] TITAN                1h
2026-04-16 20:08:21,451  INFO        [ 17/159] SUNPHARMA            1h
2026-04-16 20:08:21,623  INFO        [ 18/159] ULTRACEMCO           1h
2026-04-16 20:08:21,999  INFO        [ 19/159] WIPRO                1h
2026-04-16 20:08:22,450  INFO        [ 20/159] NESTLEIND            1h
2026-04-16 20:08:22,693  INFO        [ 21/159] ONGC                 1h
2026-04-16 20:08:22,952  INFO        [ 22/159] POWERGRID            1h
2026-04-16 20:08:23,131  INFO        [ 23/159] NTPC                 1h
2026-04-16 20:08:23,428  INFO        [ 24/159] COALINDIA            1h
2026-04-16 20:08:23,614  INFO        [ 25/159] JSWSTEEL             1h
2026-04-16 20:08:23,815  INFO        [ 26/159] TATAMOTORS           1h
2026-04-16 20:08:23,956  ERROR     $TATAMOTORS.NS: possibly delisted; no timezone found
2026-04-16 20:08:23,957  ERROR     
1 Failed download:
2026-04-16 20:08:23,957  ERROR     ['TATAMOTORS.NS']: possibly delisted; no timezone found
2026-04-16 20:08:23,959  WARNING     SKIP TATAMOTORS [1h] — no data (delisted?)
2026-04-16 20:08:23,959  INFO        [ 27/159] TATASTEEL            1h
2026-04-16 20:08:24,327  INFO        [ 28/159] HCLTECH              1h
2026-04-16 20:08:25,650  INFO        [ 29/159] TECHM                1h
2026-04-16 20:08:25,817  INFO        [ 30/159] DIVISLAB             1h
2026-04-16 20:08:26,042  INFO        [ 31/159] DRREDDY              1h
2026-04-16 20:08:26,223  INFO        [ 32/159] CIPLA                1h
2026-04-16 20:08:26,389  INFO        [ 33/159] EICHERMOT            1h
2026-04-16 20:08:26,563  INFO        [ 34/159] HEROMOTOCO           1h
2026-04-16 20:08:26,731  INFO        [ 35/159] BAJAJFINSV           1h
2026-04-16 20:08:26,955  INFO        [ 36/159] ADANIENT             1h
2026-04-16 20:08:27,232  INFO        [ 37/159] ADANIPORTS           1h
2026-04-16 20:08:27,515  INFO        [ 38/159] APOLLOHOSP           1h
2026-04-16 20:08:27,913  INFO        [ 39/159] BAJAJ-AUTO           1h
2026-04-16 20:08:28,242  INFO        [ 40/159] BPCL                 1h
2026-04-16 20:08:28,525  INFO        [ 41/159] BRITANNIA            1h
2026-04-16 20:08:28,774  INFO        [ 42/159] DABUR                1h
2026-04-16 20:08:28,963  INFO        [ 43/159] DLF                  1h
2026-04-16 20:08:29,303  INFO        [ 44/159] GRASIM               1h
2026-04-16 20:08:29,548  INFO        [ 45/159] HAVELLS              1h
2026-04-16 20:08:29,730  INFO        [ 46/159] HINDALCO             1h
2026-04-16 20:08:29,973  INFO        [ 47/159] INDUSINDBK           1h
2026-04-16 20:08:30,169  INFO        [ 48/159] IOC                  1h
2026-04-16 20:08:30,447  INFO        [ 49/159] M&M                  1h
2026-04-16 20:08:30,649  INFO        [ 50/159] PIDILITIND           1h
2026-04-16 20:08:30,903  INFO        [ 51/159] SBILIFE              1h
2026-04-16 20:08:31,159  INFO        [ 52/159] SHREECEM             1h
2026-04-16 20:08:31,390  INFO        [ 53/159] SIEMENS              1h
2026-04-16 20:08:31,569  INFO        [ 54/159] TRENT                1h
2026-04-16 20:08:31,913  INFO        [ 55/159] VEDL                 1h
2026-04-16 20:08:32,231  INFO        [ 56/159] ZOMATO               1h
2026-04-16 20:08:32,354  ERROR     $ZOMATO.NS: possibly delisted; no timezone found
2026-04-16 20:08:32,363  ERROR     
1 Failed download:
2026-04-16 20:08:32,363  ERROR     ['ZOMATO.NS']: possibly delisted; no timezone found
2026-04-16 20:08:32,366  WARNING     SKIP ZOMATO [1h] — no data (delisted?)
2026-04-16 20:08:32,366  INFO        [ 57/159] DMART                1h
2026-04-16 20:08:32,532  INFO        [ 58/159] IRCTC                1h
2026-04-16 20:08:32,893  INFO        [ 59/159] BERGEPAINT           1h
2026-04-16 20:08:33,164  INFO        [ 60/159] BOSCHLTD             1h
2026-04-16 20:08:33,365  INFO        [ 61/159] CANBK                1h
2026-04-16 20:08:33,565  INFO        [ 62/159] CHOLAFIN             1h
2026-04-16 20:08:33,945  INFO        [ 63/159] COLPAL               1h
2026-04-16 20:08:34,212  INFO        [ 64/159] CONCOR               1h
2026-04-16 20:08:34,448  INFO        [ 65/159] CUMMINSIND           1h
2026-04-16 20:08:34,818  INFO        [ 66/159] ESCORTS              1h
2026-04-16 20:08:35,240  INFO        [ 67/159] FEDERALBNK           1h
2026-04-16 20:08:35,632  INFO        [ 68/159] GODREJCP             1h
2026-04-16 20:08:36,010  INFO        [ 69/159] GODREJPROP           1h
2026-04-16 20:08:36,803  INFO        [ 70/159] HAL                  1h
2026-04-16 20:08:37,184  INFO        [ 71/159] HDFCLIFE             1h
2026-04-16 20:08:37,457  INFO        [ 72/159] HINDPETRO            1h
2026-04-16 20:08:37,829  INFO        [ 73/159] ICICIPRULI           1h
2026-04-16 20:08:38,646  INFO        [ 74/159] IDFCFIRSTB           1h
2026-04-16 20:08:39,275  INFO        [ 75/159] IGL                  1h
2026-04-16 20:08:39,513  INFO        [ 76/159] INDUSTOWER           1h
2026-04-16 20:08:39,773  INFO        [ 77/159] JUBLFOOD             1h
2026-04-16 20:08:40,083  INFO        [ 78/159] LUPIN                1h
2026-04-16 20:08:40,271  INFO        [ 79/159] MARICO               1h
2026-04-16 20:08:40,474  INFO        [ 80/159] MPHASIS              1h
2026-04-16 20:08:40,706  INFO        [ 81/159] MUTHOOTFIN           1h
2026-04-16 20:08:41,005  INFO        [ 82/159] NAUKRI               1h
2026-04-16 20:08:41,288  INFO        [ 83/159] NBCC                 1h
2026-04-16 20:08:41,485  INFO        [ 84/159] NHPC                 1h
2026-04-16 20:08:41,685  INFO        [ 85/159] NMDC                 1h
2026-04-16 20:08:42,010  INFO        [ 86/159] OFSS                 1h
2026-04-16 20:08:42,199  INFO        [ 87/159] PAGEIND              1h
2026-04-16 20:08:42,787  INFO        [ 88/159] PERSISTENT           1h
2026-04-16 20:08:43,005  INFO        [ 89/159] PETRONET             1h
2026-04-16 20:08:43,344  INFO        [ 90/159] PFC                  1h
2026-04-16 20:08:43,533  INFO        [ 91/159] PNB                  1h
2026-04-16 20:08:43,873  INFO        [ 92/159] POLYCAB              1h
2026-04-16 20:08:44,256  INFO        [ 93/159] RBLBANK              1h
2026-04-16 20:08:44,785  INFO        [ 94/159] RECLTD               1h
2026-04-16 20:08:45,150  INFO        [ 95/159] SAIL                 1h
2026-04-16 20:08:45,503  INFO        [ 96/159] SBICARD              1h
2026-04-16 20:08:45,841  INFO        [ 97/159] SHRIRAMFIN           1h
2026-04-16 20:08:46,029  INFO        [ 98/159] SRF                  1h
2026-04-16 20:08:46,181  INFO        [ 99/159] SUNDARMFIN           1h
2026-04-16 20:08:46,375  INFO        [100/159] TATACHEM             1h
2026-04-16 20:08:46,693  INFO        [101/159] TATACONSUM           1h
2026-04-16 20:08:46,862  INFO        [102/159] TORNTPHARM           1h
2026-04-16 20:08:47,038  INFO        [103/159] TORNTPOWER           1h
2026-04-16 20:08:47,261  INFO        [104/159] TVSMOTOR             1h
2026-04-16 20:08:47,451  INFO        [105/159] UPL                  1h
2026-04-16 20:08:47,641  INFO        [106/159] VOLTAS               1h
2026-04-16 20:08:47,881  INFO        [107/159] YESBANK              1h
2026-04-16 20:08:48,312  INFO        [108/159] ZYDUSLIFE            1h
2026-04-16 20:08:48,486  INFO        [109/159] ABCAPITAL            1h
2026-04-16 20:08:48,652  INFO        [110/159] ACC                  1h
2026-04-16 20:08:48,991  INFO        [111/159] ADANIGREEN           1h
2026-04-16 20:08:49,146  INFO        [112/159] ALKEM                1h
2026-04-16 20:08:49,502  INFO        [113/159] AMBUJACEM            1h
2026-04-16 20:08:49,679  INFO        [114/159] ASTRAL               1h
2026-04-16 20:08:49,902  INFO        [115/159] AUROPHARMA           1h
2026-04-16 20:08:50,296  INFO        [116/159] BALKRISIND           1h
2026-04-16 20:08:50,635  INFO        [117/159] BANDHANBNK           1h
2026-04-16 20:08:50,902  INFO        [118/159] BANKBARODA           1h
2026-04-16 20:08:51,259  INFO        [119/159] BATAINDIA            1h
2026-04-16 20:08:51,509  INFO        [120/159] BEL                  1h
2026-04-16 20:08:51,694  INFO        [121/159] BHARATFORG           1h
2026-04-16 20:08:51,917  INFO        [122/159] BHEL                 1h
2026-04-16 20:08:52,258  INFO        [123/159] CDSL                 1h
2026-04-16 20:08:52,456  INFO        [124/159] CESC                 1h
2026-04-16 20:08:52,901  INFO        [125/159] DEEPAKNTR            1h
2026-04-16 20:08:53,135  INFO        [126/159] EMAMILTD             1h
2026-04-16 20:08:53,389  INFO        [127/159] EXIDEIND             1h
2026-04-16 20:08:53,651  INFO        [128/159] FORTIS               1h
2026-04-16 20:08:53,908  INFO        [129/159] GAIL                 1h
2026-04-16 20:08:54,167  INFO        [130/159] GLENMARK             1h
2026-04-16 20:08:54,336  INFO        [131/159] GRANULES             1h
2026-04-16 20:08:54,496  INFO        [132/159] GUJGASLTD            1h
2026-04-16 20:08:54,652  INFO        [133/159] HINDCOPPER           1h
2026-04-16 20:08:54,863  INFO        [134/159] HUDCO                1h
2026-04-16 20:08:55,047  INFO        [135/159] IEX                  1h
2026-04-16 20:08:55,365  INFO        [136/159] INDIGO               1h
2026-04-16 20:08:55,609  INFO        [137/159] IRFC                 1h
2026-04-16 20:08:55,797  INFO        [138/159] JKCEMENT             1h
2026-04-16 20:08:55,990  INFO        [139/159] JSWENERGY            1h
2026-04-16 20:08:56,197  INFO        [140/159] KPITTECH             1h
2026-04-16 20:08:56,467  INFO        [141/159] LAURUSLABS           1h
2026-04-16 20:08:56,745  INFO        [142/159] LICHSGFIN            1h
2026-04-16 20:08:57,025  INFO        [143/159] LODHA                1h
2026-04-16 20:08:57,311  INFO        [144/159] LTTS                 1h
2026-04-16 20:08:57,861  INFO        [145/159] MANAPPURAM           1h
2026-04-16 20:08:58,173  INFO        [146/159] MCX                  1h
2026-04-16 20:08:58,560  INFO        [147/159] METROPOLIS           1h
2026-04-16 20:08:58,846  INFO        [148/159] MRPL                 1h
2026-04-16 20:08:59,066  INFO        [149/159] NATIONALUM           1h
2026-04-16 20:08:59,345  INFO        [150/159] NAVINFLUOR           1h
2026-04-16 20:08:59,647  INFO        [151/159] OLECTRA              1h
2026-04-16 20:09:00,065  INFO        [152/159] PFIZER               1h
2026-04-16 20:09:00,289  INFO        [153/159] SUPREMEIND           1h
2026-04-16 20:09:00,466  INFO        [154/159] TATACOMM             1h
2026-04-16 20:09:00,823  INFO        [155/159] UBL                  1h
2026-04-16 20:09:01,022  INFO        [156/159] UNITDSPR             1h
2026-04-16 20:09:01,383  INFO        [157/159] WHIRLPOOL            1h
2026-04-16 20:09:01,825  INFO        [158/159] CROMPTON             1h
2026-04-16 20:09:02,096  INFO        [159/159] ^NSEI                1h
2026-04-16 20:09:02,285  INFO        → 156/159 tickers OK for 1h
2026-04-16 20:09:02,327  INFO        Backup → backup_master_1h.csv
2026-04-16 20:09:05,750  INFO          → master_1h.csv  (541,664 rows)
2026-04-16 20:09:05,754  INFO      
[4/5] Resampling 1m → 5m and 1h...
2026-04-16 20:09:07,624  INFO        Generated 5m rows : 175,495
2026-04-16 20:09:07,624  INFO        Generated 1h rows : 16,380
2026-04-16 20:09:07,624  INFO      
[5/5] Validating...
2026-04-16 20:09:17,968  WARNING     Validation [5m]: 435738 issues.
2026-04-16 20:09:19,020  WARNING     Validation [1h]: 558044 issues.
2026-04-16 20:09:21,677  INFO        Validation report → 993782 rows (last 30 days only)
2026-04-16 20:09:21,681  INFO        Skipped: 9 tickers → skipped_tickers.csv
2026-04-16 20:09:21,681  INFO      
============================================================
2026-04-16 20:09:21,681  INFO      Pipeline COMPLETE ✓
2026-04-16 20:09:21,681  INFO        1m files  : 2 monthly files in data/1m/
2026-04-16 20:09:21,681  INFO          master_1m_2026_03.csv  (25.3 MB)
2026-04-16 20:09:21,681  INFO          master_1m_2026_04.csv  (50.8 MB)
2026-04-16 20:09:21,681  INFO        5m files  : 1 yearly files in data/5m/
2026-04-16 20:09:21,681  INFO          master_5m_2026.csv  (52.8 MB)
2026-04-16 20:09:21,682  INFO        1h file   : master_1h.csv  (47.6 MB)
2026-04-16 20:09:21,682  INFO        Skipped   : 9 tickers
2026-04-16 20:09:21,682  INFO      ============================================================
